WQTRACE_DUMP_BEGIN,bench=bfs_work_stealing,cores=32,samples=17,dropped=0
WQTRACE,bench=bfs_work_stealing,cores=32,sample=0,phase=init,level=0,iter=-1,queue=core,depths=1|0|0|0|0|0|0|0|0|0|0|0|0|0|0|0|0|0|0|0|0|0|0|0|0|0|0|0|0|0|0|0
WQTRACE,bench=bfs_work_stealing,cores=32,sample=1,phase=level_begin,level=0,iter=-1,queue=core,depths=1|0|0|0|0|0|0|0|0|0|0|0|0|0|0|0|0|0|0|0|0|0|0|0|0|0|0|0|0|0|0|0
WQTRACE,bench=bfs_work_stealing,cores=32,sample=2,phase=post_process,level=0,iter=-1,queue=core,depths=0|0|0|0|0|0|0|0|0|0|0|0|0|0|0|0|0|0|0|0|0|0|0|0|0|0|0|0|0|0|0|0
WQTRACE,bench=bfs_work_stealing,cores=32,sample=3,phase=post_redistribute,level=0,iter=-1,queue=core,depths=306|306|306|306|306|306|306|305|305|305|305|305|305|305|305|305|305|305|305|305|305|305|305|305|305|305|305|305|305|305|305|305
WQTRACE,bench=bfs_work_stealing,cores=32,sample=4,phase=level_begin,level=1,iter=-1,queue=core,depths=306|306|306|306|306|306|306|305|305|305|305|305|305|305|305|305|305|305|305|305|305|305|305|305|305|305|305|305|305|305|305|305
WQTRACE,bench=bfs_work_stealing,cores=32,sample=5,phase=post_process,level=1,iter=-1,queue=core,depths=0|0|0|0|0|0|0|0|0|0|0|0|0|0|0|0|0|0|0|0|0|0|0|0|0|0|0|0|0|0|0|0
WQTRACE,bench=bfs_work_stealing,cores=32,sample=6,phase=post_redistribute,level=1,iter=-1,queue=core,depths=1102|1102|1102|1102|1102|1102|1102|1102|1102|1102|1102|1102|1102|1102|1102|1102|1102|1102|1102|1102|1101|1101|1101|1101|1101|1101|1101|1101|1101|1101|1101|1101
WQTRACE,bench=bfs_work_stealing,cores=32,sample=7,phase=level_begin,level=2,iter=-1,queue=core,depths=1102|1102|1102|1102|1102|1102|1102|1102|1102|1102|1102|1102|1102|1102|1102|1102|1102|1102|1102|1102|1101|1101|1101|1101|1101|1101|1101|1101|1101|1101|1101|1101
WQTRACE,bench=bfs_work_stealing,cores=32,sample=8,phase=post_process,level=2,iter=-1,queue=core,depths=0|0|0|0|0|0|0|0|0|0|0|0|0|0|0|0|0|0|0|0|0|0|0|0|0|0|0|0|0|0|0|0
WQTRACE,bench=bfs_work_stealing,cores=32,sample=9,phase=post_redistribute,level=2,iter=-1,queue=core,depths=48|48|48|48|48|48|48|48|48|48|48|48|48|48|48|48|48|48|48|48|48|48|48|48|47|47|47|47|47|47|47|47
WQTRACE,bench=bfs_work_stealing,cores=32,sample=10,phase=level_begin,level=3,iter=-1,queue=core,depths=48|48|48|48|48|48|48|48|48|48|48|48|48|48|48|48|48|48|48|48|48|48|48|48|47|47|47|47|47|47|47|47
WQTRACE,bench=bfs_work_stealing,cores=32,sample=11,phase=post_process,level=3,iter=-1,queue=core,depths=0|0|0|0|0|0|0|0|0|0|0|0|0|0|0|0|0|0|0|0|0|0|0|0|0|0|0|0|0|0|0|0
WQTRACE,bench=bfs_work_stealing,cores=32,sample=12,phase=post_redistribute,level=3,iter=-1,queue=core,depths=1|1|1|0|0|0|0|0|0|0|0|0|0|0|0|0|0|0|0|0|0|0|0|0|0|0|0|0|0|0|0|0
WQTRACE,bench=bfs_work_stealing,cores=32,sample=13,phase=level_begin,level=4,iter=-1,queue=core,depths=1|1|1|0|0|0|0|0|0|0|0|0|0|0|0|0|0|0|0|0|0|0|0|0|0|0|0|0|0|0|0|0
WQTRACE,bench=bfs_work_stealing,cores=32,sample=14,phase=post_process,level=4,iter=-1,queue=core,depths=0|0|0|0|0|0|0|0|0|0|0|0|0|0|0|0|0|0|0|0|0|0|0|0|0|0|0|0|0|0|0|0
WQTRACE,bench=bfs_work_stealing,cores=32,sample=15,phase=post_redistribute,level=4,iter=-1,queue=core,depths=0|0|0|0|0|0|0|0|0|0|0|0|0|0|0|0|0|0|0|0|0|0|0|0|0|0|0|0|0|0|0|0
WQTRACE,bench=bfs_work_stealing,cores=32,sample=16,phase=final,level=5,iter=-1,queue=core,depths=0|0|0|0|0|0|0|0|0|0|0|0|0|0|0|0|0|0|0|0|0|0|0|0|0|0|0|0|0|0|0|0
WQTRACE_DUMP_END,bench=bfs_work_stealing
L1SPTRACE_DUMP_BEGIN,bench=bfs_work_stealing,cores=32,harts=512,samples=17
L1SPTRACE_CONFIG,bench=bfs_work_stealing,core_bytes=262144,global_bytes=8388608
L1SPTRACE_GLOBAL,bench=bfs_work_stealing,sample=0,phase=init,level=0,iter=-1,bytes=4194304
L1SPTRACE_CORE_HART,bench=bfs_work_stealing,sample=0,core=0,thread=0,hart=0,bytes=16384
L1SPTRACE_CORE_HART,bench=bfs_work_stealing,sample=0,core=0,thread=1,hart=1,bytes=16384
L1SPTRACE_CORE_HART,bench=bfs_work_stealing,sample=0,core=0,thread=2,hart=2,bytes=16384
L1SPTRACE_CORE_HART,bench=bfs_work_stealing,sample=0,core=0,thread=3,hart=3,bytes=16384
L1SPTRACE_CORE_HART,bench=bfs_work_stealing,sample=0,core=0,thread=4,hart=4,bytes=16384
L1SPTRACE_CORE_HART,bench=bfs_work_stealing,sample=0,core=0,thread=5,hart=5,bytes=16384
L1SPTRACE_CORE_HART,bench=bfs_work_stealing,sample=0,core=0,thread=6,hart=6,bytes=16384
L1SPTRACE_CORE_HART,bench=bfs_work_stealing,sample=0,core=0,thread=7,hart=7,bytes=16384
L1SPTRACE_CORE_HART,bench=bfs_work_stealing,sample=0,core=0,thread=8,hart=8,bytes=0
L1SPTRACE_CORE_HART,bench=bfs_work_stealing,sample=0,core=0,thread=9,hart=9,bytes=0
L1SPTRACE_CORE_HART,bench=bfs_work_stealing,sample=0,core=0,thread=10,hart=10,bytes=0
L1SPTRACE_CORE_HART,bench=bfs_work_stealing,sample=0,core=0,thread=11,hart=11,bytes=0
L1SPTRACE_CORE_HART,bench=bfs_work_stealing,sample=0,core=0,thread=12,hart=12,bytes=0
L1SPTRACE_CORE_HART,bench=bfs_work_stealing,sample=0,core=0,thread=13,hart=13,bytes=0
L1SPTRACE_CORE_HART,bench=bfs_work_stealing,sample=0,core=0,thread=14,hart=14,bytes=0
L1SPTRACE_CORE_HART,bench=bfs_work_stealing,sample=0,core=0,thread=15,hart=15,bytes=0
L1SPTRACE_GLOBAL,bench=bfs_work_stealing,sample=1,phase=level_begin,level=0,iter=-1,bytes=4194304
L1SPTRACE_CORE_HART,bench=bfs_work_stealing,sample=1,core=0,thread=0,hart=0,bytes=16384
L1SPTRACE_CORE_HART,bench=bfs_work_stealing,sample=1,core=0,thread=1,hart=1,bytes=16384
L1SPTRACE_CORE_HART,bench=bfs_work_stealing,sample=1,core=0,thread=2,hart=2,bytes=16384
L1SPTRACE_CORE_HART,bench=bfs_work_stealing,sample=1,core=0,thread=3,hart=3,bytes=16384
L1SPTRACE_CORE_HART,bench=bfs_work_stealing,sample=1,core=0,thread=4,hart=4,bytes=16384
L1SPTRACE_CORE_HART,bench=bfs_work_stealing,sample=1,core=0,thread=5,hart=5,bytes=16384
L1SPTRACE_CORE_HART,bench=bfs_work_stealing,sample=1,core=0,thread=6,hart=6,bytes=16384
L1SPTRACE_CORE_HART,bench=bfs_work_stealing,sample=1,core=0,thread=7,hart=7,bytes=16384
L1SPTRACE_CORE_HART,bench=bfs_work_stealing,sample=1,core=0,thread=8,hart=8,bytes=0
L1SPTRACE_CORE_HART,bench=bfs_work_stealing,sample=1,core=0,thread=9,hart=9,bytes=0
L1SPTRACE_CORE_HART,bench=bfs_work_stealing,sample=1,core=0,thread=10,hart=10,bytes=0
L1SPTRACE_CORE_HART,bench=bfs_work_stealing,sample=1,core=0,thread=11,hart=11,bytes=0
L1SPTRACE_CORE_HART,bench=bfs_work_stealing,sample=1,core=0,thread=12,hart=12,bytes=0
L1SPTRACE_CORE_HART,bench=bfs_work_stealing,sample=1,core=0,thread=13,hart=13,bytes=0
L1SPTRACE_CORE_HART,bench=bfs_work_stealing,sample=1,core=0,thread=14,hart=14,bytes=0
L1SPTRACE_CORE_HART,bench=bfs_work_stealing,sample=1,core=0,thread=15,hart=15,bytes=0
L1SPTRACE_GLOBAL,bench=bfs_work_stealing,sample=2,phase=post_process,level=0,iter=-1,bytes=4194304
L1SPTRACE_CORE_HART,bench=bfs_work_stealing,sample=2,core=0,thread=0,hart=0,bytes=16384
L1SPTRACE_CORE_HART,bench=bfs_work_stealing,sample=2,core=0,thread=1,hart=1,bytes=16384
L1SPTRACE_CORE_HART,bench=bfs_work_stealing,sample=2,core=0,thread=2,hart=2,bytes=16384
L1SPTRACE_CORE_HART,bench=bfs_work_stealing,sample=2,core=0,thread=3,hart=3,bytes=16384
L1SPTRACE_CORE_HART,bench=bfs_work_stealing,sample=2,core=0,thread=4,hart=4,bytes=16384
L1SPTRACE_CORE_HART,bench=bfs_work_stealing,sample=2,core=0,thread=5,hart=5,bytes=16384
L1SPTRACE_CORE_HART,bench=bfs_work_stealing,sample=2,core=0,thread=6,hart=6,bytes=16384
L1SPTRACE_CORE_HART,bench=bfs_work_stealing,sample=2,core=0,thread=7,hart=7,bytes=16384
L1SPTRACE_CORE_HART,bench=bfs_work_stealing,sample=2,core=0,thread=8,hart=8,bytes=0
L1SPTRACE_CORE_HART,bench=bfs_work_stealing,sample=2,core=0,thread=9,hart=9,bytes=0
L1SPTRACE_CORE_HART,bench=bfs_work_stealing,sample=2,core=0,thread=10,hart=10,bytes=0
L1SPTRACE_CORE_HART,bench=bfs_work_stealing,sample=2,core=0,thread=11,hart=11,bytes=0
L1SPTRACE_CORE_HART,bench=bfs_work_stealing,sample=2,core=0,thread=12,hart=12,bytes=0
L1SPTRACE_CORE_HART,bench=bfs_work_stealing,sample=2,core=0,thread=13,hart=13,bytes=0
L1SPTRACE_CORE_HART,bench=bfs_work_stealing,sample=2,core=0,thread=14,hart=14,bytes=0
L1SPTRACE_CORE_HART,bench=bfs_work_stealing,sample=2,core=0,thread=15,hart=15,bytes=0
L1SPTRACE_GLOBAL,bench=bfs_work_stealing,sample=3,phase=post_redistribute,level=0,iter=-1,bytes=4194304
L1SPTRACE_CORE_HART,bench=bfs_work_stealing,sample=3,core=0,thread=0,hart=0,bytes=16384
L1SPTRACE_CORE_HART,bench=bfs_work_stealing,sample=3,core=0,thread=1,hart=1,bytes=16384
L1SPTRACE_CORE_HART,bench=bfs_work_stealing,sample=3,core=0,thread=2,hart=2,bytes=16384
L1SPTRACE_CORE_HART,bench=bfs_work_stealing,sample=3,core=0,thread=3,hart=3,bytes=16384
L1SPTRACE_CORE_HART,bench=bfs_work_stealing,sample=3,core=0,thread=4,hart=4,bytes=16384
L1SPTRACE_CORE_HART,bench=bfs_work_stealing,sample=3,core=0,thread=5,hart=5,bytes=16384
L1SPTRACE_CORE_HART,bench=bfs_work_stealing,sample=3,core=0,thread=6,hart=6,bytes=16384
L1SPTRACE_CORE_HART,bench=bfs_work_stealing,sample=3,core=0,thread=7,hart=7,bytes=16384
L1SPTRACE_CORE_HART,bench=bfs_work_stealing,sample=3,core=0,thread=8,hart=8,bytes=0
L1SPTRACE_CORE_HART,bench=bfs_work_stealing,sample=3,core=0,thread=9,hart=9,bytes=0
L1SPTRACE_CORE_HART,bench=bfs_work_stealing,sample=3,core=0,thread=10,hart=10,bytes=0
L1SPTRACE_CORE_HART,bench=bfs_work_stealing,sample=3,core=0,thread=11,hart=11,bytes=0
L1SPTRACE_CORE_HART,bench=bfs_work_stealing,sample=3,core=0,thread=12,hart=12,bytes=0
L1SPTRACE_CORE_HART,bench=bfs_work_stealing,sample=3,core=0,thread=13,hart=13,bytes=0
L1SPTRACE_CORE_HART,bench=bfs_work_stealing,sample=3,core=0,thread=14,hart=14,bytes=0
L1SPTRACE_CORE_HART,bench=bfs_work_stealing,sample=3,core=0,thread=15,hart=15,bytes=0
L1SPTRACE_GLOBAL,bench=bfs_work_stealing,sample=4,phase=level_begin,level=1,iter=-1,bytes=4194304
L1SPTRACE_CORE_HART,bench=bfs_work_stealing,sample=4,core=0,thread=0,hart=0,bytes=16384
L1SPTRACE_CORE_HART,bench=bfs_work_stealing,sample=4,core=0,thread=1,hart=1,bytes=16384
L1SPTRACE_CORE_HART,bench=bfs_work_stealing,sample=4,core=0,thread=2,hart=2,bytes=16384
L1SPTRACE_CORE_HART,bench=bfs_work_stealing,sample=4,core=0,thread=3,hart=3,bytes=16384
L1SPTRACE_CORE_HART,bench=bfs_work_stealing,sample=4,core=0,thread=4,hart=4,bytes=16384
L1SPTRACE_CORE_HART,bench=bfs_work_stealing,sample=4,core=0,thread=5,hart=5,bytes=16384
L1SPTRACE_CORE_HART,bench=bfs_work_stealing,sample=4,core=0,thread=6,hart=6,bytes=16384
L1SPTRACE_CORE_HART,bench=bfs_work_stealing,sample=4,core=0,thread=7,hart=7,bytes=16384
L1SPTRACE_CORE_HART,bench=bfs_work_stealing,sample=4,core=0,thread=8,hart=8,bytes=0
L1SPTRACE_CORE_HART,bench=bfs_work_stealing,sample=4,core=0,thread=9,hart=9,bytes=0
L1SPTRACE_CORE_HART,bench=bfs_work_stealing,sample=4,core=0,thread=10,hart=10,bytes=0
L1SPTRACE_CORE_HART,bench=bfs_work_stealing,sample=4,core=0,thread=11,hart=11,bytes=0
L1SPTRACE_CORE_HART,bench=bfs_work_stealing,sample=4,core=0,thread=12,hart=12,bytes=0
L1SPTRACE_CORE_HART,bench=bfs_work_stealing,sample=4,core=0,thread=13,hart=13,bytes=0
L1SPTRACE_CORE_HART,bench=bfs_work_stealing,sample=4,core=0,thread=14,hart=14,bytes=0
L1SPTRACE_CORE_HART,bench=bfs_work_stealing,sample=4,core=0,thread=15,hart=15,bytes=0
L1SPTRACE_GLOBAL,bench=bfs_work_stealing,sample=5,phase=post_process,level=1,iter=-1,bytes=4194304
L1SPTRACE_CORE_HART,bench=bfs_work_stealing,sample=5,core=0,thread=0,hart=0,bytes=16384
L1SPTRACE_CORE_HART,bench=bfs_work_stealing,sample=5,core=0,thread=1,hart=1,bytes=16384
L1SPTRACE_CORE_HART,bench=bfs_work_stealing,sample=5,core=0,thread=2,hart=2,bytes=16384
L1SPTRACE_CORE_HART,bench=bfs_work_stealing,sample=5,core=0,thread=3,hart=3,bytes=16384
L1SPTRACE_CORE_HART,bench=bfs_work_stealing,sample=5,core=0,thread=4,hart=4,bytes=16384
L1SPTRACE_CORE_HART,bench=bfs_work_stealing,sample=5,core=0,thread=5,hart=5,bytes=16384
L1SPTRACE_CORE_HART,bench=bfs_work_stealing,sample=5,core=0,thread=6,hart=6,bytes=16384
L1SPTRACE_CORE_HART,bench=bfs_work_stealing,sample=5,core=0,thread=7,hart=7,bytes=16384
L1SPTRACE_CORE_HART,bench=bfs_work_stealing,sample=5,core=0,thread=8,hart=8,bytes=0
L1SPTRACE_CORE_HART,bench=bfs_work_stealing,sample=5,core=0,thread=9,hart=9,bytes=0
L1SPTRACE_CORE_HART,bench=bfs_work_stealing,sample=5,core=0,thread=10,hart=10,bytes=0
L1SPTRACE_CORE_HART,bench=bfs_work_stealing,sample=5,core=0,thread=11,hart=11,bytes=0
L1SPTRACE_CORE_HART,bench=bfs_work_stealing,sample=5,core=0,thread=12,hart=12,bytes=0
L1SPTRACE_CORE_HART,bench=bfs_work_stealing,sample=5,core=0,thread=13,hart=13,bytes=0
L1SPTRACE_CORE_HART,bench=bfs_work_stealing,sample=5,core=0,thread=14,hart=14,bytes=0
L1SPTRACE_CORE_HART,bench=bfs_work_stealing,sample=5,core=0,thread=15,hart=15,bytes=0
L1SPTRACE_GLOBAL,bench=bfs_work_stealing,sample=6,phase=post_redistribute,level=1,iter=-1,bytes=4194304
L1SPTRACE_CORE_HART,bench=bfs_work_stealing,sample=6,core=0,thread=0,hart=0,bytes=16384
L1SPTRACE_CORE_HART,bench=bfs_work_stealing,sample=6,core=0,thread=1,hart=1,bytes=16384
L1SPTRACE_CORE_HART,bench=bfs_work_stealing,sample=6,core=0,thread=2,hart=2,bytes=16384
L1SPTRACE_CORE_HART,bench=bfs_work_stealing,sample=6,core=0,thread=3,hart=3,bytes=16384
L1SPTRACE_CORE_HART,bench=bfs_work_stealing,sample=6,core=0,thread=4,hart=4,bytes=16384
L1SPTRACE_CORE_HART,bench=bfs_work_stealing,sample=6,core=0,thread=5,hart=5,bytes=16384
L1SPTRACE_CORE_HART,bench=bfs_work_stealing,sample=6,core=0,thread=6,hart=6,bytes=16384
L1SPTRACE_CORE_HART,bench=bfs_work_stealing,sample=6,core=0,thread=7,hart=7,bytes=16384
L1SPTRACE_CORE_HART,bench=bfs_work_stealing,sample=6,core=0,thread=8,hart=8,bytes=0
L1SPTRACE_CORE_HART,bench=bfs_work_stealing,sample=6,core=0,thread=9,hart=9,bytes=0
L1SPTRACE_CORE_HART,bench=bfs_work_stealing,sample=6,core=0,thread=10,hart=10,bytes=0
L1SPTRACE_CORE_HART,bench=bfs_work_stealing,sample=6,core=0,thread=11,hart=11,bytes=0
L1SPTRACE_CORE_HART,bench=bfs_work_stealing,sample=6,core=0,thread=12,hart=12,bytes=0
L1SPTRACE_CORE_HART,bench=bfs_work_stealing,sample=6,core=0,thread=13,hart=13,bytes=0
L1SPTRACE_CORE_HART,bench=bfs_work_stealing,sample=6,core=0,thread=14,hart=14,bytes=0
L1SPTRACE_CORE_HART,bench=bfs_work_stealing,sample=6,core=0,thread=15,hart=15,bytes=0
L1SPTRACE_GLOBAL,bench=bfs_work_stealing,sample=7,phase=level_begin,level=2,iter=-1,bytes=4194304
L1SPTRACE_CORE_HART,bench=bfs_work_stealing,sample=7,core=0,thread=0,hart=0,bytes=16384
L1SPTRACE_CORE_HART,bench=bfs_work_stealing,sample=7,core=0,thread=1,hart=1,bytes=16384
L1SPTRACE_CORE_HART,bench=bfs_work_stealing,sample=7,core=0,thread=2,hart=2,bytes=16384
L1SPTRACE_CORE_HART,bench=bfs_work_stealing,sample=7,core=0,thread=3,hart=3,bytes=16384
L1SPTRACE_CORE_HART,bench=bfs_work_stealing,sample=7,core=0,thread=4,hart=4,bytes=16384
L1SPTRACE_CORE_HART,bench=bfs_work_stealing,sample=7,core=0,thread=5,hart=5,bytes=16384
L1SPTRACE_CORE_HART,bench=bfs_work_stealing,sample=7,core=0,thread=6,hart=6,bytes=16384
L1SPTRACE_CORE_HART,bench=bfs_work_stealing,sample=7,core=0,thread=7,hart=7,bytes=16384
L1SPTRACE_CORE_HART,bench=bfs_work_stealing,sample=7,core=0,thread=8,hart=8,bytes=0
L1SPTRACE_CORE_HART,bench=bfs_work_stealing,sample=7,core=0,thread=9,hart=9,bytes=0
L1SPTRACE_CORE_HART,bench=bfs_work_stealing,sample=7,core=0,thread=10,hart=10,bytes=0
L1SPTRACE_CORE_HART,bench=bfs_work_stealing,sample=7,core=0,thread=11,hart=11,bytes=0
L1SPTRACE_CORE_HART,bench=bfs_work_stealing,sample=7,core=0,thread=12,hart=12,bytes=0
L1SPTRACE_CORE_HART,bench=bfs_work_stealing,sample=7,core=0,thread=13,hart=13,bytes=0
L1SPTRACE_CORE_HART,bench=bfs_work_stealing,sample=7,core=0,thread=14,hart=14,bytes=0
L1SPTRACE_CORE_HART,bench=bfs_work_stealing,sample=7,core=0,thread=15,hart=15,bytes=0
L1SPTRACE_GLOBAL,bench=bfs_work_stealing,sample=8,phase=post_process,level=2,iter=-1,bytes=4194304
L1SPTRACE_CORE_HART,bench=bfs_work_stealing,sample=8,core=0,thread=0,hart=0,bytes=16384
L1SPTRACE_CORE_HART,bench=bfs_work_stealing,sample=8,core=0,thread=1,hart=1,bytes=16384
L1SPTRACE_CORE_HART,bench=bfs_work_stealing,sample=8,core=0,thread=2,hart=2,bytes=16384
L1SPTRACE_CORE_HART,bench=bfs_work_stealing,sample=8,core=0,thread=3,hart=3,bytes=16384
L1SPTRACE_CORE_HART,bench=bfs_work_stealing,sample=8,core=0,thread=4,hart=4,bytes=16384
L1SPTRACE_CORE_HART,bench=bfs_work_stealing,sample=8,core=0,thread=5,hart=5,bytes=16384
L1SPTRACE_CORE_HART,bench=bfs_work_stealing,sample=8,core=0,thread=6,hart=6,bytes=16384
L1SPTRACE_CORE_HART,bench=bfs_work_stealing,sample=8,core=0,thread=7,hart=7,bytes=16384
L1SPTRACE_CORE_HART,bench=bfs_work_stealing,sample=8,core=0,thread=8,hart=8,bytes=0
L1SPTRACE_CORE_HART,bench=bfs_work_stealing,sample=8,core=0,thread=9,hart=9,bytes=0
L1SPTRACE_CORE_HART,bench=bfs_work_stealing,sample=8,core=0,thread=10,hart=10,bytes=0
L1SPTRACE_CORE_HART,bench=bfs_work_stealing,sample=8,core=0,thread=11,hart=11,bytes=0
L1SPTRACE_CORE_HART,bench=bfs_work_stealing,sample=8,core=0,thread=12,hart=12,bytes=0
L1SPTRACE_CORE_HART,bench=bfs_work_stealing,sample=8,core=0,thread=13,hart=13,bytes=0
L1SPTRACE_CORE_HART,bench=bfs_work_stealing,sample=8,core=0,thread=14,hart=14,bytes=0
L1SPTRACE_CORE_HART,bench=bfs_work_stealing,sample=8,core=0,thread=15,hart=15,bytes=0
L1SPTRACE_GLOBAL,bench=bfs_work_stealing,sample=9,phase=post_redistribute,level=2,iter=-1,bytes=4194304
L1SPTRACE_CORE_HART,bench=bfs_work_stealing,sample=9,core=0,thread=0,hart=0,bytes=16384
L1SPTRACE_CORE_HART,bench=bfs_work_stealing,sample=9,core=0,thread=1,hart=1,bytes=16384
L1SPTRACE_CORE_HART,bench=bfs_work_stealing,sample=9,core=0,thread=2,hart=2,bytes=16384
L1SPTRACE_CORE_HART,bench=bfs_work_stealing,sample=9,core=0,thread=3,hart=3,bytes=16384
L1SPTRACE_CORE_HART,bench=bfs_work_stealing,sample=9,core=0,thread=4,hart=4,bytes=16384
L1SPTRACE_CORE_HART,bench=bfs_work_stealing,sample=9,core=0,thread=5,hart=5,bytes=16384
L1SPTRACE_CORE_HART,bench=bfs_work_stealing,sample=9,core=0,thread=6,hart=6,bytes=16384
L1SPTRACE_CORE_HART,bench=bfs_work_stealing,sample=9,core=0,thread=7,hart=7,bytes=16384
L1SPTRACE_CORE_HART,bench=bfs_work_stealing,sample=9,core=0,thread=8,hart=8,bytes=0
L1SPTRACE_CORE_HART,bench=bfs_work_stealing,sample=9,core=0,thread=9,hart=9,bytes=0
L1SPTRACE_CORE_HART,bench=bfs_work_stealing,sample=9,core=0,thread=10,hart=10,bytes=0
L1SPTRACE_CORE_HART,bench=bfs_work_stealing,sample=9,core=0,thread=11,hart=11,bytes=0
L1SPTRACE_CORE_HART,bench=bfs_work_stealing,sample=9,core=0,thread=12,hart=12,bytes=0
L1SPTRACE_CORE_HART,bench=bfs_work_stealing,sample=9,core=0,thread=13,hart=13,bytes=0
L1SPTRACE_CORE_HART,bench=bfs_work_stealing,sample=9,core=0,thread=14,hart=14,bytes=0
L1SPTRACE_CORE_HART,bench=bfs_work_stealing,sample=9,core=0,thread=15,hart=15,bytes=0
L1SPTRACE_GLOBAL,bench=bfs_work_stealing,sample=10,phase=level_begin,level=3,iter=-1,bytes=4194304
L1SPTRACE_CORE_HART,bench=bfs_work_stealing,sample=10,core=0,thread=0,hart=0,bytes=16384
L1SPTRACE_CORE_HART,bench=bfs_work_stealing,sample=10,core=0,thread=1,hart=1,bytes=16384
L1SPTRACE_CORE_HART,bench=bfs_work_stealing,sample=10,core=0,thread=2,hart=2,bytes=16384
L1SPTRACE_CORE_HART,bench=bfs_work_stealing,sample=10,core=0,thread=3,hart=3,bytes=16384
L1SPTRACE_CORE_HART,bench=bfs_work_stealing,sample=10,core=0,thread=4,hart=4,bytes=16384
L1SPTRACE_CORE_HART,bench=bfs_work_stealing,sample=10,core=0,thread=5,hart=5,bytes=16384
L1SPTRACE_CORE_HART,bench=bfs_work_stealing,sample=10,core=0,thread=6,hart=6,bytes=16384
L1SPTRACE_CORE_HART,bench=bfs_work_stealing,sample=10,core=0,thread=7,hart=7,bytes=16384
L1SPTRACE_CORE_HART,bench=bfs_work_stealing,sample=10,core=0,thread=8,hart=8,bytes=0
L1SPTRACE_CORE_HART,bench=bfs_work_stealing,sample=10,core=0,thread=9,hart=9,bytes=0
L1SPTRACE_CORE_HART,bench=bfs_work_stealing,sample=10,core=0,thread=10,hart=10,bytes=0
L1SPTRACE_CORE_HART,bench=bfs_work_stealing,sample=10,core=0,thread=11,hart=11,bytes=0
L1SPTRACE_CORE_HART,bench=bfs_work_stealing,sample=10,core=0,thread=12,hart=12,bytes=0
L1SPTRACE_CORE_HART,bench=bfs_work_stealing,sample=10,core=0,thread=13,hart=13,bytes=0
L1SPTRACE_CORE_HART,bench=bfs_work_stealing,sample=10,core=0,thread=14,hart=14,bytes=0
L1SPTRACE_CORE_HART,bench=bfs_work_stealing,sample=10,core=0,thread=15,hart=15,bytes=0
L1SPTRACE_GLOBAL,bench=bfs_work_stealing,sample=11,phase=post_process,level=3,iter=-1,bytes=4194304
L1SPTRACE_CORE_HART,bench=bfs_work_stealing,sample=11,core=0,thread=0,hart=0,bytes=16384
L1SPTRACE_CORE_HART,bench=bfs_work_stealing,sample=11,core=0,thread=1,hart=1,bytes=16384
L1SPTRACE_CORE_HART,bench=bfs_work_stealing,sample=11,core=0,thread=2,hart=2,bytes=16384
L1SPTRACE_CORE_HART,bench=bfs_work_stealing,sample=11,core=0,thread=3,hart=3,bytes=16384
L1SPTRACE_CORE_HART,bench=bfs_work_stealing,sample=11,core=0,thread=4,hart=4,bytes=16384
L1SPTRACE_CORE_HART,bench=bfs_work_stealing,sample=11,core=0,thread=5,hart=5,bytes=16384
L1SPTRACE_CORE_HART,bench=bfs_work_stealing,sample=11,core=0,thread=6,hart=6,bytes=16384
L1SPTRACE_CORE_HART,bench=bfs_work_stealing,sample=11,core=0,thread=7,hart=7,bytes=16384
L1SPTRACE_CORE_HART,bench=bfs_work_stealing,sample=11,core=0,thread=8,hart=8,bytes=0
L1SPTRACE_CORE_HART,bench=bfs_work_stealing,sample=11,core=0,thread=9,hart=9,bytes=0
L1SPTRACE_CORE_HART,bench=bfs_work_stealing,sample=11,core=0,thread=10,hart=10,bytes=0
L1SPTRACE_CORE_HART,bench=bfs_work_stealing,sample=11,core=0,thread=11,hart=11,bytes=0
L1SPTRACE_CORE_HART,bench=bfs_work_stealing,sample=11,core=0,thread=12,hart=12,bytes=0
L1SPTRACE_CORE_HART,bench=bfs_work_stealing,sample=11,core=0,thread=13,hart=13,bytes=0
L1SPTRACE_CORE_HART,bench=bfs_work_stealing,sample=11,core=0,thread=14,hart=14,bytes=0
L1SPTRACE_CORE_HART,bench=bfs_work_stealing,sample=11,core=0,thread=15,hart=15,bytes=0
L1SPTRACE_GLOBAL,bench=bfs_work_stealing,sample=12,phase=post_redistribute,level=3,iter=-1,bytes=4194304
L1SPTRACE_CORE_HART,bench=bfs_work_stealing,sample=12,core=0,thread=0,hart=0,bytes=16384
L1SPTRACE_CORE_HART,bench=bfs_work_stealing,sample=12,core=0,thread=1,hart=1,bytes=16384
L1SPTRACE_CORE_HART,bench=bfs_work_stealing,sample=12,core=0,thread=2,hart=2,bytes=16384
L1SPTRACE_CORE_HART,bench=bfs_work_stealing,sample=12,core=0,thread=3,hart=3,bytes=16384
L1SPTRACE_CORE_HART,bench=bfs_work_stealing,sample=12,core=0,thread=4,hart=4,bytes=16384
L1SPTRACE_CORE_HART,bench=bfs_work_stealing,sample=12,core=0,thread=5,hart=5,bytes=16384
L1SPTRACE_CORE_HART,bench=bfs_work_stealing,sample=12,core=0,thread=6,hart=6,bytes=16384
L1SPTRACE_CORE_HART,bench=bfs_work_stealing,sample=12,core=0,thread=7,hart=7,bytes=16384
L1SPTRACE_CORE_HART,bench=bfs_work_stealing,sample=12,core=0,thread=8,hart=8,bytes=0
L1SPTRACE_CORE_HART,bench=bfs_work_stealing,sample=12,core=0,thread=9,hart=9,bytes=0
L1SPTRACE_CORE_HART,bench=bfs_work_stealing,sample=12,core=0,thread=10,hart=10,bytes=0
L1SPTRACE_CORE_HART,bench=bfs_work_stealing,sample=12,core=0,thread=11,hart=11,bytes=0
L1SPTRACE_CORE_HART,bench=bfs_work_stealing,sample=12,core=0,thread=12,hart=12,bytes=0
L1SPTRACE_CORE_HART,bench=bfs_work_stealing,sample=12,core=0,thread=13,hart=13,bytes=0
L1SPTRACE_CORE_HART,bench=bfs_work_stealing,sample=12,core=0,thread=14,hart=14,bytes=0
L1SPTRACE_CORE_HART,bench=bfs_work_stealing,sample=12,core=0,thread=15,hart=15,bytes=0
L1SPTRACE_GLOBAL,bench=bfs_work_stealing,sample=13,phase=level_begin,level=4,iter=-1,bytes=4194304
L1SPTRACE_CORE_HART,bench=bfs_work_stealing,sample=13,core=0,thread=0,hart=0,bytes=16384
L1SPTRACE_CORE_HART,bench=bfs_work_stealing,sample=13,core=0,thread=1,hart=1,bytes=16384
L1SPTRACE_CORE_HART,bench=bfs_work_stealing,sample=13,core=0,thread=2,hart=2,bytes=16384
L1SPTRACE_CORE_HART,bench=bfs_work_stealing,sample=13,core=0,thread=3,hart=3,bytes=16384
L1SPTRACE_CORE_HART,bench=bfs_work_stealing,sample=13,core=0,thread=4,hart=4,bytes=16384
L1SPTRACE_CORE_HART,bench=bfs_work_stealing,sample=13,core=0,thread=5,hart=5,bytes=16384
L1SPTRACE_CORE_HART,bench=bfs_work_stealing,sample=13,core=0,thread=6,hart=6,bytes=16384
L1SPTRACE_CORE_HART,bench=bfs_work_stealing,sample=13,core=0,thread=7,hart=7,bytes=16384
L1SPTRACE_CORE_HART,bench=bfs_work_stealing,sample=13,core=0,thread=8,hart=8,bytes=0
L1SPTRACE_CORE_HART,bench=bfs_work_stealing,sample=13,core=0,thread=9,hart=9,bytes=0
L1SPTRACE_CORE_HART,bench=bfs_work_stealing,sample=13,core=0,thread=10,hart=10,bytes=0
L1SPTRACE_CORE_HART,bench=bfs_work_stealing,sample=13,core=0,thread=11,hart=11,bytes=0
L1SPTRACE_CORE_HART,bench=bfs_work_stealing,sample=13,core=0,thread=12,hart=12,bytes=0
L1SPTRACE_CORE_HART,bench=bfs_work_stealing,sample=13,core=0,thread=13,hart=13,bytes=0
L1SPTRACE_CORE_HART,bench=bfs_work_stealing,sample=13,core=0,thread=14,hart=14,bytes=0
L1SPTRACE_CORE_HART,bench=bfs_work_stealing,sample=13,core=0,thread=15,hart=15,bytes=0
L1SPTRACE_GLOBAL,bench=bfs_work_stealing,sample=14,phase=post_process,level=4,iter=-1,bytes=4194304
L1SPTRACE_CORE_HART,bench=bfs_work_stealing,sample=14,core=0,thread=0,hart=0,bytes=16384
L1SPTRACE_CORE_HART,bench=bfs_work_stealing,sample=14,core=0,thread=1,hart=1,bytes=16384
L1SPTRACE_CORE_HART,bench=bfs_work_stealing,sample=14,core=0,thread=2,hart=2,bytes=16384
L1SPTRACE_CORE_HART,bench=bfs_work_stealing,sample=14,core=0,thread=3,hart=3,bytes=16384
L1SPTRACE_CORE_HART,bench=bfs_work_stealing,sample=14,core=0,thread=4,hart=4,bytes=16384
L1SPTRACE_CORE_HART,bench=bfs_work_stealing,sample=14,core=0,thread=5,hart=5,bytes=16384
L1SPTRACE_CORE_HART,bench=bfs_work_stealing,sample=14,core=0,thread=6,hart=6,bytes=16384
L1SPTRACE_CORE_HART,bench=bfs_work_stealing,sample=14,core=0,thread=7,hart=7,bytes=16384
L1SPTRACE_CORE_HART,bench=bfs_work_stealing,sample=14,core=0,thread=8,hart=8,bytes=0
L1SPTRACE_CORE_HART,bench=bfs_work_stealing,sample=14,core=0,thread=9,hart=9,bytes=0
L1SPTRACE_CORE_HART,bench=bfs_work_stealing,sample=14,core=0,thread=10,hart=10,bytes=0
L1SPTRACE_CORE_HART,bench=bfs_work_stealing,sample=14,core=0,thread=11,hart=11,bytes=0
L1SPTRACE_CORE_HART,bench=bfs_work_stealing,sample=14,core=0,thread=12,hart=12,bytes=0
L1SPTRACE_CORE_HART,bench=bfs_work_stealing,sample=14,core=0,thread=13,hart=13,bytes=0
L1SPTRACE_CORE_HART,bench=bfs_work_stealing,sample=14,core=0,thread=14,hart=14,bytes=0
L1SPTRACE_CORE_HART,bench=bfs_work_stealing,sample=14,core=0,thread=15,hart=15,bytes=0
L1SPTRACE_GLOBAL,bench=bfs_work_stealing,sample=15,phase=post_redistribute,level=4,iter=-1,bytes=4194304
L1SPTRACE_CORE_HART,bench=bfs_work_stealing,sample=15,core=0,thread=0,hart=0,bytes=16384
L1SPTRACE_CORE_HART,bench=bfs_work_stealing,sample=15,core=0,thread=1,hart=1,bytes=16384
L1SPTRACE_CORE_HART,bench=bfs_work_stealing,sample=15,core=0,thread=2,hart=2,bytes=16384
L1SPTRACE_CORE_HART,bench=bfs_work_stealing,sample=15,core=0,thread=3,hart=3,bytes=16384
L1SPTRACE_CORE_HART,bench=bfs_work_stealing,sample=15,core=0,thread=4,hart=4,bytes=16384
L1SPTRACE_CORE_HART,bench=bfs_work_stealing,sample=15,core=0,thread=5,hart=5,bytes=16384
L1SPTRACE_CORE_HART,bench=bfs_work_stealing,sample=15,core=0,thread=6,hart=6,bytes=16384
L1SPTRACE_CORE_HART,bench=bfs_work_stealing,sample=15,core=0,thread=7,hart=7,bytes=16384
L1SPTRACE_CORE_HART,bench=bfs_work_stealing,sample=15,core=0,thread=8,hart=8,bytes=0
L1SPTRACE_CORE_HART,bench=bfs_work_stealing,sample=15,core=0,thread=9,hart=9,bytes=0
L1SPTRACE_CORE_HART,bench=bfs_work_stealing,sample=15,core=0,thread=10,hart=10,bytes=0
L1SPTRACE_CORE_HART,bench=bfs_work_stealing,sample=15,core=0,thread=11,hart=11,bytes=0
L1SPTRACE_CORE_HART,bench=bfs_work_stealing,sample=15,core=0,thread=12,hart=12,bytes=0
L1SPTRACE_CORE_HART,bench=bfs_work_stealing,sample=15,core=0,thread=13,hart=13,bytes=0
L1SPTRACE_CORE_HART,bench=bfs_work_stealing,sample=15,core=0,thread=14,hart=14,bytes=0
L1SPTRACE_CORE_HART,bench=bfs_work_stealing,sample=15,core=0,thread=15,hart=15,bytes=0
L1SPTRACE_GLOBAL,bench=bfs_work_stealing,sample=16,phase=final,level=5,iter=-1,bytes=4194304
L1SPTRACE_CORE_HART,bench=bfs_work_stealing,sample=16,core=0,thread=0,hart=0,bytes=16384
L1SPTRACE_CORE_HART,bench=bfs_work_stealing,sample=16,core=0,thread=1,hart=1,bytes=16384
L1SPTRACE_CORE_HART,bench=bfs_work_stealing,sample=16,core=0,thread=2,hart=2,bytes=16384
L1SPTRACE_CORE_HART,bench=bfs_work_stealing,sample=16,core=0,thread=3,hart=3,bytes=16384
L1SPTRACE_CORE_HART,bench=bfs_work_stealing,sample=16,core=0,thread=4,hart=4,bytes=16384
L1SPTRACE_CORE_HART,bench=bfs_work_stealing,sample=16,core=0,thread=5,hart=5,bytes=16384
L1SPTRACE_CORE_HART,bench=bfs_work_stealing,sample=16,core=0,thread=6,hart=6,bytes=16384
L1SPTRACE_CORE_HART,bench=bfs_work_stealing,sample=16,core=0,thread=7,hart=7,bytes=16384
L1SPTRACE_CORE_HART,bench=bfs_work_stealing,sample=16,core=0,thread=8,hart=8,bytes=0
L1SPTRACE_CORE_HART,bench=bfs_work_stealing,sample=16,core=0,thread=9,hart=9,bytes=0
L1SPTRACE_CORE_HART,bench=bfs_work_stealing,sample=16,core=0,thread=10,hart=10,bytes=0
L1SPTRACE_CORE_HART,bench=bfs_work_stealing,sample=16,core=0,thread=11,hart=11,bytes=0
L1SPTRACE_CORE_HART,bench=bfs_work_stealing,sample=16,core=0,thread=12,hart=12,bytes=0
L1SPTRACE_CORE_HART,bench=bfs_work_stealing,sample=16,core=0,thread=13,hart=13,bytes=0
L1SPTRACE_CORE_HART,bench=bfs_work_stealing,sample=16,core=0,thread=14,hart=14,bytes=0
L1SPTRACE_CORE_HART,bench=bfs_work_stealing,sample=16,core=0,thread=15,hart=15,bytes=0
L1SPTRACE_HART,bench=bfs_work_stealing,hart=0,core=0,thread=0,bytes=16384
L1SPTRACE_HART,bench=bfs_work_stealing,hart=1,core=0,thread=1,bytes=16384
L1SPTRACE_HART,bench=bfs_work_stealing,hart=2,core=0,thread=2,bytes=16384
L1SPTRACE_HART,bench=bfs_work_stealing,hart=3,core=0,thread=3,bytes=16384
L1SPTRACE_HART,bench=bfs_work_stealing,hart=4,core=0,thread=4,bytes=16384
L1SPTRACE_HART,bench=bfs_work_stealing,hart=5,core=0,thread=5,bytes=16384
L1SPTRACE_HART,bench=bfs_work_stealing,hart=6,core=0,thread=6,bytes=16384
L1SPTRACE_HART,bench=bfs_work_stealing,hart=7,core=0,thread=7,bytes=16384
L1SPTRACE_HART,bench=bfs_work_stealing,hart=8,core=0,thread=8,bytes=0
L1SPTRACE_HART,bench=bfs_work_stealing,hart=9,core=0,thread=9,bytes=0
L1SPTRACE_HART,bench=bfs_work_stealing,hart=10,core=0,thread=10,bytes=0
L1SPTRACE_HART,bench=bfs_work_stealing,hart=11,core=0,thread=11,bytes=0
L1SPTRACE_HART,bench=bfs_work_stealing,hart=12,core=0,thread=12,bytes=0
L1SPTRACE_HART,bench=bfs_work_stealing,hart=13,core=0,thread=13,bytes=0
L1SPTRACE_HART,bench=bfs_work_stealing,hart=14,core=0,thread=14,bytes=0
L1SPTRACE_HART,bench=bfs_work_stealing,hart=15,core=0,thread=15,bytes=0
L1SPTRACE_HART,bench=bfs_work_stealing,hart=16,core=1,thread=0,bytes=16384
L1SPTRACE_HART,bench=bfs_work_stealing,hart=17,core=1,thread=1,bytes=16384
L1SPTRACE_HART,bench=bfs_work_stealing,hart=18,core=1,thread=2,bytes=16384
L1SPTRACE_HART,bench=bfs_work_stealing,hart=19,core=1,thread=3,bytes=16384
L1SPTRACE_HART,bench=bfs_work_stealing,hart=20,core=1,thread=4,bytes=16384
L1SPTRACE_HART,bench=bfs_work_stealing,hart=21,core=1,thread=5,bytes=16384
L1SPTRACE_HART,bench=bfs_work_stealing,hart=22,core=1,thread=6,bytes=16384
L1SPTRACE_HART,bench=bfs_work_stealing,hart=23,core=1,thread=7,bytes=16384
L1SPTRACE_HART,bench=bfs_work_stealing,hart=24,core=1,thread=8,bytes=0
L1SPTRACE_HART,bench=bfs_work_stealing,hart=25,core=1,thread=9,bytes=0
L1SPTRACE_HART,bench=bfs_work_stealing,hart=26,core=1,thread=10,bytes=0
L1SPTRACE_HART,bench=bfs_work_stealing,hart=27,core=1,thread=11,bytes=0
L1SPTRACE_HART,bench=bfs_work_stealing,hart=28,core=1,thread=12,bytes=0
L1SPTRACE_HART,bench=bfs_work_stealing,hart=29,core=1,thread=13,bytes=0
L1SPTRACE_HART,bench=bfs_work_stealing,hart=30,core=1,thread=14,bytes=0
L1SPTRACE_HART,bench=bfs_work_stealing,hart=31,core=1,thread=15,bytes=0
L1SPTRACE_HART,bench=bfs_work_stealing,hart=32,core=2,thread=0,bytes=16384
L1SPTRACE_HART,bench=bfs_work_stealing,hart=33,core=2,thread=1,bytes=16384
L1SPTRACE_HART,bench=bfs_work_stealing,hart=34,core=2,thread=2,bytes=16384
L1SPTRACE_HART,bench=bfs_work_stealing,hart=35,core=2,thread=3,bytes=16384
L1SPTRACE_HART,bench=bfs_work_stealing,hart=36,core=2,thread=4,bytes=16384
L1SPTRACE_HART,bench=bfs_work_stealing,hart=37,core=2,thread=5,bytes=16384
L1SPTRACE_HART,bench=bfs_work_stealing,hart=38,core=2,thread=6,bytes=16384
L1SPTRACE_HART,bench=bfs_work_stealing,hart=39,core=2,thread=7,bytes=16384
L1SPTRACE_HART,bench=bfs_work_stealing,hart=40,core=2,thread=8,bytes=0
L1SPTRACE_HART,bench=bfs_work_stealing,hart=41,core=2,thread=9,bytes=0
L1SPTRACE_HART,bench=bfs_work_stealing,hart=42,core=2,thread=10,bytes=0
L1SPTRACE_HART,bench=bfs_work_stealing,hart=43,core=2,thread=11,bytes=0
L1SPTRACE_HART,bench=bfs_work_stealing,hart=44,core=2,thread=12,bytes=0
L1SPTRACE_HART,bench=bfs_work_stealing,hart=45,core=2,thread=13,bytes=0
L1SPTRACE_HART,bench=bfs_work_stealing,hart=46,core=2,thread=14,bytes=0
L1SPTRACE_HART,bench=bfs_work_stealing,hart=47,core=2,thread=15,bytes=0
L1SPTRACE_HART,bench=bfs_work_stealing,hart=48,core=3,thread=0,bytes=16384
L1SPTRACE_HART,bench=bfs_work_stealing,hart=49,core=3,thread=1,bytes=16384
L1SPTRACE_HART,bench=bfs_work_stealing,hart=50,core=3,thread=2,bytes=16384
L1SPTRACE_HART,bench=bfs_work_stealing,hart=51,core=3,thread=3,bytes=16384
L1SPTRACE_HART,bench=bfs_work_stealing,hart=52,core=3,thread=4,bytes=16384
L1SPTRACE_HART,bench=bfs_work_stealing,hart=53,core=3,thread=5,bytes=16384
L1SPTRACE_HART,bench=bfs_work_stealing,hart=54,core=3,thread=6,bytes=16384
L1SPTRACE_HART,bench=bfs_work_stealing,hart=55,core=3,thread=7,bytes=16384
L1SPTRACE_HART,bench=bfs_work_stealing,hart=56,core=3,thread=8,bytes=0
L1SPTRACE_HART,bench=bfs_work_stealing,hart=57,core=3,thread=9,bytes=0
L1SPTRACE_HART,bench=bfs_work_stealing,hart=58,core=3,thread=10,bytes=0
L1SPTRACE_HART,bench=bfs_work_stealing,hart=59,core=3,thread=11,bytes=0
L1SPTRACE_HART,bench=bfs_work_stealing,hart=60,core=3,thread=12,bytes=0
L1SPTRACE_HART,bench=bfs_work_stealing,hart=61,core=3,thread=13,bytes=0
L1SPTRACE_HART,bench=bfs_work_stealing,hart=62,core=3,thread=14,bytes=0
L1SPTRACE_HART,bench=bfs_work_stealing,hart=63,core=3,thread=15,bytes=0
L1SPTRACE_HART,bench=bfs_work_stealing,hart=64,core=4,thread=0,bytes=16384
L1SPTRACE_HART,bench=bfs_work_stealing,hart=65,core=4,thread=1,bytes=16384
L1SPTRACE_HART,bench=bfs_work_stealing,hart=66,core=4,thread=2,bytes=16384
L1SPTRACE_HART,bench=bfs_work_stealing,hart=67,core=4,thread=3,bytes=16384
L1SPTRACE_HART,bench=bfs_work_stealing,hart=68,core=4,thread=4,bytes=16384
L1SPTRACE_HART,bench=bfs_work_stealing,hart=69,core=4,thread=5,bytes=16384
L1SPTRACE_HART,bench=bfs_work_stealing,hart=70,core=4,thread=6,bytes=16384
L1SPTRACE_HART,bench=bfs_work_stealing,hart=71,core=4,thread=7,bytes=16384
L1SPTRACE_HART,bench=bfs_work_stealing,hart=72,core=4,thread=8,bytes=0
L1SPTRACE_HART,bench=bfs_work_stealing,hart=73,core=4,thread=9,bytes=0
L1SPTRACE_HART,bench=bfs_work_stealing,hart=74,core=4,thread=10,bytes=0
L1SPTRACE_HART,bench=bfs_work_stealing,hart=75,core=4,thread=11,bytes=0
L1SPTRACE_HART,bench=bfs_work_stealing,hart=76,core=4,thread=12,bytes=0
L1SPTRACE_HART,bench=bfs_work_stealing,hart=77,core=4,thread=13,bytes=0
L1SPTRACE_HART,bench=bfs_work_stealing,hart=78,core=4,thread=14,bytes=0
L1SPTRACE_HART,bench=bfs_work_stealing,hart=79,core=4,thread=15,bytes=0
L1SPTRACE_HART,bench=bfs_work_stealing,hart=80,core=5,thread=0,bytes=16384
L1SPTRACE_HART,bench=bfs_work_stealing,hart=81,core=5,thread=1,bytes=16384
L1SPTRACE_HART,bench=bfs_work_stealing,hart=82,core=5,thread=2,bytes=16384
L1SPTRACE_HART,bench=bfs_work_stealing,hart=83,core=5,thread=3,bytes=16384
L1SPTRACE_HART,bench=bfs_work_stealing,hart=84,core=5,thread=4,bytes=16384
L1SPTRACE_HART,bench=bfs_work_stealing,hart=85,core=5,thread=5,bytes=16384
L1SPTRACE_HART,bench=bfs_work_stealing,hart=86,core=5,thread=6,bytes=16384
L1SPTRACE_HART,bench=bfs_work_stealing,hart=87,core=5,thread=7,bytes=16384
L1SPTRACE_HART,bench=bfs_work_stealing,hart=88,core=5,thread=8,bytes=0
L1SPTRACE_HART,bench=bfs_work_stealing,hart=89,core=5,thread=9,bytes=0
L1SPTRACE_HART,bench=bfs_work_stealing,hart=90,core=5,thread=10,bytes=0
L1SPTRACE_HART,bench=bfs_work_stealing,hart=91,core=5,thread=11,bytes=0
L1SPTRACE_HART,bench=bfs_work_stealing,hart=92,core=5,thread=12,bytes=0
L1SPTRACE_HART,bench=bfs_work_stealing,hart=93,core=5,thread=13,bytes=0
L1SPTRACE_HART,bench=bfs_work_stealing,hart=94,core=5,thread=14,bytes=0
L1SPTRACE_HART,bench=bfs_work_stealing,hart=95,core=5,thread=15,bytes=0
L1SPTRACE_HART,bench=bfs_work_stealing,hart=96,core=6,thread=0,bytes=16384
L1SPTRACE_HART,bench=bfs_work_stealing,hart=97,core=6,thread=1,bytes=16384
L1SPTRACE_HART,bench=bfs_work_stealing,hart=98,core=6,thread=2,bytes=16384
L1SPTRACE_HART,bench=bfs_work_stealing,hart=99,core=6,thread=3,bytes=16384
L1SPTRACE_HART,bench=bfs_work_stealing,hart=100,core=6,thread=4,bytes=16384
L1SPTRACE_HART,bench=bfs_work_stealing,hart=101,core=6,thread=5,bytes=16384
L1SPTRACE_HART,bench=bfs_work_stealing,hart=102,core=6,thread=6,bytes=16384
L1SPTRACE_HART,bench=bfs_work_stealing,hart=103,core=6,thread=7,bytes=16384
L1SPTRACE_HART,bench=bfs_work_stealing,hart=104,core=6,thread=8,bytes=0
L1SPTRACE_HART,bench=bfs_work_stealing,hart=105,core=6,thread=9,bytes=0
L1SPTRACE_HART,bench=bfs_work_stealing,hart=106,core=6,thread=10,bytes=0
L1SPTRACE_HART,bench=bfs_work_stealing,hart=107,core=6,thread=11,bytes=0
L1SPTRACE_HART,bench=bfs_work_stealing,hart=108,core=6,thread=12,bytes=0
L1SPTRACE_HART,bench=bfs_work_stealing,hart=109,core=6,thread=13,bytes=0
L1SPTRACE_HART,bench=bfs_work_stealing,hart=110,core=6,thread=14,bytes=0
L1SPTRACE_HART,bench=bfs_work_stealing,hart=111,core=6,thread=15,bytes=0
L1SPTRACE_HART,bench=bfs_work_stealing,hart=112,core=7,thread=0,bytes=16384
L1SPTRACE_HART,bench=bfs_work_stealing,hart=113,core=7,thread=1,bytes=16384
L1SPTRACE_HART,bench=bfs_work_stealing,hart=114,core=7,thread=2,bytes=16384
L1SPTRACE_HART,bench=bfs_work_stealing,hart=115,core=7,thread=3,bytes=16384
L1SPTRACE_HART,bench=bfs_work_stealing,hart=116,core=7,thread=4,bytes=16384
L1SPTRACE_HART,bench=bfs_work_stealing,hart=117,core=7,thread=5,bytes=16384
L1SPTRACE_HART,bench=bfs_work_stealing,hart=118,core=7,thread=6,bytes=16384
L1SPTRACE_HART,bench=bfs_work_stealing,hart=119,core=7,thread=7,bytes=16384
L1SPTRACE_HART,bench=bfs_work_stealing,hart=120,core=7,thread=8,bytes=0
L1SPTRACE_HART,bench=bfs_work_stealing,hart=121,core=7,thread=9,bytes=0
L1SPTRACE_HART,bench=bfs_work_stealing,hart=122,core=7,thread=10,bytes=0
L1SPTRACE_HART,bench=bfs_work_stealing,hart=123,core=7,thread=11,bytes=0
L1SPTRACE_HART,bench=bfs_work_stealing,hart=124,core=7,thread=12,bytes=0
L1SPTRACE_HART,bench=bfs_work_stealing,hart=125,core=7,thread=13,bytes=0
L1SPTRACE_HART,bench=bfs_work_stealing,hart=126,core=7,thread=14,bytes=0
L1SPTRACE_HART,bench=bfs_work_stealing,hart=127,core=7,thread=15,bytes=0
L1SPTRACE_HART,bench=bfs_work_stealing,hart=128,core=8,thread=0,bytes=16384
L1SPTRACE_HART,bench=bfs_work_stealing,hart=129,core=8,thread=1,bytes=16384
L1SPTRACE_HART,bench=bfs_work_stealing,hart=130,core=8,thread=2,bytes=16384
L1SPTRACE_HART,bench=bfs_work_stealing,hart=131,core=8,thread=3,bytes=16384
L1SPTRACE_HART,bench=bfs_work_stealing,hart=132,core=8,thread=4,bytes=16384
L1SPTRACE_HART,bench=bfs_work_stealing,hart=133,core=8,thread=5,bytes=16384
L1SPTRACE_HART,bench=bfs_work_stealing,hart=134,core=8,thread=6,bytes=16384
L1SPTRACE_HART,bench=bfs_work_stealing,hart=135,core=8,thread=7,bytes=16384
L1SPTRACE_HART,bench=bfs_work_stealing,hart=136,core=8,thread=8,bytes=0
L1SPTRACE_HART,bench=bfs_work_stealing,hart=137,core=8,thread=9,bytes=0
L1SPTRACE_HART,bench=bfs_work_stealing,hart=138,core=8,thread=10,bytes=0
L1SPTRACE_HART,bench=bfs_work_stealing,hart=139,core=8,thread=11,bytes=0
L1SPTRACE_HART,bench=bfs_work_stealing,hart=140,core=8,thread=12,bytes=0
L1SPTRACE_HART,bench=bfs_work_stealing,hart=141,core=8,thread=13,bytes=0
L1SPTRACE_HART,bench=bfs_work_stealing,hart=142,core=8,thread=14,bytes=0
L1SPTRACE_HART,bench=bfs_work_stealing,hart=143,core=8,thread=15,bytes=0
L1SPTRACE_HART,bench=bfs_work_stealing,hart=144,core=9,thread=0,bytes=16384
L1SPTRACE_HART,bench=bfs_work_stealing,hart=145,core=9,thread=1,bytes=16384
L1SPTRACE_HART,bench=bfs_work_stealing,hart=146,core=9,thread=2,bytes=16384
L1SPTRACE_HART,bench=bfs_work_stealing,hart=147,core=9,thread=3,bytes=16384
L1SPTRACE_HART,bench=bfs_work_stealing,hart=148,core=9,thread=4,bytes=16384
L1SPTRACE_HART,bench=bfs_work_stealing,hart=149,core=9,thread=5,bytes=16384
L1SPTRACE_HART,bench=bfs_work_stealing,hart=150,core=9,thread=6,bytes=16384
L1SPTRACE_HART,bench=bfs_work_stealing,hart=151,core=9,thread=7,bytes=16384
L1SPTRACE_HART,bench=bfs_work_stealing,hart=152,core=9,thread=8,bytes=0
L1SPTRACE_HART,bench=bfs_work_stealing,hart=153,core=9,thread=9,bytes=0
L1SPTRACE_HART,bench=bfs_work_stealing,hart=154,core=9,thread=10,bytes=0
L1SPTRACE_HART,bench=bfs_work_stealing,hart=155,core=9,thread=11,bytes=0
L1SPTRACE_HART,bench=bfs_work_stealing,hart=156,core=9,thread=12,bytes=0
L1SPTRACE_HART,bench=bfs_work_stealing,hart=157,core=9,thread=13,bytes=0
L1SPTRACE_HART,bench=bfs_work_stealing,hart=158,core=9,thread=14,bytes=0
L1SPTRACE_HART,bench=bfs_work_stealing,hart=159,core=9,thread=15,bytes=0
L1SPTRACE_HART,bench=bfs_work_stealing,hart=160,core=10,thread=0,bytes=16384
L1SPTRACE_HART,bench=bfs_work_stealing,hart=161,core=10,thread=1,bytes=16384
L1SPTRACE_HART,bench=bfs_work_stealing,hart=162,core=10,thread=2,bytes=16384
L1SPTRACE_HART,bench=bfs_work_stealing,hart=163,core=10,thread=3,bytes=16384
L1SPTRACE_HART,bench=bfs_work_stealing,hart=164,core=10,thread=4,bytes=16384
L1SPTRACE_HART,bench=bfs_work_stealing,hart=165,core=10,thread=5,bytes=16384
L1SPTRACE_HART,bench=bfs_work_stealing,hart=166,core=10,thread=6,bytes=16384
L1SPTRACE_HART,bench=bfs_work_stealing,hart=167,core=10,thread=7,bytes=16384
L1SPTRACE_HART,bench=bfs_work_stealing,hart=168,core=10,thread=8,bytes=0
L1SPTRACE_HART,bench=bfs_work_stealing,hart=169,core=10,thread=9,bytes=0
L1SPTRACE_HART,bench=bfs_work_stealing,hart=170,core=10,thread=10,bytes=0
L1SPTRACE_HART,bench=bfs_work_stealing,hart=171,core=10,thread=11,bytes=0
L1SPTRACE_HART,bench=bfs_work_stealing,hart=172,core=10,thread=12,bytes=0
L1SPTRACE_HART,bench=bfs_work_stealing,hart=173,core=10,thread=13,bytes=0
L1SPTRACE_HART,bench=bfs_work_stealing,hart=174,core=10,thread=14,bytes=0
L1SPTRACE_HART,bench=bfs_work_stealing,hart=175,core=10,thread=15,bytes=0
L1SPTRACE_HART,bench=bfs_work_stealing,hart=176,core=11,thread=0,bytes=16384
L1SPTRACE_HART,bench=bfs_work_stealing,hart=177,core=11,thread=1,bytes=16384
L1SPTRACE_HART,bench=bfs_work_stealing,hart=178,core=11,thread=2,bytes=16384
L1SPTRACE_HART,bench=bfs_work_stealing,hart=179,core=11,thread=3,bytes=16384
L1SPTRACE_HART,bench=bfs_work_stealing,hart=180,core=11,thread=4,bytes=16384
L1SPTRACE_HART,bench=bfs_work_stealing,hart=181,core=11,thread=5,bytes=16384
L1SPTRACE_HART,bench=bfs_work_stealing,hart=182,core=11,thread=6,bytes=16384
L1SPTRACE_HART,bench=bfs_work_stealing,hart=183,core=11,thread=7,bytes=16384
L1SPTRACE_HART,bench=bfs_work_stealing,hart=184,core=11,thread=8,bytes=0
L1SPTRACE_HART,bench=bfs_work_stealing,hart=185,core=11,thread=9,bytes=0
L1SPTRACE_HART,bench=bfs_work_stealing,hart=186,core=11,thread=10,bytes=0
L1SPTRACE_HART,bench=bfs_work_stealing,hart=187,core=11,thread=11,bytes=0
L1SPTRACE_HART,bench=bfs_work_stealing,hart=188,core=11,thread=12,bytes=0
L1SPTRACE_HART,bench=bfs_work_stealing,hart=189,core=11,thread=13,bytes=0
L1SPTRACE_HART,bench=bfs_work_stealing,hart=190,core=11,thread=14,bytes=0
L1SPTRACE_HART,bench=bfs_work_stealing,hart=191,core=11,thread=15,bytes=0
L1SPTRACE_HART,bench=bfs_work_stealing,hart=192,core=12,thread=0,bytes=16384
L1SPTRACE_HART,bench=bfs_work_stealing,hart=193,core=12,thread=1,bytes=16384
L1SPTRACE_HART,bench=bfs_work_stealing,hart=194,core=12,thread=2,bytes=16384
L1SPTRACE_HART,bench=bfs_work_stealing,hart=195,core=12,thread=3,bytes=16384
L1SPTRACE_HART,bench=bfs_work_stealing,hart=196,core=12,thread=4,bytes=16384
L1SPTRACE_HART,bench=bfs_work_stealing,hart=197,core=12,thread=5,bytes=16384
L1SPTRACE_HART,bench=bfs_work_stealing,hart=198,core=12,thread=6,bytes=16384
L1SPTRACE_HART,bench=bfs_work_stealing,hart=199,core=12,thread=7,bytes=16384
L1SPTRACE_HART,bench=bfs_work_stealing,hart=200,core=12,thread=8,bytes=0
L1SPTRACE_HART,bench=bfs_work_stealing,hart=201,core=12,thread=9,bytes=0
L1SPTRACE_HART,bench=bfs_work_stealing,hart=202,core=12,thread=10,bytes=0
L1SPTRACE_HART,bench=bfs_work_stealing,hart=203,core=12,thread=11,bytes=0
L1SPTRACE_HART,bench=bfs_work_stealing,hart=204,core=12,thread=12,bytes=0
L1SPTRACE_HART,bench=bfs_work_stealing,hart=205,core=12,thread=13,bytes=0
L1SPTRACE_HART,bench=bfs_work_stealing,hart=206,core=12,thread=14,bytes=0
L1SPTRACE_HART,bench=bfs_work_stealing,hart=207,core=12,thread=15,bytes=0
L1SPTRACE_HART,bench=bfs_work_stealing,hart=208,core=13,thread=0,bytes=16384
L1SPTRACE_HART,bench=bfs_work_stealing,hart=209,core=13,thread=1,bytes=16384
L1SPTRACE_HART,bench=bfs_work_stealing,hart=210,core=13,thread=2,bytes=16384
L1SPTRACE_HART,bench=bfs_work_stealing,hart=211,core=13,thread=3,bytes=16384
L1SPTRACE_HART,bench=bfs_work_stealing,hart=212,core=13,thread=4,bytes=16384
L1SPTRACE_HART,bench=bfs_work_stealing,hart=213,core=13,thread=5,bytes=16384
L1SPTRACE_HART,bench=bfs_work_stealing,hart=214,core=13,thread=6,bytes=16384
L1SPTRACE_HART,bench=bfs_work_stealing,hart=215,core=13,thread=7,bytes=16384
L1SPTRACE_HART,bench=bfs_work_stealing,hart=216,core=13,thread=8,bytes=0
L1SPTRACE_HART,bench=bfs_work_stealing,hart=217,core=13,thread=9,bytes=0
L1SPTRACE_HART,bench=bfs_work_stealing,hart=218,core=13,thread=10,bytes=0
L1SPTRACE_HART,bench=bfs_work_stealing,hart=219,core=13,thread=11,bytes=0
L1SPTRACE_HART,bench=bfs_work_stealing,hart=220,core=13,thread=12,bytes=0
L1SPTRACE_HART,bench=bfs_work_stealing,hart=221,core=13,thread=13,bytes=0
L1SPTRACE_HART,bench=bfs_work_stealing,hart=222,core=13,thread=14,bytes=0
L1SPTRACE_HART,bench=bfs_work_stealing,hart=223,core=13,thread=15,bytes=0
L1SPTRACE_HART,bench=bfs_work_stealing,hart=224,core=14,thread=0,bytes=16384
L1SPTRACE_HART,bench=bfs_work_stealing,hart=225,core=14,thread=1,bytes=16384
L1SPTRACE_HART,bench=bfs_work_stealing,hart=226,core=14,thread=2,bytes=16384
L1SPTRACE_HART,bench=bfs_work_stealing,hart=227,core=14,thread=3,bytes=16384
L1SPTRACE_HART,bench=bfs_work_stealing,hart=228,core=14,thread=4,bytes=16384
L1SPTRACE_HART,bench=bfs_work_stealing,hart=229,core=14,thread=5,bytes=16384
L1SPTRACE_HART,bench=bfs_work_stealing,hart=230,core=14,thread=6,bytes=16384
L1SPTRACE_HART,bench=bfs_work_stealing,hart=231,core=14,thread=7,bytes=16384
L1SPTRACE_HART,bench=bfs_work_stealing,hart=232,core=14,thread=8,bytes=0
L1SPTRACE_HART,bench=bfs_work_stealing,hart=233,core=14,thread=9,bytes=0
L1SPTRACE_HART,bench=bfs_work_stealing,hart=234,core=14,thread=10,bytes=0
L1SPTRACE_HART,bench=bfs_work_stealing,hart=235,core=14,thread=11,bytes=0
L1SPTRACE_HART,bench=bfs_work_stealing,hart=236,core=14,thread=12,bytes=0
L1SPTRACE_HART,bench=bfs_work_stealing,hart=237,core=14,thread=13,bytes=0
L1SPTRACE_HART,bench=bfs_work_stealing,hart=238,core=14,thread=14,bytes=0
L1SPTRACE_HART,bench=bfs_work_stealing,hart=239,core=14,thread=15,bytes=0
L1SPTRACE_HART,bench=bfs_work_stealing,hart=240,core=15,thread=0,bytes=16384
L1SPTRACE_HART,bench=bfs_work_stealing,hart=241,core=15,thread=1,bytes=16384
L1SPTRACE_HART,bench=bfs_work_stealing,hart=242,core=15,thread=2,bytes=16384
L1SPTRACE_HART,bench=bfs_work_stealing,hart=243,core=15,thread=3,bytes=16384
L1SPTRACE_HART,bench=bfs_work_stealing,hart=244,core=15,thread=4,bytes=16384
L1SPTRACE_HART,bench=bfs_work_stealing,hart=245,core=15,thread=5,bytes=16384
L1SPTRACE_HART,bench=bfs_work_stealing,hart=246,core=15,thread=6,bytes=16384
L1SPTRACE_HART,bench=bfs_work_stealing,hart=247,core=15,thread=7,bytes=16384
L1SPTRACE_HART,bench=bfs_work_stealing,hart=248,core=15,thread=8,bytes=0
L1SPTRACE_HART,bench=bfs_work_stealing,hart=249,core=15,thread=9,bytes=0
L1SPTRACE_HART,bench=bfs_work_stealing,hart=250,core=15,thread=10,bytes=0
L1SPTRACE_HART,bench=bfs_work_stealing,hart=251,core=15,thread=11,bytes=0
L1SPTRACE_HART,bench=bfs_work_stealing,hart=252,core=15,thread=12,bytes=0
L1SPTRACE_HART,bench=bfs_work_stealing,hart=253,core=15,thread=13,bytes=0
L1SPTRACE_HART,bench=bfs_work_stealing,hart=254,core=15,thread=14,bytes=0
L1SPTRACE_HART,bench=bfs_work_stealing,hart=255,core=15,thread=15,bytes=0
L1SPTRACE_HART,bench=bfs_work_stealing,hart=256,core=16,thread=0,bytes=16384
L1SPTRACE_HART,bench=bfs_work_stealing,hart=257,core=16,thread=1,bytes=16384
L1SPTRACE_HART,bench=bfs_work_stealing,hart=258,core=16,thread=2,bytes=16384
L1SPTRACE_HART,bench=bfs_work_stealing,hart=259,core=16,thread=3,bytes=16384
L1SPTRACE_HART,bench=bfs_work_stealing,hart=260,core=16,thread=4,bytes=16384
L1SPTRACE_HART,bench=bfs_work_stealing,hart=261,core=16,thread=5,bytes=16384
L1SPTRACE_HART,bench=bfs_work_stealing,hart=262,core=16,thread=6,bytes=16384
L1SPTRACE_HART,bench=bfs_work_stealing,hart=263,core=16,thread=7,bytes=16384
L1SPTRACE_HART,bench=bfs_work_stealing,hart=264,core=16,thread=8,bytes=0
L1SPTRACE_HART,bench=bfs_work_stealing,hart=265,core=16,thread=9,bytes=0
L1SPTRACE_HART,bench=bfs_work_stealing,hart=266,core=16,thread=10,bytes=0
L1SPTRACE_HART,bench=bfs_work_stealing,hart=267,core=16,thread=11,bytes=0
L1SPTRACE_HART,bench=bfs_work_stealing,hart=268,core=16,thread=12,bytes=0
L1SPTRACE_HART,bench=bfs_work_stealing,hart=269,core=16,thread=13,bytes=0
L1SPTRACE_HART,bench=bfs_work_stealing,hart=270,core=16,thread=14,bytes=0
L1SPTRACE_HART,bench=bfs_work_stealing,hart=271,core=16,thread=15,bytes=0
L1SPTRACE_HART,bench=bfs_work_stealing,hart=272,core=17,thread=0,bytes=16384
L1SPTRACE_HART,bench=bfs_work_stealing,hart=273,core=17,thread=1,bytes=16384
L1SPTRACE_HART,bench=bfs_work_stealing,hart=274,core=17,thread=2,bytes=16384
L1SPTRACE_HART,bench=bfs_work_stealing,hart=275,core=17,thread=3,bytes=16384
L1SPTRACE_HART,bench=bfs_work_stealing,hart=276,core=17,thread=4,bytes=16384
L1SPTRACE_HART,bench=bfs_work_stealing,hart=277,core=17,thread=5,bytes=16384
L1SPTRACE_HART,bench=bfs_work_stealing,hart=278,core=17,thread=6,bytes=16384
L1SPTRACE_HART,bench=bfs_work_stealing,hart=279,core=17,thread=7,bytes=16384
L1SPTRACE_HART,bench=bfs_work_stealing,hart=280,core=17,thread=8,bytes=0
L1SPTRACE_HART,bench=bfs_work_stealing,hart=281,core=17,thread=9,bytes=0
L1SPTRACE_HART,bench=bfs_work_stealing,hart=282,core=17,thread=10,bytes=0
L1SPTRACE_HART,bench=bfs_work_stealing,hart=283,core=17,thread=11,bytes=0
L1SPTRACE_HART,bench=bfs_work_stealing,hart=284,core=17,thread=12,bytes=0
L1SPTRACE_HART,bench=bfs_work_stealing,hart=285,core=17,thread=13,bytes=0
L1SPTRACE_HART,bench=bfs_work_stealing,hart=286,core=17,thread=14,bytes=0
L1SPTRACE_HART,bench=bfs_work_stealing,hart=287,core=17,thread=15,bytes=0
L1SPTRACE_HART,bench=bfs_work_stealing,hart=288,core=18,thread=0,bytes=16384
L1SPTRACE_HART,bench=bfs_work_stealing,hart=289,core=18,thread=1,bytes=16384
L1SPTRACE_HART,bench=bfs_work_stealing,hart=290,core=18,thread=2,bytes=16384
L1SPTRACE_HART,bench=bfs_work_stealing,hart=291,core=18,thread=3,bytes=16384
L1SPTRACE_HART,bench=bfs_work_stealing,hart=292,core=18,thread=4,bytes=16384
L1SPTRACE_HART,bench=bfs_work_stealing,hart=293,core=18,thread=5,bytes=16384
L1SPTRACE_HART,bench=bfs_work_stealing,hart=294,core=18,thread=6,bytes=16384
L1SPTRACE_HART,bench=bfs_work_stealing,hart=295,core=18,thread=7,bytes=16384
L1SPTRACE_HART,bench=bfs_work_stealing,hart=296,core=18,thread=8,bytes=0
L1SPTRACE_HART,bench=bfs_work_stealing,hart=297,core=18,thread=9,bytes=0
L1SPTRACE_HART,bench=bfs_work_stealing,hart=298,core=18,thread=10,bytes=0
L1SPTRACE_HART,bench=bfs_work_stealing,hart=299,core=18,thread=11,bytes=0
L1SPTRACE_HART,bench=bfs_work_stealing,hart=300,core=18,thread=12,bytes=0
L1SPTRACE_HART,bench=bfs_work_stealing,hart=301,core=18,thread=13,bytes=0
L1SPTRACE_HART,bench=bfs_work_stealing,hart=302,core=18,thread=14,bytes=0
L1SPTRACE_HART,bench=bfs_work_stealing,hart=303,core=18,thread=15,bytes=0
L1SPTRACE_HART,bench=bfs_work_stealing,hart=304,core=19,thread=0,bytes=16384
L1SPTRACE_HART,bench=bfs_work_stealing,hart=305,core=19,thread=1,bytes=16384
L1SPTRACE_HART,bench=bfs_work_stealing,hart=306,core=19,thread=2,bytes=16384
L1SPTRACE_HART,bench=bfs_work_stealing,hart=307,core=19,thread=3,bytes=16384
L1SPTRACE_HART,bench=bfs_work_stealing,hart=308,core=19,thread=4,bytes=16384
L1SPTRACE_HART,bench=bfs_work_stealing,hart=309,core=19,thread=5,bytes=16384
L1SPTRACE_HART,bench=bfs_work_stealing,hart=310,core=19,thread=6,bytes=16384
L1SPTRACE_HART,bench=bfs_work_stealing,hart=311,core=19,thread=7,bytes=16384
L1SPTRACE_HART,bench=bfs_work_stealing,hart=312,core=19,thread=8,bytes=0
L1SPTRACE_HART,bench=bfs_work_stealing,hart=313,core=19,thread=9,bytes=0
L1SPTRACE_HART,bench=bfs_work_stealing,hart=314,core=19,thread=10,bytes=0
L1SPTRACE_HART,bench=bfs_work_stealing,hart=315,core=19,thread=11,bytes=0
L1SPTRACE_HART,bench=bfs_work_stealing,hart=316,core=19,thread=12,bytes=0
L1SPTRACE_HART,bench=bfs_work_stealing,hart=317,core=19,thread=13,bytes=0
L1SPTRACE_HART,bench=bfs_work_stealing,hart=318,core=19,thread=14,bytes=0
L1SPTRACE_HART,bench=bfs_work_stealing,hart=319,core=19,thread=15,bytes=0
L1SPTRACE_HART,bench=bfs_work_stealing,hart=320,core=20,thread=0,bytes=16384
L1SPTRACE_HART,bench=bfs_work_stealing,hart=321,core=20,thread=1,bytes=16384
L1SPTRACE_HART,bench=bfs_work_stealing,hart=322,core=20,thread=2,bytes=16384
L1SPTRACE_HART,bench=bfs_work_stealing,hart=323,core=20,thread=3,bytes=16384
L1SPTRACE_HART,bench=bfs_work_stealing,hart=324,core=20,thread=4,bytes=16384
L1SPTRACE_HART,bench=bfs_work_stealing,hart=325,core=20,thread=5,bytes=16384
L1SPTRACE_HART,bench=bfs_work_stealing,hart=326,core=20,thread=6,bytes=16384
L1SPTRACE_HART,bench=bfs_work_stealing,hart=327,core=20,thread=7,bytes=16384
L1SPTRACE_HART,bench=bfs_work_stealing,hart=328,core=20,thread=8,bytes=0
L1SPTRACE_HART,bench=bfs_work_stealing,hart=329,core=20,thread=9,bytes=0
L1SPTRACE_HART,bench=bfs_work_stealing,hart=330,core=20,thread=10,bytes=0
L1SPTRACE_HART,bench=bfs_work_stealing,hart=331,core=20,thread=11,bytes=0
L1SPTRACE_HART,bench=bfs_work_stealing,hart=332,core=20,thread=12,bytes=0
L1SPTRACE_HART,bench=bfs_work_stealing,hart=333,core=20,thread=13,bytes=0
L1SPTRACE_HART,bench=bfs_work_stealing,hart=334,core=20,thread=14,bytes=0
L1SPTRACE_HART,bench=bfs_work_stealing,hart=335,core=20,thread=15,bytes=0
L1SPTRACE_HART,bench=bfs_work_stealing,hart=336,core=21,thread=0,bytes=16384
L1SPTRACE_HART,bench=bfs_work_stealing,hart=337,core=21,thread=1,bytes=16384
L1SPTRACE_HART,bench=bfs_work_stealing,hart=338,core=21,thread=2,bytes=16384
L1SPTRACE_HART,bench=bfs_work_stealing,hart=339,core=21,thread=3,bytes=16384
L1SPTRACE_HART,bench=bfs_work_stealing,hart=340,core=21,thread=4,bytes=16384
L1SPTRACE_HART,bench=bfs_work_stealing,hart=341,core=21,thread=5,bytes=16384
L1SPTRACE_HART,bench=bfs_work_stealing,hart=342,core=21,thread=6,bytes=16384
L1SPTRACE_HART,bench=bfs_work_stealing,hart=343,core=21,thread=7,bytes=16384
L1SPTRACE_HART,bench=bfs_work_stealing,hart=344,core=21,thread=8,bytes=0
L1SPTRACE_HART,bench=bfs_work_stealing,hart=345,core=21,thread=9,bytes=0
L1SPTRACE_HART,bench=bfs_work_stealing,hart=346,core=21,thread=10,bytes=0
L1SPTRACE_HART,bench=bfs_work_stealing,hart=347,core=21,thread=11,bytes=0
L1SPTRACE_HART,bench=bfs_work_stealing,hart=348,core=21,thread=12,bytes=0
L1SPTRACE_HART,bench=bfs_work_stealing,hart=349,core=21,thread=13,bytes=0
L1SPTRACE_HART,bench=bfs_work_stealing,hart=350,core=21,thread=14,bytes=0
L1SPTRACE_HART,bench=bfs_work_stealing,hart=351,core=21,thread=15,bytes=0
L1SPTRACE_HART,bench=bfs_work_stealing,hart=352,core=22,thread=0,bytes=16384
L1SPTRACE_HART,bench=bfs_work_stealing,hart=353,core=22,thread=1,bytes=16384
L1SPTRACE_HART,bench=bfs_work_stealing,hart=354,core=22,thread=2,bytes=16384
L1SPTRACE_HART,bench=bfs_work_stealing,hart=355,core=22,thread=3,bytes=16384
L1SPTRACE_HART,bench=bfs_work_stealing,hart=356,core=22,thread=4,bytes=16384
L1SPTRACE_HART,bench=bfs_work_stealing,hart=357,core=22,thread=5,bytes=16384
L1SPTRACE_HART,bench=bfs_work_stealing,hart=358,core=22,thread=6,bytes=16384
L1SPTRACE_HART,bench=bfs_work_stealing,hart=359,core=22,thread=7,bytes=16384
L1SPTRACE_HART,bench=bfs_work_stealing,hart=360,core=22,thread=8,bytes=0
L1SPTRACE_HART,bench=bfs_work_stealing,hart=361,core=22,thread=9,bytes=0
L1SPTRACE_HART,bench=bfs_work_stealing,hart=362,core=22,thread=10,bytes=0
L1SPTRACE_HART,bench=bfs_work_stealing,hart=363,core=22,thread=11,bytes=0
L1SPTRACE_HART,bench=bfs_work_stealing,hart=364,core=22,thread=12,bytes=0
L1SPTRACE_HART,bench=bfs_work_stealing,hart=365,core=22,thread=13,bytes=0
L1SPTRACE_HART,bench=bfs_work_stealing,hart=366,core=22,thread=14,bytes=0
L1SPTRACE_HART,bench=bfs_work_stealing,hart=367,core=22,thread=15,bytes=0
L1SPTRACE_HART,bench=bfs_work_stealing,hart=368,core=23,thread=0,bytes=16384
L1SPTRACE_HART,bench=bfs_work_stealing,hart=369,core=23,thread=1,bytes=16384
L1SPTRACE_HART,bench=bfs_work_stealing,hart=370,core=23,thread=2,bytes=16384
L1SPTRACE_HART,bench=bfs_work_stealing,hart=371,core=23,thread=3,bytes=16384
L1SPTRACE_HART,bench=bfs_work_stealing,hart=372,core=23,thread=4,bytes=16384
L1SPTRACE_HART,bench=bfs_work_stealing,hart=373,core=23,thread=5,bytes=16384
L1SPTRACE_HART,bench=bfs_work_stealing,hart=374,core=23,thread=6,bytes=16384
L1SPTRACE_HART,bench=bfs_work_stealing,hart=375,core=23,thread=7,bytes=16384
L1SPTRACE_HART,bench=bfs_work_stealing,hart=376,core=23,thread=8,bytes=0
L1SPTRACE_HART,bench=bfs_work_stealing,hart=377,core=23,thread=9,bytes=0
L1SPTRACE_HART,bench=bfs_work_stealing,hart=378,core=23,thread=10,bytes=0
L1SPTRACE_HART,bench=bfs_work_stealing,hart=379,core=23,thread=11,bytes=0
L1SPTRACE_HART,bench=bfs_work_stealing,hart=380,core=23,thread=12,bytes=0
L1SPTRACE_HART,bench=bfs_work_stealing,hart=381,core=23,thread=13,bytes=0
L1SPTRACE_HART,bench=bfs_work_stealing,hart=382,core=23,thread=14,bytes=0
L1SPTRACE_HART,bench=bfs_work_stealing,hart=383,core=23,thread=15,bytes=0
L1SPTRACE_HART,bench=bfs_work_stealing,hart=384,core=24,thread=0,bytes=16384
L1SPTRACE_HART,bench=bfs_work_stealing,hart=385,core=24,thread=1,bytes=16384
L1SPTRACE_HART,bench=bfs_work_stealing,hart=386,core=24,thread=2,bytes=16384
L1SPTRACE_HART,bench=bfs_work_stealing,hart=387,core=24,thread=3,bytes=16384
L1SPTRACE_HART,bench=bfs_work_stealing,hart=388,core=24,thread=4,bytes=16384
L1SPTRACE_HART,bench=bfs_work_stealing,hart=389,core=24,thread=5,bytes=16384
L1SPTRACE_HART,bench=bfs_work_stealing,hart=390,core=24,thread=6,bytes=16384
L1SPTRACE_HART,bench=bfs_work_stealing,hart=391,core=24,thread=7,bytes=16384
L1SPTRACE_HART,bench=bfs_work_stealing,hart=392,core=24,thread=8,bytes=0
L1SPTRACE_HART,bench=bfs_work_stealing,hart=393,core=24,thread=9,bytes=0
L1SPTRACE_HART,bench=bfs_work_stealing,hart=394,core=24,thread=10,bytes=0
L1SPTRACE_HART,bench=bfs_work_stealing,hart=395,core=24,thread=11,bytes=0
L1SPTRACE_HART,bench=bfs_work_stealing,hart=396,core=24,thread=12,bytes=0
L1SPTRACE_HART,bench=bfs_work_stealing,hart=397,core=24,thread=13,bytes=0
L1SPTRACE_HART,bench=bfs_work_stealing,hart=398,core=24,thread=14,bytes=0
L1SPTRACE_HART,bench=bfs_work_stealing,hart=399,core=24,thread=15,bytes=0
L1SPTRACE_HART,bench=bfs_work_stealing,hart=400,core=25,thread=0,bytes=16384
L1SPTRACE_HART,bench=bfs_work_stealing,hart=401,core=25,thread=1,bytes=16384
L1SPTRACE_HART,bench=bfs_work_stealing,hart=402,core=25,thread=2,bytes=16384
L1SPTRACE_HART,bench=bfs_work_stealing,hart=403,core=25,thread=3,bytes=16384
L1SPTRACE_HART,bench=bfs_work_stealing,hart=404,core=25,thread=4,bytes=16384
L1SPTRACE_HART,bench=bfs_work_stealing,hart=405,core=25,thread=5,bytes=16384
L1SPTRACE_HART,bench=bfs_work_stealing,hart=406,core=25,thread=6,bytes=16384
L1SPTRACE_HART,bench=bfs_work_stealing,hart=407,core=25,thread=7,bytes=16384
L1SPTRACE_HART,bench=bfs_work_stealing,hart=408,core=25,thread=8,bytes=0
L1SPTRACE_HART,bench=bfs_work_stealing,hart=409,core=25,thread=9,bytes=0
L1SPTRACE_HART,bench=bfs_work_stealing,hart=410,core=25,thread=10,bytes=0
L1SPTRACE_HART,bench=bfs_work_stealing,hart=411,core=25,thread=11,bytes=0
L1SPTRACE_HART,bench=bfs_work_stealing,hart=412,core=25,thread=12,bytes=0
L1SPTRACE_HART,bench=bfs_work_stealing,hart=413,core=25,thread=13,bytes=0
L1SPTRACE_HART,bench=bfs_work_stealing,hart=414,core=25,thread=14,bytes=0
L1SPTRACE_HART,bench=bfs_work_stealing,hart=415,core=25,thread=15,bytes=0
L1SPTRACE_HART,bench=bfs_work_stealing,hart=416,core=26,thread=0,bytes=16384
L1SPTRACE_HART,bench=bfs_work_stealing,hart=417,core=26,thread=1,bytes=16384
L1SPTRACE_HART,bench=bfs_work_stealing,hart=418,core=26,thread=2,bytes=16384
L1SPTRACE_HART,bench=bfs_work_stealing,hart=419,core=26,thread=3,bytes=16384
L1SPTRACE_HART,bench=bfs_work_stealing,hart=420,core=26,thread=4,bytes=16384
L1SPTRACE_HART,bench=bfs_work_stealing,hart=421,core=26,thread=5,bytes=16384
L1SPTRACE_HART,bench=bfs_work_stealing,hart=422,core=26,thread=6,bytes=16384
L1SPTRACE_HART,bench=bfs_work_stealing,hart=423,core=26,thread=7,bytes=16384
L1SPTRACE_HART,bench=bfs_work_stealing,hart=424,core=26,thread=8,bytes=0
L1SPTRACE_HART,bench=bfs_work_stealing,hart=425,core=26,thread=9,bytes=0
L1SPTRACE_HART,bench=bfs_work_stealing,hart=426,core=26,thread=10,bytes=0
L1SPTRACE_HART,bench=bfs_work_stealing,hart=427,core=26,thread=11,bytes=0
L1SPTRACE_HART,bench=bfs_work_stealing,hart=428,core=26,thread=12,bytes=0
L1SPTRACE_HART,bench=bfs_work_stealing,hart=429,core=26,thread=13,bytes=0
L1SPTRACE_HART,bench=bfs_work_stealing,hart=430,core=26,thread=14,bytes=0
L1SPTRACE_HART,bench=bfs_work_stealing,hart=431,core=26,thread=15,bytes=0
L1SPTRACE_HART,bench=bfs_work_stealing,hart=432,core=27,thread=0,bytes=16384
L1SPTRACE_HART,bench=bfs_work_stealing,hart=433,core=27,thread=1,bytes=16384
L1SPTRACE_HART,bench=bfs_work_stealing,hart=434,core=27,thread=2,bytes=16384
L1SPTRACE_HART,bench=bfs_work_stealing,hart=435,core=27,thread=3,bytes=16384
L1SPTRACE_HART,bench=bfs_work_stealing,hart=436,core=27,thread=4,bytes=16384
L1SPTRACE_HART,bench=bfs_work_stealing,hart=437,core=27,thread=5,bytes=16384
L1SPTRACE_HART,bench=bfs_work_stealing,hart=438,core=27,thread=6,bytes=16384
L1SPTRACE_HART,bench=bfs_work_stealing,hart=439,core=27,thread=7,bytes=16384
L1SPTRACE_HART,bench=bfs_work_stealing,hart=440,core=27,thread=8,bytes=0
L1SPTRACE_HART,bench=bfs_work_stealing,hart=441,core=27,thread=9,bytes=0
L1SPTRACE_HART,bench=bfs_work_stealing,hart=442,core=27,thread=10,bytes=0
L1SPTRACE_HART,bench=bfs_work_stealing,hart=443,core=27,thread=11,bytes=0
L1SPTRACE_HART,bench=bfs_work_stealing,hart=444,core=27,thread=12,bytes=0
L1SPTRACE_HART,bench=bfs_work_stealing,hart=445,core=27,thread=13,bytes=0
L1SPTRACE_HART,bench=bfs_work_stealing,hart=446,core=27,thread=14,bytes=0
L1SPTRACE_HART,bench=bfs_work_stealing,hart=447,core=27,thread=15,bytes=0
L1SPTRACE_HART,bench=bfs_work_stealing,hart=448,core=28,thread=0,bytes=16384
L1SPTRACE_HART,bench=bfs_work_stealing,hart=449,core=28,thread=1,bytes=16384
L1SPTRACE_HART,bench=bfs_work_stealing,hart=450,core=28,thread=2,bytes=16384
L1SPTRACE_HART,bench=bfs_work_stealing,hart=451,core=28,thread=3,bytes=16384
L1SPTRACE_HART,bench=bfs_work_stealing,hart=452,core=28,thread=4,bytes=16384
L1SPTRACE_HART,bench=bfs_work_stealing,hart=453,core=28,thread=5,bytes=16384
L1SPTRACE_HART,bench=bfs_work_stealing,hart=454,core=28,thread=6,bytes=16384
L1SPTRACE_HART,bench=bfs_work_stealing,hart=455,core=28,thread=7,bytes=16384
L1SPTRACE_HART,bench=bfs_work_stealing,hart=456,core=28,thread=8,bytes=0
L1SPTRACE_HART,bench=bfs_work_stealing,hart=457,core=28,thread=9,bytes=0
L1SPTRACE_HART,bench=bfs_work_stealing,hart=458,core=28,thread=10,bytes=0
L1SPTRACE_HART,bench=bfs_work_stealing,hart=459,core=28,thread=11,bytes=0
L1SPTRACE_HART,bench=bfs_work_stealing,hart=460,core=28,thread=12,bytes=0
L1SPTRACE_HART,bench=bfs_work_stealing,hart=461,core=28,thread=13,bytes=0
L1SPTRACE_HART,bench=bfs_work_stealing,hart=462,core=28,thread=14,bytes=0
L1SPTRACE_HART,bench=bfs_work_stealing,hart=463,core=28,thread=15,bytes=0
L1SPTRACE_HART,bench=bfs_work_stealing,hart=464,core=29,thread=0,bytes=16384
L1SPTRACE_HART,bench=bfs_work_stealing,hart=465,core=29,thread=1,bytes=16384
L1SPTRACE_HART,bench=bfs_work_stealing,hart=466,core=29,thread=2,bytes=16384
L1SPTRACE_HART,bench=bfs_work_stealing,hart=467,core=29,thread=3,bytes=16384
L1SPTRACE_HART,bench=bfs_work_stealing,hart=468,core=29,thread=4,bytes=16384
L1SPTRACE_HART,bench=bfs_work_stealing,hart=469,core=29,thread=5,bytes=16384
L1SPTRACE_HART,bench=bfs_work_stealing,hart=470,core=29,thread=6,bytes=16384
L1SPTRACE_HART,bench=bfs_work_stealing,hart=471,core=29,thread=7,bytes=16384
L1SPTRACE_HART,bench=bfs_work_stealing,hart=472,core=29,thread=8,bytes=0
L1SPTRACE_HART,bench=bfs_work_stealing,hart=473,core=29,thread=9,bytes=0
L1SPTRACE_HART,bench=bfs_work_stealing,hart=474,core=29,thread=10,bytes=0
L1SPTRACE_HART,bench=bfs_work_stealing,hart=475,core=29,thread=11,bytes=0
L1SPTRACE_HART,bench=bfs_work_stealing,hart=476,core=29,thread=12,bytes=0
L1SPTRACE_HART,bench=bfs_work_stealing,hart=477,core=29,thread=13,bytes=0
L1SPTRACE_HART,bench=bfs_work_stealing,hart=478,core=29,thread=14,bytes=0
L1SPTRACE_HART,bench=bfs_work_stealing,hart=479,core=29,thread=15,bytes=0
L1SPTRACE_HART,bench=bfs_work_stealing,hart=480,core=30,thread=0,bytes=16384
L1SPTRACE_HART,bench=bfs_work_stealing,hart=481,core=30,thread=1,bytes=16384
L1SPTRACE_HART,bench=bfs_work_stealing,hart=482,core=30,thread=2,bytes=16384
L1SPTRACE_HART,bench=bfs_work_stealing,hart=483,core=30,thread=3,bytes=16384
L1SPTRACE_HART,bench=bfs_work_stealing,hart=484,core=30,thread=4,bytes=16384
L1SPTRACE_HART,bench=bfs_work_stealing,hart=485,core=30,thread=5,bytes=16384
L1SPTRACE_HART,bench=bfs_work_stealing,hart=486,core=30,thread=6,bytes=16384
L1SPTRACE_HART,bench=bfs_work_stealing,hart=487,core=30,thread=7,bytes=16384
L1SPTRACE_HART,bench=bfs_work_stealing,hart=488,core=30,thread=8,bytes=0
L1SPTRACE_HART,bench=bfs_work_stealing,hart=489,core=30,thread=9,bytes=0
L1SPTRACE_HART,bench=bfs_work_stealing,hart=490,core=30,thread=10,bytes=0
L1SPTRACE_HART,bench=bfs_work_stealing,hart=491,core=30,thread=11,bytes=0
L1SPTRACE_HART,bench=bfs_work_stealing,hart=492,core=30,thread=12,bytes=0
L1SPTRACE_HART,bench=bfs_work_stealing,hart=493,core=30,thread=13,bytes=0
L1SPTRACE_HART,bench=bfs_work_stealing,hart=494,core=30,thread=14,bytes=0
L1SPTRACE_HART,bench=bfs_work_stealing,hart=495,core=30,thread=15,bytes=0
L1SPTRACE_HART,bench=bfs_work_stealing,hart=496,core=31,thread=0,bytes=16384
L1SPTRACE_HART,bench=bfs_work_stealing,hart=497,core=31,thread=1,bytes=16384
L1SPTRACE_HART,bench=bfs_work_stealing,hart=498,core=31,thread=2,bytes=16384
L1SPTRACE_HART,bench=bfs_work_stealing,hart=499,core=31,thread=3,bytes=16384
L1SPTRACE_HART,bench=bfs_work_stealing,hart=500,core=31,thread=4,bytes=16384
L1SPTRACE_HART,bench=bfs_work_stealing,hart=501,core=31,thread=5,bytes=16384
L1SPTRACE_HART,bench=bfs_work_stealing,hart=502,core=31,thread=6,bytes=16384
L1SPTRACE_HART,bench=bfs_work_stealing,hart=503,core=31,thread=7,bytes=16384
L1SPTRACE_HART,bench=bfs_work_stealing,hart=504,core=31,thread=8,bytes=0
L1SPTRACE_HART,bench=bfs_work_stealing,hart=505,core=31,thread=9,bytes=0
L1SPTRACE_HART,bench=bfs_work_stealing,hart=506,core=31,thread=10,bytes=0
L1SPTRACE_HART,bench=bfs_work_stealing,hart=507,core=31,thread=11,bytes=0
L1SPTRACE_HART,bench=bfs_work_stealing,hart=508,core=31,thread=12,bytes=0
L1SPTRACE_HART,bench=bfs_work_stealing,hart=509,core=31,thread=13,bytes=0
L1SPTRACE_HART,bench=bfs_work_stealing,hart=510,core=31,thread=14,bytes=0
L1SPTRACE_HART,bench=bfs_work_stealing,hart=511,core=31,thread=15,bytes=0
L1SPTRACE_DUMP_END,bench=bfs_work_stealing
WQSNAP_DUMP_BEGIN,bench=bfs_work_stealing,cores=32,snaps=0,capacity=4096
WQSNAP_DUMP_END,bench=bfs_work_stealing
L1SPSNAP_DUMP_BEGIN,bench=bfs_work_stealing,cores=32,harts_per_core=16,harts=512,snaps=0
L1SPSNAP_DUMP_END,bench=bfs_work_stealing
