WQTRACE_DUMP_BEGIN,bench=bfs_work_stealing,cores=2,samples=17,dropped=0
WQTRACE,bench=bfs_work_stealing,cores=2,sample=0,phase=init,level=0,iter=-1,queue=core,depths=1|0
WQTRACE,bench=bfs_work_stealing,cores=2,sample=1,phase=level_begin,level=0,iter=-1,queue=core,depths=1|0
WQTRACE,bench=bfs_work_stealing,cores=2,sample=2,phase=post_process,level=0,iter=-1,queue=core,depths=0|0
WQTRACE,bench=bfs_work_stealing,cores=2,sample=3,phase=post_redistribute,level=0,iter=-1,queue=core,depths=4884|4883
WQTRACE,bench=bfs_work_stealing,cores=2,sample=4,phase=level_begin,level=1,iter=-1,queue=core,depths=4884|4883
WQTRACE,bench=bfs_work_stealing,cores=2,sample=5,phase=post_process,level=1,iter=-1,queue=core,depths=0|0
WQTRACE,bench=bfs_work_stealing,cores=2,sample=6,phase=post_redistribute,level=1,iter=-1,queue=core,depths=17626|17626
WQTRACE,bench=bfs_work_stealing,cores=2,sample=7,phase=level_begin,level=2,iter=-1,queue=core,depths=17626|17626
WQTRACE,bench=bfs_work_stealing,cores=2,sample=8,phase=post_process,level=2,iter=-1,queue=core,depths=0|0
WQTRACE,bench=bfs_work_stealing,cores=2,sample=9,phase=post_redistribute,level=2,iter=-1,queue=core,depths=764|764
WQTRACE,bench=bfs_work_stealing,cores=2,sample=10,phase=level_begin,level=3,iter=-1,queue=core,depths=764|764
WQTRACE,bench=bfs_work_stealing,cores=2,sample=11,phase=post_process,level=3,iter=-1,queue=core,depths=0|0
WQTRACE,bench=bfs_work_stealing,cores=2,sample=12,phase=post_redistribute,level=3,iter=-1,queue=core,depths=2|1
WQTRACE,bench=bfs_work_stealing,cores=2,sample=13,phase=level_begin,level=4,iter=-1,queue=core,depths=2|1
WQTRACE,bench=bfs_work_stealing,cores=2,sample=14,phase=post_process,level=4,iter=-1,queue=core,depths=0|0
WQTRACE,bench=bfs_work_stealing,cores=2,sample=15,phase=post_redistribute,level=4,iter=-1,queue=core,depths=0|0
WQTRACE,bench=bfs_work_stealing,cores=2,sample=16,phase=final,level=5,iter=-1,queue=core,depths=0|0
WQTRACE_DUMP_END,bench=bfs_work_stealing
L1SPTRACE_DUMP_BEGIN,bench=bfs_work_stealing,cores=2,harts=32,samples=17
L1SPTRACE_CONFIG,bench=bfs_work_stealing,core_bytes=262144,global_bytes=524288
L1SPTRACE_GLOBAL,bench=bfs_work_stealing,sample=0,phase=init,level=0,iter=-1,bytes=262144
L1SPTRACE_CORE_HART,bench=bfs_work_stealing,sample=0,core=0,thread=0,hart=0,bytes=16384
L1SPTRACE_CORE_HART,bench=bfs_work_stealing,sample=0,core=0,thread=1,hart=1,bytes=16384
L1SPTRACE_CORE_HART,bench=bfs_work_stealing,sample=0,core=0,thread=2,hart=2,bytes=16384
L1SPTRACE_CORE_HART,bench=bfs_work_stealing,sample=0,core=0,thread=3,hart=3,bytes=16384
L1SPTRACE_CORE_HART,bench=bfs_work_stealing,sample=0,core=0,thread=4,hart=4,bytes=16384
L1SPTRACE_CORE_HART,bench=bfs_work_stealing,sample=0,core=0,thread=5,hart=5,bytes=16384
L1SPTRACE_CORE_HART,bench=bfs_work_stealing,sample=0,core=0,thread=6,hart=6,bytes=16384
L1SPTRACE_CORE_HART,bench=bfs_work_stealing,sample=0,core=0,thread=7,hart=7,bytes=16384
L1SPTRACE_CORE_HART,bench=bfs_work_stealing,sample=0,core=0,thread=8,hart=8,bytes=0
L1SPTRACE_CORE_HART,bench=bfs_work_stealing,sample=0,core=0,thread=9,hart=9,bytes=0
L1SPTRACE_CORE_HART,bench=bfs_work_stealing,sample=0,core=0,thread=10,hart=10,bytes=0
L1SPTRACE_CORE_HART,bench=bfs_work_stealing,sample=0,core=0,thread=11,hart=11,bytes=0
L1SPTRACE_CORE_HART,bench=bfs_work_stealing,sample=0,core=0,thread=12,hart=12,bytes=0
L1SPTRACE_CORE_HART,bench=bfs_work_stealing,sample=0,core=0,thread=13,hart=13,bytes=0
L1SPTRACE_CORE_HART,bench=bfs_work_stealing,sample=0,core=0,thread=14,hart=14,bytes=0
L1SPTRACE_CORE_HART,bench=bfs_work_stealing,sample=0,core=0,thread=15,hart=15,bytes=0
L1SPTRACE_GLOBAL,bench=bfs_work_stealing,sample=1,phase=level_begin,level=0,iter=-1,bytes=262144
L1SPTRACE_CORE_HART,bench=bfs_work_stealing,sample=1,core=0,thread=0,hart=0,bytes=16384
L1SPTRACE_CORE_HART,bench=bfs_work_stealing,sample=1,core=0,thread=1,hart=1,bytes=16384
L1SPTRACE_CORE_HART,bench=bfs_work_stealing,sample=1,core=0,thread=2,hart=2,bytes=16384
L1SPTRACE_CORE_HART,bench=bfs_work_stealing,sample=1,core=0,thread=3,hart=3,bytes=16384
L1SPTRACE_CORE_HART,bench=bfs_work_stealing,sample=1,core=0,thread=4,hart=4,bytes=16384
L1SPTRACE_CORE_HART,bench=bfs_work_stealing,sample=1,core=0,thread=5,hart=5,bytes=16384
L1SPTRACE_CORE_HART,bench=bfs_work_stealing,sample=1,core=0,thread=6,hart=6,bytes=16384
L1SPTRACE_CORE_HART,bench=bfs_work_stealing,sample=1,core=0,thread=7,hart=7,bytes=16384
L1SPTRACE_CORE_HART,bench=bfs_work_stealing,sample=1,core=0,thread=8,hart=8,bytes=0
L1SPTRACE_CORE_HART,bench=bfs_work_stealing,sample=1,core=0,thread=9,hart=9,bytes=0
L1SPTRACE_CORE_HART,bench=bfs_work_stealing,sample=1,core=0,thread=10,hart=10,bytes=0
L1SPTRACE_CORE_HART,bench=bfs_work_stealing,sample=1,core=0,thread=11,hart=11,bytes=0
L1SPTRACE_CORE_HART,bench=bfs_work_stealing,sample=1,core=0,thread=12,hart=12,bytes=0
L1SPTRACE_CORE_HART,bench=bfs_work_stealing,sample=1,core=0,thread=13,hart=13,bytes=0
L1SPTRACE_CORE_HART,bench=bfs_work_stealing,sample=1,core=0,thread=14,hart=14,bytes=0
L1SPTRACE_CORE_HART,bench=bfs_work_stealing,sample=1,core=0,thread=15,hart=15,bytes=0
L1SPTRACE_GLOBAL,bench=bfs_work_stealing,sample=2,phase=post_process,level=0,iter=-1,bytes=262144
L1SPTRACE_CORE_HART,bench=bfs_work_stealing,sample=2,core=0,thread=0,hart=0,bytes=16384
L1SPTRACE_CORE_HART,bench=bfs_work_stealing,sample=2,core=0,thread=1,hart=1,bytes=16384
L1SPTRACE_CORE_HART,bench=bfs_work_stealing,sample=2,core=0,thread=2,hart=2,bytes=16384
L1SPTRACE_CORE_HART,bench=bfs_work_stealing,sample=2,core=0,thread=3,hart=3,bytes=16384
L1SPTRACE_CORE_HART,bench=bfs_work_stealing,sample=2,core=0,thread=4,hart=4,bytes=16384
L1SPTRACE_CORE_HART,bench=bfs_work_stealing,sample=2,core=0,thread=5,hart=5,bytes=16384
L1SPTRACE_CORE_HART,bench=bfs_work_stealing,sample=2,core=0,thread=6,hart=6,bytes=16384
L1SPTRACE_CORE_HART,bench=bfs_work_stealing,sample=2,core=0,thread=7,hart=7,bytes=16384
L1SPTRACE_CORE_HART,bench=bfs_work_stealing,sample=2,core=0,thread=8,hart=8,bytes=0
L1SPTRACE_CORE_HART,bench=bfs_work_stealing,sample=2,core=0,thread=9,hart=9,bytes=0
L1SPTRACE_CORE_HART,bench=bfs_work_stealing,sample=2,core=0,thread=10,hart=10,bytes=0
L1SPTRACE_CORE_HART,bench=bfs_work_stealing,sample=2,core=0,thread=11,hart=11,bytes=0
L1SPTRACE_CORE_HART,bench=bfs_work_stealing,sample=2,core=0,thread=12,hart=12,bytes=0
L1SPTRACE_CORE_HART,bench=bfs_work_stealing,sample=2,core=0,thread=13,hart=13,bytes=0
L1SPTRACE_CORE_HART,bench=bfs_work_stealing,sample=2,core=0,thread=14,hart=14,bytes=0
L1SPTRACE_CORE_HART,bench=bfs_work_stealing,sample=2,core=0,thread=15,hart=15,bytes=0
L1SPTRACE_GLOBAL,bench=bfs_work_stealing,sample=3,phase=post_redistribute,level=0,iter=-1,bytes=262144
L1SPTRACE_CORE_HART,bench=bfs_work_stealing,sample=3,core=0,thread=0,hart=0,bytes=16384
L1SPTRACE_CORE_HART,bench=bfs_work_stealing,sample=3,core=0,thread=1,hart=1,bytes=16384
L1SPTRACE_CORE_HART,bench=bfs_work_stealing,sample=3,core=0,thread=2,hart=2,bytes=16384
L1SPTRACE_CORE_HART,bench=bfs_work_stealing,sample=3,core=0,thread=3,hart=3,bytes=16384
L1SPTRACE_CORE_HART,bench=bfs_work_stealing,sample=3,core=0,thread=4,hart=4,bytes=16384
L1SPTRACE_CORE_HART,bench=bfs_work_stealing,sample=3,core=0,thread=5,hart=5,bytes=16384
L1SPTRACE_CORE_HART,bench=bfs_work_stealing,sample=3,core=0,thread=6,hart=6,bytes=16384
L1SPTRACE_CORE_HART,bench=bfs_work_stealing,sample=3,core=0,thread=7,hart=7,bytes=16384
L1SPTRACE_CORE_HART,bench=bfs_work_stealing,sample=3,core=0,thread=8,hart=8,bytes=0
L1SPTRACE_CORE_HART,bench=bfs_work_stealing,sample=3,core=0,thread=9,hart=9,bytes=0
L1SPTRACE_CORE_HART,bench=bfs_work_stealing,sample=3,core=0,thread=10,hart=10,bytes=0
L1SPTRACE_CORE_HART,bench=bfs_work_stealing,sample=3,core=0,thread=11,hart=11,bytes=0
L1SPTRACE_CORE_HART,bench=bfs_work_stealing,sample=3,core=0,thread=12,hart=12,bytes=0
L1SPTRACE_CORE_HART,bench=bfs_work_stealing,sample=3,core=0,thread=13,hart=13,bytes=0
L1SPTRACE_CORE_HART,bench=bfs_work_stealing,sample=3,core=0,thread=14,hart=14,bytes=0
L1SPTRACE_CORE_HART,bench=bfs_work_stealing,sample=3,core=0,thread=15,hart=15,bytes=0
L1SPTRACE_GLOBAL,bench=bfs_work_stealing,sample=4,phase=level_begin,level=1,iter=-1,bytes=262144
L1SPTRACE_CORE_HART,bench=bfs_work_stealing,sample=4,core=0,thread=0,hart=0,bytes=16384
L1SPTRACE_CORE_HART,bench=bfs_work_stealing,sample=4,core=0,thread=1,hart=1,bytes=16384
L1SPTRACE_CORE_HART,bench=bfs_work_stealing,sample=4,core=0,thread=2,hart=2,bytes=16384
L1SPTRACE_CORE_HART,bench=bfs_work_stealing,sample=4,core=0,thread=3,hart=3,bytes=16384
L1SPTRACE_CORE_HART,bench=bfs_work_stealing,sample=4,core=0,thread=4,hart=4,bytes=16384
L1SPTRACE_CORE_HART,bench=bfs_work_stealing,sample=4,core=0,thread=5,hart=5,bytes=16384
L1SPTRACE_CORE_HART,bench=bfs_work_stealing,sample=4,core=0,thread=6,hart=6,bytes=16384
L1SPTRACE_CORE_HART,bench=bfs_work_stealing,sample=4,core=0,thread=7,hart=7,bytes=16384
L1SPTRACE_CORE_HART,bench=bfs_work_stealing,sample=4,core=0,thread=8,hart=8,bytes=0
L1SPTRACE_CORE_HART,bench=bfs_work_stealing,sample=4,core=0,thread=9,hart=9,bytes=0
L1SPTRACE_CORE_HART,bench=bfs_work_stealing,sample=4,core=0,thread=10,hart=10,bytes=0
L1SPTRACE_CORE_HART,bench=bfs_work_stealing,sample=4,core=0,thread=11,hart=11,bytes=0
L1SPTRACE_CORE_HART,bench=bfs_work_stealing,sample=4,core=0,thread=12,hart=12,bytes=0
L1SPTRACE_CORE_HART,bench=bfs_work_stealing,sample=4,core=0,thread=13,hart=13,bytes=0
L1SPTRACE_CORE_HART,bench=bfs_work_stealing,sample=4,core=0,thread=14,hart=14,bytes=0
L1SPTRACE_CORE_HART,bench=bfs_work_stealing,sample=4,core=0,thread=15,hart=15,bytes=0
L1SPTRACE_GLOBAL,bench=bfs_work_stealing,sample=5,phase=post_process,level=1,iter=-1,bytes=262144
L1SPTRACE_CORE_HART,bench=bfs_work_stealing,sample=5,core=0,thread=0,hart=0,bytes=16384
L1SPTRACE_CORE_HART,bench=bfs_work_stealing,sample=5,core=0,thread=1,hart=1,bytes=16384
L1SPTRACE_CORE_HART,bench=bfs_work_stealing,sample=5,core=0,thread=2,hart=2,bytes=16384
L1SPTRACE_CORE_HART,bench=bfs_work_stealing,sample=5,core=0,thread=3,hart=3,bytes=16384
L1SPTRACE_CORE_HART,bench=bfs_work_stealing,sample=5,core=0,thread=4,hart=4,bytes=16384
L1SPTRACE_CORE_HART,bench=bfs_work_stealing,sample=5,core=0,thread=5,hart=5,bytes=16384
L1SPTRACE_CORE_HART,bench=bfs_work_stealing,sample=5,core=0,thread=6,hart=6,bytes=16384
L1SPTRACE_CORE_HART,bench=bfs_work_stealing,sample=5,core=0,thread=7,hart=7,bytes=16384
L1SPTRACE_CORE_HART,bench=bfs_work_stealing,sample=5,core=0,thread=8,hart=8,bytes=0
L1SPTRACE_CORE_HART,bench=bfs_work_stealing,sample=5,core=0,thread=9,hart=9,bytes=0
L1SPTRACE_CORE_HART,bench=bfs_work_stealing,sample=5,core=0,thread=10,hart=10,bytes=0
L1SPTRACE_CORE_HART,bench=bfs_work_stealing,sample=5,core=0,thread=11,hart=11,bytes=0
L1SPTRACE_CORE_HART,bench=bfs_work_stealing,sample=5,core=0,thread=12,hart=12,bytes=0
L1SPTRACE_CORE_HART,bench=bfs_work_stealing,sample=5,core=0,thread=13,hart=13,bytes=0
L1SPTRACE_CORE_HART,bench=bfs_work_stealing,sample=5,core=0,thread=14,hart=14,bytes=0
L1SPTRACE_CORE_HART,bench=bfs_work_stealing,sample=5,core=0,thread=15,hart=15,bytes=0
L1SPTRACE_GLOBAL,bench=bfs_work_stealing,sample=6,phase=post_redistribute,level=1,iter=-1,bytes=262144
L1SPTRACE_CORE_HART,bench=bfs_work_stealing,sample=6,core=0,thread=0,hart=0,bytes=16384
L1SPTRACE_CORE_HART,bench=bfs_work_stealing,sample=6,core=0,thread=1,hart=1,bytes=16384
L1SPTRACE_CORE_HART,bench=bfs_work_stealing,sample=6,core=0,thread=2,hart=2,bytes=16384
L1SPTRACE_CORE_HART,bench=bfs_work_stealing,sample=6,core=0,thread=3,hart=3,bytes=16384
L1SPTRACE_CORE_HART,bench=bfs_work_stealing,sample=6,core=0,thread=4,hart=4,bytes=16384
L1SPTRACE_CORE_HART,bench=bfs_work_stealing,sample=6,core=0,thread=5,hart=5,bytes=16384
L1SPTRACE_CORE_HART,bench=bfs_work_stealing,sample=6,core=0,thread=6,hart=6,bytes=16384
L1SPTRACE_CORE_HART,bench=bfs_work_stealing,sample=6,core=0,thread=7,hart=7,bytes=16384
L1SPTRACE_CORE_HART,bench=bfs_work_stealing,sample=6,core=0,thread=8,hart=8,bytes=0
L1SPTRACE_CORE_HART,bench=bfs_work_stealing,sample=6,core=0,thread=9,hart=9,bytes=0
L1SPTRACE_CORE_HART,bench=bfs_work_stealing,sample=6,core=0,thread=10,hart=10,bytes=0
L1SPTRACE_CORE_HART,bench=bfs_work_stealing,sample=6,core=0,thread=11,hart=11,bytes=0
L1SPTRACE_CORE_HART,bench=bfs_work_stealing,sample=6,core=0,thread=12,hart=12,bytes=0
L1SPTRACE_CORE_HART,bench=bfs_work_stealing,sample=6,core=0,thread=13,hart=13,bytes=0
L1SPTRACE_CORE_HART,bench=bfs_work_stealing,sample=6,core=0,thread=14,hart=14,bytes=0
L1SPTRACE_CORE_HART,bench=bfs_work_stealing,sample=6,core=0,thread=15,hart=15,bytes=0
L1SPTRACE_GLOBAL,bench=bfs_work_stealing,sample=7,phase=level_begin,level=2,iter=-1,bytes=262144
L1SPTRACE_CORE_HART,bench=bfs_work_stealing,sample=7,core=0,thread=0,hart=0,bytes=16384
L1SPTRACE_CORE_HART,bench=bfs_work_stealing,sample=7,core=0,thread=1,hart=1,bytes=16384
L1SPTRACE_CORE_HART,bench=bfs_work_stealing,sample=7,core=0,thread=2,hart=2,bytes=16384
L1SPTRACE_CORE_HART,bench=bfs_work_stealing,sample=7,core=0,thread=3,hart=3,bytes=16384
L1SPTRACE_CORE_HART,bench=bfs_work_stealing,sample=7,core=0,thread=4,hart=4,bytes=16384
L1SPTRACE_CORE_HART,bench=bfs_work_stealing,sample=7,core=0,thread=5,hart=5,bytes=16384
L1SPTRACE_CORE_HART,bench=bfs_work_stealing,sample=7,core=0,thread=6,hart=6,bytes=16384
L1SPTRACE_CORE_HART,bench=bfs_work_stealing,sample=7,core=0,thread=7,hart=7,bytes=16384
L1SPTRACE_CORE_HART,bench=bfs_work_stealing,sample=7,core=0,thread=8,hart=8,bytes=0
L1SPTRACE_CORE_HART,bench=bfs_work_stealing,sample=7,core=0,thread=9,hart=9,bytes=0
L1SPTRACE_CORE_HART,bench=bfs_work_stealing,sample=7,core=0,thread=10,hart=10,bytes=0
L1SPTRACE_CORE_HART,bench=bfs_work_stealing,sample=7,core=0,thread=11,hart=11,bytes=0
L1SPTRACE_CORE_HART,bench=bfs_work_stealing,sample=7,core=0,thread=12,hart=12,bytes=0
L1SPTRACE_CORE_HART,bench=bfs_work_stealing,sample=7,core=0,thread=13,hart=13,bytes=0
L1SPTRACE_CORE_HART,bench=bfs_work_stealing,sample=7,core=0,thread=14,hart=14,bytes=0
L1SPTRACE_CORE_HART,bench=bfs_work_stealing,sample=7,core=0,thread=15,hart=15,bytes=0
L1SPTRACE_GLOBAL,bench=bfs_work_stealing,sample=8,phase=post_process,level=2,iter=-1,bytes=262144
L1SPTRACE_CORE_HART,bench=bfs_work_stealing,sample=8,core=0,thread=0,hart=0,bytes=16384
L1SPTRACE_CORE_HART,bench=bfs_work_stealing,sample=8,core=0,thread=1,hart=1,bytes=16384
L1SPTRACE_CORE_HART,bench=bfs_work_stealing,sample=8,core=0,thread=2,hart=2,bytes=16384
L1SPTRACE_CORE_HART,bench=bfs_work_stealing,sample=8,core=0,thread=3,hart=3,bytes=16384
L1SPTRACE_CORE_HART,bench=bfs_work_stealing,sample=8,core=0,thread=4,hart=4,bytes=16384
L1SPTRACE_CORE_HART,bench=bfs_work_stealing,sample=8,core=0,thread=5,hart=5,bytes=16384
L1SPTRACE_CORE_HART,bench=bfs_work_stealing,sample=8,core=0,thread=6,hart=6,bytes=16384
L1SPTRACE_CORE_HART,bench=bfs_work_stealing,sample=8,core=0,thread=7,hart=7,bytes=16384
L1SPTRACE_CORE_HART,bench=bfs_work_stealing,sample=8,core=0,thread=8,hart=8,bytes=0
L1SPTRACE_CORE_HART,bench=bfs_work_stealing,sample=8,core=0,thread=9,hart=9,bytes=0
L1SPTRACE_CORE_HART,bench=bfs_work_stealing,sample=8,core=0,thread=10,hart=10,bytes=0
L1SPTRACE_CORE_HART,bench=bfs_work_stealing,sample=8,core=0,thread=11,hart=11,bytes=0
L1SPTRACE_CORE_HART,bench=bfs_work_stealing,sample=8,core=0,thread=12,hart=12,bytes=0
L1SPTRACE_CORE_HART,bench=bfs_work_stealing,sample=8,core=0,thread=13,hart=13,bytes=0
L1SPTRACE_CORE_HART,bench=bfs_work_stealing,sample=8,core=0,thread=14,hart=14,bytes=0
L1SPTRACE_CORE_HART,bench=bfs_work_stealing,sample=8,core=0,thread=15,hart=15,bytes=0
L1SPTRACE_GLOBAL,bench=bfs_work_stealing,sample=9,phase=post_redistribute,level=2,iter=-1,bytes=262144
L1SPTRACE_CORE_HART,bench=bfs_work_stealing,sample=9,core=0,thread=0,hart=0,bytes=16384
L1SPTRACE_CORE_HART,bench=bfs_work_stealing,sample=9,core=0,thread=1,hart=1,bytes=16384
L1SPTRACE_CORE_HART,bench=bfs_work_stealing,sample=9,core=0,thread=2,hart=2,bytes=16384
L1SPTRACE_CORE_HART,bench=bfs_work_stealing,sample=9,core=0,thread=3,hart=3,bytes=16384
L1SPTRACE_CORE_HART,bench=bfs_work_stealing,sample=9,core=0,thread=4,hart=4,bytes=16384
L1SPTRACE_CORE_HART,bench=bfs_work_stealing,sample=9,core=0,thread=5,hart=5,bytes=16384
L1SPTRACE_CORE_HART,bench=bfs_work_stealing,sample=9,core=0,thread=6,hart=6,bytes=16384
L1SPTRACE_CORE_HART,bench=bfs_work_stealing,sample=9,core=0,thread=7,hart=7,bytes=16384
L1SPTRACE_CORE_HART,bench=bfs_work_stealing,sample=9,core=0,thread=8,hart=8,bytes=0
L1SPTRACE_CORE_HART,bench=bfs_work_stealing,sample=9,core=0,thread=9,hart=9,bytes=0
L1SPTRACE_CORE_HART,bench=bfs_work_stealing,sample=9,core=0,thread=10,hart=10,bytes=0
L1SPTRACE_CORE_HART,bench=bfs_work_stealing,sample=9,core=0,thread=11,hart=11,bytes=0
L1SPTRACE_CORE_HART,bench=bfs_work_stealing,sample=9,core=0,thread=12,hart=12,bytes=0
L1SPTRACE_CORE_HART,bench=bfs_work_stealing,sample=9,core=0,thread=13,hart=13,bytes=0
L1SPTRACE_CORE_HART,bench=bfs_work_stealing,sample=9,core=0,thread=14,hart=14,bytes=0
L1SPTRACE_CORE_HART,bench=bfs_work_stealing,sample=9,core=0,thread=15,hart=15,bytes=0
L1SPTRACE_GLOBAL,bench=bfs_work_stealing,sample=10,phase=level_begin,level=3,iter=-1,bytes=262144
L1SPTRACE_CORE_HART,bench=bfs_work_stealing,sample=10,core=0,thread=0,hart=0,bytes=16384
L1SPTRACE_CORE_HART,bench=bfs_work_stealing,sample=10,core=0,thread=1,hart=1,bytes=16384
L1SPTRACE_CORE_HART,bench=bfs_work_stealing,sample=10,core=0,thread=2,hart=2,bytes=16384
L1SPTRACE_CORE_HART,bench=bfs_work_stealing,sample=10,core=0,thread=3,hart=3,bytes=16384
L1SPTRACE_CORE_HART,bench=bfs_work_stealing,sample=10,core=0,thread=4,hart=4,bytes=16384
L1SPTRACE_CORE_HART,bench=bfs_work_stealing,sample=10,core=0,thread=5,hart=5,bytes=16384
L1SPTRACE_CORE_HART,bench=bfs_work_stealing,sample=10,core=0,thread=6,hart=6,bytes=16384
L1SPTRACE_CORE_HART,bench=bfs_work_stealing,sample=10,core=0,thread=7,hart=7,bytes=16384
L1SPTRACE_CORE_HART,bench=bfs_work_stealing,sample=10,core=0,thread=8,hart=8,bytes=0
L1SPTRACE_CORE_HART,bench=bfs_work_stealing,sample=10,core=0,thread=9,hart=9,bytes=0
L1SPTRACE_CORE_HART,bench=bfs_work_stealing,sample=10,core=0,thread=10,hart=10,bytes=0
L1SPTRACE_CORE_HART,bench=bfs_work_stealing,sample=10,core=0,thread=11,hart=11,bytes=0
L1SPTRACE_CORE_HART,bench=bfs_work_stealing,sample=10,core=0,thread=12,hart=12,bytes=0
L1SPTRACE_CORE_HART,bench=bfs_work_stealing,sample=10,core=0,thread=13,hart=13,bytes=0
L1SPTRACE_CORE_HART,bench=bfs_work_stealing,sample=10,core=0,thread=14,hart=14,bytes=0
L1SPTRACE_CORE_HART,bench=bfs_work_stealing,sample=10,core=0,thread=15,hart=15,bytes=0
L1SPTRACE_GLOBAL,bench=bfs_work_stealing,sample=11,phase=post_process,level=3,iter=-1,bytes=262144
L1SPTRACE_CORE_HART,bench=bfs_work_stealing,sample=11,core=0,thread=0,hart=0,bytes=16384
L1SPTRACE_CORE_HART,bench=bfs_work_stealing,sample=11,core=0,thread=1,hart=1,bytes=16384
L1SPTRACE_CORE_HART,bench=bfs_work_stealing,sample=11,core=0,thread=2,hart=2,bytes=16384
L1SPTRACE_CORE_HART,bench=bfs_work_stealing,sample=11,core=0,thread=3,hart=3,bytes=16384
L1SPTRACE_CORE_HART,bench=bfs_work_stealing,sample=11,core=0,thread=4,hart=4,bytes=16384
L1SPTRACE_CORE_HART,bench=bfs_work_stealing,sample=11,core=0,thread=5,hart=5,bytes=16384
L1SPTRACE_CORE_HART,bench=bfs_work_stealing,sample=11,core=0,thread=6,hart=6,bytes=16384
L1SPTRACE_CORE_HART,bench=bfs_work_stealing,sample=11,core=0,thread=7,hart=7,bytes=16384
L1SPTRACE_CORE_HART,bench=bfs_work_stealing,sample=11,core=0,thread=8,hart=8,bytes=0
L1SPTRACE_CORE_HART,bench=bfs_work_stealing,sample=11,core=0,thread=9,hart=9,bytes=0
L1SPTRACE_CORE_HART,bench=bfs_work_stealing,sample=11,core=0,thread=10,hart=10,bytes=0
L1SPTRACE_CORE_HART,bench=bfs_work_stealing,sample=11,core=0,thread=11,hart=11,bytes=0
L1SPTRACE_CORE_HART,bench=bfs_work_stealing,sample=11,core=0,thread=12,hart=12,bytes=0
L1SPTRACE_CORE_HART,bench=bfs_work_stealing,sample=11,core=0,thread=13,hart=13,bytes=0
L1SPTRACE_CORE_HART,bench=bfs_work_stealing,sample=11,core=0,thread=14,hart=14,bytes=0
L1SPTRACE_CORE_HART,bench=bfs_work_stealing,sample=11,core=0,thread=15,hart=15,bytes=0
L1SPTRACE_GLOBAL,bench=bfs_work_stealing,sample=12,phase=post_redistribute,level=3,iter=-1,bytes=262144
L1SPTRACE_CORE_HART,bench=bfs_work_stealing,sample=12,core=0,thread=0,hart=0,bytes=16384
L1SPTRACE_CORE_HART,bench=bfs_work_stealing,sample=12,core=0,thread=1,hart=1,bytes=16384
L1SPTRACE_CORE_HART,bench=bfs_work_stealing,sample=12,core=0,thread=2,hart=2,bytes=16384
L1SPTRACE_CORE_HART,bench=bfs_work_stealing,sample=12,core=0,thread=3,hart=3,bytes=16384
L1SPTRACE_CORE_HART,bench=bfs_work_stealing,sample=12,core=0,thread=4,hart=4,bytes=16384
L1SPTRACE_CORE_HART,bench=bfs_work_stealing,sample=12,core=0,thread=5,hart=5,bytes=16384
L1SPTRACE_CORE_HART,bench=bfs_work_stealing,sample=12,core=0,thread=6,hart=6,bytes=16384
L1SPTRACE_CORE_HART,bench=bfs_work_stealing,sample=12,core=0,thread=7,hart=7,bytes=16384
L1SPTRACE_CORE_HART,bench=bfs_work_stealing,sample=12,core=0,thread=8,hart=8,bytes=0
L1SPTRACE_CORE_HART,bench=bfs_work_stealing,sample=12,core=0,thread=9,hart=9,bytes=0
L1SPTRACE_CORE_HART,bench=bfs_work_stealing,sample=12,core=0,thread=10,hart=10,bytes=0
L1SPTRACE_CORE_HART,bench=bfs_work_stealing,sample=12,core=0,thread=11,hart=11,bytes=0
L1SPTRACE_CORE_HART,bench=bfs_work_stealing,sample=12,core=0,thread=12,hart=12,bytes=0
L1SPTRACE_CORE_HART,bench=bfs_work_stealing,sample=12,core=0,thread=13,hart=13,bytes=0
L1SPTRACE_CORE_HART,bench=bfs_work_stealing,sample=12,core=0,thread=14,hart=14,bytes=0
L1SPTRACE_CORE_HART,bench=bfs_work_stealing,sample=12,core=0,thread=15,hart=15,bytes=0
L1SPTRACE_GLOBAL,bench=bfs_work_stealing,sample=13,phase=level_begin,level=4,iter=-1,bytes=262144
L1SPTRACE_CORE_HART,bench=bfs_work_stealing,sample=13,core=0,thread=0,hart=0,bytes=16384
L1SPTRACE_CORE_HART,bench=bfs_work_stealing,sample=13,core=0,thread=1,hart=1,bytes=16384
L1SPTRACE_CORE_HART,bench=bfs_work_stealing,sample=13,core=0,thread=2,hart=2,bytes=16384
L1SPTRACE_CORE_HART,bench=bfs_work_stealing,sample=13,core=0,thread=3,hart=3,bytes=16384
L1SPTRACE_CORE_HART,bench=bfs_work_stealing,sample=13,core=0,thread=4,hart=4,bytes=16384
L1SPTRACE_CORE_HART,bench=bfs_work_stealing,sample=13,core=0,thread=5,hart=5,bytes=16384
L1SPTRACE_CORE_HART,bench=bfs_work_stealing,sample=13,core=0,thread=6,hart=6,bytes=16384
L1SPTRACE_CORE_HART,bench=bfs_work_stealing,sample=13,core=0,thread=7,hart=7,bytes=16384
L1SPTRACE_CORE_HART,bench=bfs_work_stealing,sample=13,core=0,thread=8,hart=8,bytes=0
L1SPTRACE_CORE_HART,bench=bfs_work_stealing,sample=13,core=0,thread=9,hart=9,bytes=0
L1SPTRACE_CORE_HART,bench=bfs_work_stealing,sample=13,core=0,thread=10,hart=10,bytes=0
L1SPTRACE_CORE_HART,bench=bfs_work_stealing,sample=13,core=0,thread=11,hart=11,bytes=0
L1SPTRACE_CORE_HART,bench=bfs_work_stealing,sample=13,core=0,thread=12,hart=12,bytes=0
L1SPTRACE_CORE_HART,bench=bfs_work_stealing,sample=13,core=0,thread=13,hart=13,bytes=0
L1SPTRACE_CORE_HART,bench=bfs_work_stealing,sample=13,core=0,thread=14,hart=14,bytes=0
L1SPTRACE_CORE_HART,bench=bfs_work_stealing,sample=13,core=0,thread=15,hart=15,bytes=0
L1SPTRACE_GLOBAL,bench=bfs_work_stealing,sample=14,phase=post_process,level=4,iter=-1,bytes=262144
L1SPTRACE_CORE_HART,bench=bfs_work_stealing,sample=14,core=0,thread=0,hart=0,bytes=16384
L1SPTRACE_CORE_HART,bench=bfs_work_stealing,sample=14,core=0,thread=1,hart=1,bytes=16384
L1SPTRACE_CORE_HART,bench=bfs_work_stealing,sample=14,core=0,thread=2,hart=2,bytes=16384
L1SPTRACE_CORE_HART,bench=bfs_work_stealing,sample=14,core=0,thread=3,hart=3,bytes=16384
L1SPTRACE_CORE_HART,bench=bfs_work_stealing,sample=14,core=0,thread=4,hart=4,bytes=16384
L1SPTRACE_CORE_HART,bench=bfs_work_stealing,sample=14,core=0,thread=5,hart=5,bytes=16384
L1SPTRACE_CORE_HART,bench=bfs_work_stealing,sample=14,core=0,thread=6,hart=6,bytes=16384
L1SPTRACE_CORE_HART,bench=bfs_work_stealing,sample=14,core=0,thread=7,hart=7,bytes=16384
L1SPTRACE_CORE_HART,bench=bfs_work_stealing,sample=14,core=0,thread=8,hart=8,bytes=0
L1SPTRACE_CORE_HART,bench=bfs_work_stealing,sample=14,core=0,thread=9,hart=9,bytes=0
L1SPTRACE_CORE_HART,bench=bfs_work_stealing,sample=14,core=0,thread=10,hart=10,bytes=0
L1SPTRACE_CORE_HART,bench=bfs_work_stealing,sample=14,core=0,thread=11,hart=11,bytes=0
L1SPTRACE_CORE_HART,bench=bfs_work_stealing,sample=14,core=0,thread=12,hart=12,bytes=0
L1SPTRACE_CORE_HART,bench=bfs_work_stealing,sample=14,core=0,thread=13,hart=13,bytes=0
L1SPTRACE_CORE_HART,bench=bfs_work_stealing,sample=14,core=0,thread=14,hart=14,bytes=0
L1SPTRACE_CORE_HART,bench=bfs_work_stealing,sample=14,core=0,thread=15,hart=15,bytes=0
L1SPTRACE_GLOBAL,bench=bfs_work_stealing,sample=15,phase=post_redistribute,level=4,iter=-1,bytes=262144
L1SPTRACE_CORE_HART,bench=bfs_work_stealing,sample=15,core=0,thread=0,hart=0,bytes=16384
L1SPTRACE_CORE_HART,bench=bfs_work_stealing,sample=15,core=0,thread=1,hart=1,bytes=16384
L1SPTRACE_CORE_HART,bench=bfs_work_stealing,sample=15,core=0,thread=2,hart=2,bytes=16384
L1SPTRACE_CORE_HART,bench=bfs_work_stealing,sample=15,core=0,thread=3,hart=3,bytes=16384
L1SPTRACE_CORE_HART,bench=bfs_work_stealing,sample=15,core=0,thread=4,hart=4,bytes=16384
L1SPTRACE_CORE_HART,bench=bfs_work_stealing,sample=15,core=0,thread=5,hart=5,bytes=16384
L1SPTRACE_CORE_HART,bench=bfs_work_stealing,sample=15,core=0,thread=6,hart=6,bytes=16384
L1SPTRACE_CORE_HART,bench=bfs_work_stealing,sample=15,core=0,thread=7,hart=7,bytes=16384
L1SPTRACE_CORE_HART,bench=bfs_work_stealing,sample=15,core=0,thread=8,hart=8,bytes=0
L1SPTRACE_CORE_HART,bench=bfs_work_stealing,sample=15,core=0,thread=9,hart=9,bytes=0
L1SPTRACE_CORE_HART,bench=bfs_work_stealing,sample=15,core=0,thread=10,hart=10,bytes=0
L1SPTRACE_CORE_HART,bench=bfs_work_stealing,sample=15,core=0,thread=11,hart=11,bytes=0
L1SPTRACE_CORE_HART,bench=bfs_work_stealing,sample=15,core=0,thread=12,hart=12,bytes=0
L1SPTRACE_CORE_HART,bench=bfs_work_stealing,sample=15,core=0,thread=13,hart=13,bytes=0
L1SPTRACE_CORE_HART,bench=bfs_work_stealing,sample=15,core=0,thread=14,hart=14,bytes=0
L1SPTRACE_CORE_HART,bench=bfs_work_stealing,sample=15,core=0,thread=15,hart=15,bytes=0
L1SPTRACE_GLOBAL,bench=bfs_work_stealing,sample=16,phase=final,level=5,iter=-1,bytes=262144
L1SPTRACE_CORE_HART,bench=bfs_work_stealing,sample=16,core=0,thread=0,hart=0,bytes=16384
L1SPTRACE_CORE_HART,bench=bfs_work_stealing,sample=16,core=0,thread=1,hart=1,bytes=16384
L1SPTRACE_CORE_HART,bench=bfs_work_stealing,sample=16,core=0,thread=2,hart=2,bytes=16384
L1SPTRACE_CORE_HART,bench=bfs_work_stealing,sample=16,core=0,thread=3,hart=3,bytes=16384
L1SPTRACE_CORE_HART,bench=bfs_work_stealing,sample=16,core=0,thread=4,hart=4,bytes=16384
L1SPTRACE_CORE_HART,bench=bfs_work_stealing,sample=16,core=0,thread=5,hart=5,bytes=16384
L1SPTRACE_CORE_HART,bench=bfs_work_stealing,sample=16,core=0,thread=6,hart=6,bytes=16384
L1SPTRACE_CORE_HART,bench=bfs_work_stealing,sample=16,core=0,thread=7,hart=7,bytes=16384
L1SPTRACE_CORE_HART,bench=bfs_work_stealing,sample=16,core=0,thread=8,hart=8,bytes=0
L1SPTRACE_CORE_HART,bench=bfs_work_stealing,sample=16,core=0,thread=9,hart=9,bytes=0
L1SPTRACE_CORE_HART,bench=bfs_work_stealing,sample=16,core=0,thread=10,hart=10,bytes=0
L1SPTRACE_CORE_HART,bench=bfs_work_stealing,sample=16,core=0,thread=11,hart=11,bytes=0
L1SPTRACE_CORE_HART,bench=bfs_work_stealing,sample=16,core=0,thread=12,hart=12,bytes=0
L1SPTRACE_CORE_HART,bench=bfs_work_stealing,sample=16,core=0,thread=13,hart=13,bytes=0
L1SPTRACE_CORE_HART,bench=bfs_work_stealing,sample=16,core=0,thread=14,hart=14,bytes=0
L1SPTRACE_CORE_HART,bench=bfs_work_stealing,sample=16,core=0,thread=15,hart=15,bytes=0
L1SPTRACE_HART,bench=bfs_work_stealing,hart=0,core=0,thread=0,bytes=16384
L1SPTRACE_HART,bench=bfs_work_stealing,hart=1,core=0,thread=1,bytes=16384
L1SPTRACE_HART,bench=bfs_work_stealing,hart=2,core=0,thread=2,bytes=16384
L1SPTRACE_HART,bench=bfs_work_stealing,hart=3,core=0,thread=3,bytes=16384
L1SPTRACE_HART,bench=bfs_work_stealing,hart=4,core=0,thread=4,bytes=16384
L1SPTRACE_HART,bench=bfs_work_stealing,hart=5,core=0,thread=5,bytes=16384
L1SPTRACE_HART,bench=bfs_work_stealing,hart=6,core=0,thread=6,bytes=16384
L1SPTRACE_HART,bench=bfs_work_stealing,hart=7,core=0,thread=7,bytes=16384
L1SPTRACE_HART,bench=bfs_work_stealing,hart=8,core=0,thread=8,bytes=0
L1SPTRACE_HART,bench=bfs_work_stealing,hart=9,core=0,thread=9,bytes=0
L1SPTRACE_HART,bench=bfs_work_stealing,hart=10,core=0,thread=10,bytes=0
L1SPTRACE_HART,bench=bfs_work_stealing,hart=11,core=0,thread=11,bytes=0
L1SPTRACE_HART,bench=bfs_work_stealing,hart=12,core=0,thread=12,bytes=0
L1SPTRACE_HART,bench=bfs_work_stealing,hart=13,core=0,thread=13,bytes=0
L1SPTRACE_HART,bench=bfs_work_stealing,hart=14,core=0,thread=14,bytes=0
L1SPTRACE_HART,bench=bfs_work_stealing,hart=15,core=0,thread=15,bytes=0
L1SPTRACE_HART,bench=bfs_work_stealing,hart=16,core=1,thread=0,bytes=16384
L1SPTRACE_HART,bench=bfs_work_stealing,hart=17,core=1,thread=1,bytes=16384
L1SPTRACE_HART,bench=bfs_work_stealing,hart=18,core=1,thread=2,bytes=16384
L1SPTRACE_HART,bench=bfs_work_stealing,hart=19,core=1,thread=3,bytes=16384
L1SPTRACE_HART,bench=bfs_work_stealing,hart=20,core=1,thread=4,bytes=16384
L1SPTRACE_HART,bench=bfs_work_stealing,hart=21,core=1,thread=5,bytes=16384
L1SPTRACE_HART,bench=bfs_work_stealing,hart=22,core=1,thread=6,bytes=16384
L1SPTRACE_HART,bench=bfs_work_stealing,hart=23,core=1,thread=7,bytes=16384
L1SPTRACE_HART,bench=bfs_work_stealing,hart=24,core=1,thread=8,bytes=0
L1SPTRACE_HART,bench=bfs_work_stealing,hart=25,core=1,thread=9,bytes=0
L1SPTRACE_HART,bench=bfs_work_stealing,hart=26,core=1,thread=10,bytes=0
L1SPTRACE_HART,bench=bfs_work_stealing,hart=27,core=1,thread=11,bytes=0
L1SPTRACE_HART,bench=bfs_work_stealing,hart=28,core=1,thread=12,bytes=0
L1SPTRACE_HART,bench=bfs_work_stealing,hart=29,core=1,thread=13,bytes=0
L1SPTRACE_HART,bench=bfs_work_stealing,hart=30,core=1,thread=14,bytes=0
L1SPTRACE_HART,bench=bfs_work_stealing,hart=31,core=1,thread=15,bytes=0
L1SPTRACE_DUMP_END,bench=bfs_work_stealing
WQSNAP_DUMP_BEGIN,bench=bfs_work_stealing,cores=2,snaps=188,capacity=4096
WQSNAP,bench=bfs_work_stealing,cores=2,idx=0,level=1,event=pop,actor_core=0,victim_core=-1,depths=1044|1107
WQSNAP,bench=bfs_work_stealing,cores=2,idx=1,level=1,event=pop,actor_core=0,victim_core=-1,depths=980|1107
WQSNAP,bench=bfs_work_stealing,cores=2,idx=2,level=1,event=pop,actor_core=0,victim_core=-1,depths=916|1107
WQSNAP,bench=bfs_work_stealing,cores=2,idx=3,level=1,event=pop,actor_core=0,victim_core=-1,depths=852|1107
WQSNAP,bench=bfs_work_stealing,cores=2,idx=4,level=1,event=pop,actor_core=0,victim_core=-1,depths=724|915
WQSNAP,bench=bfs_work_stealing,cores=2,idx=5,level=1,event=pop,actor_core=1,victim_core=-1,depths=660|915
WQSNAP,bench=bfs_work_stealing,cores=2,idx=6,level=1,event=pop,actor_core=1,victim_core=-1,depths=596|851
WQSNAP,bench=bfs_work_stealing,cores=2,idx=7,level=1,event=pop,actor_core=1,victim_core=-1,depths=596|787
WQSNAP,bench=bfs_work_stealing,cores=2,idx=8,level=1,event=pop,actor_core=1,victim_core=-1,depths=596|723
WQSNAP,bench=bfs_work_stealing,cores=2,idx=9,level=1,event=pop,actor_core=1,victim_core=-1,depths=596|659
WQSNAP,bench=bfs_work_stealing,cores=2,idx=10,level=1,event=pop,actor_core=0,victim_core=-1,depths=596|595
WQSNAP,bench=bfs_work_stealing,cores=2,idx=11,level=1,event=pop,actor_core=1,victim_core=-1,depths=532|595
WQSNAP,bench=bfs_work_stealing,cores=2,idx=12,level=1,event=pop,actor_core=0,victim_core=-1,depths=468|531
WQSNAP,bench=bfs_work_stealing,cores=2,idx=13,level=1,event=pop,actor_core=1,victim_core=-1,depths=404|531
WQSNAP,bench=bfs_work_stealing,cores=2,idx=14,level=1,event=pop,actor_core=1,victim_core=-1,depths=404|467
WQSNAP,bench=bfs_work_stealing,cores=2,idx=15,level=1,event=pop,actor_core=1,victim_core=-1,depths=404|403
WQSNAP,bench=bfs_work_stealing,cores=2,idx=16,level=1,event=pop,actor_core=1,victim_core=-1,depths=340|339
WQSNAP,bench=bfs_work_stealing,cores=2,idx=17,level=1,event=pop,actor_core=1,victim_core=-1,depths=340|147
WQSNAP,bench=bfs_work_stealing,cores=2,idx=18,level=1,event=pop,actor_core=0,victim_core=-1,depths=340|83
WQSNAP,bench=bfs_work_stealing,cores=2,idx=19,level=1,event=pop,actor_core=0,victim_core=-1,depths=276|83
WQSNAP,bench=bfs_work_stealing,cores=2,idx=20,level=1,event=pop,actor_core=0,victim_core=-1,depths=212|83
WQSNAP,bench=bfs_work_stealing,cores=2,idx=21,level=1,event=pop,actor_core=0,victim_core=-1,depths=84|83
WQSNAP,bench=bfs_work_stealing,cores=2,idx=22,level=1,event=pop,actor_core=1,victim_core=-1,depths=20|83
WQSNAP,bench=bfs_work_stealing,cores=2,idx=23,level=1,event=pop,actor_core=1,victim_core=-1,depths=20|19
WQSNAP,bench=bfs_work_stealing,cores=2,idx=24,level=1,event=pop,actor_core=1,victim_core=-1,depths=0|0
WQSNAP,bench=bfs_work_stealing,cores=2,idx=25,level=1,event=pop,actor_core=0,victim_core=-1,depths=0|0
WQSNAP,bench=bfs_work_stealing,cores=2,idx=26,level=1,event=steal,actor_core=1,victim_core=0,depths=0|0
WQSNAP,bench=bfs_work_stealing,cores=2,idx=27,level=1,event=got_stolen,actor_core=0,victim_core=1,depths=0|0
WQSNAP,bench=bfs_work_stealing,cores=2,idx=28,level=1,event=pop,actor_core=0,victim_core=-1,depths=0|0
WQSNAP,bench=bfs_work_stealing,cores=2,idx=29,level=1,event=pop,actor_core=0,victim_core=-1,depths=0|0
WQSNAP,bench=bfs_work_stealing,cores=2,idx=30,level=1,event=pop,actor_core=1,victim_core=-1,depths=0|0
WQSNAP,bench=bfs_work_stealing,cores=2,idx=31,level=1,event=pop,actor_core=1,victim_core=-1,depths=0|0
WQSNAP,bench=bfs_work_stealing,cores=2,idx=32,level=1,event=pop,actor_core=0,victim_core=-1,depths=0|0
WQSNAP,bench=bfs_work_stealing,cores=2,idx=33,level=1,event=pop,actor_core=0,victim_core=-1,depths=0|0
WQSNAP,bench=bfs_work_stealing,cores=2,idx=34,level=2,event=pop,actor_core=1,victim_core=-1,depths=16602|13530
WQSNAP,bench=bfs_work_stealing,cores=2,idx=35,level=2,event=pop,actor_core=1,victim_core=-1,depths=16602|13466
WQSNAP,bench=bfs_work_stealing,cores=2,idx=36,level=2,event=pop,actor_core=1,victim_core=-1,depths=16602|13402
WQSNAP,bench=bfs_work_stealing,cores=2,idx=37,level=2,event=pop,actor_core=1,victim_core=-1,depths=16602|13338
WQSNAP,bench=bfs_work_stealing,cores=2,idx=38,level=2,event=pop,actor_core=1,victim_core=-1,depths=16602|13274
WQSNAP,bench=bfs_work_stealing,cores=2,idx=39,level=2,event=pop,actor_core=1,victim_core=-1,depths=16602|13210
WQSNAP,bench=bfs_work_stealing,cores=2,idx=40,level=2,event=pop,actor_core=1,victim_core=-1,depths=16602|13146
WQSNAP,bench=bfs_work_stealing,cores=2,idx=41,level=2,event=pop,actor_core=1,victim_core=-1,depths=16602|13082
WQSNAP,bench=bfs_work_stealing,cores=2,idx=42,level=2,event=pop,actor_core=1,victim_core=-1,depths=16602|13018
WQSNAP,bench=bfs_work_stealing,cores=2,idx=43,level=2,event=pop,actor_core=1,victim_core=-1,depths=16602|13018
WQSNAP,bench=bfs_work_stealing,cores=2,idx=44,level=2,event=pop,actor_core=1,victim_core=-1,depths=16602|12890
WQSNAP,bench=bfs_work_stealing,cores=2,idx=45,level=2,event=pop,actor_core=1,victim_core=-1,depths=16602|12826
WQSNAP,bench=bfs_work_stealing,cores=2,idx=46,level=2,event=pop,actor_core=1,victim_core=-1,depths=16602|12826
WQSNAP,bench=bfs_work_stealing,cores=2,idx=47,level=2,event=pop,actor_core=1,victim_core=-1,depths=16602|12698
WQSNAP,bench=bfs_work_stealing,cores=2,idx=48,level=2,event=pop,actor_core=1,victim_core=-1,depths=16602|12634
WQSNAP,bench=bfs_work_stealing,cores=2,idx=49,level=2,event=pop,actor_core=1,victim_core=-1,depths=16602|12570
WQSNAP,bench=bfs_work_stealing,cores=2,idx=50,level=2,event=pop,actor_core=1,victim_core=-1,depths=15642|9434
WQSNAP,bench=bfs_work_stealing,cores=2,idx=51,level=2,event=pop,actor_core=1,victim_core=-1,depths=15578|9370
WQSNAP,bench=bfs_work_stealing,cores=2,idx=52,level=2,event=pop,actor_core=1,victim_core=-1,depths=15578|9306
WQSNAP,bench=bfs_work_stealing,cores=2,idx=53,level=2,event=pop,actor_core=1,victim_core=-1,depths=15578|9242
WQSNAP,bench=bfs_work_stealing,cores=2,idx=54,level=2,event=pop,actor_core=1,victim_core=-1,depths=15578|9178
WQSNAP,bench=bfs_work_stealing,cores=2,idx=55,level=2,event=pop,actor_core=1,victim_core=-1,depths=15578|9114
WQSNAP,bench=bfs_work_stealing,cores=2,idx=56,level=2,event=pop,actor_core=1,victim_core=-1,depths=15578|9050
WQSNAP,bench=bfs_work_stealing,cores=2,idx=57,level=2,event=pop,actor_core=1,victim_core=-1,depths=15578|8986
WQSNAP,bench=bfs_work_stealing,cores=2,idx=58,level=2,event=pop,actor_core=1,victim_core=-1,depths=15578|8922
WQSNAP,bench=bfs_work_stealing,cores=2,idx=59,level=2,event=pop,actor_core=1,victim_core=-1,depths=15578|8922
WQSNAP,bench=bfs_work_stealing,cores=2,idx=60,level=2,event=pop,actor_core=1,victim_core=-1,depths=15578|8794
WQSNAP,bench=bfs_work_stealing,cores=2,idx=61,level=2,event=pop,actor_core=1,victim_core=-1,depths=15578|8794
WQSNAP,bench=bfs_work_stealing,cores=2,idx=62,level=2,event=pop,actor_core=1,victim_core=-1,depths=15578|8666
WQSNAP,bench=bfs_work_stealing,cores=2,idx=63,level=2,event=pop,actor_core=1,victim_core=-1,depths=15578|8602
WQSNAP,bench=bfs_work_stealing,cores=2,idx=64,level=2,event=pop,actor_core=1,victim_core=-1,depths=15578|8538
WQSNAP,bench=bfs_work_stealing,cores=2,idx=65,level=2,event=pop,actor_core=1,victim_core=-1,depths=15578|8474
WQSNAP,bench=bfs_work_stealing,cores=2,idx=66,level=2,event=pop,actor_core=1,victim_core=-1,depths=15450|5338
WQSNAP,bench=bfs_work_stealing,cores=2,idx=67,level=2,event=pop,actor_core=1,victim_core=-1,depths=15450|5274
WQSNAP,bench=bfs_work_stealing,cores=2,idx=68,level=2,event=pop,actor_core=1,victim_core=-1,depths=15450|5274
WQSNAP,bench=bfs_work_stealing,cores=2,idx=69,level=2,event=pop,actor_core=1,victim_core=-1,depths=15450|5210
WQSNAP,bench=bfs_work_stealing,cores=2,idx=70,level=2,event=pop,actor_core=1,victim_core=-1,depths=15450|5082
WQSNAP,bench=bfs_work_stealing,cores=2,idx=71,level=2,event=pop,actor_core=1,victim_core=-1,depths=15450|5018
WQSNAP,bench=bfs_work_stealing,cores=2,idx=72,level=2,event=pop,actor_core=1,victim_core=-1,depths=15450|5018
WQSNAP,bench=bfs_work_stealing,cores=2,idx=73,level=2,event=pop,actor_core=1,victim_core=-1,depths=15450|4954
WQSNAP,bench=bfs_work_stealing,cores=2,idx=74,level=2,event=pop,actor_core=1,victim_core=-1,depths=15450|4954
WQSNAP,bench=bfs_work_stealing,cores=2,idx=75,level=2,event=pop,actor_core=1,victim_core=-1,depths=15450|4762
WQSNAP,bench=bfs_work_stealing,cores=2,idx=76,level=2,event=pop,actor_core=1,victim_core=-1,depths=15386|4698
WQSNAP,bench=bfs_work_stealing,cores=2,idx=77,level=2,event=pop,actor_core=1,victim_core=-1,depths=15386|4634
WQSNAP,bench=bfs_work_stealing,cores=2,idx=78,level=2,event=pop,actor_core=1,victim_core=-1,depths=15322|4570
WQSNAP,bench=bfs_work_stealing,cores=2,idx=79,level=2,event=pop,actor_core=1,victim_core=-1,depths=15322|4506
WQSNAP,bench=bfs_work_stealing,cores=2,idx=80,level=2,event=pop,actor_core=1,victim_core=-1,depths=15322|4442
WQSNAP,bench=bfs_work_stealing,cores=2,idx=81,level=2,event=pop,actor_core=1,victim_core=-1,depths=15322|4378
WQSNAP,bench=bfs_work_stealing,cores=2,idx=82,level=2,event=pop,actor_core=1,victim_core=-1,depths=14810|1242
WQSNAP,bench=bfs_work_stealing,cores=2,idx=83,level=2,event=pop,actor_core=1,victim_core=-1,depths=14810|1178
WQSNAP,bench=bfs_work_stealing,cores=2,idx=84,level=2,event=pop,actor_core=1,victim_core=-1,depths=14810|1114
WQSNAP,bench=bfs_work_stealing,cores=2,idx=85,level=2,event=pop,actor_core=1,victim_core=-1,depths=14810|1050
WQSNAP,bench=bfs_work_stealing,cores=2,idx=86,level=2,event=pop,actor_core=1,victim_core=-1,depths=14810|1050
WQSNAP,bench=bfs_work_stealing,cores=2,idx=87,level=2,event=pop,actor_core=1,victim_core=-1,depths=14810|922
WQSNAP,bench=bfs_work_stealing,cores=2,idx=88,level=2,event=pop,actor_core=1,victim_core=-1,depths=14810|922
WQSNAP,bench=bfs_work_stealing,cores=2,idx=89,level=2,event=pop,actor_core=1,victim_core=-1,depths=14810|858
WQSNAP,bench=bfs_work_stealing,cores=2,idx=90,level=2,event=pop,actor_core=1,victim_core=-1,depths=14810|858
WQSNAP,bench=bfs_work_stealing,cores=2,idx=91,level=2,event=pop,actor_core=1,victim_core=-1,depths=14810|666
WQSNAP,bench=bfs_work_stealing,cores=2,idx=92,level=2,event=pop,actor_core=1,victim_core=-1,depths=14810|666
WQSNAP,bench=bfs_work_stealing,cores=2,idx=93,level=2,event=pop,actor_core=1,victim_core=-1,depths=14810|538
WQSNAP,bench=bfs_work_stealing,cores=2,idx=94,level=2,event=pop,actor_core=1,victim_core=-1,depths=14810|538
WQSNAP,bench=bfs_work_stealing,cores=2,idx=95,level=2,event=pop,actor_core=1,victim_core=-1,depths=14810|410
WQSNAP,bench=bfs_work_stealing,cores=2,idx=96,level=2,event=pop,actor_core=1,victim_core=-1,depths=14810|346
WQSNAP,bench=bfs_work_stealing,cores=2,idx=97,level=2,event=pop,actor_core=1,victim_core=-1,depths=14810|282
WQSNAP,bench=bfs_work_stealing,cores=2,idx=98,level=2,event=pop,actor_core=0,victim_core=-1,depths=13658|0
WQSNAP,bench=bfs_work_stealing,cores=2,idx=99,level=2,event=steal,actor_core=1,victim_core=0,depths=13594|0
WQSNAP,bench=bfs_work_stealing,cores=2,idx=100,level=2,event=got_stolen,actor_core=0,victim_core=1,depths=13594|0
WQSNAP,bench=bfs_work_stealing,cores=2,idx=101,level=2,event=pop,actor_core=0,victim_core=-1,depths=13338|0
WQSNAP,bench=bfs_work_stealing,cores=2,idx=102,level=2,event=pop,actor_core=0,victim_core=-1,depths=13274|0
WQSNAP,bench=bfs_work_stealing,cores=2,idx=103,level=2,event=pop,actor_core=0,victim_core=-1,depths=13210|0
WQSNAP,bench=bfs_work_stealing,cores=2,idx=104,level=2,event=pop,actor_core=0,victim_core=-1,depths=13146|0
WQSNAP,bench=bfs_work_stealing,cores=2,idx=105,level=2,event=pop,actor_core=0,victim_core=-1,depths=13082|0
WQSNAP,bench=bfs_work_stealing,cores=2,idx=106,level=2,event=pop,actor_core=0,victim_core=-1,depths=13018|0
WQSNAP,bench=bfs_work_stealing,cores=2,idx=107,level=2,event=pop,actor_core=0,victim_core=-1,depths=12954|0
WQSNAP,bench=bfs_work_stealing,cores=2,idx=108,level=2,event=pop,actor_core=0,victim_core=-1,depths=12890|0
WQSNAP,bench=bfs_work_stealing,cores=2,idx=109,level=2,event=pop,actor_core=0,victim_core=-1,depths=12826|0
WQSNAP,bench=bfs_work_stealing,cores=2,idx=110,level=2,event=pop,actor_core=0,victim_core=-1,depths=12762|0
WQSNAP,bench=bfs_work_stealing,cores=2,idx=111,level=2,event=pop,actor_core=0,victim_core=-1,depths=12698|0
WQSNAP,bench=bfs_work_stealing,cores=2,idx=112,level=2,event=steal,actor_core=1,victim_core=0,depths=12634|0
WQSNAP,bench=bfs_work_stealing,cores=2,idx=113,level=2,event=got_stolen,actor_core=0,victim_core=1,depths=12634|0
WQSNAP,bench=bfs_work_stealing,cores=2,idx=114,level=2,event=pop,actor_core=0,victim_core=-1,depths=12570|0
WQSNAP,bench=bfs_work_stealing,cores=2,idx=115,level=2,event=pop,actor_core=0,victim_core=-1,depths=12442|0
WQSNAP,bench=bfs_work_stealing,cores=2,idx=116,level=2,event=pop,actor_core=0,victim_core=-1,depths=12314|0
WQSNAP,bench=bfs_work_stealing,cores=2,idx=117,level=2,event=pop,actor_core=0,victim_core=-1,depths=12058|0
WQSNAP,bench=bfs_work_stealing,cores=2,idx=118,level=2,event=steal,actor_core=1,victim_core=0,depths=11546|0
WQSNAP,bench=bfs_work_stealing,cores=2,idx=119,level=2,event=got_stolen,actor_core=0,victim_core=1,depths=11546|0
WQSNAP,bench=bfs_work_stealing,cores=2,idx=120,level=2,event=steal,actor_core=1,victim_core=0,depths=10458|0
WQSNAP,bench=bfs_work_stealing,cores=2,idx=121,level=2,event=got_stolen,actor_core=0,victim_core=1,depths=10458|0
WQSNAP,bench=bfs_work_stealing,cores=2,idx=122,level=2,event=pop,actor_core=0,victim_core=-1,depths=9434|0
WQSNAP,bench=bfs_work_stealing,cores=2,idx=123,level=2,event=steal,actor_core=1,victim_core=0,depths=9370|0
WQSNAP,bench=bfs_work_stealing,cores=2,idx=124,level=2,event=got_stolen,actor_core=0,victim_core=1,depths=9370|0
WQSNAP,bench=bfs_work_stealing,cores=2,idx=125,level=2,event=pop,actor_core=0,victim_core=-1,depths=9242|0
WQSNAP,bench=bfs_work_stealing,cores=2,idx=126,level=2,event=pop,actor_core=0,victim_core=-1,depths=8922|0
WQSNAP,bench=bfs_work_stealing,cores=2,idx=127,level=2,event=pop,actor_core=0,victim_core=-1,depths=8858|0
WQSNAP,bench=bfs_work_stealing,cores=2,idx=128,level=2,event=pop,actor_core=0,victim_core=-1,depths=8794|0
WQSNAP,bench=bfs_work_stealing,cores=2,idx=129,level=2,event=pop,actor_core=0,victim_core=-1,depths=8730|0
WQSNAP,bench=bfs_work_stealing,cores=2,idx=130,level=2,event=pop,actor_core=0,victim_core=-1,depths=8666|0
WQSNAP,bench=bfs_work_stealing,cores=2,idx=131,level=2,event=pop,actor_core=0,victim_core=-1,depths=8602|0
WQSNAP,bench=bfs_work_stealing,cores=2,idx=132,level=2,event=pop,actor_core=0,victim_core=-1,depths=8538|0
WQSNAP,bench=bfs_work_stealing,cores=2,idx=133,level=2,event=pop,actor_core=0,victim_core=-1,depths=8538|0
WQSNAP,bench=bfs_work_stealing,cores=2,idx=134,level=2,event=pop,actor_core=0,victim_core=-1,depths=8410|0
WQSNAP,bench=bfs_work_stealing,cores=2,idx=135,level=2,event=pop,actor_core=0,victim_core=-1,depths=8282|0
WQSNAP,bench=bfs_work_stealing,cores=2,idx=136,level=2,event=steal,actor_core=1,victim_core=0,depths=8218|0
WQSNAP,bench=bfs_work_stealing,cores=2,idx=137,level=2,event=got_stolen,actor_core=0,victim_core=1,depths=8218|0
WQSNAP,bench=bfs_work_stealing,cores=2,idx=138,level=2,event=pop,actor_core=0,victim_core=-1,depths=8026|0
WQSNAP,bench=bfs_work_stealing,cores=2,idx=139,level=2,event=pop,actor_core=0,victim_core=-1,depths=7962|0
WQSNAP,bench=bfs_work_stealing,cores=2,idx=140,level=2,event=pop,actor_core=0,victim_core=-1,depths=7898|0
WQSNAP,bench=bfs_work_stealing,cores=2,idx=141,level=2,event=pop,actor_core=0,victim_core=-1,depths=7834|0
WQSNAP,bench=bfs_work_stealing,cores=2,idx=142,level=2,event=steal,actor_core=1,victim_core=0,depths=6746|0
WQSNAP,bench=bfs_work_stealing,cores=2,idx=143,level=2,event=got_stolen,actor_core=0,victim_core=1,depths=6746|0
WQSNAP,bench=bfs_work_stealing,cores=2,idx=144,level=2,event=steal,actor_core=1,victim_core=0,depths=5594|0
WQSNAP,bench=bfs_work_stealing,cores=2,idx=145,level=2,event=got_stolen,actor_core=0,victim_core=1,depths=5594|0
WQSNAP,bench=bfs_work_stealing,cores=2,idx=146,level=2,event=pop,actor_core=0,victim_core=-1,depths=5018|0
WQSNAP,bench=bfs_work_stealing,cores=2,idx=147,level=2,event=pop,actor_core=0,victim_core=-1,depths=4954|0
WQSNAP,bench=bfs_work_stealing,cores=2,idx=148,level=2,event=pop,actor_core=0,victim_core=-1,depths=4762|0
WQSNAP,bench=bfs_work_stealing,cores=2,idx=149,level=2,event=steal,actor_core=1,victim_core=0,depths=4570|0
WQSNAP,bench=bfs_work_stealing,cores=2,idx=150,level=2,event=pop,actor_core=0,victim_core=-1,depths=4570|0
WQSNAP,bench=bfs_work_stealing,cores=2,idx=151,level=2,event=got_stolen,actor_core=0,victim_core=1,depths=4570|0
WQSNAP,bench=bfs_work_stealing,cores=2,idx=152,level=2,event=pop,actor_core=0,victim_core=-1,depths=4442|0
WQSNAP,bench=bfs_work_stealing,cores=2,idx=153,level=2,event=pop,actor_core=0,victim_core=-1,depths=4378|0
WQSNAP,bench=bfs_work_stealing,cores=2,idx=154,level=2,event=pop,actor_core=0,victim_core=-1,depths=4314|0
WQSNAP,bench=bfs_work_stealing,cores=2,idx=155,level=2,event=pop,actor_core=0,victim_core=-1,depths=4250|0
WQSNAP,bench=bfs_work_stealing,cores=2,idx=156,level=2,event=pop,actor_core=0,victim_core=-1,depths=4186|0
WQSNAP,bench=bfs_work_stealing,cores=2,idx=157,level=2,event=pop,actor_core=0,victim_core=-1,depths=4122|0
WQSNAP,bench=bfs_work_stealing,cores=2,idx=158,level=2,event=pop,actor_core=0,victim_core=-1,depths=4058|0
WQSNAP,bench=bfs_work_stealing,cores=2,idx=159,level=2,event=pop,actor_core=0,victim_core=-1,depths=3994|0
WQSNAP,bench=bfs_work_stealing,cores=2,idx=160,level=2,event=pop,actor_core=0,victim_core=-1,depths=3930|0
WQSNAP,bench=bfs_work_stealing,cores=2,idx=161,level=2,event=pop,actor_core=0,victim_core=-1,depths=3802|0
WQSNAP,bench=bfs_work_stealing,cores=2,idx=162,level=2,event=pop,actor_core=0,victim_core=-1,depths=3674|0
WQSNAP,bench=bfs_work_stealing,cores=2,idx=163,level=2,event=pop,actor_core=0,victim_core=-1,depths=3546|0
WQSNAP,bench=bfs_work_stealing,cores=2,idx=164,level=2,event=steal,actor_core=1,victim_core=0,depths=3162|0
WQSNAP,bench=bfs_work_stealing,cores=2,idx=165,level=2,event=got_stolen,actor_core=0,victim_core=1,depths=3162|0
WQSNAP,bench=bfs_work_stealing,cores=2,idx=166,level=2,event=steal,actor_core=1,victim_core=0,depths=1946|0
WQSNAP,bench=bfs_work_stealing,cores=2,idx=167,level=2,event=got_stolen,actor_core=0,victim_core=1,depths=1946|0
WQSNAP,bench=bfs_work_stealing,cores=2,idx=168,level=2,event=steal,actor_core=1,victim_core=0,depths=794|0
WQSNAP,bench=bfs_work_stealing,cores=2,idx=169,level=2,event=got_stolen,actor_core=0,victim_core=1,depths=794|0
WQSNAP,bench=bfs_work_stealing,cores=2,idx=170,level=2,event=pop,actor_core=0,victim_core=-1,depths=602|0
WQSNAP,bench=bfs_work_stealing,cores=2,idx=171,level=2,event=pop,actor_core=0,victim_core=-1,depths=474|0
WQSNAP,bench=bfs_work_stealing,cores=2,idx=172,level=2,event=pop,actor_core=0,victim_core=-1,depths=346|0
WQSNAP,bench=bfs_work_stealing,cores=2,idx=173,level=2,event=pop,actor_core=0,victim_core=-1,depths=346|0
WQSNAP,bench=bfs_work_stealing,cores=2,idx=174,level=2,event=pop,actor_core=0,victim_core=-1,depths=154|0
WQSNAP,bench=bfs_work_stealing,cores=2,idx=175,level=2,event=pop,actor_core=0,victim_core=-1,depths=90|0
WQSNAP,bench=bfs_work_stealing,cores=2,idx=176,level=2,event=pop,actor_core=0,victim_core=-1,depths=26|0
WQSNAP,bench=bfs_work_stealing,cores=2,idx=177,level=2,event=pop,actor_core=0,victim_core=-1,depths=0|0
WQSNAP,bench=bfs_work_stealing,cores=2,idx=178,level=2,event=pop,actor_core=0,victim_core=-1,depths=0|0
WQSNAP,bench=bfs_work_stealing,cores=2,idx=179,level=2,event=pop,actor_core=0,victim_core=-1,depths=0|0
WQSNAP,bench=bfs_work_stealing,cores=2,idx=180,level=2,event=pop,actor_core=0,victim_core=-1,depths=0|0
WQSNAP,bench=bfs_work_stealing,cores=2,idx=181,level=2,event=steal,actor_core=1,victim_core=0,depths=0|0
WQSNAP,bench=bfs_work_stealing,cores=2,idx=182,level=2,event=got_stolen,actor_core=0,victim_core=1,depths=0|0
WQSNAP,bench=bfs_work_stealing,cores=2,idx=183,level=2,event=pop,actor_core=0,victim_core=-1,depths=0|0
WQSNAP,bench=bfs_work_stealing,cores=2,idx=184,level=2,event=pop,actor_core=0,victim_core=-1,depths=0|0
WQSNAP,bench=bfs_work_stealing,cores=2,idx=185,level=2,event=pop,actor_core=0,victim_core=-1,depths=0|0
WQSNAP,bench=bfs_work_stealing,cores=2,idx=186,level=2,event=pop,actor_core=0,victim_core=-1,depths=0|0
WQSNAP,bench=bfs_work_stealing,cores=2,idx=187,level=2,event=pop,actor_core=0,victim_core=-1,depths=0|0
WQSNAP_DUMP_END,bench=bfs_work_stealing
L1SPSNAP_DUMP_BEGIN,bench=bfs_work_stealing,cores=2,harts_per_core=16,harts=32,snaps=188
L1SPSNAP_CORE,bench=bfs_work_stealing,idx=0,level=1,core=0,bytes=0
L1SPSNAP_CORE,bench=bfs_work_stealing,idx=0,level=1,core=1,bytes=0
L1SPSNAP_CORE,bench=bfs_work_stealing,idx=1,level=1,core=0,bytes=0
L1SPSNAP_CORE,bench=bfs_work_stealing,idx=1,level=1,core=1,bytes=0
L1SPSNAP_CORE,bench=bfs_work_stealing,idx=2,level=1,core=0,bytes=0
L1SPSNAP_CORE,bench=bfs_work_stealing,idx=2,level=1,core=1,bytes=0
L1SPSNAP_CORE,bench=bfs_work_stealing,idx=3,level=1,core=0,bytes=0
L1SPSNAP_CORE,bench=bfs_work_stealing,idx=3,level=1,core=1,bytes=0
L1SPSNAP_CORE,bench=bfs_work_stealing,idx=4,level=1,core=0,bytes=16384
L1SPSNAP_CORE,bench=bfs_work_stealing,idx=4,level=1,core=1,bytes=0
L1SPSNAP_HART,bench=bfs_work_stealing,idx=4,level=1,core=0,thread=5,hart=5,bytes=16384
L1SPSNAP_CORE,bench=bfs_work_stealing,idx=5,level=1,core=0,bytes=0
L1SPSNAP_CORE,bench=bfs_work_stealing,idx=5,level=1,core=1,bytes=0
L1SPSNAP_CORE,bench=bfs_work_stealing,idx=6,level=1,core=0,bytes=0
L1SPSNAP_CORE,bench=bfs_work_stealing,idx=6,level=1,core=1,bytes=16384
L1SPSNAP_HART,bench=bfs_work_stealing,idx=6,level=1,core=1,thread=6,hart=22,bytes=16384
L1SPSNAP_CORE,bench=bfs_work_stealing,idx=7,level=1,core=0,bytes=0
L1SPSNAP_CORE,bench=bfs_work_stealing,idx=7,level=1,core=1,bytes=0
L1SPSNAP_CORE,bench=bfs_work_stealing,idx=8,level=1,core=0,bytes=0
L1SPSNAP_CORE,bench=bfs_work_stealing,idx=8,level=1,core=1,bytes=16384
L1SPSNAP_HART,bench=bfs_work_stealing,idx=8,level=1,core=1,thread=3,hart=19,bytes=16384
L1SPSNAP_CORE,bench=bfs_work_stealing,idx=9,level=1,core=0,bytes=0
L1SPSNAP_CORE,bench=bfs_work_stealing,idx=9,level=1,core=1,bytes=0
L1SPSNAP_CORE,bench=bfs_work_stealing,idx=10,level=1,core=0,bytes=16384
L1SPSNAP_CORE,bench=bfs_work_stealing,idx=10,level=1,core=1,bytes=0
L1SPSNAP_HART,bench=bfs_work_stealing,idx=10,level=1,core=0,thread=2,hart=2,bytes=16384
L1SPSNAP_CORE,bench=bfs_work_stealing,idx=11,level=1,core=0,bytes=0
L1SPSNAP_CORE,bench=bfs_work_stealing,idx=11,level=1,core=1,bytes=16384
L1SPSNAP_HART,bench=bfs_work_stealing,idx=11,level=1,core=1,thread=2,hart=18,bytes=16384
L1SPSNAP_CORE,bench=bfs_work_stealing,idx=12,level=1,core=0,bytes=16384
L1SPSNAP_CORE,bench=bfs_work_stealing,idx=12,level=1,core=1,bytes=0
L1SPSNAP_HART,bench=bfs_work_stealing,idx=12,level=1,core=0,thread=7,hart=7,bytes=16384
L1SPSNAP_CORE,bench=bfs_work_stealing,idx=13,level=1,core=0,bytes=0
L1SPSNAP_CORE,bench=bfs_work_stealing,idx=13,level=1,core=1,bytes=16384
L1SPSNAP_HART,bench=bfs_work_stealing,idx=13,level=1,core=1,thread=1,hart=17,bytes=16384
L1SPSNAP_CORE,bench=bfs_work_stealing,idx=14,level=1,core=0,bytes=0
L1SPSNAP_CORE,bench=bfs_work_stealing,idx=14,level=1,core=1,bytes=0
L1SPSNAP_CORE,bench=bfs_work_stealing,idx=15,level=1,core=0,bytes=0
L1SPSNAP_CORE,bench=bfs_work_stealing,idx=15,level=1,core=1,bytes=16384
L1SPSNAP_HART,bench=bfs_work_stealing,idx=15,level=1,core=1,thread=4,hart=20,bytes=16384
L1SPSNAP_CORE,bench=bfs_work_stealing,idx=16,level=1,core=0,bytes=0
L1SPSNAP_CORE,bench=bfs_work_stealing,idx=16,level=1,core=1,bytes=16384
L1SPSNAP_HART,bench=bfs_work_stealing,idx=16,level=1,core=1,thread=0,hart=16,bytes=16384
L1SPSNAP_CORE,bench=bfs_work_stealing,idx=17,level=1,core=0,bytes=0
L1SPSNAP_CORE,bench=bfs_work_stealing,idx=17,level=1,core=1,bytes=0
L1SPSNAP_CORE,bench=bfs_work_stealing,idx=18,level=1,core=0,bytes=16384
L1SPSNAP_CORE,bench=bfs_work_stealing,idx=18,level=1,core=1,bytes=0
L1SPSNAP_HART,bench=bfs_work_stealing,idx=18,level=1,core=0,thread=6,hart=6,bytes=16384
L1SPSNAP_CORE,bench=bfs_work_stealing,idx=19,level=1,core=0,bytes=0
L1SPSNAP_CORE,bench=bfs_work_stealing,idx=19,level=1,core=1,bytes=0
L1SPSNAP_CORE,bench=bfs_work_stealing,idx=20,level=1,core=0,bytes=16384
L1SPSNAP_CORE,bench=bfs_work_stealing,idx=20,level=1,core=1,bytes=0
L1SPSNAP_HART,bench=bfs_work_stealing,idx=20,level=1,core=0,thread=1,hart=1,bytes=16384
L1SPSNAP_CORE,bench=bfs_work_stealing,idx=21,level=1,core=0,bytes=0
L1SPSNAP_CORE,bench=bfs_work_stealing,idx=21,level=1,core=1,bytes=0
L1SPSNAP_CORE,bench=bfs_work_stealing,idx=22,level=1,core=0,bytes=0
L1SPSNAP_CORE,bench=bfs_work_stealing,idx=22,level=1,core=1,bytes=0
L1SPSNAP_CORE,bench=bfs_work_stealing,idx=23,level=1,core=0,bytes=0
L1SPSNAP_CORE,bench=bfs_work_stealing,idx=23,level=1,core=1,bytes=16384
L1SPSNAP_HART,bench=bfs_work_stealing,idx=23,level=1,core=1,thread=5,hart=21,bytes=16384
L1SPSNAP_CORE,bench=bfs_work_stealing,idx=24,level=1,core=0,bytes=0
L1SPSNAP_CORE,bench=bfs_work_stealing,idx=24,level=1,core=1,bytes=0
L1SPSNAP_CORE,bench=bfs_work_stealing,idx=25,level=1,core=0,bytes=0
L1SPSNAP_CORE,bench=bfs_work_stealing,idx=25,level=1,core=1,bytes=0
L1SPSNAP_CORE,bench=bfs_work_stealing,idx=26,level=1,core=0,bytes=0
L1SPSNAP_CORE,bench=bfs_work_stealing,idx=26,level=1,core=1,bytes=16384
L1SPSNAP_HART,bench=bfs_work_stealing,idx=26,level=1,core=1,thread=2,hart=18,bytes=16384
L1SPSNAP_CORE,bench=bfs_work_stealing,idx=27,level=1,core=0,bytes=0
L1SPSNAP_CORE,bench=bfs_work_stealing,idx=27,level=1,core=1,bytes=16384
L1SPSNAP_HART,bench=bfs_work_stealing,idx=27,level=1,core=1,thread=2,hart=18,bytes=16384
L1SPSNAP_CORE,bench=bfs_work_stealing,idx=28,level=1,core=0,bytes=16384
L1SPSNAP_CORE,bench=bfs_work_stealing,idx=28,level=1,core=1,bytes=0
L1SPSNAP_HART,bench=bfs_work_stealing,idx=28,level=1,core=0,thread=0,hart=0,bytes=16384
L1SPSNAP_CORE,bench=bfs_work_stealing,idx=29,level=1,core=0,bytes=16384
L1SPSNAP_CORE,bench=bfs_work_stealing,idx=29,level=1,core=1,bytes=0
L1SPSNAP_HART,bench=bfs_work_stealing,idx=29,level=1,core=0,thread=3,hart=3,bytes=16384
L1SPSNAP_CORE,bench=bfs_work_stealing,idx=30,level=1,core=0,bytes=0
L1SPSNAP_CORE,bench=bfs_work_stealing,idx=30,level=1,core=1,bytes=0
L1SPSNAP_CORE,bench=bfs_work_stealing,idx=31,level=1,core=0,bytes=0
L1SPSNAP_CORE,bench=bfs_work_stealing,idx=31,level=1,core=1,bytes=16384
L1SPSNAP_HART,bench=bfs_work_stealing,idx=31,level=1,core=1,thread=7,hart=23,bytes=16384
L1SPSNAP_CORE,bench=bfs_work_stealing,idx=32,level=1,core=0,bytes=16384
L1SPSNAP_CORE,bench=bfs_work_stealing,idx=32,level=1,core=1,bytes=0
L1SPSNAP_HART,bench=bfs_work_stealing,idx=32,level=1,core=0,thread=4,hart=4,bytes=16384
L1SPSNAP_CORE,bench=bfs_work_stealing,idx=33,level=1,core=0,bytes=0
L1SPSNAP_CORE,bench=bfs_work_stealing,idx=33,level=1,core=1,bytes=0
L1SPSNAP_CORE,bench=bfs_work_stealing,idx=34,level=2,core=0,bytes=0
L1SPSNAP_CORE,bench=bfs_work_stealing,idx=34,level=2,core=1,bytes=0
L1SPSNAP_CORE,bench=bfs_work_stealing,idx=35,level=2,core=0,bytes=0
L1SPSNAP_CORE,bench=bfs_work_stealing,idx=35,level=2,core=1,bytes=0
L1SPSNAP_CORE,bench=bfs_work_stealing,idx=36,level=2,core=0,bytes=0
L1SPSNAP_CORE,bench=bfs_work_stealing,idx=36,level=2,core=1,bytes=0
L1SPSNAP_CORE,bench=bfs_work_stealing,idx=37,level=2,core=0,bytes=0
L1SPSNAP_CORE,bench=bfs_work_stealing,idx=37,level=2,core=1,bytes=16384
L1SPSNAP_HART,bench=bfs_work_stealing,idx=37,level=2,core=1,thread=6,hart=22,bytes=16384
L1SPSNAP_CORE,bench=bfs_work_stealing,idx=38,level=2,core=0,bytes=0
L1SPSNAP_CORE,bench=bfs_work_stealing,idx=38,level=2,core=1,bytes=16384
L1SPSNAP_HART,bench=bfs_work_stealing,idx=38,level=2,core=1,thread=4,hart=20,bytes=16384
L1SPSNAP_CORE,bench=bfs_work_stealing,idx=39,level=2,core=0,bytes=0
L1SPSNAP_CORE,bench=bfs_work_stealing,idx=39,level=2,core=1,bytes=0
L1SPSNAP_CORE,bench=bfs_work_stealing,idx=40,level=2,core=0,bytes=0
L1SPSNAP_CORE,bench=bfs_work_stealing,idx=40,level=2,core=1,bytes=0
L1SPSNAP_CORE,bench=bfs_work_stealing,idx=41,level=2,core=0,bytes=0
L1SPSNAP_CORE,bench=bfs_work_stealing,idx=41,level=2,core=1,bytes=16384
L1SPSNAP_HART,bench=bfs_work_stealing,idx=41,level=2,core=1,thread=7,hart=23,bytes=16384
L1SPSNAP_CORE,bench=bfs_work_stealing,idx=42,level=2,core=0,bytes=0
L1SPSNAP_CORE,bench=bfs_work_stealing,idx=42,level=2,core=1,bytes=16384
L1SPSNAP_HART,bench=bfs_work_stealing,idx=42,level=2,core=1,thread=5,hart=21,bytes=16384
L1SPSNAP_CORE,bench=bfs_work_stealing,idx=43,level=2,core=0,bytes=0
L1SPSNAP_CORE,bench=bfs_work_stealing,idx=43,level=2,core=1,bytes=16384
L1SPSNAP_HART,bench=bfs_work_stealing,idx=43,level=2,core=1,thread=0,hart=16,bytes=16384
L1SPSNAP_CORE,bench=bfs_work_stealing,idx=44,level=2,core=0,bytes=0
L1SPSNAP_CORE,bench=bfs_work_stealing,idx=44,level=2,core=1,bytes=0
L1SPSNAP_CORE,bench=bfs_work_stealing,idx=45,level=2,core=0,bytes=0
L1SPSNAP_CORE,bench=bfs_work_stealing,idx=45,level=2,core=1,bytes=16384
L1SPSNAP_HART,bench=bfs_work_stealing,idx=45,level=2,core=1,thread=1,hart=17,bytes=16384
L1SPSNAP_CORE,bench=bfs_work_stealing,idx=46,level=2,core=0,bytes=0
L1SPSNAP_CORE,bench=bfs_work_stealing,idx=46,level=2,core=1,bytes=0
L1SPSNAP_CORE,bench=bfs_work_stealing,idx=47,level=2,core=0,bytes=0
L1SPSNAP_CORE,bench=bfs_work_stealing,idx=47,level=2,core=1,bytes=16384
L1SPSNAP_HART,bench=bfs_work_stealing,idx=47,level=2,core=1,thread=2,hart=18,bytes=16384
L1SPSNAP_CORE,bench=bfs_work_stealing,idx=48,level=2,core=0,bytes=0
L1SPSNAP_CORE,bench=bfs_work_stealing,idx=48,level=2,core=1,bytes=0
L1SPSNAP_CORE,bench=bfs_work_stealing,idx=49,level=2,core=0,bytes=0
L1SPSNAP_CORE,bench=bfs_work_stealing,idx=49,level=2,core=1,bytes=16384
L1SPSNAP_HART,bench=bfs_work_stealing,idx=49,level=2,core=1,thread=3,hart=19,bytes=16384
L1SPSNAP_CORE,bench=bfs_work_stealing,idx=50,level=2,core=0,bytes=0
L1SPSNAP_CORE,bench=bfs_work_stealing,idx=50,level=2,core=1,bytes=0
L1SPSNAP_CORE,bench=bfs_work_stealing,idx=51,level=2,core=0,bytes=0
L1SPSNAP_CORE,bench=bfs_work_stealing,idx=51,level=2,core=1,bytes=0
L1SPSNAP_CORE,bench=bfs_work_stealing,idx=52,level=2,core=0,bytes=0
L1SPSNAP_CORE,bench=bfs_work_stealing,idx=52,level=2,core=1,bytes=0
L1SPSNAP_CORE,bench=bfs_work_stealing,idx=53,level=2,core=0,bytes=0
L1SPSNAP_CORE,bench=bfs_work_stealing,idx=53,level=2,core=1,bytes=0
L1SPSNAP_CORE,bench=bfs_work_stealing,idx=54,level=2,core=0,bytes=0
L1SPSNAP_CORE,bench=bfs_work_stealing,idx=54,level=2,core=1,bytes=0
L1SPSNAP_CORE,bench=bfs_work_stealing,idx=55,level=2,core=0,bytes=0
L1SPSNAP_CORE,bench=bfs_work_stealing,idx=55,level=2,core=1,bytes=16384
L1SPSNAP_HART,bench=bfs_work_stealing,idx=55,level=2,core=1,thread=0,hart=16,bytes=16384
L1SPSNAP_CORE,bench=bfs_work_stealing,idx=56,level=2,core=0,bytes=0
L1SPSNAP_CORE,bench=bfs_work_stealing,idx=56,level=2,core=1,bytes=16384
L1SPSNAP_HART,bench=bfs_work_stealing,idx=56,level=2,core=1,thread=6,hart=22,bytes=16384
L1SPSNAP_CORE,bench=bfs_work_stealing,idx=57,level=2,core=0,bytes=0
L1SPSNAP_CORE,bench=bfs_work_stealing,idx=57,level=2,core=1,bytes=16384
L1SPSNAP_HART,bench=bfs_work_stealing,idx=57,level=2,core=1,thread=2,hart=18,bytes=16384
L1SPSNAP_CORE,bench=bfs_work_stealing,idx=58,level=2,core=0,bytes=0
L1SPSNAP_CORE,bench=bfs_work_stealing,idx=58,level=2,core=1,bytes=16384
L1SPSNAP_HART,bench=bfs_work_stealing,idx=58,level=2,core=1,thread=4,hart=20,bytes=16384
L1SPSNAP_CORE,bench=bfs_work_stealing,idx=59,level=2,core=0,bytes=0
L1SPSNAP_CORE,bench=bfs_work_stealing,idx=59,level=2,core=1,bytes=0
L1SPSNAP_CORE,bench=bfs_work_stealing,idx=60,level=2,core=0,bytes=0
L1SPSNAP_CORE,bench=bfs_work_stealing,idx=60,level=2,core=1,bytes=16384
L1SPSNAP_HART,bench=bfs_work_stealing,idx=60,level=2,core=1,thread=5,hart=21,bytes=16384
L1SPSNAP_CORE,bench=bfs_work_stealing,idx=61,level=2,core=0,bytes=0
L1SPSNAP_CORE,bench=bfs_work_stealing,idx=61,level=2,core=1,bytes=0
L1SPSNAP_CORE,bench=bfs_work_stealing,idx=62,level=2,core=0,bytes=0
L1SPSNAP_CORE,bench=bfs_work_stealing,idx=62,level=2,core=1,bytes=0
L1SPSNAP_CORE,bench=bfs_work_stealing,idx=63,level=2,core=0,bytes=0
L1SPSNAP_CORE,bench=bfs_work_stealing,idx=63,level=2,core=1,bytes=16384
L1SPSNAP_HART,bench=bfs_work_stealing,idx=63,level=2,core=1,thread=3,hart=19,bytes=16384
L1SPSNAP_CORE,bench=bfs_work_stealing,idx=64,level=2,core=0,bytes=0
L1SPSNAP_CORE,bench=bfs_work_stealing,idx=64,level=2,core=1,bytes=16384
L1SPSNAP_HART,bench=bfs_work_stealing,idx=64,level=2,core=1,thread=1,hart=17,bytes=16384
L1SPSNAP_CORE,bench=bfs_work_stealing,idx=65,level=2,core=0,bytes=0
L1SPSNAP_CORE,bench=bfs_work_stealing,idx=65,level=2,core=1,bytes=16384
L1SPSNAP_HART,bench=bfs_work_stealing,idx=65,level=2,core=1,thread=7,hart=23,bytes=16384
L1SPSNAP_CORE,bench=bfs_work_stealing,idx=66,level=2,core=0,bytes=0
L1SPSNAP_CORE,bench=bfs_work_stealing,idx=66,level=2,core=1,bytes=16384
L1SPSNAP_HART,bench=bfs_work_stealing,idx=66,level=2,core=1,thread=0,hart=16,bytes=16384
L1SPSNAP_CORE,bench=bfs_work_stealing,idx=67,level=2,core=0,bytes=0
L1SPSNAP_CORE,bench=bfs_work_stealing,idx=67,level=2,core=1,bytes=0
L1SPSNAP_CORE,bench=bfs_work_stealing,idx=68,level=2,core=0,bytes=0
L1SPSNAP_CORE,bench=bfs_work_stealing,idx=68,level=2,core=1,bytes=0
L1SPSNAP_CORE,bench=bfs_work_stealing,idx=69,level=2,core=0,bytes=0
L1SPSNAP_CORE,bench=bfs_work_stealing,idx=69,level=2,core=1,bytes=0
L1SPSNAP_CORE,bench=bfs_work_stealing,idx=70,level=2,core=0,bytes=0
L1SPSNAP_CORE,bench=bfs_work_stealing,idx=70,level=2,core=1,bytes=16384
L1SPSNAP_HART,bench=bfs_work_stealing,idx=70,level=2,core=1,thread=4,hart=20,bytes=16384
L1SPSNAP_CORE,bench=bfs_work_stealing,idx=71,level=2,core=0,bytes=0
L1SPSNAP_CORE,bench=bfs_work_stealing,idx=71,level=2,core=1,bytes=0
L1SPSNAP_CORE,bench=bfs_work_stealing,idx=72,level=2,core=0,bytes=0
L1SPSNAP_CORE,bench=bfs_work_stealing,idx=72,level=2,core=1,bytes=0
L1SPSNAP_CORE,bench=bfs_work_stealing,idx=73,level=2,core=0,bytes=0
L1SPSNAP_CORE,bench=bfs_work_stealing,idx=73,level=2,core=1,bytes=16384
L1SPSNAP_HART,bench=bfs_work_stealing,idx=73,level=2,core=1,thread=2,hart=18,bytes=16384
L1SPSNAP_CORE,bench=bfs_work_stealing,idx=74,level=2,core=0,bytes=0
L1SPSNAP_CORE,bench=bfs_work_stealing,idx=74,level=2,core=1,bytes=0
L1SPSNAP_CORE,bench=bfs_work_stealing,idx=75,level=2,core=0,bytes=0
L1SPSNAP_CORE,bench=bfs_work_stealing,idx=75,level=2,core=1,bytes=0
L1SPSNAP_CORE,bench=bfs_work_stealing,idx=76,level=2,core=0,bytes=0
L1SPSNAP_CORE,bench=bfs_work_stealing,idx=76,level=2,core=1,bytes=16384
L1SPSNAP_HART,bench=bfs_work_stealing,idx=76,level=2,core=1,thread=3,hart=19,bytes=16384
L1SPSNAP_CORE,bench=bfs_work_stealing,idx=77,level=2,core=0,bytes=0
L1SPSNAP_CORE,bench=bfs_work_stealing,idx=77,level=2,core=1,bytes=16384
L1SPSNAP_HART,bench=bfs_work_stealing,idx=77,level=2,core=1,thread=6,hart=22,bytes=16384
L1SPSNAP_CORE,bench=bfs_work_stealing,idx=78,level=2,core=0,bytes=0
L1SPSNAP_CORE,bench=bfs_work_stealing,idx=78,level=2,core=1,bytes=0
L1SPSNAP_CORE,bench=bfs_work_stealing,idx=79,level=2,core=0,bytes=0
L1SPSNAP_CORE,bench=bfs_work_stealing,idx=79,level=2,core=1,bytes=16384
L1SPSNAP_HART,bench=bfs_work_stealing,idx=79,level=2,core=1,thread=1,hart=17,bytes=16384
L1SPSNAP_CORE,bench=bfs_work_stealing,idx=80,level=2,core=0,bytes=0
L1SPSNAP_CORE,bench=bfs_work_stealing,idx=80,level=2,core=1,bytes=16384
L1SPSNAP_HART,bench=bfs_work_stealing,idx=80,level=2,core=1,thread=5,hart=21,bytes=16384
L1SPSNAP_CORE,bench=bfs_work_stealing,idx=81,level=2,core=0,bytes=0
L1SPSNAP_CORE,bench=bfs_work_stealing,idx=81,level=2,core=1,bytes=16384
L1SPSNAP_HART,bench=bfs_work_stealing,idx=81,level=2,core=1,thread=7,hart=23,bytes=16384
L1SPSNAP_CORE,bench=bfs_work_stealing,idx=82,level=2,core=0,bytes=0
L1SPSNAP_CORE,bench=bfs_work_stealing,idx=82,level=2,core=1,bytes=16384
L1SPSNAP_HART,bench=bfs_work_stealing,idx=82,level=2,core=1,thread=0,hart=16,bytes=16384
L1SPSNAP_CORE,bench=bfs_work_stealing,idx=83,level=2,core=0,bytes=0
L1SPSNAP_CORE,bench=bfs_work_stealing,idx=83,level=2,core=1,bytes=0
L1SPSNAP_CORE,bench=bfs_work_stealing,idx=84,level=2,core=0,bytes=0
L1SPSNAP_CORE,bench=bfs_work_stealing,idx=84,level=2,core=1,bytes=0
L1SPSNAP_CORE,bench=bfs_work_stealing,idx=85,level=2,core=0,bytes=0
L1SPSNAP_CORE,bench=bfs_work_stealing,idx=85,level=2,core=1,bytes=0
L1SPSNAP_CORE,bench=bfs_work_stealing,idx=86,level=2,core=0,bytes=0
L1SPSNAP_CORE,bench=bfs_work_stealing,idx=86,level=2,core=1,bytes=0
L1SPSNAP_CORE,bench=bfs_work_stealing,idx=87,level=2,core=0,bytes=0
L1SPSNAP_CORE,bench=bfs_work_stealing,idx=87,level=2,core=1,bytes=0
L1SPSNAP_CORE,bench=bfs_work_stealing,idx=88,level=2,core=0,bytes=0
L1SPSNAP_CORE,bench=bfs_work_stealing,idx=88,level=2,core=1,bytes=16384
L1SPSNAP_HART,bench=bfs_work_stealing,idx=88,level=2,core=1,thread=4,hart=20,bytes=16384
L1SPSNAP_CORE,bench=bfs_work_stealing,idx=89,level=2,core=0,bytes=0
L1SPSNAP_CORE,bench=bfs_work_stealing,idx=89,level=2,core=1,bytes=0
L1SPSNAP_CORE,bench=bfs_work_stealing,idx=90,level=2,core=0,bytes=0
L1SPSNAP_CORE,bench=bfs_work_stealing,idx=90,level=2,core=1,bytes=16384
L1SPSNAP_HART,bench=bfs_work_stealing,idx=90,level=2,core=1,thread=6,hart=22,bytes=16384
L1SPSNAP_CORE,bench=bfs_work_stealing,idx=91,level=2,core=0,bytes=0
L1SPSNAP_CORE,bench=bfs_work_stealing,idx=91,level=2,core=1,bytes=16384
L1SPSNAP_HART,bench=bfs_work_stealing,idx=91,level=2,core=1,thread=5,hart=21,bytes=16384
L1SPSNAP_CORE,bench=bfs_work_stealing,idx=92,level=2,core=0,bytes=0
L1SPSNAP_CORE,bench=bfs_work_stealing,idx=92,level=2,core=1,bytes=0
L1SPSNAP_CORE,bench=bfs_work_stealing,idx=93,level=2,core=0,bytes=0
L1SPSNAP_CORE,bench=bfs_work_stealing,idx=93,level=2,core=1,bytes=16384
L1SPSNAP_HART,bench=bfs_work_stealing,idx=93,level=2,core=1,thread=2,hart=18,bytes=16384
L1SPSNAP_CORE,bench=bfs_work_stealing,idx=94,level=2,core=0,bytes=0
L1SPSNAP_CORE,bench=bfs_work_stealing,idx=94,level=2,core=1,bytes=16384
L1SPSNAP_HART,bench=bfs_work_stealing,idx=94,level=2,core=1,thread=3,hart=19,bytes=16384
L1SPSNAP_CORE,bench=bfs_work_stealing,idx=95,level=2,core=0,bytes=0
L1SPSNAP_CORE,bench=bfs_work_stealing,idx=95,level=2,core=1,bytes=0
L1SPSNAP_CORE,bench=bfs_work_stealing,idx=96,level=2,core=0,bytes=0
L1SPSNAP_CORE,bench=bfs_work_stealing,idx=96,level=2,core=1,bytes=16384
L1SPSNAP_HART,bench=bfs_work_stealing,idx=96,level=2,core=1,thread=7,hart=23,bytes=16384
L1SPSNAP_CORE,bench=bfs_work_stealing,idx=97,level=2,core=0,bytes=0
L1SPSNAP_CORE,bench=bfs_work_stealing,idx=97,level=2,core=1,bytes=16384
L1SPSNAP_HART,bench=bfs_work_stealing,idx=97,level=2,core=1,thread=1,hart=17,bytes=16384
L1SPSNAP_CORE,bench=bfs_work_stealing,idx=98,level=2,core=0,bytes=0
L1SPSNAP_CORE,bench=bfs_work_stealing,idx=98,level=2,core=1,bytes=0
L1SPSNAP_CORE,bench=bfs_work_stealing,idx=99,level=2,core=0,bytes=0
L1SPSNAP_CORE,bench=bfs_work_stealing,idx=99,level=2,core=1,bytes=16384
L1SPSNAP_HART,bench=bfs_work_stealing,idx=99,level=2,core=1,thread=4,hart=20,bytes=16384
L1SPSNAP_CORE,bench=bfs_work_stealing,idx=100,level=2,core=0,bytes=0
L1SPSNAP_CORE,bench=bfs_work_stealing,idx=100,level=2,core=1,bytes=16384
L1SPSNAP_HART,bench=bfs_work_stealing,idx=100,level=2,core=1,thread=4,hart=20,bytes=16384
L1SPSNAP_CORE,bench=bfs_work_stealing,idx=101,level=2,core=0,bytes=0
L1SPSNAP_CORE,bench=bfs_work_stealing,idx=101,level=2,core=1,bytes=0
L1SPSNAP_CORE,bench=bfs_work_stealing,idx=102,level=2,core=0,bytes=0
L1SPSNAP_CORE,bench=bfs_work_stealing,idx=102,level=2,core=1,bytes=0
L1SPSNAP_CORE,bench=bfs_work_stealing,idx=103,level=2,core=0,bytes=16384
L1SPSNAP_CORE,bench=bfs_work_stealing,idx=103,level=2,core=1,bytes=0
L1SPSNAP_HART,bench=bfs_work_stealing,idx=103,level=2,core=0,thread=4,hart=4,bytes=16384
L1SPSNAP_CORE,bench=bfs_work_stealing,idx=104,level=2,core=0,bytes=0
L1SPSNAP_CORE,bench=bfs_work_stealing,idx=104,level=2,core=1,bytes=0
L1SPSNAP_CORE,bench=bfs_work_stealing,idx=105,level=2,core=0,bytes=16384
L1SPSNAP_CORE,bench=bfs_work_stealing,idx=105,level=2,core=1,bytes=0
L1SPSNAP_HART,bench=bfs_work_stealing,idx=105,level=2,core=0,thread=5,hart=5,bytes=16384
L1SPSNAP_CORE,bench=bfs_work_stealing,idx=106,level=2,core=0,bytes=16384
L1SPSNAP_CORE,bench=bfs_work_stealing,idx=106,level=2,core=1,bytes=0
L1SPSNAP_HART,bench=bfs_work_stealing,idx=106,level=2,core=0,thread=2,hart=2,bytes=16384
L1SPSNAP_CORE,bench=bfs_work_stealing,idx=107,level=2,core=0,bytes=16384
L1SPSNAP_CORE,bench=bfs_work_stealing,idx=107,level=2,core=1,bytes=0
L1SPSNAP_HART,bench=bfs_work_stealing,idx=107,level=2,core=0,thread=3,hart=3,bytes=16384
L1SPSNAP_CORE,bench=bfs_work_stealing,idx=108,level=2,core=0,bytes=0
L1SPSNAP_CORE,bench=bfs_work_stealing,idx=108,level=2,core=1,bytes=0
L1SPSNAP_CORE,bench=bfs_work_stealing,idx=109,level=2,core=0,bytes=16384
L1SPSNAP_CORE,bench=bfs_work_stealing,idx=109,level=2,core=1,bytes=0
L1SPSNAP_HART,bench=bfs_work_stealing,idx=109,level=2,core=0,thread=1,hart=1,bytes=16384
L1SPSNAP_CORE,bench=bfs_work_stealing,idx=110,level=2,core=0,bytes=0
L1SPSNAP_CORE,bench=bfs_work_stealing,idx=110,level=2,core=1,bytes=0
L1SPSNAP_CORE,bench=bfs_work_stealing,idx=111,level=2,core=0,bytes=0
L1SPSNAP_CORE,bench=bfs_work_stealing,idx=111,level=2,core=1,bytes=0
L1SPSNAP_CORE,bench=bfs_work_stealing,idx=112,level=2,core=0,bytes=0
L1SPSNAP_CORE,bench=bfs_work_stealing,idx=112,level=2,core=1,bytes=16384
L1SPSNAP_HART,bench=bfs_work_stealing,idx=112,level=2,core=1,thread=4,hart=20,bytes=16384
L1SPSNAP_CORE,bench=bfs_work_stealing,idx=113,level=2,core=0,bytes=0
L1SPSNAP_CORE,bench=bfs_work_stealing,idx=113,level=2,core=1,bytes=16384
L1SPSNAP_HART,bench=bfs_work_stealing,idx=113,level=2,core=1,thread=4,hart=20,bytes=16384
L1SPSNAP_CORE,bench=bfs_work_stealing,idx=114,level=2,core=0,bytes=16384
L1SPSNAP_CORE,bench=bfs_work_stealing,idx=114,level=2,core=1,bytes=0
L1SPSNAP_HART,bench=bfs_work_stealing,idx=114,level=2,core=0,thread=6,hart=6,bytes=16384
L1SPSNAP_CORE,bench=bfs_work_stealing,idx=115,level=2,core=0,bytes=16384
L1SPSNAP_CORE,bench=bfs_work_stealing,idx=115,level=2,core=1,bytes=0
L1SPSNAP_HART,bench=bfs_work_stealing,idx=115,level=2,core=0,thread=0,hart=0,bytes=16384
L1SPSNAP_CORE,bench=bfs_work_stealing,idx=116,level=2,core=0,bytes=0
L1SPSNAP_CORE,bench=bfs_work_stealing,idx=116,level=2,core=1,bytes=0
L1SPSNAP_CORE,bench=bfs_work_stealing,idx=117,level=2,core=0,bytes=16384
L1SPSNAP_CORE,bench=bfs_work_stealing,idx=117,level=2,core=1,bytes=0
L1SPSNAP_HART,bench=bfs_work_stealing,idx=117,level=2,core=0,thread=7,hart=7,bytes=16384
L1SPSNAP_CORE,bench=bfs_work_stealing,idx=118,level=2,core=0,bytes=0
L1SPSNAP_CORE,bench=bfs_work_stealing,idx=118,level=2,core=1,bytes=16384
L1SPSNAP_HART,bench=bfs_work_stealing,idx=118,level=2,core=1,thread=4,hart=20,bytes=16384
L1SPSNAP_CORE,bench=bfs_work_stealing,idx=119,level=2,core=0,bytes=0
L1SPSNAP_CORE,bench=bfs_work_stealing,idx=119,level=2,core=1,bytes=16384
L1SPSNAP_HART,bench=bfs_work_stealing,idx=119,level=2,core=1,thread=4,hart=20,bytes=16384
L1SPSNAP_CORE,bench=bfs_work_stealing,idx=120,level=2,core=0,bytes=0
L1SPSNAP_CORE,bench=bfs_work_stealing,idx=120,level=2,core=1,bytes=0
L1SPSNAP_CORE,bench=bfs_work_stealing,idx=121,level=2,core=0,bytes=0
L1SPSNAP_CORE,bench=bfs_work_stealing,idx=121,level=2,core=1,bytes=0
L1SPSNAP_CORE,bench=bfs_work_stealing,idx=122,level=2,core=0,bytes=0
L1SPSNAP_CORE,bench=bfs_work_stealing,idx=122,level=2,core=1,bytes=0
L1SPSNAP_CORE,bench=bfs_work_stealing,idx=123,level=2,core=0,bytes=0
L1SPSNAP_CORE,bench=bfs_work_stealing,idx=123,level=2,core=1,bytes=16384
L1SPSNAP_HART,bench=bfs_work_stealing,idx=123,level=2,core=1,thread=5,hart=21,bytes=16384
L1SPSNAP_CORE,bench=bfs_work_stealing,idx=124,level=2,core=0,bytes=0
L1SPSNAP_CORE,bench=bfs_work_stealing,idx=124,level=2,core=1,bytes=16384
L1SPSNAP_HART,bench=bfs_work_stealing,idx=124,level=2,core=1,thread=5,hart=21,bytes=16384
L1SPSNAP_CORE,bench=bfs_work_stealing,idx=125,level=2,core=0,bytes=0
L1SPSNAP_CORE,bench=bfs_work_stealing,idx=125,level=2,core=1,bytes=0
L1SPSNAP_CORE,bench=bfs_work_stealing,idx=126,level=2,core=0,bytes=16384
L1SPSNAP_CORE,bench=bfs_work_stealing,idx=126,level=2,core=1,bytes=0
L1SPSNAP_HART,bench=bfs_work_stealing,idx=126,level=2,core=0,thread=1,hart=1,bytes=16384
L1SPSNAP_CORE,bench=bfs_work_stealing,idx=127,level=2,core=0,bytes=0
L1SPSNAP_CORE,bench=bfs_work_stealing,idx=127,level=2,core=1,bytes=0
L1SPSNAP_CORE,bench=bfs_work_stealing,idx=128,level=2,core=0,bytes=0
L1SPSNAP_CORE,bench=bfs_work_stealing,idx=128,level=2,core=1,bytes=0
L1SPSNAP_CORE,bench=bfs_work_stealing,idx=129,level=2,core=0,bytes=16384
L1SPSNAP_CORE,bench=bfs_work_stealing,idx=129,level=2,core=1,bytes=0
L1SPSNAP_HART,bench=bfs_work_stealing,idx=129,level=2,core=0,thread=3,hart=3,bytes=16384
L1SPSNAP_CORE,bench=bfs_work_stealing,idx=130,level=2,core=0,bytes=16384
L1SPSNAP_CORE,bench=bfs_work_stealing,idx=130,level=2,core=1,bytes=0
L1SPSNAP_HART,bench=bfs_work_stealing,idx=130,level=2,core=0,thread=5,hart=5,bytes=16384
L1SPSNAP_CORE,bench=bfs_work_stealing,idx=131,level=2,core=0,bytes=0
L1SPSNAP_CORE,bench=bfs_work_stealing,idx=131,level=2,core=1,bytes=0
L1SPSNAP_CORE,bench=bfs_work_stealing,idx=132,level=2,core=0,bytes=16384
L1SPSNAP_CORE,bench=bfs_work_stealing,idx=132,level=2,core=1,bytes=0
L1SPSNAP_HART,bench=bfs_work_stealing,idx=132,level=2,core=0,thread=4,hart=4,bytes=16384
L1SPSNAP_CORE,bench=bfs_work_stealing,idx=133,level=2,core=0,bytes=16384
L1SPSNAP_CORE,bench=bfs_work_stealing,idx=133,level=2,core=1,bytes=0
L1SPSNAP_HART,bench=bfs_work_stealing,idx=133,level=2,core=0,thread=2,hart=2,bytes=16384
L1SPSNAP_CORE,bench=bfs_work_stealing,idx=134,level=2,core=0,bytes=0
L1SPSNAP_CORE,bench=bfs_work_stealing,idx=134,level=2,core=1,bytes=0
L1SPSNAP_CORE,bench=bfs_work_stealing,idx=135,level=2,core=0,bytes=16384
L1SPSNAP_CORE,bench=bfs_work_stealing,idx=135,level=2,core=1,bytes=0
L1SPSNAP_HART,bench=bfs_work_stealing,idx=135,level=2,core=0,thread=6,hart=6,bytes=16384
L1SPSNAP_CORE,bench=bfs_work_stealing,idx=136,level=2,core=0,bytes=0
L1SPSNAP_CORE,bench=bfs_work_stealing,idx=136,level=2,core=1,bytes=16384
L1SPSNAP_HART,bench=bfs_work_stealing,idx=136,level=2,core=1,thread=0,hart=16,bytes=16384
L1SPSNAP_CORE,bench=bfs_work_stealing,idx=137,level=2,core=0,bytes=0
L1SPSNAP_CORE,bench=bfs_work_stealing,idx=137,level=2,core=1,bytes=16384
L1SPSNAP_HART,bench=bfs_work_stealing,idx=137,level=2,core=1,thread=0,hart=16,bytes=16384
L1SPSNAP_CORE,bench=bfs_work_stealing,idx=138,level=2,core=0,bytes=16384
L1SPSNAP_CORE,bench=bfs_work_stealing,idx=138,level=2,core=1,bytes=0
L1SPSNAP_HART,bench=bfs_work_stealing,idx=138,level=2,core=0,thread=7,hart=7,bytes=16384
L1SPSNAP_CORE,bench=bfs_work_stealing,idx=139,level=2,core=0,bytes=16384
L1SPSNAP_CORE,bench=bfs_work_stealing,idx=139,level=2,core=1,bytes=0
L1SPSNAP_HART,bench=bfs_work_stealing,idx=139,level=2,core=0,thread=0,hart=0,bytes=16384
L1SPSNAP_CORE,bench=bfs_work_stealing,idx=140,level=2,core=0,bytes=0
L1SPSNAP_CORE,bench=bfs_work_stealing,idx=140,level=2,core=1,bytes=0
L1SPSNAP_CORE,bench=bfs_work_stealing,idx=141,level=2,core=0,bytes=0
L1SPSNAP_CORE,bench=bfs_work_stealing,idx=141,level=2,core=1,bytes=0
L1SPSNAP_CORE,bench=bfs_work_stealing,idx=142,level=2,core=0,bytes=0
L1SPSNAP_CORE,bench=bfs_work_stealing,idx=142,level=2,core=1,bytes=16384
L1SPSNAP_HART,bench=bfs_work_stealing,idx=142,level=2,core=1,thread=0,hart=16,bytes=16384
L1SPSNAP_CORE,bench=bfs_work_stealing,idx=143,level=2,core=0,bytes=0
L1SPSNAP_CORE,bench=bfs_work_stealing,idx=143,level=2,core=1,bytes=16384
L1SPSNAP_HART,bench=bfs_work_stealing,idx=143,level=2,core=1,thread=0,hart=16,bytes=16384
L1SPSNAP_CORE,bench=bfs_work_stealing,idx=144,level=2,core=0,bytes=0
L1SPSNAP_CORE,bench=bfs_work_stealing,idx=144,level=2,core=1,bytes=16384
L1SPSNAP_HART,bench=bfs_work_stealing,idx=144,level=2,core=1,thread=0,hart=16,bytes=16384
L1SPSNAP_CORE,bench=bfs_work_stealing,idx=145,level=2,core=0,bytes=0
L1SPSNAP_CORE,bench=bfs_work_stealing,idx=145,level=2,core=1,bytes=16384
L1SPSNAP_HART,bench=bfs_work_stealing,idx=145,level=2,core=1,thread=0,hart=16,bytes=16384
L1SPSNAP_CORE,bench=bfs_work_stealing,idx=146,level=2,core=0,bytes=16384
L1SPSNAP_CORE,bench=bfs_work_stealing,idx=146,level=2,core=1,bytes=0
L1SPSNAP_HART,bench=bfs_work_stealing,idx=146,level=2,core=0,thread=5,hart=5,bytes=16384
L1SPSNAP_CORE,bench=bfs_work_stealing,idx=147,level=2,core=0,bytes=0
L1SPSNAP_CORE,bench=bfs_work_stealing,idx=147,level=2,core=1,bytes=0
L1SPSNAP_CORE,bench=bfs_work_stealing,idx=148,level=2,core=0,bytes=0
L1SPSNAP_CORE,bench=bfs_work_stealing,idx=148,level=2,core=1,bytes=0
L1SPSNAP_CORE,bench=bfs_work_stealing,idx=149,level=2,core=0,bytes=0
L1SPSNAP_CORE,bench=bfs_work_stealing,idx=149,level=2,core=1,bytes=16384
L1SPSNAP_HART,bench=bfs_work_stealing,idx=149,level=2,core=1,thread=2,hart=18,bytes=16384
L1SPSNAP_CORE,bench=bfs_work_stealing,idx=150,level=2,core=0,bytes=16384
L1SPSNAP_CORE,bench=bfs_work_stealing,idx=150,level=2,core=1,bytes=0
L1SPSNAP_HART,bench=bfs_work_stealing,idx=150,level=2,core=0,thread=1,hart=1,bytes=16384
L1SPSNAP_CORE,bench=bfs_work_stealing,idx=151,level=2,core=0,bytes=0
L1SPSNAP_CORE,bench=bfs_work_stealing,idx=151,level=2,core=1,bytes=16384
L1SPSNAP_HART,bench=bfs_work_stealing,idx=151,level=2,core=1,thread=2,hart=18,bytes=16384
L1SPSNAP_CORE,bench=bfs_work_stealing,idx=152,level=2,core=0,bytes=0
L1SPSNAP_CORE,bench=bfs_work_stealing,idx=152,level=2,core=1,bytes=0
L1SPSNAP_CORE,bench=bfs_work_stealing,idx=153,level=2,core=0,bytes=0
L1SPSNAP_CORE,bench=bfs_work_stealing,idx=153,level=2,core=1,bytes=0
L1SPSNAP_CORE,bench=bfs_work_stealing,idx=154,level=2,core=0,bytes=0
L1SPSNAP_CORE,bench=bfs_work_stealing,idx=154,level=2,core=1,bytes=0
L1SPSNAP_CORE,bench=bfs_work_stealing,idx=155,level=2,core=0,bytes=16384
L1SPSNAP_CORE,bench=bfs_work_stealing,idx=155,level=2,core=1,bytes=0
L1SPSNAP_HART,bench=bfs_work_stealing,idx=155,level=2,core=0,thread=3,hart=3,bytes=16384
L1SPSNAP_CORE,bench=bfs_work_stealing,idx=156,level=2,core=0,bytes=16384
L1SPSNAP_CORE,bench=bfs_work_stealing,idx=156,level=2,core=1,bytes=0
L1SPSNAP_HART,bench=bfs_work_stealing,idx=156,level=2,core=0,thread=7,hart=7,bytes=16384
L1SPSNAP_CORE,bench=bfs_work_stealing,idx=157,level=2,core=0,bytes=16384
L1SPSNAP_CORE,bench=bfs_work_stealing,idx=157,level=2,core=1,bytes=0
L1SPSNAP_HART,bench=bfs_work_stealing,idx=157,level=2,core=0,thread=4,hart=4,bytes=16384
L1SPSNAP_CORE,bench=bfs_work_stealing,idx=158,level=2,core=0,bytes=16384
L1SPSNAP_CORE,bench=bfs_work_stealing,idx=158,level=2,core=1,bytes=0
L1SPSNAP_HART,bench=bfs_work_stealing,idx=158,level=2,core=0,thread=2,hart=2,bytes=16384
L1SPSNAP_CORE,bench=bfs_work_stealing,idx=159,level=2,core=0,bytes=0
L1SPSNAP_CORE,bench=bfs_work_stealing,idx=159,level=2,core=1,bytes=0
L1SPSNAP_CORE,bench=bfs_work_stealing,idx=160,level=2,core=0,bytes=0
L1SPSNAP_CORE,bench=bfs_work_stealing,idx=160,level=2,core=1,bytes=0
L1SPSNAP_CORE,bench=bfs_work_stealing,idx=161,level=2,core=0,bytes=16384
L1SPSNAP_CORE,bench=bfs_work_stealing,idx=161,level=2,core=1,bytes=0
L1SPSNAP_HART,bench=bfs_work_stealing,idx=161,level=2,core=0,thread=6,hart=6,bytes=16384
L1SPSNAP_CORE,bench=bfs_work_stealing,idx=162,level=2,core=0,bytes=16384
L1SPSNAP_CORE,bench=bfs_work_stealing,idx=162,level=2,core=1,bytes=0
L1SPSNAP_HART,bench=bfs_work_stealing,idx=162,level=2,core=0,thread=0,hart=0,bytes=16384
L1SPSNAP_CORE,bench=bfs_work_stealing,idx=163,level=2,core=0,bytes=0
L1SPSNAP_CORE,bench=bfs_work_stealing,idx=163,level=2,core=1,bytes=0
L1SPSNAP_CORE,bench=bfs_work_stealing,idx=164,level=2,core=0,bytes=0
L1SPSNAP_CORE,bench=bfs_work_stealing,idx=164,level=2,core=1,bytes=16384
L1SPSNAP_HART,bench=bfs_work_stealing,idx=164,level=2,core=1,thread=2,hart=18,bytes=16384
L1SPSNAP_CORE,bench=bfs_work_stealing,idx=165,level=2,core=0,bytes=0
L1SPSNAP_CORE,bench=bfs_work_stealing,idx=165,level=2,core=1,bytes=16384
L1SPSNAP_HART,bench=bfs_work_stealing,idx=165,level=2,core=1,thread=2,hart=18,bytes=16384
L1SPSNAP_CORE,bench=bfs_work_stealing,idx=166,level=2,core=0,bytes=0
L1SPSNAP_CORE,bench=bfs_work_stealing,idx=166,level=2,core=1,bytes=16384
L1SPSNAP_HART,bench=bfs_work_stealing,idx=166,level=2,core=1,thread=2,hart=18,bytes=16384
L1SPSNAP_CORE,bench=bfs_work_stealing,idx=167,level=2,core=0,bytes=0
L1SPSNAP_CORE,bench=bfs_work_stealing,idx=167,level=2,core=1,bytes=16384
L1SPSNAP_HART,bench=bfs_work_stealing,idx=167,level=2,core=1,thread=2,hart=18,bytes=16384
L1SPSNAP_CORE,bench=bfs_work_stealing,idx=168,level=2,core=0,bytes=0
L1SPSNAP_CORE,bench=bfs_work_stealing,idx=168,level=2,core=1,bytes=16384
L1SPSNAP_HART,bench=bfs_work_stealing,idx=168,level=2,core=1,thread=4,hart=20,bytes=16384
L1SPSNAP_CORE,bench=bfs_work_stealing,idx=169,level=2,core=0,bytes=0
L1SPSNAP_CORE,bench=bfs_work_stealing,idx=169,level=2,core=1,bytes=16384
L1SPSNAP_HART,bench=bfs_work_stealing,idx=169,level=2,core=1,thread=4,hart=20,bytes=16384
L1SPSNAP_CORE,bench=bfs_work_stealing,idx=170,level=2,core=0,bytes=0
L1SPSNAP_CORE,bench=bfs_work_stealing,idx=170,level=2,core=1,bytes=0
L1SPSNAP_CORE,bench=bfs_work_stealing,idx=171,level=2,core=0,bytes=0
L1SPSNAP_CORE,bench=bfs_work_stealing,idx=171,level=2,core=1,bytes=0
L1SPSNAP_CORE,bench=bfs_work_stealing,idx=172,level=2,core=0,bytes=0
L1SPSNAP_CORE,bench=bfs_work_stealing,idx=172,level=2,core=1,bytes=0
L1SPSNAP_CORE,bench=bfs_work_stealing,idx=173,level=2,core=0,bytes=16384
L1SPSNAP_CORE,bench=bfs_work_stealing,idx=173,level=2,core=1,bytes=0
L1SPSNAP_HART,bench=bfs_work_stealing,idx=173,level=2,core=0,thread=5,hart=5,bytes=16384
L1SPSNAP_CORE,bench=bfs_work_stealing,idx=174,level=2,core=0,bytes=16384
L1SPSNAP_CORE,bench=bfs_work_stealing,idx=174,level=2,core=1,bytes=0
L1SPSNAP_HART,bench=bfs_work_stealing,idx=174,level=2,core=0,thread=1,hart=1,bytes=16384
L1SPSNAP_CORE,bench=bfs_work_stealing,idx=175,level=2,core=0,bytes=0
L1SPSNAP_CORE,bench=bfs_work_stealing,idx=175,level=2,core=1,bytes=0
L1SPSNAP_CORE,bench=bfs_work_stealing,idx=176,level=2,core=0,bytes=16384
L1SPSNAP_CORE,bench=bfs_work_stealing,idx=176,level=2,core=1,bytes=0
L1SPSNAP_HART,bench=bfs_work_stealing,idx=176,level=2,core=0,thread=3,hart=3,bytes=16384
L1SPSNAP_CORE,bench=bfs_work_stealing,idx=177,level=2,core=0,bytes=0
L1SPSNAP_CORE,bench=bfs_work_stealing,idx=177,level=2,core=1,bytes=0
L1SPSNAP_CORE,bench=bfs_work_stealing,idx=178,level=2,core=0,bytes=16384
L1SPSNAP_CORE,bench=bfs_work_stealing,idx=178,level=2,core=1,bytes=0
L1SPSNAP_HART,bench=bfs_work_stealing,idx=178,level=2,core=0,thread=7,hart=7,bytes=16384
L1SPSNAP_CORE,bench=bfs_work_stealing,idx=179,level=2,core=0,bytes=16384
L1SPSNAP_CORE,bench=bfs_work_stealing,idx=179,level=2,core=1,bytes=0
L1SPSNAP_HART,bench=bfs_work_stealing,idx=179,level=2,core=0,thread=4,hart=4,bytes=16384
L1SPSNAP_CORE,bench=bfs_work_stealing,idx=180,level=2,core=0,bytes=16384
L1SPSNAP_CORE,bench=bfs_work_stealing,idx=180,level=2,core=1,bytes=0
L1SPSNAP_HART,bench=bfs_work_stealing,idx=180,level=2,core=0,thread=0,hart=0,bytes=16384
L1SPSNAP_CORE,bench=bfs_work_stealing,idx=181,level=2,core=0,bytes=0
L1SPSNAP_CORE,bench=bfs_work_stealing,idx=181,level=2,core=1,bytes=0
L1SPSNAP_CORE,bench=bfs_work_stealing,idx=182,level=2,core=0,bytes=0
L1SPSNAP_CORE,bench=bfs_work_stealing,idx=182,level=2,core=1,bytes=0
L1SPSNAP_CORE,bench=bfs_work_stealing,idx=183,level=2,core=0,bytes=0
L1SPSNAP_CORE,bench=bfs_work_stealing,idx=183,level=2,core=1,bytes=0
L1SPSNAP_CORE,bench=bfs_work_stealing,idx=184,level=2,core=0,bytes=0
L1SPSNAP_CORE,bench=bfs_work_stealing,idx=184,level=2,core=1,bytes=0
L1SPSNAP_CORE,bench=bfs_work_stealing,idx=185,level=2,core=0,bytes=16384
L1SPSNAP_CORE,bench=bfs_work_stealing,idx=185,level=2,core=1,bytes=0
L1SPSNAP_HART,bench=bfs_work_stealing,idx=185,level=2,core=0,thread=2,hart=2,bytes=16384
L1SPSNAP_CORE,bench=bfs_work_stealing,idx=186,level=2,core=0,bytes=0
L1SPSNAP_CORE,bench=bfs_work_stealing,idx=186,level=2,core=1,bytes=0
L1SPSNAP_CORE,bench=bfs_work_stealing,idx=187,level=2,core=0,bytes=16384
L1SPSNAP_CORE,bench=bfs_work_stealing,idx=187,level=2,core=1,bytes=0
L1SPSNAP_HART,bench=bfs_work_stealing,idx=187,level=2,core=0,thread=6,hart=6,bytes=16384
L1SPSNAP_DUMP_END,bench=bfs_work_stealing
L2SPACCESS_DUMP_BEGIN,bench=bfs_work_stealing,cores=2,harts_per_core=16
L2SPACCESS_CORE,bench=bfs_work_stealing,core=0,wq=134596,frontier=48981,graph=1073428,total=1257005
L2SPACCESS_CORE,bench=bfs_work_stealing,core=1,wq=138164,frontier=17788,graph=791442,total=947394
L2SPACCESS_HART,bench=bfs_work_stealing,hart=0,core=0,thread=0,wq=7489,frontier=1788,graph=64505,total=73782
L2SPACCESS_HART,bench=bfs_work_stealing,hart=1,core=0,thread=1,wq=7292,frontier=1858,graph=68805,total=77955
L2SPACCESS_HART,bench=bfs_work_stealing,hart=2,core=0,thread=2,wq=7416,frontier=1862,graph=63578,total=72856
L2SPACCESS_HART,bench=bfs_work_stealing,hart=3,core=0,thread=3,wq=7444,frontier=1808,graph=64824,total=74076
L2SPACCESS_HART,bench=bfs_work_stealing,hart=4,core=0,thread=4,wq=7374,frontier=1780,graph=66623,total=75777
L2SPACCESS_HART,bench=bfs_work_stealing,hart=5,core=0,thread=5,wq=7447,frontier=1874,graph=63740,total=73061
L2SPACCESS_HART,bench=bfs_work_stealing,hart=6,core=0,thread=6,wq=7319,frontier=1854,graph=68584,total=77757
L2SPACCESS_HART,bench=bfs_work_stealing,hart=7,core=0,thread=7,wq=7501,frontier=1868,graph=62680,total=72049
L2SPACCESS_HART,bench=bfs_work_stealing,hart=8,core=0,thread=8,wq=7324,frontier=1838,graph=64916,total=74078
L2SPACCESS_HART,bench=bfs_work_stealing,hart=9,core=0,thread=9,wq=24116,frontier=21399,graph=83703,total=129218
L2SPACCESS_HART,bench=bfs_work_stealing,hart=10,core=0,thread=10,wq=7365,frontier=1852,graph=66767,total=75984
L2SPACCESS_HART,bench=bfs_work_stealing,hart=11,core=0,thread=11,wq=7275,frontier=1804,graph=66577,total=75656
L2SPACCESS_HART,bench=bfs_work_stealing,hart=12,core=0,thread=12,wq=7578,frontier=1818,graph=62993,total=72389
L2SPACCESS_HART,bench=bfs_work_stealing,hart=13,core=0,thread=13,wq=6961,frontier=1840,graph=70324,total=79125
L2SPACCESS_HART,bench=bfs_work_stealing,hart=14,core=0,thread=14,wq=7371,frontier=1844,graph=67000,total=76215
L2SPACCESS_HART,bench=bfs_work_stealing,hart=15,core=0,thread=15,wq=7324,frontier=1894,graph=67809,total=77027
L2SPACCESS_HART,bench=bfs_work_stealing,hart=16,core=1,thread=0,wq=8757,frontier=1364,graph=51188,total=61309
L2SPACCESS_HART,bench=bfs_work_stealing,hart=17,core=1,thread=1,wq=8600,frontier=1148,graph=48550,total=58298
L2SPACCESS_HART,bench=bfs_work_stealing,hart=18,core=1,thread=2,wq=8774,frontier=1146,graph=50008,total=59928
L2SPACCESS_HART,bench=bfs_work_stealing,hart=19,core=1,thread=3,wq=8462,frontier=1042,graph=50261,total=59765
L2SPACCESS_HART,bench=bfs_work_stealing,hart=20,core=1,thread=4,wq=8445,frontier=1325,graph=52651,total=62421
L2SPACCESS_HART,bench=bfs_work_stealing,hart=21,core=1,thread=5,wq=8385,frontier=1123,graph=51711,total=61219
L2SPACCESS_HART,bench=bfs_work_stealing,hart=22,core=1,thread=6,wq=8579,frontier=1066,graph=48328,total=57973
L2SPACCESS_HART,bench=bfs_work_stealing,hart=23,core=1,thread=7,wq=8699,frontier=938,graph=50131,total=59768
L2SPACCESS_HART,bench=bfs_work_stealing,hart=24,core=1,thread=8,wq=8733,frontier=998,graph=48537,total=58268
L2SPACCESS_HART,bench=bfs_work_stealing,hart=25,core=1,thread=9,wq=8770,frontier=1000,graph=47342,total=57112
L2SPACCESS_HART,bench=bfs_work_stealing,hart=26,core=1,thread=10,wq=8875,frontier=1154,graph=45845,total=55874
L2SPACCESS_HART,bench=bfs_work_stealing,hart=27,core=1,thread=11,wq=8594,frontier=1090,graph=48165,total=57849
L2SPACCESS_HART,bench=bfs_work_stealing,hart=28,core=1,thread=12,wq=8546,frontier=1038,graph=48487,total=58071
L2SPACCESS_HART,bench=bfs_work_stealing,hart=29,core=1,thread=13,wq=8877,frontier=1114,graph=46992,total=56983
L2SPACCESS_HART,bench=bfs_work_stealing,hart=30,core=1,thread=14,wq=8636,frontier=1066,graph=48862,total=58564
L2SPACCESS_HART,bench=bfs_work_stealing,hart=31,core=1,thread=15,wq=8432,frontier=1176,graph=54384,total=63992
L2SPACCESS_DUMP_END,bench=bfs_work_stealing
