WQTRACE_DUMP_BEGIN,bench=pagerank_work_stealing,cores=2,samples=25,dropped=0
WQTRACE,bench=pagerank_work_stealing,cores=2,sample=0,phase=init,level=-1,iter=-1,queue=core,depths=0|0
WQTRACE,bench=pagerank_work_stealing,cores=2,sample=1,phase=iter_begin,level=-1,iter=0,queue=core,depths=512|512
WQTRACE,bench=pagerank_work_stealing,cores=2,sample=2,phase=iter_end,level=-1,iter=0,queue=core,depths=0|0
WQTRACE,bench=pagerank_work_stealing,cores=2,sample=3,phase=iter_begin,level=-1,iter=1,queue=core,depths=512|512
WQTRACE,bench=pagerank_work_stealing,cores=2,sample=4,phase=iter_end,level=-1,iter=1,queue=core,depths=0|0
WQTRACE,bench=pagerank_work_stealing,cores=2,sample=5,phase=iter_begin,level=-1,iter=2,queue=core,depths=512|512
WQTRACE,bench=pagerank_work_stealing,cores=2,sample=6,phase=iter_end,level=-1,iter=2,queue=core,depths=0|0
WQTRACE,bench=pagerank_work_stealing,cores=2,sample=7,phase=iter_begin,level=-1,iter=3,queue=core,depths=512|512
WQTRACE,bench=pagerank_work_stealing,cores=2,sample=8,phase=iter_end,level=-1,iter=3,queue=core,depths=0|0
WQTRACE,bench=pagerank_work_stealing,cores=2,sample=9,phase=iter_begin,level=-1,iter=4,queue=core,depths=512|512
WQTRACE,bench=pagerank_work_stealing,cores=2,sample=10,phase=iter_end,level=-1,iter=4,queue=core,depths=0|0
WQTRACE,bench=pagerank_work_stealing,cores=2,sample=11,phase=iter_begin,level=-1,iter=5,queue=core,depths=512|512
WQTRACE,bench=pagerank_work_stealing,cores=2,sample=12,phase=iter_end,level=-1,iter=5,queue=core,depths=0|0
WQTRACE,bench=pagerank_work_stealing,cores=2,sample=13,phase=iter_begin,level=-1,iter=6,queue=core,depths=512|512
WQTRACE,bench=pagerank_work_stealing,cores=2,sample=14,phase=iter_during,level=-1,iter=6,queue=core,depths=0|0
WQTRACE,bench=pagerank_work_stealing,cores=2,sample=15,phase=iter_end,level=-1,iter=6,queue=core,depths=0|0
WQTRACE,bench=pagerank_work_stealing,cores=2,sample=16,phase=iter_begin,level=-1,iter=7,queue=core,depths=512|512
WQTRACE,bench=pagerank_work_stealing,cores=2,sample=17,phase=iter_during,level=-1,iter=7,queue=core,depths=0|0
WQTRACE,bench=pagerank_work_stealing,cores=2,sample=18,phase=iter_end,level=-1,iter=7,queue=core,depths=0|0
WQTRACE,bench=pagerank_work_stealing,cores=2,sample=19,phase=iter_begin,level=-1,iter=8,queue=core,depths=512|512
WQTRACE,bench=pagerank_work_stealing,cores=2,sample=20,phase=iter_end,level=-1,iter=8,queue=core,depths=0|0
WQTRACE,bench=pagerank_work_stealing,cores=2,sample=21,phase=iter_begin,level=-1,iter=9,queue=core,depths=512|512
WQTRACE,bench=pagerank_work_stealing,cores=2,sample=22,phase=iter_during,level=-1,iter=9,queue=core,depths=0|0
WQTRACE,bench=pagerank_work_stealing,cores=2,sample=23,phase=iter_end,level=-1,iter=9,queue=core,depths=0|0
WQTRACE,bench=pagerank_work_stealing,cores=2,sample=24,phase=final,level=-1,iter=10,queue=core,depths=0|0
WQTRACE_DUMP_END,bench=pagerank_work_stealing
