WQTRACE_DUMP_BEGIN,bench=pagerank_work_stealing,cores=8,samples=161,dropped=0
WQTRACE,bench=pagerank_work_stealing,cores=8,sample=0,phase=init,level=-1,iter=-1,queue=core,depths=0|0|0|0|0|0|0|0
WQTRACE,bench=pagerank_work_stealing,cores=8,sample=1,phase=iter_begin,level=-1,iter=0,queue=core,depths=131|261|131|260|130|260|130|260
WQTRACE,bench=pagerank_work_stealing,cores=8,sample=2,phase=iter_during,level=-1,iter=0,queue=core,depths=0|113|0|120|0|108|0|116
WQTRACE,bench=pagerank_work_stealing,cores=8,sample=3,phase=iter_during,level=-1,iter=0,queue=core,depths=0|113|0|120|0|108|0|116
WQTRACE,bench=pagerank_work_stealing,cores=8,sample=4,phase=iter_during,level=-1,iter=0,queue=core,depths=0|113|0|120|0|108|0|116
WQTRACE,bench=pagerank_work_stealing,cores=8,sample=5,phase=iter_during,level=-1,iter=0,queue=core,depths=0|113|0|120|0|108|0|116
WQTRACE,bench=pagerank_work_stealing,cores=8,sample=6,phase=iter_during,level=-1,iter=0,queue=core,depths=0|113|0|120|0|108|0|116
WQTRACE,bench=pagerank_work_stealing,cores=8,sample=7,phase=iter_during,level=-1,iter=0,queue=core,depths=0|113|0|120|0|108|0|116
WQTRACE,bench=pagerank_work_stealing,cores=8,sample=8,phase=iter_during,level=-1,iter=0,queue=core,depths=0|113|0|120|0|108|0|115
WQTRACE,bench=pagerank_work_stealing,cores=8,sample=9,phase=iter_during,level=-1,iter=0,queue=core,depths=0|113|0|120|0|108|0|115
WQTRACE,bench=pagerank_work_stealing,cores=8,sample=10,phase=iter_during,level=-1,iter=0,queue=core,depths=0|113|0|120|0|108|0|115
WQTRACE,bench=pagerank_work_stealing,cores=8,sample=11,phase=iter_during,level=-1,iter=0,queue=core,depths=0|113|0|120|0|108|0|115
WQTRACE,bench=pagerank_work_stealing,cores=8,sample=12,phase=iter_during,level=-1,iter=0,queue=core,depths=0|113|0|120|0|108|0|115
WQTRACE,bench=pagerank_work_stealing,cores=8,sample=13,phase=iter_during,level=-1,iter=0,queue=core,depths=0|113|0|120|0|108|0|115
WQTRACE,bench=pagerank_work_stealing,cores=8,sample=14,phase=iter_during,level=-1,iter=0,queue=core,depths=0|113|0|120|0|108|0|115
WQTRACE,bench=pagerank_work_stealing,cores=8,sample=15,phase=iter_during,level=-1,iter=0,queue=core,depths=0|113|0|120|0|108|0|112
WQTRACE,bench=pagerank_work_stealing,cores=8,sample=16,phase=iter_during,level=-1,iter=0,queue=core,depths=0|97|0|104|0|93|0|101
WQTRACE,bench=pagerank_work_stealing,cores=8,sample=17,phase=iter_during,level=-1,iter=0,queue=core,depths=0|97|0|104|0|92|0|100
WQTRACE,bench=pagerank_work_stealing,cores=8,sample=18,phase=iter_during,level=-1,iter=0,queue=core,depths=0|97|0|104|0|92|0|100
WQTRACE,bench=pagerank_work_stealing,cores=8,sample=19,phase=iter_end,level=-1,iter=0,queue=core,depths=0|0|0|0|0|0|0|0
WQTRACE,bench=pagerank_work_stealing,cores=8,sample=20,phase=iter_begin,level=-1,iter=1,queue=core,depths=131|261|131|260|130|260|130|260
WQTRACE,bench=pagerank_work_stealing,cores=8,sample=21,phase=iter_during,level=-1,iter=1,queue=core,depths=0|122|0|120|0|120|0|117
WQTRACE,bench=pagerank_work_stealing,cores=8,sample=22,phase=iter_during,level=-1,iter=1,queue=core,depths=0|121|0|120|0|120|0|116
WQTRACE,bench=pagerank_work_stealing,cores=8,sample=23,phase=iter_during,level=-1,iter=1,queue=core,depths=0|121|0|120|0|120|0|116
WQTRACE,bench=pagerank_work_stealing,cores=8,sample=24,phase=iter_during,level=-1,iter=1,queue=core,depths=0|121|0|120|0|120|0|116
WQTRACE,bench=pagerank_work_stealing,cores=8,sample=25,phase=iter_during,level=-1,iter=1,queue=core,depths=0|121|0|120|0|120|0|116
WQTRACE,bench=pagerank_work_stealing,cores=8,sample=26,phase=iter_during,level=-1,iter=1,queue=core,depths=0|121|0|120|0|120|0|116
WQTRACE,bench=pagerank_work_stealing,cores=8,sample=27,phase=iter_during,level=-1,iter=1,queue=core,depths=0|121|0|120|0|120|0|116
WQTRACE,bench=pagerank_work_stealing,cores=8,sample=28,phase=iter_during,level=-1,iter=1,queue=core,depths=0|121|0|120|0|120|0|115
WQTRACE,bench=pagerank_work_stealing,cores=8,sample=29,phase=iter_during,level=-1,iter=1,queue=core,depths=0|121|0|120|0|120|0|115
WQTRACE,bench=pagerank_work_stealing,cores=8,sample=30,phase=iter_during,level=-1,iter=1,queue=core,depths=0|121|0|120|0|120|0|115
WQTRACE,bench=pagerank_work_stealing,cores=8,sample=31,phase=iter_during,level=-1,iter=1,queue=core,depths=0|121|0|120|0|120|0|115
WQTRACE,bench=pagerank_work_stealing,cores=8,sample=32,phase=iter_during,level=-1,iter=1,queue=core,depths=0|121|0|120|0|120|0|115
WQTRACE,bench=pagerank_work_stealing,cores=8,sample=33,phase=iter_during,level=-1,iter=1,queue=core,depths=0|121|0|120|0|120|0|115
WQTRACE,bench=pagerank_work_stealing,cores=8,sample=34,phase=iter_during,level=-1,iter=1,queue=core,depths=0|121|0|120|0|120|0|115
WQTRACE,bench=pagerank_work_stealing,cores=8,sample=35,phase=iter_end,level=-1,iter=1,queue=core,depths=0|0|0|0|0|0|0|0
WQTRACE,bench=pagerank_work_stealing,cores=8,sample=36,phase=iter_begin,level=-1,iter=2,queue=core,depths=131|261|131|260|130|260|130|260
WQTRACE,bench=pagerank_work_stealing,cores=8,sample=37,phase=iter_during,level=-1,iter=2,queue=core,depths=0|137|7|132|6|132|6|123
WQTRACE,bench=pagerank_work_stealing,cores=8,sample=38,phase=iter_during,level=-1,iter=2,queue=core,depths=0|137|7|132|6|132|6|123
WQTRACE,bench=pagerank_work_stealing,cores=8,sample=39,phase=iter_during,level=-1,iter=2,queue=core,depths=0|128|0|123|0|121|0|111
WQTRACE,bench=pagerank_work_stealing,cores=8,sample=40,phase=iter_during,level=-1,iter=2,queue=core,depths=0|121|0|116|0|116|0|108
WQTRACE,bench=pagerank_work_stealing,cores=8,sample=41,phase=iter_during,level=-1,iter=2,queue=core,depths=0|121|0|116|0|116|0|108
WQTRACE,bench=pagerank_work_stealing,cores=8,sample=42,phase=iter_during,level=-1,iter=2,queue=core,depths=0|121|0|116|0|116|0|108
WQTRACE,bench=pagerank_work_stealing,cores=8,sample=43,phase=iter_during,level=-1,iter=2,queue=core,depths=0|121|0|116|0|116|0|108
WQTRACE,bench=pagerank_work_stealing,cores=8,sample=44,phase=iter_during,level=-1,iter=2,queue=core,depths=0|121|0|116|0|116|0|108
WQTRACE,bench=pagerank_work_stealing,cores=8,sample=45,phase=iter_during,level=-1,iter=2,queue=core,depths=0|121|0|116|0|116|0|108
WQTRACE,bench=pagerank_work_stealing,cores=8,sample=46,phase=iter_during,level=-1,iter=2,queue=core,depths=0|121|0|116|0|116|0|107
WQTRACE,bench=pagerank_work_stealing,cores=8,sample=47,phase=iter_during,level=-1,iter=2,queue=core,depths=0|121|0|116|0|116|0|107
WQTRACE,bench=pagerank_work_stealing,cores=8,sample=48,phase=iter_during,level=-1,iter=2,queue=core,depths=0|121|0|116|0|116|0|107
WQTRACE,bench=pagerank_work_stealing,cores=8,sample=49,phase=iter_during,level=-1,iter=2,queue=core,depths=0|121|0|116|0|116|0|107
WQTRACE,bench=pagerank_work_stealing,cores=8,sample=50,phase=iter_during,level=-1,iter=2,queue=core,depths=0|121|0|116|0|116|0|107
WQTRACE,bench=pagerank_work_stealing,cores=8,sample=51,phase=iter_end,level=-1,iter=2,queue=core,depths=0|0|0|0|0|0|0|0
WQTRACE,bench=pagerank_work_stealing,cores=8,sample=52,phase=iter_begin,level=-1,iter=3,queue=core,depths=131|261|131|260|130|260|130|260
WQTRACE,bench=pagerank_work_stealing,cores=8,sample=53,phase=iter_during,level=-1,iter=3,queue=core,depths=0|117|0|116|0|116|0|116
WQTRACE,bench=pagerank_work_stealing,cores=8,sample=54,phase=iter_during,level=-1,iter=3,queue=core,depths=0|117|0|116|0|116|0|115
WQTRACE,bench=pagerank_work_stealing,cores=8,sample=55,phase=iter_during,level=-1,iter=3,queue=core,depths=0|117|0|116|0|116|0|115
WQTRACE,bench=pagerank_work_stealing,cores=8,sample=56,phase=iter_during,level=-1,iter=3,queue=core,depths=0|117|0|116|0|116|0|115
WQTRACE,bench=pagerank_work_stealing,cores=8,sample=57,phase=iter_during,level=-1,iter=3,queue=core,depths=0|117|0|116|0|116|0|115
WQTRACE,bench=pagerank_work_stealing,cores=8,sample=58,phase=iter_during,level=-1,iter=3,queue=core,depths=0|117|0|116|0|116|0|115
WQTRACE,bench=pagerank_work_stealing,cores=8,sample=59,phase=iter_during,level=-1,iter=3,queue=core,depths=0|117|0|116|0|116|0|115
WQTRACE,bench=pagerank_work_stealing,cores=8,sample=60,phase=iter_during,level=-1,iter=3,queue=core,depths=0|117|0|116|0|116|0|115
WQTRACE,bench=pagerank_work_stealing,cores=8,sample=61,phase=iter_during,level=-1,iter=3,queue=core,depths=0|117|0|116|0|116|0|114
WQTRACE,bench=pagerank_work_stealing,cores=8,sample=62,phase=iter_during,level=-1,iter=3,queue=core,depths=0|101|0|100|0|101|0|100
WQTRACE,bench=pagerank_work_stealing,cores=8,sample=63,phase=iter_during,level=-1,iter=3,queue=core,depths=0|101|0|100|0|100|0|100
WQTRACE,bench=pagerank_work_stealing,cores=8,sample=64,phase=iter_during,level=-1,iter=3,queue=core,depths=0|101|0|100|0|100|0|100
WQTRACE,bench=pagerank_work_stealing,cores=8,sample=65,phase=iter_during,level=-1,iter=3,queue=core,depths=0|101|0|100|0|100|0|100
WQTRACE,bench=pagerank_work_stealing,cores=8,sample=66,phase=iter_end,level=-1,iter=3,queue=core,depths=0|0|0|0|0|0|0|0
WQTRACE,bench=pagerank_work_stealing,cores=8,sample=67,phase=iter_begin,level=-1,iter=4,queue=core,depths=131|261|131|260|130|260|130|260
WQTRACE,bench=pagerank_work_stealing,cores=8,sample=68,phase=iter_during,level=-1,iter=4,queue=core,depths=0|129|3|136|2|132|6|135
WQTRACE,bench=pagerank_work_stealing,cores=8,sample=69,phase=iter_during,level=-1,iter=4,queue=core,depths=0|129|3|136|2|132|6|134
WQTRACE,bench=pagerank_work_stealing,cores=8,sample=70,phase=iter_during,level=-1,iter=4,queue=core,depths=0|113|0|122|0|119|0|121
WQTRACE,bench=pagerank_work_stealing,cores=8,sample=71,phase=iter_during,level=-1,iter=4,queue=core,depths=0|113|0|120|0|116|0|120
WQTRACE,bench=pagerank_work_stealing,cores=8,sample=72,phase=iter_during,level=-1,iter=4,queue=core,depths=0|113|0|120|0|116|0|120
WQTRACE,bench=pagerank_work_stealing,cores=8,sample=73,phase=iter_during,level=-1,iter=4,queue=core,depths=0|113|0|120|0|116|0|120
WQTRACE,bench=pagerank_work_stealing,cores=8,sample=74,phase=iter_during,level=-1,iter=4,queue=core,depths=0|113|0|120|0|116|0|120
WQTRACE,bench=pagerank_work_stealing,cores=8,sample=75,phase=iter_during,level=-1,iter=4,queue=core,depths=0|113|0|120|0|116|0|120
WQTRACE,bench=pagerank_work_stealing,cores=8,sample=76,phase=iter_during,level=-1,iter=4,queue=core,depths=0|113|0|120|0|116|0|120
WQTRACE,bench=pagerank_work_stealing,cores=8,sample=77,phase=iter_during,level=-1,iter=4,queue=core,depths=0|113|0|120|0|116|0|119
WQTRACE,bench=pagerank_work_stealing,cores=8,sample=78,phase=iter_during,level=-1,iter=4,queue=core,depths=0|113|0|120|0|116|0|119
WQTRACE,bench=pagerank_work_stealing,cores=8,sample=79,phase=iter_during,level=-1,iter=4,queue=core,depths=0|113|0|120|0|116|0|119
WQTRACE,bench=pagerank_work_stealing,cores=8,sample=80,phase=iter_during,level=-1,iter=4,queue=core,depths=0|113|0|120|0|116|0|119
WQTRACE,bench=pagerank_work_stealing,cores=8,sample=81,phase=iter_end,level=-1,iter=4,queue=core,depths=0|0|0|0|0|0|0|0
WQTRACE,bench=pagerank_work_stealing,cores=8,sample=82,phase=iter_begin,level=-1,iter=5,queue=core,depths=131|261|131|260|130|260|130|260
WQTRACE,bench=pagerank_work_stealing,cores=8,sample=83,phase=iter_during,level=-1,iter=5,queue=core,depths=0|117|0|116|0|116|0|116
WQTRACE,bench=pagerank_work_stealing,cores=8,sample=84,phase=iter_during,level=-1,iter=5,queue=core,depths=0|117|0|116|0|116|0|115
WQTRACE,bench=pagerank_work_stealing,cores=8,sample=85,phase=iter_during,level=-1,iter=5,queue=core,depths=0|117|0|116|0|116|0|115
WQTRACE,bench=pagerank_work_stealing,cores=8,sample=86,phase=iter_during,level=-1,iter=5,queue=core,depths=0|117|0|116|0|116|0|115
WQTRACE,bench=pagerank_work_stealing,cores=8,sample=87,phase=iter_during,level=-1,iter=5,queue=core,depths=0|117|0|116|0|116|0|115
WQTRACE,bench=pagerank_work_stealing,cores=8,sample=88,phase=iter_during,level=-1,iter=5,queue=core,depths=0|117|0|116|0|116|0|115
WQTRACE,bench=pagerank_work_stealing,cores=8,sample=89,phase=iter_during,level=-1,iter=5,queue=core,depths=0|117|0|116|0|116|0|115
WQTRACE,bench=pagerank_work_stealing,cores=8,sample=90,phase=iter_during,level=-1,iter=5,queue=core,depths=0|117|0|116|0|116|0|115
WQTRACE,bench=pagerank_work_stealing,cores=8,sample=91,phase=iter_during,level=-1,iter=5,queue=core,depths=0|117|0|116|0|116|0|114
WQTRACE,bench=pagerank_work_stealing,cores=8,sample=92,phase=iter_during,level=-1,iter=5,queue=core,depths=0|102|0|100|0|100|0|101
WQTRACE,bench=pagerank_work_stealing,cores=8,sample=93,phase=iter_during,level=-1,iter=5,queue=core,depths=0|101|0|100|0|100|0|100
WQTRACE,bench=pagerank_work_stealing,cores=8,sample=94,phase=iter_end,level=-1,iter=5,queue=core,depths=0|0|0|0|0|0|0|0
WQTRACE,bench=pagerank_work_stealing,cores=8,sample=95,phase=iter_begin,level=-1,iter=6,queue=core,depths=131|261|131|260|130|260|130|260
WQTRACE,bench=pagerank_work_stealing,cores=8,sample=96,phase=iter_during,level=-1,iter=6,queue=core,depths=0|121|0|108|0|108|0|116
WQTRACE,bench=pagerank_work_stealing,cores=8,sample=97,phase=iter_during,level=-1,iter=6,queue=core,depths=0|121|0|108|0|108|0|116
WQTRACE,bench=pagerank_work_stealing,cores=8,sample=98,phase=iter_during,level=-1,iter=6,queue=core,depths=0|121|0|108|0|108|0|116
WQTRACE,bench=pagerank_work_stealing,cores=8,sample=99,phase=iter_during,level=-1,iter=6,queue=core,depths=0|121|0|108|0|108|0|116
WQTRACE,bench=pagerank_work_stealing,cores=8,sample=100,phase=iter_during,level=-1,iter=6,queue=core,depths=0|121|0|108|0|108|0|116
WQTRACE,bench=pagerank_work_stealing,cores=8,sample=101,phase=iter_during,level=-1,iter=6,queue=core,depths=0|121|0|108|0|108|0|115
WQTRACE,bench=pagerank_work_stealing,cores=8,sample=102,phase=iter_during,level=-1,iter=6,queue=core,depths=0|121|0|108|0|108|0|115
WQTRACE,bench=pagerank_work_stealing,cores=8,sample=103,phase=iter_during,level=-1,iter=6,queue=core,depths=0|121|0|108|0|108|0|115
WQTRACE,bench=pagerank_work_stealing,cores=8,sample=104,phase=iter_during,level=-1,iter=6,queue=core,depths=0|121|0|108|0|108|0|115
WQTRACE,bench=pagerank_work_stealing,cores=8,sample=105,phase=iter_during,level=-1,iter=6,queue=core,depths=0|121|0|108|0|108|0|115
WQTRACE,bench=pagerank_work_stealing,cores=8,sample=106,phase=iter_during,level=-1,iter=6,queue=core,depths=0|121|0|108|0|108|0|115
WQTRACE,bench=pagerank_work_stealing,cores=8,sample=107,phase=iter_during,level=-1,iter=6,queue=core,depths=0|121|0|108|0|108|0|115
WQTRACE,bench=pagerank_work_stealing,cores=8,sample=108,phase=iter_during,level=-1,iter=6,queue=core,depths=0|110|0|97|0|96|0|103
WQTRACE,bench=pagerank_work_stealing,cores=8,sample=109,phase=iter_during,level=-1,iter=6,queue=core,depths=0|105|0|92|0|92|0|100
WQTRACE,bench=pagerank_work_stealing,cores=8,sample=110,phase=iter_during,level=-1,iter=6,queue=core,depths=0|105|0|92|0|92|0|100
WQTRACE,bench=pagerank_work_stealing,cores=8,sample=111,phase=iter_during,level=-1,iter=6,queue=core,depths=0|105|0|92|0|92|0|100
WQTRACE,bench=pagerank_work_stealing,cores=8,sample=112,phase=iter_during,level=-1,iter=6,queue=core,depths=0|105|0|92|0|92|0|100
WQTRACE,bench=pagerank_work_stealing,cores=8,sample=113,phase=iter_during,level=-1,iter=6,queue=core,depths=0|105|0|92|0|92|0|100
WQTRACE,bench=pagerank_work_stealing,cores=8,sample=114,phase=iter_end,level=-1,iter=6,queue=core,depths=0|0|0|0|0|0|0|0
WQTRACE,bench=pagerank_work_stealing,cores=8,sample=115,phase=iter_begin,level=-1,iter=7,queue=core,depths=131|261|131|260|130|260|130|260
WQTRACE,bench=pagerank_work_stealing,cores=8,sample=116,phase=iter_during,level=-1,iter=7,queue=core,depths=0|117|0|112|0|116|0|115
WQTRACE,bench=pagerank_work_stealing,cores=8,sample=117,phase=iter_during,level=-1,iter=7,queue=core,depths=0|117|0|112|0|116|0|115
WQTRACE,bench=pagerank_work_stealing,cores=8,sample=118,phase=iter_during,level=-1,iter=7,queue=core,depths=0|117|0|112|0|116|0|115
WQTRACE,bench=pagerank_work_stealing,cores=8,sample=119,phase=iter_during,level=-1,iter=7,queue=core,depths=0|117|0|112|0|116|0|115
WQTRACE,bench=pagerank_work_stealing,cores=8,sample=120,phase=iter_during,level=-1,iter=7,queue=core,depths=0|117|0|112|0|116|0|115
WQTRACE,bench=pagerank_work_stealing,cores=8,sample=121,phase=iter_during,level=-1,iter=7,queue=core,depths=0|105|0|101|0|107|0|102
WQTRACE,bench=pagerank_work_stealing,cores=8,sample=122,phase=iter_during,level=-1,iter=7,queue=core,depths=0|101|0|96|0|100|0|100
WQTRACE,bench=pagerank_work_stealing,cores=8,sample=123,phase=iter_during,level=-1,iter=7,queue=core,depths=0|101|0|96|0|100|0|100
WQTRACE,bench=pagerank_work_stealing,cores=8,sample=124,phase=iter_during,level=-1,iter=7,queue=core,depths=0|101|0|96|0|100|0|100
WQTRACE,bench=pagerank_work_stealing,cores=8,sample=125,phase=iter_during,level=-1,iter=7,queue=core,depths=0|101|0|96|0|100|0|100
WQTRACE,bench=pagerank_work_stealing,cores=8,sample=126,phase=iter_during,level=-1,iter=7,queue=core,depths=0|101|0|96|0|100|0|100
WQTRACE,bench=pagerank_work_stealing,cores=8,sample=127,phase=iter_during,level=-1,iter=7,queue=core,depths=0|101|0|96|0|100|0|100
WQTRACE,bench=pagerank_work_stealing,cores=8,sample=128,phase=iter_during,level=-1,iter=7,queue=core,depths=0|101|0|96|0|100|0|100
WQTRACE,bench=pagerank_work_stealing,cores=8,sample=129,phase=iter_end,level=-1,iter=7,queue=core,depths=0|0|0|0|0|0|0|0
WQTRACE,bench=pagerank_work_stealing,cores=8,sample=130,phase=iter_begin,level=-1,iter=8,queue=core,depths=131|261|131|260|130|260|130|260
WQTRACE,bench=pagerank_work_stealing,cores=8,sample=131,phase=iter_during,level=-1,iter=8,queue=core,depths=0|121|0|120|0|112|0|120
WQTRACE,bench=pagerank_work_stealing,cores=8,sample=132,phase=iter_during,level=-1,iter=8,queue=core,depths=0|121|0|120|0|112|0|120
WQTRACE,bench=pagerank_work_stealing,cores=8,sample=133,phase=iter_during,level=-1,iter=8,queue=core,depths=0|121|0|120|0|112|0|120
WQTRACE,bench=pagerank_work_stealing,cores=8,sample=134,phase=iter_during,level=-1,iter=8,queue=core,depths=0|121|0|120|0|112|0|120
WQTRACE,bench=pagerank_work_stealing,cores=8,sample=135,phase=iter_during,level=-1,iter=8,queue=core,depths=0|121|0|120|0|112|0|120
WQTRACE,bench=pagerank_work_stealing,cores=8,sample=136,phase=iter_during,level=-1,iter=8,queue=core,depths=0|121|0|120|0|112|0|120
WQTRACE,bench=pagerank_work_stealing,cores=8,sample=137,phase=iter_during,level=-1,iter=8,queue=core,depths=0|121|0|120|0|112|0|120
WQTRACE,bench=pagerank_work_stealing,cores=8,sample=138,phase=iter_during,level=-1,iter=8,queue=core,depths=0|121|0|120|0|112|0|119
WQTRACE,bench=pagerank_work_stealing,cores=8,sample=139,phase=iter_during,level=-1,iter=8,queue=core,depths=0|121|0|120|0|112|0|119
WQTRACE,bench=pagerank_work_stealing,cores=8,sample=140,phase=iter_during,level=-1,iter=8,queue=core,depths=0|121|0|120|0|112|0|119
WQTRACE,bench=pagerank_work_stealing,cores=8,sample=141,phase=iter_during,level=-1,iter=8,queue=core,depths=0|121|0|120|0|112|0|119
WQTRACE,bench=pagerank_work_stealing,cores=8,sample=142,phase=iter_during,level=-1,iter=8,queue=core,depths=0|121|0|120|0|112|0|119
WQTRACE,bench=pagerank_work_stealing,cores=8,sample=143,phase=iter_during,level=-1,iter=8,queue=core,depths=0|121|0|120|0|112|0|119
WQTRACE,bench=pagerank_work_stealing,cores=8,sample=144,phase=iter_end,level=-1,iter=8,queue=core,depths=0|0|0|0|0|0|0|0
WQTRACE,bench=pagerank_work_stealing,cores=8,sample=145,phase=iter_begin,level=-1,iter=9,queue=core,depths=131|261|131|260|130|260|130|260
WQTRACE,bench=pagerank_work_stealing,cores=8,sample=146,phase=iter_during,level=-1,iter=9,queue=core,depths=0|124|0|114|0|124|0|115
WQTRACE,bench=pagerank_work_stealing,cores=8,sample=147,phase=iter_during,level=-1,iter=9,queue=core,depths=0|121|0|112|0|120|0|112
WQTRACE,bench=pagerank_work_stealing,cores=8,sample=148,phase=iter_during,level=-1,iter=9,queue=core,depths=0|121|0|112|0|120|0|112
WQTRACE,bench=pagerank_work_stealing,cores=8,sample=149,phase=iter_during,level=-1,iter=9,queue=core,depths=0|121|0|112|0|120|0|112
WQTRACE,bench=pagerank_work_stealing,cores=8,sample=150,phase=iter_during,level=-1,iter=9,queue=core,depths=0|121|0|112|0|120|0|112
WQTRACE,bench=pagerank_work_stealing,cores=8,sample=151,phase=iter_during,level=-1,iter=9,queue=core,depths=0|121|0|112|0|120|0|112
WQTRACE,bench=pagerank_work_stealing,cores=8,sample=152,phase=iter_during,level=-1,iter=9,queue=core,depths=0|121|0|112|0|120|0|112
WQTRACE,bench=pagerank_work_stealing,cores=8,sample=153,phase=iter_during,level=-1,iter=9,queue=core,depths=0|121|0|112|0|120|0|111
WQTRACE,bench=pagerank_work_stealing,cores=8,sample=154,phase=iter_during,level=-1,iter=9,queue=core,depths=0|121|0|112|0|120|0|111
WQTRACE,bench=pagerank_work_stealing,cores=8,sample=155,phase=iter_during,level=-1,iter=9,queue=core,depths=0|121|0|112|0|120|0|111
WQTRACE,bench=pagerank_work_stealing,cores=8,sample=156,phase=iter_during,level=-1,iter=9,queue=core,depths=0|121|0|112|0|120|0|111
WQTRACE,bench=pagerank_work_stealing,cores=8,sample=157,phase=iter_during,level=-1,iter=9,queue=core,depths=0|121|0|112|0|120|0|111
WQTRACE,bench=pagerank_work_stealing,cores=8,sample=158,phase=iter_during,level=-1,iter=9,queue=core,depths=0|121|0|112|0|120|0|111
WQTRACE,bench=pagerank_work_stealing,cores=8,sample=159,phase=iter_end,level=-1,iter=9,queue=core,depths=0|0|0|0|0|0|0|0
WQTRACE,bench=pagerank_work_stealing,cores=8,sample=160,phase=final,level=-1,iter=10,queue=core,depths=0|0|0|0|0|0|0|0
WQTRACE_DUMP_END,bench=pagerank_work_stealing
