WQTRACE_DUMP_BEGIN,bench=pagerank_work_stealing,cores=4,samples=28,dropped=0
WQTRACE,bench=pagerank_work_stealing,cores=4,sample=0,phase=init,level=-1,iter=-1,queue=core,depths=0|0|0|0
WQTRACE,bench=pagerank_work_stealing,cores=4,sample=1,phase=iter_begin,level=-1,iter=0,queue=core,depths=261|512|261|512
WQTRACE,bench=pagerank_work_stealing,cores=4,sample=2,phase=iter_during,level=-1,iter=0,queue=core,depths=0|240|0|240
WQTRACE,bench=pagerank_work_stealing,cores=4,sample=3,phase=iter_end,level=-1,iter=0,queue=core,depths=0|0|0|0
WQTRACE,bench=pagerank_work_stealing,cores=4,sample=4,phase=iter_begin,level=-1,iter=1,queue=core,depths=261|512|261|512
WQTRACE,bench=pagerank_work_stealing,cores=4,sample=5,phase=iter_end,level=-1,iter=1,queue=core,depths=0|0|0|0
WQTRACE,bench=pagerank_work_stealing,cores=4,sample=6,phase=iter_begin,level=-1,iter=2,queue=core,depths=261|512|261|512
WQTRACE,bench=pagerank_work_stealing,cores=4,sample=7,phase=iter_during,level=-1,iter=2,queue=core,depths=0|236|0|240
WQTRACE,bench=pagerank_work_stealing,cores=4,sample=8,phase=iter_during,level=-1,iter=2,queue=core,depths=0|236|0|240
WQTRACE,bench=pagerank_work_stealing,cores=4,sample=9,phase=iter_during,level=-1,iter=2,queue=core,depths=0|236|0|240
WQTRACE,bench=pagerank_work_stealing,cores=4,sample=10,phase=iter_end,level=-1,iter=2,queue=core,depths=0|0|0|0
WQTRACE,bench=pagerank_work_stealing,cores=4,sample=11,phase=iter_begin,level=-1,iter=3,queue=core,depths=261|512|261|512
WQTRACE,bench=pagerank_work_stealing,cores=4,sample=12,phase=iter_end,level=-1,iter=3,queue=core,depths=0|0|0|0
WQTRACE,bench=pagerank_work_stealing,cores=4,sample=13,phase=iter_begin,level=-1,iter=4,queue=core,depths=261|512|261|512
WQTRACE,bench=pagerank_work_stealing,cores=4,sample=14,phase=iter_end,level=-1,iter=4,queue=core,depths=0|0|0|0
WQTRACE,bench=pagerank_work_stealing,cores=4,sample=15,phase=iter_begin,level=-1,iter=5,queue=core,depths=261|512|261|512
WQTRACE,bench=pagerank_work_stealing,cores=4,sample=16,phase=iter_end,level=-1,iter=5,queue=core,depths=0|0|0|0
WQTRACE,bench=pagerank_work_stealing,cores=4,sample=17,phase=iter_begin,level=-1,iter=6,queue=core,depths=261|512|261|512
WQTRACE,bench=pagerank_work_stealing,cores=4,sample=18,phase=iter_during,level=-1,iter=6,queue=core,depths=0|240|0|240
WQTRACE,bench=pagerank_work_stealing,cores=4,sample=19,phase=iter_end,level=-1,iter=6,queue=core,depths=0|0|0|0
WQTRACE,bench=pagerank_work_stealing,cores=4,sample=20,phase=iter_begin,level=-1,iter=7,queue=core,depths=261|512|261|512
WQTRACE,bench=pagerank_work_stealing,cores=4,sample=21,phase=iter_during,level=-1,iter=7,queue=core,depths=0|236|0|240
WQTRACE,bench=pagerank_work_stealing,cores=4,sample=22,phase=iter_end,level=-1,iter=7,queue=core,depths=0|0|0|0
WQTRACE,bench=pagerank_work_stealing,cores=4,sample=23,phase=iter_begin,level=-1,iter=8,queue=core,depths=261|512|261|512
WQTRACE,bench=pagerank_work_stealing,cores=4,sample=24,phase=iter_end,level=-1,iter=8,queue=core,depths=0|0|0|0
WQTRACE,bench=pagerank_work_stealing,cores=4,sample=25,phase=iter_begin,level=-1,iter=9,queue=core,depths=261|512|261|512
WQTRACE,bench=pagerank_work_stealing,cores=4,sample=26,phase=iter_end,level=-1,iter=9,queue=core,depths=0|0|0|0
WQTRACE,bench=pagerank_work_stealing,cores=4,sample=27,phase=final,level=-1,iter=10,queue=core,depths=0|0|0|0
WQTRACE_DUMP_END,bench=pagerank_work_stealing
