WQTRACE_DUMP_BEGIN,bench=bfs_work_stealing,cores=4,samples=17,dropped=0
WQTRACE,bench=bfs_work_stealing,cores=4,sample=0,phase=init,level=0,iter=-1,queue=core,depths=1|0|0|0
WQTRACE,bench=bfs_work_stealing,cores=4,sample=1,phase=level_begin,level=0,iter=-1,queue=core,depths=1|0|0|0
WQTRACE,bench=bfs_work_stealing,cores=4,sample=2,phase=post_process,level=0,iter=-1,queue=core,depths=0|0|0|0
WQTRACE,bench=bfs_work_stealing,cores=4,sample=3,phase=post_redistribute,level=0,iter=-1,queue=core,depths=2442|2442|2442|2441
WQTRACE,bench=bfs_work_stealing,cores=4,sample=4,phase=level_begin,level=1,iter=-1,queue=core,depths=2442|2442|2442|2441
WQTRACE,bench=bfs_work_stealing,cores=4,sample=5,phase=post_process,level=1,iter=-1,queue=core,depths=0|0|0|0
WQTRACE,bench=bfs_work_stealing,cores=4,sample=6,phase=post_redistribute,level=1,iter=-1,queue=core,depths=8813|8813|8813|8813
WQTRACE,bench=bfs_work_stealing,cores=4,sample=7,phase=level_begin,level=2,iter=-1,queue=core,depths=8813|8813|8813|8813
WQTRACE,bench=bfs_work_stealing,cores=4,sample=8,phase=post_process,level=2,iter=-1,queue=core,depths=0|0|0|0
WQTRACE,bench=bfs_work_stealing,cores=4,sample=9,phase=post_redistribute,level=2,iter=-1,queue=core,depths=382|382|382|382
WQTRACE,bench=bfs_work_stealing,cores=4,sample=10,phase=level_begin,level=3,iter=-1,queue=core,depths=382|382|382|382
WQTRACE,bench=bfs_work_stealing,cores=4,sample=11,phase=post_process,level=3,iter=-1,queue=core,depths=0|0|0|0
WQTRACE,bench=bfs_work_stealing,cores=4,sample=12,phase=post_redistribute,level=3,iter=-1,queue=core,depths=1|1|1|0
WQTRACE,bench=bfs_work_stealing,cores=4,sample=13,phase=level_begin,level=4,iter=-1,queue=core,depths=1|1|1|0
WQTRACE,bench=bfs_work_stealing,cores=4,sample=14,phase=post_process,level=4,iter=-1,queue=core,depths=0|0|0|0
WQTRACE,bench=bfs_work_stealing,cores=4,sample=15,phase=post_redistribute,level=4,iter=-1,queue=core,depths=0|0|0|0
WQTRACE,bench=bfs_work_stealing,cores=4,sample=16,phase=final,level=5,iter=-1,queue=core,depths=0|0|0|0
WQTRACE_DUMP_END,bench=bfs_work_stealing
L1SPTRACE_DUMP_BEGIN,bench=bfs_work_stealing,cores=4,harts=64,samples=17
L1SPTRACE_CONFIG,bench=bfs_work_stealing,core_bytes=262144,global_bytes=1048576
L1SPTRACE_GLOBAL,bench=bfs_work_stealing,sample=0,phase=init,level=0,iter=-1,bytes=524288
L1SPTRACE_CORE_HART,bench=bfs_work_stealing,sample=0,core=0,thread=0,hart=0,bytes=16384
L1SPTRACE_CORE_HART,bench=bfs_work_stealing,sample=0,core=0,thread=1,hart=1,bytes=16384
L1SPTRACE_CORE_HART,bench=bfs_work_stealing,sample=0,core=0,thread=2,hart=2,bytes=16384
L1SPTRACE_CORE_HART,bench=bfs_work_stealing,sample=0,core=0,thread=3,hart=3,bytes=16384
L1SPTRACE_CORE_HART,bench=bfs_work_stealing,sample=0,core=0,thread=4,hart=4,bytes=16384
L1SPTRACE_CORE_HART,bench=bfs_work_stealing,sample=0,core=0,thread=5,hart=5,bytes=16384
L1SPTRACE_CORE_HART,bench=bfs_work_stealing,sample=0,core=0,thread=6,hart=6,bytes=16384
L1SPTRACE_CORE_HART,bench=bfs_work_stealing,sample=0,core=0,thread=7,hart=7,bytes=16384
L1SPTRACE_CORE_HART,bench=bfs_work_stealing,sample=0,core=0,thread=8,hart=8,bytes=0
L1SPTRACE_CORE_HART,bench=bfs_work_stealing,sample=0,core=0,thread=9,hart=9,bytes=0
L1SPTRACE_CORE_HART,bench=bfs_work_stealing,sample=0,core=0,thread=10,hart=10,bytes=0
L1SPTRACE_CORE_HART,bench=bfs_work_stealing,sample=0,core=0,thread=11,hart=11,bytes=0
L1SPTRACE_CORE_HART,bench=bfs_work_stealing,sample=0,core=0,thread=12,hart=12,bytes=0
L1SPTRACE_CORE_HART,bench=bfs_work_stealing,sample=0,core=0,thread=13,hart=13,bytes=0
L1SPTRACE_CORE_HART,bench=bfs_work_stealing,sample=0,core=0,thread=14,hart=14,bytes=0
L1SPTRACE_CORE_HART,bench=bfs_work_stealing,sample=0,core=0,thread=15,hart=15,bytes=0
L1SPTRACE_GLOBAL,bench=bfs_work_stealing,sample=1,phase=level_begin,level=0,iter=-1,bytes=524288
L1SPTRACE_CORE_HART,bench=bfs_work_stealing,sample=1,core=0,thread=0,hart=0,bytes=16384
L1SPTRACE_CORE_HART,bench=bfs_work_stealing,sample=1,core=0,thread=1,hart=1,bytes=16384
L1SPTRACE_CORE_HART,bench=bfs_work_stealing,sample=1,core=0,thread=2,hart=2,bytes=16384
L1SPTRACE_CORE_HART,bench=bfs_work_stealing,sample=1,core=0,thread=3,hart=3,bytes=16384
L1SPTRACE_CORE_HART,bench=bfs_work_stealing,sample=1,core=0,thread=4,hart=4,bytes=16384
L1SPTRACE_CORE_HART,bench=bfs_work_stealing,sample=1,core=0,thread=5,hart=5,bytes=16384
L1SPTRACE_CORE_HART,bench=bfs_work_stealing,sample=1,core=0,thread=6,hart=6,bytes=16384
L1SPTRACE_CORE_HART,bench=bfs_work_stealing,sample=1,core=0,thread=7,hart=7,bytes=16384
L1SPTRACE_CORE_HART,bench=bfs_work_stealing,sample=1,core=0,thread=8,hart=8,bytes=0
L1SPTRACE_CORE_HART,bench=bfs_work_stealing,sample=1,core=0,thread=9,hart=9,bytes=0
L1SPTRACE_CORE_HART,bench=bfs_work_stealing,sample=1,core=0,thread=10,hart=10,bytes=0
L1SPTRACE_CORE_HART,bench=bfs_work_stealing,sample=1,core=0,thread=11,hart=11,bytes=0
L1SPTRACE_CORE_HART,bench=bfs_work_stealing,sample=1,core=0,thread=12,hart=12,bytes=0
L1SPTRACE_CORE_HART,bench=bfs_work_stealing,sample=1,core=0,thread=13,hart=13,bytes=0
L1SPTRACE_CORE_HART,bench=bfs_work_stealing,sample=1,core=0,thread=14,hart=14,bytes=0
L1SPTRACE_CORE_HART,bench=bfs_work_stealing,sample=1,core=0,thread=15,hart=15,bytes=0
L1SPTRACE_GLOBAL,bench=bfs_work_stealing,sample=2,phase=post_process,level=0,iter=-1,bytes=524288
L1SPTRACE_CORE_HART,bench=bfs_work_stealing,sample=2,core=0,thread=0,hart=0,bytes=16384
L1SPTRACE_CORE_HART,bench=bfs_work_stealing,sample=2,core=0,thread=1,hart=1,bytes=16384
L1SPTRACE_CORE_HART,bench=bfs_work_stealing,sample=2,core=0,thread=2,hart=2,bytes=16384
L1SPTRACE_CORE_HART,bench=bfs_work_stealing,sample=2,core=0,thread=3,hart=3,bytes=16384
L1SPTRACE_CORE_HART,bench=bfs_work_stealing,sample=2,core=0,thread=4,hart=4,bytes=16384
L1SPTRACE_CORE_HART,bench=bfs_work_stealing,sample=2,core=0,thread=5,hart=5,bytes=16384
L1SPTRACE_CORE_HART,bench=bfs_work_stealing,sample=2,core=0,thread=6,hart=6,bytes=16384
L1SPTRACE_CORE_HART,bench=bfs_work_stealing,sample=2,core=0,thread=7,hart=7,bytes=16384
L1SPTRACE_CORE_HART,bench=bfs_work_stealing,sample=2,core=0,thread=8,hart=8,bytes=0
L1SPTRACE_CORE_HART,bench=bfs_work_stealing,sample=2,core=0,thread=9,hart=9,bytes=0
L1SPTRACE_CORE_HART,bench=bfs_work_stealing,sample=2,core=0,thread=10,hart=10,bytes=0
L1SPTRACE_CORE_HART,bench=bfs_work_stealing,sample=2,core=0,thread=11,hart=11,bytes=0
L1SPTRACE_CORE_HART,bench=bfs_work_stealing,sample=2,core=0,thread=12,hart=12,bytes=0
L1SPTRACE_CORE_HART,bench=bfs_work_stealing,sample=2,core=0,thread=13,hart=13,bytes=0
L1SPTRACE_CORE_HART,bench=bfs_work_stealing,sample=2,core=0,thread=14,hart=14,bytes=0
L1SPTRACE_CORE_HART,bench=bfs_work_stealing,sample=2,core=0,thread=15,hart=15,bytes=0
L1SPTRACE_GLOBAL,bench=bfs_work_stealing,sample=3,phase=post_redistribute,level=0,iter=-1,bytes=524288
L1SPTRACE_CORE_HART,bench=bfs_work_stealing,sample=3,core=0,thread=0,hart=0,bytes=16384
L1SPTRACE_CORE_HART,bench=bfs_work_stealing,sample=3,core=0,thread=1,hart=1,bytes=16384
L1SPTRACE_CORE_HART,bench=bfs_work_stealing,sample=3,core=0,thread=2,hart=2,bytes=16384
L1SPTRACE_CORE_HART,bench=bfs_work_stealing,sample=3,core=0,thread=3,hart=3,bytes=16384
L1SPTRACE_CORE_HART,bench=bfs_work_stealing,sample=3,core=0,thread=4,hart=4,bytes=16384
L1SPTRACE_CORE_HART,bench=bfs_work_stealing,sample=3,core=0,thread=5,hart=5,bytes=16384
L1SPTRACE_CORE_HART,bench=bfs_work_stealing,sample=3,core=0,thread=6,hart=6,bytes=16384
L1SPTRACE_CORE_HART,bench=bfs_work_stealing,sample=3,core=0,thread=7,hart=7,bytes=16384
L1SPTRACE_CORE_HART,bench=bfs_work_stealing,sample=3,core=0,thread=8,hart=8,bytes=0
L1SPTRACE_CORE_HART,bench=bfs_work_stealing,sample=3,core=0,thread=9,hart=9,bytes=0
L1SPTRACE_CORE_HART,bench=bfs_work_stealing,sample=3,core=0,thread=10,hart=10,bytes=0
L1SPTRACE_CORE_HART,bench=bfs_work_stealing,sample=3,core=0,thread=11,hart=11,bytes=0
L1SPTRACE_CORE_HART,bench=bfs_work_stealing,sample=3,core=0,thread=12,hart=12,bytes=0
L1SPTRACE_CORE_HART,bench=bfs_work_stealing,sample=3,core=0,thread=13,hart=13,bytes=0
L1SPTRACE_CORE_HART,bench=bfs_work_stealing,sample=3,core=0,thread=14,hart=14,bytes=0
L1SPTRACE_CORE_HART,bench=bfs_work_stealing,sample=3,core=0,thread=15,hart=15,bytes=0
L1SPTRACE_GLOBAL,bench=bfs_work_stealing,sample=4,phase=level_begin,level=1,iter=-1,bytes=524288
L1SPTRACE_CORE_HART,bench=bfs_work_stealing,sample=4,core=0,thread=0,hart=0,bytes=16384
L1SPTRACE_CORE_HART,bench=bfs_work_stealing,sample=4,core=0,thread=1,hart=1,bytes=16384
L1SPTRACE_CORE_HART,bench=bfs_work_stealing,sample=4,core=0,thread=2,hart=2,bytes=16384
L1SPTRACE_CORE_HART,bench=bfs_work_stealing,sample=4,core=0,thread=3,hart=3,bytes=16384
L1SPTRACE_CORE_HART,bench=bfs_work_stealing,sample=4,core=0,thread=4,hart=4,bytes=16384
L1SPTRACE_CORE_HART,bench=bfs_work_stealing,sample=4,core=0,thread=5,hart=5,bytes=16384
L1SPTRACE_CORE_HART,bench=bfs_work_stealing,sample=4,core=0,thread=6,hart=6,bytes=16384
L1SPTRACE_CORE_HART,bench=bfs_work_stealing,sample=4,core=0,thread=7,hart=7,bytes=16384
L1SPTRACE_CORE_HART,bench=bfs_work_stealing,sample=4,core=0,thread=8,hart=8,bytes=0
L1SPTRACE_CORE_HART,bench=bfs_work_stealing,sample=4,core=0,thread=9,hart=9,bytes=0
L1SPTRACE_CORE_HART,bench=bfs_work_stealing,sample=4,core=0,thread=10,hart=10,bytes=0
L1SPTRACE_CORE_HART,bench=bfs_work_stealing,sample=4,core=0,thread=11,hart=11,bytes=0
L1SPTRACE_CORE_HART,bench=bfs_work_stealing,sample=4,core=0,thread=12,hart=12,bytes=0
L1SPTRACE_CORE_HART,bench=bfs_work_stealing,sample=4,core=0,thread=13,hart=13,bytes=0
L1SPTRACE_CORE_HART,bench=bfs_work_stealing,sample=4,core=0,thread=14,hart=14,bytes=0
L1SPTRACE_CORE_HART,bench=bfs_work_stealing,sample=4,core=0,thread=15,hart=15,bytes=0
L1SPTRACE_GLOBAL,bench=bfs_work_stealing,sample=5,phase=post_process,level=1,iter=-1,bytes=524288
L1SPTRACE_CORE_HART,bench=bfs_work_stealing,sample=5,core=0,thread=0,hart=0,bytes=16384
L1SPTRACE_CORE_HART,bench=bfs_work_stealing,sample=5,core=0,thread=1,hart=1,bytes=16384
L1SPTRACE_CORE_HART,bench=bfs_work_stealing,sample=5,core=0,thread=2,hart=2,bytes=16384
L1SPTRACE_CORE_HART,bench=bfs_work_stealing,sample=5,core=0,thread=3,hart=3,bytes=16384
L1SPTRACE_CORE_HART,bench=bfs_work_stealing,sample=5,core=0,thread=4,hart=4,bytes=16384
L1SPTRACE_CORE_HART,bench=bfs_work_stealing,sample=5,core=0,thread=5,hart=5,bytes=16384
L1SPTRACE_CORE_HART,bench=bfs_work_stealing,sample=5,core=0,thread=6,hart=6,bytes=16384
L1SPTRACE_CORE_HART,bench=bfs_work_stealing,sample=5,core=0,thread=7,hart=7,bytes=16384
L1SPTRACE_CORE_HART,bench=bfs_work_stealing,sample=5,core=0,thread=8,hart=8,bytes=0
L1SPTRACE_CORE_HART,bench=bfs_work_stealing,sample=5,core=0,thread=9,hart=9,bytes=0
L1SPTRACE_CORE_HART,bench=bfs_work_stealing,sample=5,core=0,thread=10,hart=10,bytes=0
L1SPTRACE_CORE_HART,bench=bfs_work_stealing,sample=5,core=0,thread=11,hart=11,bytes=0
L1SPTRACE_CORE_HART,bench=bfs_work_stealing,sample=5,core=0,thread=12,hart=12,bytes=0
L1SPTRACE_CORE_HART,bench=bfs_work_stealing,sample=5,core=0,thread=13,hart=13,bytes=0
L1SPTRACE_CORE_HART,bench=bfs_work_stealing,sample=5,core=0,thread=14,hart=14,bytes=0
L1SPTRACE_CORE_HART,bench=bfs_work_stealing,sample=5,core=0,thread=15,hart=15,bytes=0
L1SPTRACE_GLOBAL,bench=bfs_work_stealing,sample=6,phase=post_redistribute,level=1,iter=-1,bytes=524288
L1SPTRACE_CORE_HART,bench=bfs_work_stealing,sample=6,core=0,thread=0,hart=0,bytes=16384
L1SPTRACE_CORE_HART,bench=bfs_work_stealing,sample=6,core=0,thread=1,hart=1,bytes=16384
L1SPTRACE_CORE_HART,bench=bfs_work_stealing,sample=6,core=0,thread=2,hart=2,bytes=16384
L1SPTRACE_CORE_HART,bench=bfs_work_stealing,sample=6,core=0,thread=3,hart=3,bytes=16384
L1SPTRACE_CORE_HART,bench=bfs_work_stealing,sample=6,core=0,thread=4,hart=4,bytes=16384
L1SPTRACE_CORE_HART,bench=bfs_work_stealing,sample=6,core=0,thread=5,hart=5,bytes=16384
L1SPTRACE_CORE_HART,bench=bfs_work_stealing,sample=6,core=0,thread=6,hart=6,bytes=16384
L1SPTRACE_CORE_HART,bench=bfs_work_stealing,sample=6,core=0,thread=7,hart=7,bytes=16384
L1SPTRACE_CORE_HART,bench=bfs_work_stealing,sample=6,core=0,thread=8,hart=8,bytes=0
L1SPTRACE_CORE_HART,bench=bfs_work_stealing,sample=6,core=0,thread=9,hart=9,bytes=0
L1SPTRACE_CORE_HART,bench=bfs_work_stealing,sample=6,core=0,thread=10,hart=10,bytes=0
L1SPTRACE_CORE_HART,bench=bfs_work_stealing,sample=6,core=0,thread=11,hart=11,bytes=0
L1SPTRACE_CORE_HART,bench=bfs_work_stealing,sample=6,core=0,thread=12,hart=12,bytes=0
L1SPTRACE_CORE_HART,bench=bfs_work_stealing,sample=6,core=0,thread=13,hart=13,bytes=0
L1SPTRACE_CORE_HART,bench=bfs_work_stealing,sample=6,core=0,thread=14,hart=14,bytes=0
L1SPTRACE_CORE_HART,bench=bfs_work_stealing,sample=6,core=0,thread=15,hart=15,bytes=0
L1SPTRACE_GLOBAL,bench=bfs_work_stealing,sample=7,phase=level_begin,level=2,iter=-1,bytes=524288
L1SPTRACE_CORE_HART,bench=bfs_work_stealing,sample=7,core=0,thread=0,hart=0,bytes=16384
L1SPTRACE_CORE_HART,bench=bfs_work_stealing,sample=7,core=0,thread=1,hart=1,bytes=16384
L1SPTRACE_CORE_HART,bench=bfs_work_stealing,sample=7,core=0,thread=2,hart=2,bytes=16384
L1SPTRACE_CORE_HART,bench=bfs_work_stealing,sample=7,core=0,thread=3,hart=3,bytes=16384
L1SPTRACE_CORE_HART,bench=bfs_work_stealing,sample=7,core=0,thread=4,hart=4,bytes=16384
L1SPTRACE_CORE_HART,bench=bfs_work_stealing,sample=7,core=0,thread=5,hart=5,bytes=16384
L1SPTRACE_CORE_HART,bench=bfs_work_stealing,sample=7,core=0,thread=6,hart=6,bytes=16384
L1SPTRACE_CORE_HART,bench=bfs_work_stealing,sample=7,core=0,thread=7,hart=7,bytes=16384
L1SPTRACE_CORE_HART,bench=bfs_work_stealing,sample=7,core=0,thread=8,hart=8,bytes=0
L1SPTRACE_CORE_HART,bench=bfs_work_stealing,sample=7,core=0,thread=9,hart=9,bytes=0
L1SPTRACE_CORE_HART,bench=bfs_work_stealing,sample=7,core=0,thread=10,hart=10,bytes=0
L1SPTRACE_CORE_HART,bench=bfs_work_stealing,sample=7,core=0,thread=11,hart=11,bytes=0
L1SPTRACE_CORE_HART,bench=bfs_work_stealing,sample=7,core=0,thread=12,hart=12,bytes=0
L1SPTRACE_CORE_HART,bench=bfs_work_stealing,sample=7,core=0,thread=13,hart=13,bytes=0
L1SPTRACE_CORE_HART,bench=bfs_work_stealing,sample=7,core=0,thread=14,hart=14,bytes=0
L1SPTRACE_CORE_HART,bench=bfs_work_stealing,sample=7,core=0,thread=15,hart=15,bytes=0
L1SPTRACE_GLOBAL,bench=bfs_work_stealing,sample=8,phase=post_process,level=2,iter=-1,bytes=524288
L1SPTRACE_CORE_HART,bench=bfs_work_stealing,sample=8,core=0,thread=0,hart=0,bytes=16384
L1SPTRACE_CORE_HART,bench=bfs_work_stealing,sample=8,core=0,thread=1,hart=1,bytes=16384
L1SPTRACE_CORE_HART,bench=bfs_work_stealing,sample=8,core=0,thread=2,hart=2,bytes=16384
L1SPTRACE_CORE_HART,bench=bfs_work_stealing,sample=8,core=0,thread=3,hart=3,bytes=16384
L1SPTRACE_CORE_HART,bench=bfs_work_stealing,sample=8,core=0,thread=4,hart=4,bytes=16384
L1SPTRACE_CORE_HART,bench=bfs_work_stealing,sample=8,core=0,thread=5,hart=5,bytes=16384
L1SPTRACE_CORE_HART,bench=bfs_work_stealing,sample=8,core=0,thread=6,hart=6,bytes=16384
L1SPTRACE_CORE_HART,bench=bfs_work_stealing,sample=8,core=0,thread=7,hart=7,bytes=16384
L1SPTRACE_CORE_HART,bench=bfs_work_stealing,sample=8,core=0,thread=8,hart=8,bytes=0
L1SPTRACE_CORE_HART,bench=bfs_work_stealing,sample=8,core=0,thread=9,hart=9,bytes=0
L1SPTRACE_CORE_HART,bench=bfs_work_stealing,sample=8,core=0,thread=10,hart=10,bytes=0
L1SPTRACE_CORE_HART,bench=bfs_work_stealing,sample=8,core=0,thread=11,hart=11,bytes=0
L1SPTRACE_CORE_HART,bench=bfs_work_stealing,sample=8,core=0,thread=12,hart=12,bytes=0
L1SPTRACE_CORE_HART,bench=bfs_work_stealing,sample=8,core=0,thread=13,hart=13,bytes=0
L1SPTRACE_CORE_HART,bench=bfs_work_stealing,sample=8,core=0,thread=14,hart=14,bytes=0
L1SPTRACE_CORE_HART,bench=bfs_work_stealing,sample=8,core=0,thread=15,hart=15,bytes=0
L1SPTRACE_GLOBAL,bench=bfs_work_stealing,sample=9,phase=post_redistribute,level=2,iter=-1,bytes=524288
L1SPTRACE_CORE_HART,bench=bfs_work_stealing,sample=9,core=0,thread=0,hart=0,bytes=16384
L1SPTRACE_CORE_HART,bench=bfs_work_stealing,sample=9,core=0,thread=1,hart=1,bytes=16384
L1SPTRACE_CORE_HART,bench=bfs_work_stealing,sample=9,core=0,thread=2,hart=2,bytes=16384
L1SPTRACE_CORE_HART,bench=bfs_work_stealing,sample=9,core=0,thread=3,hart=3,bytes=16384
L1SPTRACE_CORE_HART,bench=bfs_work_stealing,sample=9,core=0,thread=4,hart=4,bytes=16384
L1SPTRACE_CORE_HART,bench=bfs_work_stealing,sample=9,core=0,thread=5,hart=5,bytes=16384
L1SPTRACE_CORE_HART,bench=bfs_work_stealing,sample=9,core=0,thread=6,hart=6,bytes=16384
L1SPTRACE_CORE_HART,bench=bfs_work_stealing,sample=9,core=0,thread=7,hart=7,bytes=16384
L1SPTRACE_CORE_HART,bench=bfs_work_stealing,sample=9,core=0,thread=8,hart=8,bytes=0
L1SPTRACE_CORE_HART,bench=bfs_work_stealing,sample=9,core=0,thread=9,hart=9,bytes=0
L1SPTRACE_CORE_HART,bench=bfs_work_stealing,sample=9,core=0,thread=10,hart=10,bytes=0
L1SPTRACE_CORE_HART,bench=bfs_work_stealing,sample=9,core=0,thread=11,hart=11,bytes=0
L1SPTRACE_CORE_HART,bench=bfs_work_stealing,sample=9,core=0,thread=12,hart=12,bytes=0
L1SPTRACE_CORE_HART,bench=bfs_work_stealing,sample=9,core=0,thread=13,hart=13,bytes=0
L1SPTRACE_CORE_HART,bench=bfs_work_stealing,sample=9,core=0,thread=14,hart=14,bytes=0
L1SPTRACE_CORE_HART,bench=bfs_work_stealing,sample=9,core=0,thread=15,hart=15,bytes=0
L1SPTRACE_GLOBAL,bench=bfs_work_stealing,sample=10,phase=level_begin,level=3,iter=-1,bytes=524288
L1SPTRACE_CORE_HART,bench=bfs_work_stealing,sample=10,core=0,thread=0,hart=0,bytes=16384
L1SPTRACE_CORE_HART,bench=bfs_work_stealing,sample=10,core=0,thread=1,hart=1,bytes=16384
L1SPTRACE_CORE_HART,bench=bfs_work_stealing,sample=10,core=0,thread=2,hart=2,bytes=16384
L1SPTRACE_CORE_HART,bench=bfs_work_stealing,sample=10,core=0,thread=3,hart=3,bytes=16384
L1SPTRACE_CORE_HART,bench=bfs_work_stealing,sample=10,core=0,thread=4,hart=4,bytes=16384
L1SPTRACE_CORE_HART,bench=bfs_work_stealing,sample=10,core=0,thread=5,hart=5,bytes=16384
L1SPTRACE_CORE_HART,bench=bfs_work_stealing,sample=10,core=0,thread=6,hart=6,bytes=16384
L1SPTRACE_CORE_HART,bench=bfs_work_stealing,sample=10,core=0,thread=7,hart=7,bytes=16384
L1SPTRACE_CORE_HART,bench=bfs_work_stealing,sample=10,core=0,thread=8,hart=8,bytes=0
L1SPTRACE_CORE_HART,bench=bfs_work_stealing,sample=10,core=0,thread=9,hart=9,bytes=0
L1SPTRACE_CORE_HART,bench=bfs_work_stealing,sample=10,core=0,thread=10,hart=10,bytes=0
L1SPTRACE_CORE_HART,bench=bfs_work_stealing,sample=10,core=0,thread=11,hart=11,bytes=0
L1SPTRACE_CORE_HART,bench=bfs_work_stealing,sample=10,core=0,thread=12,hart=12,bytes=0
L1SPTRACE_CORE_HART,bench=bfs_work_stealing,sample=10,core=0,thread=13,hart=13,bytes=0
L1SPTRACE_CORE_HART,bench=bfs_work_stealing,sample=10,core=0,thread=14,hart=14,bytes=0
L1SPTRACE_CORE_HART,bench=bfs_work_stealing,sample=10,core=0,thread=15,hart=15,bytes=0
L1SPTRACE_GLOBAL,bench=bfs_work_stealing,sample=11,phase=post_process,level=3,iter=-1,bytes=524288
L1SPTRACE_CORE_HART,bench=bfs_work_stealing,sample=11,core=0,thread=0,hart=0,bytes=16384
L1SPTRACE_CORE_HART,bench=bfs_work_stealing,sample=11,core=0,thread=1,hart=1,bytes=16384
L1SPTRACE_CORE_HART,bench=bfs_work_stealing,sample=11,core=0,thread=2,hart=2,bytes=16384
L1SPTRACE_CORE_HART,bench=bfs_work_stealing,sample=11,core=0,thread=3,hart=3,bytes=16384
L1SPTRACE_CORE_HART,bench=bfs_work_stealing,sample=11,core=0,thread=4,hart=4,bytes=16384
L1SPTRACE_CORE_HART,bench=bfs_work_stealing,sample=11,core=0,thread=5,hart=5,bytes=16384
L1SPTRACE_CORE_HART,bench=bfs_work_stealing,sample=11,core=0,thread=6,hart=6,bytes=16384
L1SPTRACE_CORE_HART,bench=bfs_work_stealing,sample=11,core=0,thread=7,hart=7,bytes=16384
L1SPTRACE_CORE_HART,bench=bfs_work_stealing,sample=11,core=0,thread=8,hart=8,bytes=0
L1SPTRACE_CORE_HART,bench=bfs_work_stealing,sample=11,core=0,thread=9,hart=9,bytes=0
L1SPTRACE_CORE_HART,bench=bfs_work_stealing,sample=11,core=0,thread=10,hart=10,bytes=0
L1SPTRACE_CORE_HART,bench=bfs_work_stealing,sample=11,core=0,thread=11,hart=11,bytes=0
L1SPTRACE_CORE_HART,bench=bfs_work_stealing,sample=11,core=0,thread=12,hart=12,bytes=0
L1SPTRACE_CORE_HART,bench=bfs_work_stealing,sample=11,core=0,thread=13,hart=13,bytes=0
L1SPTRACE_CORE_HART,bench=bfs_work_stealing,sample=11,core=0,thread=14,hart=14,bytes=0
L1SPTRACE_CORE_HART,bench=bfs_work_stealing,sample=11,core=0,thread=15,hart=15,bytes=0
L1SPTRACE_GLOBAL,bench=bfs_work_stealing,sample=12,phase=post_redistribute,level=3,iter=-1,bytes=524288
L1SPTRACE_CORE_HART,bench=bfs_work_stealing,sample=12,core=0,thread=0,hart=0,bytes=16384
L1SPTRACE_CORE_HART,bench=bfs_work_stealing,sample=12,core=0,thread=1,hart=1,bytes=16384
L1SPTRACE_CORE_HART,bench=bfs_work_stealing,sample=12,core=0,thread=2,hart=2,bytes=16384
L1SPTRACE_CORE_HART,bench=bfs_work_stealing,sample=12,core=0,thread=3,hart=3,bytes=16384
L1SPTRACE_CORE_HART,bench=bfs_work_stealing,sample=12,core=0,thread=4,hart=4,bytes=16384
L1SPTRACE_CORE_HART,bench=bfs_work_stealing,sample=12,core=0,thread=5,hart=5,bytes=16384
L1SPTRACE_CORE_HART,bench=bfs_work_stealing,sample=12,core=0,thread=6,hart=6,bytes=16384
L1SPTRACE_CORE_HART,bench=bfs_work_stealing,sample=12,core=0,thread=7,hart=7,bytes=16384
L1SPTRACE_CORE_HART,bench=bfs_work_stealing,sample=12,core=0,thread=8,hart=8,bytes=0
L1SPTRACE_CORE_HART,bench=bfs_work_stealing,sample=12,core=0,thread=9,hart=9,bytes=0
L1SPTRACE_CORE_HART,bench=bfs_work_stealing,sample=12,core=0,thread=10,hart=10,bytes=0
L1SPTRACE_CORE_HART,bench=bfs_work_stealing,sample=12,core=0,thread=11,hart=11,bytes=0
L1SPTRACE_CORE_HART,bench=bfs_work_stealing,sample=12,core=0,thread=12,hart=12,bytes=0
L1SPTRACE_CORE_HART,bench=bfs_work_stealing,sample=12,core=0,thread=13,hart=13,bytes=0
L1SPTRACE_CORE_HART,bench=bfs_work_stealing,sample=12,core=0,thread=14,hart=14,bytes=0
L1SPTRACE_CORE_HART,bench=bfs_work_stealing,sample=12,core=0,thread=15,hart=15,bytes=0
L1SPTRACE_GLOBAL,bench=bfs_work_stealing,sample=13,phase=level_begin,level=4,iter=-1,bytes=524288
L1SPTRACE_CORE_HART,bench=bfs_work_stealing,sample=13,core=0,thread=0,hart=0,bytes=16384
L1SPTRACE_CORE_HART,bench=bfs_work_stealing,sample=13,core=0,thread=1,hart=1,bytes=16384
L1SPTRACE_CORE_HART,bench=bfs_work_stealing,sample=13,core=0,thread=2,hart=2,bytes=16384
L1SPTRACE_CORE_HART,bench=bfs_work_stealing,sample=13,core=0,thread=3,hart=3,bytes=16384
L1SPTRACE_CORE_HART,bench=bfs_work_stealing,sample=13,core=0,thread=4,hart=4,bytes=16384
L1SPTRACE_CORE_HART,bench=bfs_work_stealing,sample=13,core=0,thread=5,hart=5,bytes=16384
L1SPTRACE_CORE_HART,bench=bfs_work_stealing,sample=13,core=0,thread=6,hart=6,bytes=16384
L1SPTRACE_CORE_HART,bench=bfs_work_stealing,sample=13,core=0,thread=7,hart=7,bytes=16384
L1SPTRACE_CORE_HART,bench=bfs_work_stealing,sample=13,core=0,thread=8,hart=8,bytes=0
L1SPTRACE_CORE_HART,bench=bfs_work_stealing,sample=13,core=0,thread=9,hart=9,bytes=0
L1SPTRACE_CORE_HART,bench=bfs_work_stealing,sample=13,core=0,thread=10,hart=10,bytes=0
L1SPTRACE_CORE_HART,bench=bfs_work_stealing,sample=13,core=0,thread=11,hart=11,bytes=0
L1SPTRACE_CORE_HART,bench=bfs_work_stealing,sample=13,core=0,thread=12,hart=12,bytes=0
L1SPTRACE_CORE_HART,bench=bfs_work_stealing,sample=13,core=0,thread=13,hart=13,bytes=0
L1SPTRACE_CORE_HART,bench=bfs_work_stealing,sample=13,core=0,thread=14,hart=14,bytes=0
L1SPTRACE_CORE_HART,bench=bfs_work_stealing,sample=13,core=0,thread=15,hart=15,bytes=0
L1SPTRACE_GLOBAL,bench=bfs_work_stealing,sample=14,phase=post_process,level=4,iter=-1,bytes=524288
L1SPTRACE_CORE_HART,bench=bfs_work_stealing,sample=14,core=0,thread=0,hart=0,bytes=16384
L1SPTRACE_CORE_HART,bench=bfs_work_stealing,sample=14,core=0,thread=1,hart=1,bytes=16384
L1SPTRACE_CORE_HART,bench=bfs_work_stealing,sample=14,core=0,thread=2,hart=2,bytes=16384
L1SPTRACE_CORE_HART,bench=bfs_work_stealing,sample=14,core=0,thread=3,hart=3,bytes=16384
L1SPTRACE_CORE_HART,bench=bfs_work_stealing,sample=14,core=0,thread=4,hart=4,bytes=16384
L1SPTRACE_CORE_HART,bench=bfs_work_stealing,sample=14,core=0,thread=5,hart=5,bytes=16384
L1SPTRACE_CORE_HART,bench=bfs_work_stealing,sample=14,core=0,thread=6,hart=6,bytes=16384
L1SPTRACE_CORE_HART,bench=bfs_work_stealing,sample=14,core=0,thread=7,hart=7,bytes=16384
L1SPTRACE_CORE_HART,bench=bfs_work_stealing,sample=14,core=0,thread=8,hart=8,bytes=0
L1SPTRACE_CORE_HART,bench=bfs_work_stealing,sample=14,core=0,thread=9,hart=9,bytes=0
L1SPTRACE_CORE_HART,bench=bfs_work_stealing,sample=14,core=0,thread=10,hart=10,bytes=0
L1SPTRACE_CORE_HART,bench=bfs_work_stealing,sample=14,core=0,thread=11,hart=11,bytes=0
L1SPTRACE_CORE_HART,bench=bfs_work_stealing,sample=14,core=0,thread=12,hart=12,bytes=0
L1SPTRACE_CORE_HART,bench=bfs_work_stealing,sample=14,core=0,thread=13,hart=13,bytes=0
L1SPTRACE_CORE_HART,bench=bfs_work_stealing,sample=14,core=0,thread=14,hart=14,bytes=0
L1SPTRACE_CORE_HART,bench=bfs_work_stealing,sample=14,core=0,thread=15,hart=15,bytes=0
L1SPTRACE_GLOBAL,bench=bfs_work_stealing,sample=15,phase=post_redistribute,level=4,iter=-1,bytes=524288
L1SPTRACE_CORE_HART,bench=bfs_work_stealing,sample=15,core=0,thread=0,hart=0,bytes=16384
L1SPTRACE_CORE_HART,bench=bfs_work_stealing,sample=15,core=0,thread=1,hart=1,bytes=16384
L1SPTRACE_CORE_HART,bench=bfs_work_stealing,sample=15,core=0,thread=2,hart=2,bytes=16384
L1SPTRACE_CORE_HART,bench=bfs_work_stealing,sample=15,core=0,thread=3,hart=3,bytes=16384
L1SPTRACE_CORE_HART,bench=bfs_work_stealing,sample=15,core=0,thread=4,hart=4,bytes=16384
L1SPTRACE_CORE_HART,bench=bfs_work_stealing,sample=15,core=0,thread=5,hart=5,bytes=16384
L1SPTRACE_CORE_HART,bench=bfs_work_stealing,sample=15,core=0,thread=6,hart=6,bytes=16384
L1SPTRACE_CORE_HART,bench=bfs_work_stealing,sample=15,core=0,thread=7,hart=7,bytes=16384
L1SPTRACE_CORE_HART,bench=bfs_work_stealing,sample=15,core=0,thread=8,hart=8,bytes=0
L1SPTRACE_CORE_HART,bench=bfs_work_stealing,sample=15,core=0,thread=9,hart=9,bytes=0
L1SPTRACE_CORE_HART,bench=bfs_work_stealing,sample=15,core=0,thread=10,hart=10,bytes=0
L1SPTRACE_CORE_HART,bench=bfs_work_stealing,sample=15,core=0,thread=11,hart=11,bytes=0
L1SPTRACE_CORE_HART,bench=bfs_work_stealing,sample=15,core=0,thread=12,hart=12,bytes=0
L1SPTRACE_CORE_HART,bench=bfs_work_stealing,sample=15,core=0,thread=13,hart=13,bytes=0
L1SPTRACE_CORE_HART,bench=bfs_work_stealing,sample=15,core=0,thread=14,hart=14,bytes=0
L1SPTRACE_CORE_HART,bench=bfs_work_stealing,sample=15,core=0,thread=15,hart=15,bytes=0
L1SPTRACE_GLOBAL,bench=bfs_work_stealing,sample=16,phase=final,level=5,iter=-1,bytes=524288
L1SPTRACE_CORE_HART,bench=bfs_work_stealing,sample=16,core=0,thread=0,hart=0,bytes=16384
L1SPTRACE_CORE_HART,bench=bfs_work_stealing,sample=16,core=0,thread=1,hart=1,bytes=16384
L1SPTRACE_CORE_HART,bench=bfs_work_stealing,sample=16,core=0,thread=2,hart=2,bytes=16384
L1SPTRACE_CORE_HART,bench=bfs_work_stealing,sample=16,core=0,thread=3,hart=3,bytes=16384
L1SPTRACE_CORE_HART,bench=bfs_work_stealing,sample=16,core=0,thread=4,hart=4,bytes=16384
L1SPTRACE_CORE_HART,bench=bfs_work_stealing,sample=16,core=0,thread=5,hart=5,bytes=16384
L1SPTRACE_CORE_HART,bench=bfs_work_stealing,sample=16,core=0,thread=6,hart=6,bytes=16384
L1SPTRACE_CORE_HART,bench=bfs_work_stealing,sample=16,core=0,thread=7,hart=7,bytes=16384
L1SPTRACE_CORE_HART,bench=bfs_work_stealing,sample=16,core=0,thread=8,hart=8,bytes=0
L1SPTRACE_CORE_HART,bench=bfs_work_stealing,sample=16,core=0,thread=9,hart=9,bytes=0
L1SPTRACE_CORE_HART,bench=bfs_work_stealing,sample=16,core=0,thread=10,hart=10,bytes=0
L1SPTRACE_CORE_HART,bench=bfs_work_stealing,sample=16,core=0,thread=11,hart=11,bytes=0
L1SPTRACE_CORE_HART,bench=bfs_work_stealing,sample=16,core=0,thread=12,hart=12,bytes=0
L1SPTRACE_CORE_HART,bench=bfs_work_stealing,sample=16,core=0,thread=13,hart=13,bytes=0
L1SPTRACE_CORE_HART,bench=bfs_work_stealing,sample=16,core=0,thread=14,hart=14,bytes=0
L1SPTRACE_CORE_HART,bench=bfs_work_stealing,sample=16,core=0,thread=15,hart=15,bytes=0
L1SPTRACE_HART,bench=bfs_work_stealing,hart=0,core=0,thread=0,bytes=16384
L1SPTRACE_HART,bench=bfs_work_stealing,hart=1,core=0,thread=1,bytes=16384
L1SPTRACE_HART,bench=bfs_work_stealing,hart=2,core=0,thread=2,bytes=16384
L1SPTRACE_HART,bench=bfs_work_stealing,hart=3,core=0,thread=3,bytes=16384
L1SPTRACE_HART,bench=bfs_work_stealing,hart=4,core=0,thread=4,bytes=16384
L1SPTRACE_HART,bench=bfs_work_stealing,hart=5,core=0,thread=5,bytes=16384
L1SPTRACE_HART,bench=bfs_work_stealing,hart=6,core=0,thread=6,bytes=16384
L1SPTRACE_HART,bench=bfs_work_stealing,hart=7,core=0,thread=7,bytes=16384
L1SPTRACE_HART,bench=bfs_work_stealing,hart=8,core=0,thread=8,bytes=0
L1SPTRACE_HART,bench=bfs_work_stealing,hart=9,core=0,thread=9,bytes=0
L1SPTRACE_HART,bench=bfs_work_stealing,hart=10,core=0,thread=10,bytes=0
L1SPTRACE_HART,bench=bfs_work_stealing,hart=11,core=0,thread=11,bytes=0
L1SPTRACE_HART,bench=bfs_work_stealing,hart=12,core=0,thread=12,bytes=0
L1SPTRACE_HART,bench=bfs_work_stealing,hart=13,core=0,thread=13,bytes=0
L1SPTRACE_HART,bench=bfs_work_stealing,hart=14,core=0,thread=14,bytes=0
L1SPTRACE_HART,bench=bfs_work_stealing,hart=15,core=0,thread=15,bytes=0
L1SPTRACE_HART,bench=bfs_work_stealing,hart=16,core=1,thread=0,bytes=16384
L1SPTRACE_HART,bench=bfs_work_stealing,hart=17,core=1,thread=1,bytes=16384
L1SPTRACE_HART,bench=bfs_work_stealing,hart=18,core=1,thread=2,bytes=16384
L1SPTRACE_HART,bench=bfs_work_stealing,hart=19,core=1,thread=3,bytes=16384
L1SPTRACE_HART,bench=bfs_work_stealing,hart=20,core=1,thread=4,bytes=16384
L1SPTRACE_HART,bench=bfs_work_stealing,hart=21,core=1,thread=5,bytes=16384
L1SPTRACE_HART,bench=bfs_work_stealing,hart=22,core=1,thread=6,bytes=16384
L1SPTRACE_HART,bench=bfs_work_stealing,hart=23,core=1,thread=7,bytes=16384
L1SPTRACE_HART,bench=bfs_work_stealing,hart=24,core=1,thread=8,bytes=0
L1SPTRACE_HART,bench=bfs_work_stealing,hart=25,core=1,thread=9,bytes=0
L1SPTRACE_HART,bench=bfs_work_stealing,hart=26,core=1,thread=10,bytes=0
L1SPTRACE_HART,bench=bfs_work_stealing,hart=27,core=1,thread=11,bytes=0
L1SPTRACE_HART,bench=bfs_work_stealing,hart=28,core=1,thread=12,bytes=0
L1SPTRACE_HART,bench=bfs_work_stealing,hart=29,core=1,thread=13,bytes=0
L1SPTRACE_HART,bench=bfs_work_stealing,hart=30,core=1,thread=14,bytes=0
L1SPTRACE_HART,bench=bfs_work_stealing,hart=31,core=1,thread=15,bytes=0
L1SPTRACE_HART,bench=bfs_work_stealing,hart=32,core=2,thread=0,bytes=16384
L1SPTRACE_HART,bench=bfs_work_stealing,hart=33,core=2,thread=1,bytes=16384
L1SPTRACE_HART,bench=bfs_work_stealing,hart=34,core=2,thread=2,bytes=16384
L1SPTRACE_HART,bench=bfs_work_stealing,hart=35,core=2,thread=3,bytes=16384
L1SPTRACE_HART,bench=bfs_work_stealing,hart=36,core=2,thread=4,bytes=16384
L1SPTRACE_HART,bench=bfs_work_stealing,hart=37,core=2,thread=5,bytes=16384
L1SPTRACE_HART,bench=bfs_work_stealing,hart=38,core=2,thread=6,bytes=16384
L1SPTRACE_HART,bench=bfs_work_stealing,hart=39,core=2,thread=7,bytes=16384
L1SPTRACE_HART,bench=bfs_work_stealing,hart=40,core=2,thread=8,bytes=0
L1SPTRACE_HART,bench=bfs_work_stealing,hart=41,core=2,thread=9,bytes=0
L1SPTRACE_HART,bench=bfs_work_stealing,hart=42,core=2,thread=10,bytes=0
L1SPTRACE_HART,bench=bfs_work_stealing,hart=43,core=2,thread=11,bytes=0
L1SPTRACE_HART,bench=bfs_work_stealing,hart=44,core=2,thread=12,bytes=0
L1SPTRACE_HART,bench=bfs_work_stealing,hart=45,core=2,thread=13,bytes=0
L1SPTRACE_HART,bench=bfs_work_stealing,hart=46,core=2,thread=14,bytes=0
L1SPTRACE_HART,bench=bfs_work_stealing,hart=47,core=2,thread=15,bytes=0
L1SPTRACE_HART,bench=bfs_work_stealing,hart=48,core=3,thread=0,bytes=16384
L1SPTRACE_HART,bench=bfs_work_stealing,hart=49,core=3,thread=1,bytes=16384
L1SPTRACE_HART,bench=bfs_work_stealing,hart=50,core=3,thread=2,bytes=16384
L1SPTRACE_HART,bench=bfs_work_stealing,hart=51,core=3,thread=3,bytes=16384
L1SPTRACE_HART,bench=bfs_work_stealing,hart=52,core=3,thread=4,bytes=16384
L1SPTRACE_HART,bench=bfs_work_stealing,hart=53,core=3,thread=5,bytes=16384
L1SPTRACE_HART,bench=bfs_work_stealing,hart=54,core=3,thread=6,bytes=16384
L1SPTRACE_HART,bench=bfs_work_stealing,hart=55,core=3,thread=7,bytes=16384
L1SPTRACE_HART,bench=bfs_work_stealing,hart=56,core=3,thread=8,bytes=0
L1SPTRACE_HART,bench=bfs_work_stealing,hart=57,core=3,thread=9,bytes=0
L1SPTRACE_HART,bench=bfs_work_stealing,hart=58,core=3,thread=10,bytes=0
L1SPTRACE_HART,bench=bfs_work_stealing,hart=59,core=3,thread=11,bytes=0
L1SPTRACE_HART,bench=bfs_work_stealing,hart=60,core=3,thread=12,bytes=0
L1SPTRACE_HART,bench=bfs_work_stealing,hart=61,core=3,thread=13,bytes=0
L1SPTRACE_HART,bench=bfs_work_stealing,hart=62,core=3,thread=14,bytes=0
L1SPTRACE_HART,bench=bfs_work_stealing,hart=63,core=3,thread=15,bytes=0
L1SPTRACE_DUMP_END,bench=bfs_work_stealing
WQSNAP_DUMP_BEGIN,bench=bfs_work_stealing,cores=4,snaps=128,capacity=4096
WQSNAP,bench=bfs_work_stealing,cores=4,idx=0,level=2,event=pop,actor_core=3,depths=7789|7085|5741|4717
WQSNAP,bench=bfs_work_stealing,cores=4,idx=1,level=2,event=pop,actor_core=3,depths=7789|7021|5741|4717
WQSNAP,bench=bfs_work_stealing,cores=4,idx=2,level=2,event=pop,actor_core=3,depths=7789|7021|5741|4717
WQSNAP,bench=bfs_work_stealing,cores=4,idx=3,level=2,event=pop,actor_core=3,depths=7789|7021|5741|4589
WQSNAP,bench=bfs_work_stealing,cores=4,idx=4,level=2,event=pop,actor_core=3,depths=7789|7021|5741|4525
WQSNAP,bench=bfs_work_stealing,cores=4,idx=5,level=2,event=pop,actor_core=3,depths=7789|7021|5741|4525
WQSNAP,bench=bfs_work_stealing,cores=4,idx=6,level=2,event=pop,actor_core=3,depths=7789|6957|5741|4333
WQSNAP,bench=bfs_work_stealing,cores=4,idx=7,level=2,event=pop,actor_core=3,depths=7789|6957|5741|4333
WQSNAP,bench=bfs_work_stealing,cores=4,idx=8,level=2,event=pop,actor_core=3,depths=7789|6957|5741|4205
WQSNAP,bench=bfs_work_stealing,cores=4,idx=9,level=2,event=pop,actor_core=3,depths=7789|6957|5741|4141
WQSNAP,bench=bfs_work_stealing,cores=4,idx=10,level=2,event=pop,actor_core=3,depths=7789|6957|5741|4141
WQSNAP,bench=bfs_work_stealing,cores=4,idx=11,level=2,event=pop,actor_core=3,depths=7789|6957|5741|4077
WQSNAP,bench=bfs_work_stealing,cores=4,idx=12,level=2,event=pop,actor_core=3,depths=7789|6957|5741|3949
WQSNAP,bench=bfs_work_stealing,cores=4,idx=13,level=2,event=pop,actor_core=3,depths=7789|6893|5741|3885
WQSNAP,bench=bfs_work_stealing,cores=4,idx=14,level=2,event=pop,actor_core=3,depths=7789|6893|5741|3885
WQSNAP,bench=bfs_work_stealing,cores=4,idx=15,level=2,event=pop,actor_core=3,depths=7789|6893|5741|3757
WQSNAP,bench=bfs_work_stealing,cores=4,idx=16,level=2,event=pop,actor_core=2,depths=7789|6701|4717|1325
WQSNAP,bench=bfs_work_stealing,cores=4,idx=17,level=2,event=pop,actor_core=2,depths=7789|6701|4653|1197
WQSNAP,bench=bfs_work_stealing,cores=4,idx=18,level=2,event=pop,actor_core=2,depths=7789|6701|4589|877
WQSNAP,bench=bfs_work_stealing,cores=4,idx=19,level=2,event=pop,actor_core=2,depths=7789|6637|4525|813
WQSNAP,bench=bfs_work_stealing,cores=4,idx=20,level=2,event=pop,actor_core=2,depths=7789|6637|4461|621
WQSNAP,bench=bfs_work_stealing,cores=4,idx=21,level=2,event=pop,actor_core=2,depths=7789|6637|4397|621
WQSNAP,bench=bfs_work_stealing,cores=4,idx=22,level=2,event=pop,actor_core=2,depths=7789|6637|4333|621
WQSNAP,bench=bfs_work_stealing,cores=4,idx=23,level=2,event=pop,actor_core=2,depths=7789|6637|4333|621
WQSNAP,bench=bfs_work_stealing,cores=4,idx=24,level=2,event=pop,actor_core=2,depths=7789|6637|4205|621
WQSNAP,bench=bfs_work_stealing,cores=4,idx=25,level=2,event=pop,actor_core=2,depths=7789|6637|4205|621
WQSNAP,bench=bfs_work_stealing,cores=4,idx=26,level=2,event=pop,actor_core=2,depths=7789|6381|4077|621
WQSNAP,bench=bfs_work_stealing,cores=4,idx=27,level=2,event=pop,actor_core=2,depths=7789|6381|4077|621
WQSNAP,bench=bfs_work_stealing,cores=4,idx=28,level=2,event=pop,actor_core=2,depths=7789|6381|3949|621
WQSNAP,bench=bfs_work_stealing,cores=4,idx=29,level=2,event=pop,actor_core=2,depths=7789|6381|3949|621
WQSNAP,bench=bfs_work_stealing,cores=4,idx=30,level=2,event=pop,actor_core=3,depths=7789|6317|3821|621
WQSNAP,bench=bfs_work_stealing,cores=4,idx=31,level=2,event=pop,actor_core=3,depths=7789|6317|3821|621
WQSNAP,bench=bfs_work_stealing,cores=4,idx=32,level=2,event=pop,actor_core=3,depths=7789|6317|3821|493
WQSNAP,bench=bfs_work_stealing,cores=4,idx=33,level=2,event=pop,actor_core=3,depths=7789|6317|3821|493
WQSNAP,bench=bfs_work_stealing,cores=4,idx=34,level=2,event=pop,actor_core=3,depths=7789|6253|3821|365
WQSNAP,bench=bfs_work_stealing,cores=4,idx=35,level=2,event=pop,actor_core=2,depths=7789|6253|3821|301
WQSNAP,bench=bfs_work_stealing,cores=4,idx=36,level=2,event=pop,actor_core=3,depths=7789|6253|3821|301
WQSNAP,bench=bfs_work_stealing,cores=4,idx=37,level=2,event=pop,actor_core=3,depths=7789|6253|3757|301
WQSNAP,bench=bfs_work_stealing,cores=4,idx=38,level=2,event=pop,actor_core=3,depths=7789|6253|3757|173
WQSNAP,bench=bfs_work_stealing,cores=4,idx=39,level=2,event=pop,actor_core=3,depths=7789|6253|3757|173
WQSNAP,bench=bfs_work_stealing,cores=4,idx=40,level=2,event=pop,actor_core=3,depths=7789|6253|3757|173
WQSNAP,bench=bfs_work_stealing,cores=4,idx=41,level=2,event=pop,actor_core=2,depths=7789|6253|3757|173
WQSNAP,bench=bfs_work_stealing,cores=4,idx=42,level=2,event=pop,actor_core=3,depths=7789|6253|3757|173
WQSNAP,bench=bfs_work_stealing,cores=4,idx=43,level=2,event=pop,actor_core=3,depths=7789|6253|3693|0
WQSNAP,bench=bfs_work_stealing,cores=4,idx=44,level=2,event=pop,actor_core=3,depths=7789|6253|3693|0
WQSNAP,bench=bfs_work_stealing,cores=4,idx=45,level=2,event=pop,actor_core=3,depths=7789|6189|3693|0
WQSNAP,bench=bfs_work_stealing,cores=4,idx=46,level=2,event=pop,actor_core=3,depths=7725|6189|3693|0
WQSNAP,bench=bfs_work_stealing,cores=4,idx=47,level=2,event=pop,actor_core=3,depths=7725|6189|3693|0
WQSNAP,bench=bfs_work_stealing,cores=4,idx=48,level=2,event=pop,actor_core=2,depths=6765|4717|621|0
WQSNAP,bench=bfs_work_stealing,cores=4,idx=49,level=2,event=pop,actor_core=2,depths=6765|4717|621|0
WQSNAP,bench=bfs_work_stealing,cores=4,idx=50,level=2,event=pop,actor_core=2,depths=6765|4717|557|0
WQSNAP,bench=bfs_work_stealing,cores=4,idx=51,level=2,event=pop,actor_core=2,depths=6765|4717|429|0
WQSNAP,bench=bfs_work_stealing,cores=4,idx=52,level=2,event=pop,actor_core=2,depths=6765|4717|365|0
WQSNAP,bench=bfs_work_stealing,cores=4,idx=53,level=2,event=pop,actor_core=2,depths=6765|4717|365|0
WQSNAP,bench=bfs_work_stealing,cores=4,idx=54,level=2,event=pop,actor_core=2,depths=6765|4717|237|0
WQSNAP,bench=bfs_work_stealing,cores=4,idx=55,level=2,event=pop,actor_core=2,depths=6765|4717|173|0
WQSNAP,bench=bfs_work_stealing,cores=4,idx=56,level=2,event=pop,actor_core=2,depths=6765|4717|109|0
WQSNAP,bench=bfs_work_stealing,cores=4,idx=57,level=2,event=pop,actor_core=2,depths=6765|4717|109|0
WQSNAP,bench=bfs_work_stealing,cores=4,idx=58,level=2,event=pop,actor_core=2,depths=6765|4717|109|0
WQSNAP,bench=bfs_work_stealing,cores=4,idx=59,level=2,event=pop,actor_core=2,depths=6765|4717|109|0
WQSNAP,bench=bfs_work_stealing,cores=4,idx=60,level=2,event=pop,actor_core=2,depths=6765|4717|0|0
WQSNAP,bench=bfs_work_stealing,cores=4,idx=61,level=2,event=pop,actor_core=2,depths=6765|4717|0|0
WQSNAP,bench=bfs_work_stealing,cores=4,idx=62,level=2,event=pop,actor_core=2,depths=6765|4717|0|0
WQSNAP,bench=bfs_work_stealing,cores=4,idx=63,level=2,event=pop,actor_core=2,depths=6765|4717|0|0
WQSNAP,bench=bfs_work_stealing,cores=4,idx=64,level=2,event=pop,actor_core=1,depths=6765|4717|0|0
WQSNAP,bench=bfs_work_stealing,cores=4,idx=65,level=2,event=pop,actor_core=1,depths=6765|4653|0|0
WQSNAP,bench=bfs_work_stealing,cores=4,idx=66,level=2,event=pop,actor_core=1,depths=6765|4589|0|0
WQSNAP,bench=bfs_work_stealing,cores=4,idx=67,level=2,event=pop,actor_core=1,depths=6765|4589|0|0
WQSNAP,bench=bfs_work_stealing,cores=4,idx=68,level=2,event=pop,actor_core=1,depths=6765|4589|0|0
WQSNAP,bench=bfs_work_stealing,cores=4,idx=69,level=2,event=pop,actor_core=1,depths=6765|4461|0|0
WQSNAP,bench=bfs_work_stealing,cores=4,idx=70,level=2,event=pop,actor_core=1,depths=6765|4333|0|0
WQSNAP,bench=bfs_work_stealing,cores=4,idx=71,level=2,event=pop,actor_core=1,depths=6765|4269|0|0
WQSNAP,bench=bfs_work_stealing,cores=4,idx=72,level=2,event=pop,actor_core=1,depths=6765|4205|0|0
WQSNAP,bench=bfs_work_stealing,cores=4,idx=73,level=2,event=pop,actor_core=1,depths=6765|4141|0|0
WQSNAP,bench=bfs_work_stealing,cores=4,idx=74,level=2,event=pop,actor_core=1,depths=6765|4077|0|0
WQSNAP,bench=bfs_work_stealing,cores=4,idx=75,level=2,event=pop,actor_core=1,depths=6765|4077|0|0
WQSNAP,bench=bfs_work_stealing,cores=4,idx=76,level=2,event=pop,actor_core=1,depths=6765|3949|0|0
WQSNAP,bench=bfs_work_stealing,cores=4,idx=77,level=2,event=pop,actor_core=1,depths=6765|3885|0|0
WQSNAP,bench=bfs_work_stealing,cores=4,idx=78,level=2,event=pop,actor_core=1,depths=6765|3885|0|0
WQSNAP,bench=bfs_work_stealing,cores=4,idx=79,level=2,event=pop,actor_core=1,depths=6765|3757|0|0
WQSNAP,bench=bfs_work_stealing,cores=4,idx=80,level=2,event=pop,actor_core=1,depths=5677|685|0|0
WQSNAP,bench=bfs_work_stealing,cores=4,idx=81,level=2,event=pop,actor_core=1,depths=5677|621|0|0
WQSNAP,bench=bfs_work_stealing,cores=4,idx=82,level=2,event=pop,actor_core=1,depths=5677|621|0|0
WQSNAP,bench=bfs_work_stealing,cores=4,idx=83,level=2,event=pop,actor_core=1,depths=5677|493|0|0
WQSNAP,bench=bfs_work_stealing,cores=4,idx=84,level=2,event=pop,actor_core=1,depths=5677|365|0|0
WQSNAP,bench=bfs_work_stealing,cores=4,idx=85,level=2,event=pop,actor_core=1,depths=5677|301|0|0
WQSNAP,bench=bfs_work_stealing,cores=4,idx=86,level=2,event=pop,actor_core=1,depths=5677|237|0|0
WQSNAP,bench=bfs_work_stealing,cores=4,idx=87,level=2,event=pop,actor_core=1,depths=5677|173|0|0
WQSNAP,bench=bfs_work_stealing,cores=4,idx=88,level=2,event=pop,actor_core=1,depths=5677|109|0|0
WQSNAP,bench=bfs_work_stealing,cores=4,idx=89,level=2,event=pop,actor_core=1,depths=5613|45|0|0
WQSNAP,bench=bfs_work_stealing,cores=4,idx=90,level=2,event=pop,actor_core=1,depths=5613|0|0|0
WQSNAP,bench=bfs_work_stealing,cores=4,idx=91,level=2,event=pop,actor_core=1,depths=5549|0|0|0
WQSNAP,bench=bfs_work_stealing,cores=4,idx=92,level=2,event=pop,actor_core=1,depths=5549|0|0|0
WQSNAP,bench=bfs_work_stealing,cores=4,idx=93,level=2,event=pop,actor_core=1,depths=5549|0|0|0
WQSNAP,bench=bfs_work_stealing,cores=4,idx=94,level=2,event=pop,actor_core=1,depths=5485|0|0|0
WQSNAP,bench=bfs_work_stealing,cores=4,idx=95,level=2,event=pop,actor_core=1,depths=5421|0|0|0
WQSNAP,bench=bfs_work_stealing,cores=4,idx=96,level=2,event=pop,actor_core=0,depths=4717|0|0|0
WQSNAP,bench=bfs_work_stealing,cores=4,idx=97,level=2,event=pop,actor_core=0,depths=4653|0|0|0
WQSNAP,bench=bfs_work_stealing,cores=4,idx=98,level=2,event=pop,actor_core=0,depths=4589|0|0|0
WQSNAP,bench=bfs_work_stealing,cores=4,idx=99,level=2,event=pop,actor_core=0,depths=4525|0|0|0
WQSNAP,bench=bfs_work_stealing,cores=4,idx=100,level=2,event=pop,actor_core=0,depths=4461|0|0|0
WQSNAP,bench=bfs_work_stealing,cores=4,idx=101,level=2,event=pop,actor_core=0,depths=4397|0|0|0
WQSNAP,bench=bfs_work_stealing,cores=4,idx=102,level=2,event=pop,actor_core=0,depths=4333|0|0|0
WQSNAP,bench=bfs_work_stealing,cores=4,idx=103,level=2,event=pop,actor_core=0,depths=4269|0|0|0
WQSNAP,bench=bfs_work_stealing,cores=4,idx=104,level=2,event=pop,actor_core=0,depths=4205|0|0|0
WQSNAP,bench=bfs_work_stealing,cores=4,idx=105,level=2,event=pop,actor_core=0,depths=4141|0|0|0
WQSNAP,bench=bfs_work_stealing,cores=4,idx=106,level=2,event=pop,actor_core=0,depths=4077|0|0|0
WQSNAP,bench=bfs_work_stealing,cores=4,idx=107,level=2,event=pop,actor_core=0,depths=4013|0|0|0
WQSNAP,bench=bfs_work_stealing,cores=4,idx=108,level=2,event=pop,actor_core=0,depths=3949|0|0|0
WQSNAP,bench=bfs_work_stealing,cores=4,idx=109,level=2,event=pop,actor_core=0,depths=3885|0|0|0
WQSNAP,bench=bfs_work_stealing,cores=4,idx=110,level=2,event=pop,actor_core=0,depths=3821|0|0|0
WQSNAP,bench=bfs_work_stealing,cores=4,idx=111,level=2,event=pop,actor_core=0,depths=3757|0|0|0
WQSNAP,bench=bfs_work_stealing,cores=4,idx=112,level=2,event=pop,actor_core=0,depths=621|0|0|0
WQSNAP,bench=bfs_work_stealing,cores=4,idx=113,level=2,event=pop,actor_core=0,depths=557|0|0|0
WQSNAP,bench=bfs_work_stealing,cores=4,idx=114,level=2,event=pop,actor_core=0,depths=493|0|0|0
WQSNAP,bench=bfs_work_stealing,cores=4,idx=115,level=2,event=pop,actor_core=0,depths=429|0|0|0
WQSNAP,bench=bfs_work_stealing,cores=4,idx=116,level=2,event=pop,actor_core=0,depths=365|0|0|0
WQSNAP,bench=bfs_work_stealing,cores=4,idx=117,level=2,event=pop,actor_core=0,depths=301|0|0|0
WQSNAP,bench=bfs_work_stealing,cores=4,idx=118,level=2,event=pop,actor_core=0,depths=237|0|0|0
WQSNAP,bench=bfs_work_stealing,cores=4,idx=119,level=2,event=pop,actor_core=0,depths=173|0|0|0
WQSNAP,bench=bfs_work_stealing,cores=4,idx=120,level=2,event=pop,actor_core=0,depths=109|0|0|0
WQSNAP,bench=bfs_work_stealing,cores=4,idx=121,level=2,event=pop,actor_core=0,depths=109|0|0|0
WQSNAP,bench=bfs_work_stealing,cores=4,idx=122,level=2,event=pop,actor_core=0,depths=0|0|0|0
WQSNAP,bench=bfs_work_stealing,cores=4,idx=123,level=2,event=pop,actor_core=0,depths=0|0|0|0
WQSNAP,bench=bfs_work_stealing,cores=4,idx=124,level=2,event=pop,actor_core=0,depths=0|0|0|0
WQSNAP,bench=bfs_work_stealing,cores=4,idx=125,level=2,event=pop,actor_core=0,depths=0|0|0|0
WQSNAP,bench=bfs_work_stealing,cores=4,idx=126,level=2,event=pop,actor_core=0,depths=0|0|0|0
WQSNAP,bench=bfs_work_stealing,cores=4,idx=127,level=2,event=pop,actor_core=0,depths=0|0|0|0
WQSNAP_DUMP_END,bench=bfs_work_stealing
L1SPSNAP_DUMP_BEGIN,bench=bfs_work_stealing,cores=4,harts_per_core=16,harts=64,snaps=128
L1SPSNAP_CORE,bench=bfs_work_stealing,idx=0,level=2,core=0,bytes=0
L1SPSNAP_CORE,bench=bfs_work_stealing,idx=0,level=2,core=1,bytes=0
L1SPSNAP_CORE,bench=bfs_work_stealing,idx=0,level=2,core=2,bytes=0
L1SPSNAP_CORE,bench=bfs_work_stealing,idx=0,level=2,core=3,bytes=0
L1SPSNAP_CORE,bench=bfs_work_stealing,idx=1,level=2,core=0,bytes=0
L1SPSNAP_CORE,bench=bfs_work_stealing,idx=1,level=2,core=1,bytes=0
L1SPSNAP_CORE,bench=bfs_work_stealing,idx=1,level=2,core=2,bytes=0
L1SPSNAP_CORE,bench=bfs_work_stealing,idx=1,level=2,core=3,bytes=0
L1SPSNAP_CORE,bench=bfs_work_stealing,idx=2,level=2,core=0,bytes=0
L1SPSNAP_CORE,bench=bfs_work_stealing,idx=2,level=2,core=1,bytes=0
L1SPSNAP_CORE,bench=bfs_work_stealing,idx=2,level=2,core=2,bytes=0
L1SPSNAP_CORE,bench=bfs_work_stealing,idx=2,level=2,core=3,bytes=16384
L1SPSNAP_HART,bench=bfs_work_stealing,idx=2,level=2,core=3,thread=2,hart=50,bytes=16384
L1SPSNAP_CORE,bench=bfs_work_stealing,idx=3,level=2,core=0,bytes=0
L1SPSNAP_CORE,bench=bfs_work_stealing,idx=3,level=2,core=1,bytes=0
L1SPSNAP_CORE,bench=bfs_work_stealing,idx=3,level=2,core=2,bytes=0
L1SPSNAP_CORE,bench=bfs_work_stealing,idx=3,level=2,core=3,bytes=16384
L1SPSNAP_HART,bench=bfs_work_stealing,idx=3,level=2,core=3,thread=0,hart=48,bytes=16384
L1SPSNAP_CORE,bench=bfs_work_stealing,idx=4,level=2,core=0,bytes=0
L1SPSNAP_CORE,bench=bfs_work_stealing,idx=4,level=2,core=1,bytes=0
L1SPSNAP_CORE,bench=bfs_work_stealing,idx=4,level=2,core=2,bytes=0
L1SPSNAP_CORE,bench=bfs_work_stealing,idx=4,level=2,core=3,bytes=16384
L1SPSNAP_HART,bench=bfs_work_stealing,idx=4,level=2,core=3,thread=5,hart=53,bytes=16384
L1SPSNAP_CORE,bench=bfs_work_stealing,idx=5,level=2,core=0,bytes=0
L1SPSNAP_CORE,bench=bfs_work_stealing,idx=5,level=2,core=1,bytes=0
L1SPSNAP_CORE,bench=bfs_work_stealing,idx=5,level=2,core=2,bytes=0
L1SPSNAP_CORE,bench=bfs_work_stealing,idx=5,level=2,core=3,bytes=0
L1SPSNAP_CORE,bench=bfs_work_stealing,idx=6,level=2,core=0,bytes=0
L1SPSNAP_CORE,bench=bfs_work_stealing,idx=6,level=2,core=1,bytes=0
L1SPSNAP_CORE,bench=bfs_work_stealing,idx=6,level=2,core=2,bytes=0
L1SPSNAP_CORE,bench=bfs_work_stealing,idx=6,level=2,core=3,bytes=16384
L1SPSNAP_HART,bench=bfs_work_stealing,idx=6,level=2,core=3,thread=4,hart=52,bytes=16384
L1SPSNAP_CORE,bench=bfs_work_stealing,idx=7,level=2,core=0,bytes=0
L1SPSNAP_CORE,bench=bfs_work_stealing,idx=7,level=2,core=1,bytes=0
L1SPSNAP_CORE,bench=bfs_work_stealing,idx=7,level=2,core=2,bytes=0
L1SPSNAP_CORE,bench=bfs_work_stealing,idx=7,level=2,core=3,bytes=0
L1SPSNAP_CORE,bench=bfs_work_stealing,idx=8,level=2,core=0,bytes=0
L1SPSNAP_CORE,bench=bfs_work_stealing,idx=8,level=2,core=1,bytes=0
L1SPSNAP_CORE,bench=bfs_work_stealing,idx=8,level=2,core=2,bytes=0
L1SPSNAP_CORE,bench=bfs_work_stealing,idx=8,level=2,core=3,bytes=16384
L1SPSNAP_HART,bench=bfs_work_stealing,idx=8,level=2,core=3,thread=7,hart=55,bytes=16384
L1SPSNAP_CORE,bench=bfs_work_stealing,idx=9,level=2,core=0,bytes=0
L1SPSNAP_CORE,bench=bfs_work_stealing,idx=9,level=2,core=1,bytes=0
L1SPSNAP_CORE,bench=bfs_work_stealing,idx=9,level=2,core=2,bytes=0
L1SPSNAP_CORE,bench=bfs_work_stealing,idx=9,level=2,core=3,bytes=16384
L1SPSNAP_HART,bench=bfs_work_stealing,idx=9,level=2,core=3,thread=6,hart=54,bytes=16384
L1SPSNAP_CORE,bench=bfs_work_stealing,idx=10,level=2,core=0,bytes=0
L1SPSNAP_CORE,bench=bfs_work_stealing,idx=10,level=2,core=1,bytes=0
L1SPSNAP_CORE,bench=bfs_work_stealing,idx=10,level=2,core=2,bytes=0
L1SPSNAP_CORE,bench=bfs_work_stealing,idx=10,level=2,core=3,bytes=0
L1SPSNAP_CORE,bench=bfs_work_stealing,idx=11,level=2,core=0,bytes=0
L1SPSNAP_CORE,bench=bfs_work_stealing,idx=11,level=2,core=1,bytes=0
L1SPSNAP_CORE,bench=bfs_work_stealing,idx=11,level=2,core=2,bytes=0
L1SPSNAP_CORE,bench=bfs_work_stealing,idx=11,level=2,core=3,bytes=16384
L1SPSNAP_HART,bench=bfs_work_stealing,idx=11,level=2,core=3,thread=1,hart=49,bytes=16384
L1SPSNAP_CORE,bench=bfs_work_stealing,idx=12,level=2,core=0,bytes=0
L1SPSNAP_CORE,bench=bfs_work_stealing,idx=12,level=2,core=1,bytes=0
L1SPSNAP_CORE,bench=bfs_work_stealing,idx=12,level=2,core=2,bytes=0
L1SPSNAP_CORE,bench=bfs_work_stealing,idx=12,level=2,core=3,bytes=16384
L1SPSNAP_HART,bench=bfs_work_stealing,idx=12,level=2,core=3,thread=3,hart=51,bytes=16384
L1SPSNAP_CORE,bench=bfs_work_stealing,idx=13,level=2,core=0,bytes=0
L1SPSNAP_CORE,bench=bfs_work_stealing,idx=13,level=2,core=1,bytes=0
L1SPSNAP_CORE,bench=bfs_work_stealing,idx=13,level=2,core=2,bytes=0
L1SPSNAP_CORE,bench=bfs_work_stealing,idx=13,level=2,core=3,bytes=0
L1SPSNAP_CORE,bench=bfs_work_stealing,idx=14,level=2,core=0,bytes=0
L1SPSNAP_CORE,bench=bfs_work_stealing,idx=14,level=2,core=1,bytes=0
L1SPSNAP_CORE,bench=bfs_work_stealing,idx=14,level=2,core=2,bytes=0
L1SPSNAP_CORE,bench=bfs_work_stealing,idx=14,level=2,core=3,bytes=0
L1SPSNAP_CORE,bench=bfs_work_stealing,idx=15,level=2,core=0,bytes=0
L1SPSNAP_CORE,bench=bfs_work_stealing,idx=15,level=2,core=1,bytes=0
L1SPSNAP_CORE,bench=bfs_work_stealing,idx=15,level=2,core=2,bytes=0
L1SPSNAP_CORE,bench=bfs_work_stealing,idx=15,level=2,core=3,bytes=0
L1SPSNAP_CORE,bench=bfs_work_stealing,idx=16,level=2,core=0,bytes=0
L1SPSNAP_CORE,bench=bfs_work_stealing,idx=16,level=2,core=1,bytes=0
L1SPSNAP_CORE,bench=bfs_work_stealing,idx=16,level=2,core=2,bytes=0
L1SPSNAP_CORE,bench=bfs_work_stealing,idx=16,level=2,core=3,bytes=0
L1SPSNAP_CORE,bench=bfs_work_stealing,idx=17,level=2,core=0,bytes=0
L1SPSNAP_CORE,bench=bfs_work_stealing,idx=17,level=2,core=1,bytes=0
L1SPSNAP_CORE,bench=bfs_work_stealing,idx=17,level=2,core=2,bytes=0
L1SPSNAP_CORE,bench=bfs_work_stealing,idx=17,level=2,core=3,bytes=0
L1SPSNAP_CORE,bench=bfs_work_stealing,idx=18,level=2,core=0,bytes=0
L1SPSNAP_CORE,bench=bfs_work_stealing,idx=18,level=2,core=1,bytes=0
L1SPSNAP_CORE,bench=bfs_work_stealing,idx=18,level=2,core=2,bytes=16384
L1SPSNAP_CORE,bench=bfs_work_stealing,idx=18,level=2,core=3,bytes=0
L1SPSNAP_HART,bench=bfs_work_stealing,idx=18,level=2,core=2,thread=7,hart=39,bytes=16384
L1SPSNAP_CORE,bench=bfs_work_stealing,idx=19,level=2,core=0,bytes=0
L1SPSNAP_CORE,bench=bfs_work_stealing,idx=19,level=2,core=1,bytes=0
L1SPSNAP_CORE,bench=bfs_work_stealing,idx=19,level=2,core=2,bytes=0
L1SPSNAP_CORE,bench=bfs_work_stealing,idx=19,level=2,core=3,bytes=0
L1SPSNAP_CORE,bench=bfs_work_stealing,idx=20,level=2,core=0,bytes=0
L1SPSNAP_CORE,bench=bfs_work_stealing,idx=20,level=2,core=1,bytes=0
L1SPSNAP_CORE,bench=bfs_work_stealing,idx=20,level=2,core=2,bytes=16384
L1SPSNAP_CORE,bench=bfs_work_stealing,idx=20,level=2,core=3,bytes=0
L1SPSNAP_HART,bench=bfs_work_stealing,idx=20,level=2,core=2,thread=4,hart=36,bytes=16384
L1SPSNAP_CORE,bench=bfs_work_stealing,idx=21,level=2,core=0,bytes=0
L1SPSNAP_CORE,bench=bfs_work_stealing,idx=21,level=2,core=1,bytes=0
L1SPSNAP_CORE,bench=bfs_work_stealing,idx=21,level=2,core=2,bytes=16384
L1SPSNAP_CORE,bench=bfs_work_stealing,idx=21,level=2,core=3,bytes=0
L1SPSNAP_HART,bench=bfs_work_stealing,idx=21,level=2,core=2,thread=0,hart=32,bytes=16384
L1SPSNAP_CORE,bench=bfs_work_stealing,idx=22,level=2,core=0,bytes=0
L1SPSNAP_CORE,bench=bfs_work_stealing,idx=22,level=2,core=1,bytes=0
L1SPSNAP_CORE,bench=bfs_work_stealing,idx=22,level=2,core=2,bytes=16384
L1SPSNAP_CORE,bench=bfs_work_stealing,idx=22,level=2,core=3,bytes=0
L1SPSNAP_HART,bench=bfs_work_stealing,idx=22,level=2,core=2,thread=6,hart=38,bytes=16384
L1SPSNAP_CORE,bench=bfs_work_stealing,idx=23,level=2,core=0,bytes=0
L1SPSNAP_CORE,bench=bfs_work_stealing,idx=23,level=2,core=1,bytes=0
L1SPSNAP_CORE,bench=bfs_work_stealing,idx=23,level=2,core=2,bytes=0
L1SPSNAP_CORE,bench=bfs_work_stealing,idx=23,level=2,core=3,bytes=0
L1SPSNAP_CORE,bench=bfs_work_stealing,idx=24,level=2,core=0,bytes=0
L1SPSNAP_CORE,bench=bfs_work_stealing,idx=24,level=2,core=1,bytes=0
L1SPSNAP_CORE,bench=bfs_work_stealing,idx=24,level=2,core=2,bytes=16384
L1SPSNAP_CORE,bench=bfs_work_stealing,idx=24,level=2,core=3,bytes=0
L1SPSNAP_HART,bench=bfs_work_stealing,idx=24,level=2,core=2,thread=5,hart=37,bytes=16384
L1SPSNAP_CORE,bench=bfs_work_stealing,idx=25,level=2,core=0,bytes=0
L1SPSNAP_CORE,bench=bfs_work_stealing,idx=25,level=2,core=1,bytes=0
L1SPSNAP_CORE,bench=bfs_work_stealing,idx=25,level=2,core=2,bytes=0
L1SPSNAP_CORE,bench=bfs_work_stealing,idx=25,level=2,core=3,bytes=0
L1SPSNAP_CORE,bench=bfs_work_stealing,idx=26,level=2,core=0,bytes=0
L1SPSNAP_CORE,bench=bfs_work_stealing,idx=26,level=2,core=1,bytes=0
L1SPSNAP_CORE,bench=bfs_work_stealing,idx=26,level=2,core=2,bytes=16384
L1SPSNAP_CORE,bench=bfs_work_stealing,idx=26,level=2,core=3,bytes=0
L1SPSNAP_HART,bench=bfs_work_stealing,idx=26,level=2,core=2,thread=3,hart=35,bytes=16384
L1SPSNAP_CORE,bench=bfs_work_stealing,idx=27,level=2,core=0,bytes=0
L1SPSNAP_CORE,bench=bfs_work_stealing,idx=27,level=2,core=1,bytes=0
L1SPSNAP_CORE,bench=bfs_work_stealing,idx=27,level=2,core=2,bytes=0
L1SPSNAP_CORE,bench=bfs_work_stealing,idx=27,level=2,core=3,bytes=0
L1SPSNAP_CORE,bench=bfs_work_stealing,idx=28,level=2,core=0,bytes=0
L1SPSNAP_CORE,bench=bfs_work_stealing,idx=28,level=2,core=1,bytes=0
L1SPSNAP_CORE,bench=bfs_work_stealing,idx=28,level=2,core=2,bytes=16384
L1SPSNAP_CORE,bench=bfs_work_stealing,idx=28,level=2,core=3,bytes=0
L1SPSNAP_HART,bench=bfs_work_stealing,idx=28,level=2,core=2,thread=2,hart=34,bytes=16384
L1SPSNAP_CORE,bench=bfs_work_stealing,idx=29,level=2,core=0,bytes=0
L1SPSNAP_CORE,bench=bfs_work_stealing,idx=29,level=2,core=1,bytes=0
L1SPSNAP_CORE,bench=bfs_work_stealing,idx=29,level=2,core=2,bytes=16384
L1SPSNAP_CORE,bench=bfs_work_stealing,idx=29,level=2,core=3,bytes=0
L1SPSNAP_HART,bench=bfs_work_stealing,idx=29,level=2,core=2,thread=1,hart=33,bytes=16384
L1SPSNAP_CORE,bench=bfs_work_stealing,idx=30,level=2,core=0,bytes=0
L1SPSNAP_CORE,bench=bfs_work_stealing,idx=30,level=2,core=1,bytes=0
L1SPSNAP_CORE,bench=bfs_work_stealing,idx=30,level=2,core=2,bytes=0
L1SPSNAP_CORE,bench=bfs_work_stealing,idx=30,level=2,core=3,bytes=0
L1SPSNAP_CORE,bench=bfs_work_stealing,idx=31,level=2,core=0,bytes=0
L1SPSNAP_CORE,bench=bfs_work_stealing,idx=31,level=2,core=1,bytes=0
L1SPSNAP_CORE,bench=bfs_work_stealing,idx=31,level=2,core=2,bytes=0
L1SPSNAP_CORE,bench=bfs_work_stealing,idx=31,level=2,core=3,bytes=0
L1SPSNAP_CORE,bench=bfs_work_stealing,idx=32,level=2,core=0,bytes=0
L1SPSNAP_CORE,bench=bfs_work_stealing,idx=32,level=2,core=1,bytes=0
L1SPSNAP_CORE,bench=bfs_work_stealing,idx=32,level=2,core=2,bytes=0
L1SPSNAP_CORE,bench=bfs_work_stealing,idx=32,level=2,core=3,bytes=0
L1SPSNAP_CORE,bench=bfs_work_stealing,idx=33,level=2,core=0,bytes=0
L1SPSNAP_CORE,bench=bfs_work_stealing,idx=33,level=2,core=1,bytes=0
L1SPSNAP_CORE,bench=bfs_work_stealing,idx=33,level=2,core=2,bytes=0
L1SPSNAP_CORE,bench=bfs_work_stealing,idx=33,level=2,core=3,bytes=16384
L1SPSNAP_HART,bench=bfs_work_stealing,idx=33,level=2,core=3,thread=5,hart=53,bytes=16384
L1SPSNAP_CORE,bench=bfs_work_stealing,idx=34,level=2,core=0,bytes=0
L1SPSNAP_CORE,bench=bfs_work_stealing,idx=34,level=2,core=1,bytes=0
L1SPSNAP_CORE,bench=bfs_work_stealing,idx=34,level=2,core=2,bytes=0
L1SPSNAP_CORE,bench=bfs_work_stealing,idx=34,level=2,core=3,bytes=0
L1SPSNAP_CORE,bench=bfs_work_stealing,idx=35,level=2,core=0,bytes=0
L1SPSNAP_CORE,bench=bfs_work_stealing,idx=35,level=2,core=1,bytes=0
L1SPSNAP_CORE,bench=bfs_work_stealing,idx=35,level=2,core=2,bytes=0
L1SPSNAP_CORE,bench=bfs_work_stealing,idx=35,level=2,core=3,bytes=0
L1SPSNAP_CORE,bench=bfs_work_stealing,idx=36,level=2,core=0,bytes=0
L1SPSNAP_CORE,bench=bfs_work_stealing,idx=36,level=2,core=1,bytes=0
L1SPSNAP_CORE,bench=bfs_work_stealing,idx=36,level=2,core=2,bytes=0
L1SPSNAP_CORE,bench=bfs_work_stealing,idx=36,level=2,core=3,bytes=16384
L1SPSNAP_HART,bench=bfs_work_stealing,idx=36,level=2,core=3,thread=4,hart=52,bytes=16384
L1SPSNAP_CORE,bench=bfs_work_stealing,idx=37,level=2,core=0,bytes=0
L1SPSNAP_CORE,bench=bfs_work_stealing,idx=37,level=2,core=1,bytes=0
L1SPSNAP_CORE,bench=bfs_work_stealing,idx=37,level=2,core=2,bytes=0
L1SPSNAP_CORE,bench=bfs_work_stealing,idx=37,level=2,core=3,bytes=16384
L1SPSNAP_HART,bench=bfs_work_stealing,idx=37,level=2,core=3,thread=2,hart=50,bytes=16384
L1SPSNAP_CORE,bench=bfs_work_stealing,idx=38,level=2,core=0,bytes=0
L1SPSNAP_CORE,bench=bfs_work_stealing,idx=38,level=2,core=1,bytes=0
L1SPSNAP_CORE,bench=bfs_work_stealing,idx=38,level=2,core=2,bytes=0
L1SPSNAP_CORE,bench=bfs_work_stealing,idx=38,level=2,core=3,bytes=16384
L1SPSNAP_HART,bench=bfs_work_stealing,idx=38,level=2,core=3,thread=0,hart=48,bytes=16384
L1SPSNAP_CORE,bench=bfs_work_stealing,idx=39,level=2,core=0,bytes=0
L1SPSNAP_CORE,bench=bfs_work_stealing,idx=39,level=2,core=1,bytes=0
L1SPSNAP_CORE,bench=bfs_work_stealing,idx=39,level=2,core=2,bytes=0
L1SPSNAP_CORE,bench=bfs_work_stealing,idx=39,level=2,core=3,bytes=16384
L1SPSNAP_HART,bench=bfs_work_stealing,idx=39,level=2,core=3,thread=7,hart=55,bytes=16384
L1SPSNAP_CORE,bench=bfs_work_stealing,idx=40,level=2,core=0,bytes=0
L1SPSNAP_CORE,bench=bfs_work_stealing,idx=40,level=2,core=1,bytes=0
L1SPSNAP_CORE,bench=bfs_work_stealing,idx=40,level=2,core=2,bytes=0
L1SPSNAP_CORE,bench=bfs_work_stealing,idx=40,level=2,core=3,bytes=16384
L1SPSNAP_HART,bench=bfs_work_stealing,idx=40,level=2,core=3,thread=6,hart=54,bytes=16384
L1SPSNAP_CORE,bench=bfs_work_stealing,idx=41,level=2,core=0,bytes=0
L1SPSNAP_CORE,bench=bfs_work_stealing,idx=41,level=2,core=1,bytes=0
L1SPSNAP_CORE,bench=bfs_work_stealing,idx=41,level=2,core=2,bytes=0
L1SPSNAP_CORE,bench=bfs_work_stealing,idx=41,level=2,core=3,bytes=0
L1SPSNAP_CORE,bench=bfs_work_stealing,idx=42,level=2,core=0,bytes=0
L1SPSNAP_CORE,bench=bfs_work_stealing,idx=42,level=2,core=1,bytes=0
L1SPSNAP_CORE,bench=bfs_work_stealing,idx=42,level=2,core=2,bytes=0
L1SPSNAP_CORE,bench=bfs_work_stealing,idx=42,level=2,core=3,bytes=0
L1SPSNAP_CORE,bench=bfs_work_stealing,idx=43,level=2,core=0,bytes=0
L1SPSNAP_CORE,bench=bfs_work_stealing,idx=43,level=2,core=1,bytes=0
L1SPSNAP_CORE,bench=bfs_work_stealing,idx=43,level=2,core=2,bytes=0
L1SPSNAP_CORE,bench=bfs_work_stealing,idx=43,level=2,core=3,bytes=0
L1SPSNAP_CORE,bench=bfs_work_stealing,idx=44,level=2,core=0,bytes=0
L1SPSNAP_CORE,bench=bfs_work_stealing,idx=44,level=2,core=1,bytes=0
L1SPSNAP_CORE,bench=bfs_work_stealing,idx=44,level=2,core=2,bytes=0
L1SPSNAP_CORE,bench=bfs_work_stealing,idx=44,level=2,core=3,bytes=0
L1SPSNAP_CORE,bench=bfs_work_stealing,idx=45,level=2,core=0,bytes=0
L1SPSNAP_CORE,bench=bfs_work_stealing,idx=45,level=2,core=1,bytes=0
L1SPSNAP_CORE,bench=bfs_work_stealing,idx=45,level=2,core=2,bytes=0
L1SPSNAP_CORE,bench=bfs_work_stealing,idx=45,level=2,core=3,bytes=16384
L1SPSNAP_HART,bench=bfs_work_stealing,idx=45,level=2,core=3,thread=1,hart=49,bytes=16384
L1SPSNAP_CORE,bench=bfs_work_stealing,idx=46,level=2,core=0,bytes=0
L1SPSNAP_CORE,bench=bfs_work_stealing,idx=46,level=2,core=1,bytes=0
L1SPSNAP_CORE,bench=bfs_work_stealing,idx=46,level=2,core=2,bytes=0
L1SPSNAP_CORE,bench=bfs_work_stealing,idx=46,level=2,core=3,bytes=16384
L1SPSNAP_HART,bench=bfs_work_stealing,idx=46,level=2,core=3,thread=3,hart=51,bytes=16384
L1SPSNAP_CORE,bench=bfs_work_stealing,idx=47,level=2,core=0,bytes=0
L1SPSNAP_CORE,bench=bfs_work_stealing,idx=47,level=2,core=1,bytes=0
L1SPSNAP_CORE,bench=bfs_work_stealing,idx=47,level=2,core=2,bytes=0
L1SPSNAP_CORE,bench=bfs_work_stealing,idx=47,level=2,core=3,bytes=0
L1SPSNAP_CORE,bench=bfs_work_stealing,idx=48,level=2,core=0,bytes=0
L1SPSNAP_CORE,bench=bfs_work_stealing,idx=48,level=2,core=1,bytes=0
L1SPSNAP_CORE,bench=bfs_work_stealing,idx=48,level=2,core=2,bytes=0
L1SPSNAP_CORE,bench=bfs_work_stealing,idx=48,level=2,core=3,bytes=0
L1SPSNAP_CORE,bench=bfs_work_stealing,idx=49,level=2,core=0,bytes=0
L1SPSNAP_CORE,bench=bfs_work_stealing,idx=49,level=2,core=1,bytes=0
L1SPSNAP_CORE,bench=bfs_work_stealing,idx=49,level=2,core=2,bytes=16384
L1SPSNAP_CORE,bench=bfs_work_stealing,idx=49,level=2,core=3,bytes=0
L1SPSNAP_HART,bench=bfs_work_stealing,idx=49,level=2,core=2,thread=7,hart=39,bytes=16384
L1SPSNAP_CORE,bench=bfs_work_stealing,idx=50,level=2,core=0,bytes=0
L1SPSNAP_CORE,bench=bfs_work_stealing,idx=50,level=2,core=1,bytes=0
L1SPSNAP_CORE,bench=bfs_work_stealing,idx=50,level=2,core=2,bytes=16384
L1SPSNAP_CORE,bench=bfs_work_stealing,idx=50,level=2,core=3,bytes=0
L1SPSNAP_HART,bench=bfs_work_stealing,idx=50,level=2,core=2,thread=6,hart=38,bytes=16384
L1SPSNAP_CORE,bench=bfs_work_stealing,idx=51,level=2,core=0,bytes=0
L1SPSNAP_CORE,bench=bfs_work_stealing,idx=51,level=2,core=1,bytes=0
L1SPSNAP_CORE,bench=bfs_work_stealing,idx=51,level=2,core=2,bytes=0
L1SPSNAP_CORE,bench=bfs_work_stealing,idx=51,level=2,core=3,bytes=0
L1SPSNAP_CORE,bench=bfs_work_stealing,idx=52,level=2,core=0,bytes=0
L1SPSNAP_CORE,bench=bfs_work_stealing,idx=52,level=2,core=1,bytes=0
L1SPSNAP_CORE,bench=bfs_work_stealing,idx=52,level=2,core=2,bytes=16384
L1SPSNAP_CORE,bench=bfs_work_stealing,idx=52,level=2,core=3,bytes=0
L1SPSNAP_HART,bench=bfs_work_stealing,idx=52,level=2,core=2,thread=5,hart=37,bytes=16384
L1SPSNAP_CORE,bench=bfs_work_stealing,idx=53,level=2,core=0,bytes=0
L1SPSNAP_CORE,bench=bfs_work_stealing,idx=53,level=2,core=1,bytes=0
L1SPSNAP_CORE,bench=bfs_work_stealing,idx=53,level=2,core=2,bytes=0
L1SPSNAP_CORE,bench=bfs_work_stealing,idx=53,level=2,core=3,bytes=0
L1SPSNAP_CORE,bench=bfs_work_stealing,idx=54,level=2,core=0,bytes=0
L1SPSNAP_CORE,bench=bfs_work_stealing,idx=54,level=2,core=1,bytes=0
L1SPSNAP_CORE,bench=bfs_work_stealing,idx=54,level=2,core=2,bytes=0
L1SPSNAP_CORE,bench=bfs_work_stealing,idx=54,level=2,core=3,bytes=0
L1SPSNAP_CORE,bench=bfs_work_stealing,idx=55,level=2,core=0,bytes=0
L1SPSNAP_CORE,bench=bfs_work_stealing,idx=55,level=2,core=1,bytes=0
L1SPSNAP_CORE,bench=bfs_work_stealing,idx=55,level=2,core=2,bytes=0
L1SPSNAP_CORE,bench=bfs_work_stealing,idx=55,level=2,core=3,bytes=0
L1SPSNAP_CORE,bench=bfs_work_stealing,idx=56,level=2,core=0,bytes=0
L1SPSNAP_CORE,bench=bfs_work_stealing,idx=56,level=2,core=1,bytes=0
L1SPSNAP_CORE,bench=bfs_work_stealing,idx=56,level=2,core=2,bytes=16384
L1SPSNAP_CORE,bench=bfs_work_stealing,idx=56,level=2,core=3,bytes=0
L1SPSNAP_HART,bench=bfs_work_stealing,idx=56,level=2,core=2,thread=4,hart=36,bytes=16384
L1SPSNAP_CORE,bench=bfs_work_stealing,idx=57,level=2,core=0,bytes=0
L1SPSNAP_CORE,bench=bfs_work_stealing,idx=57,level=2,core=1,bytes=0
L1SPSNAP_CORE,bench=bfs_work_stealing,idx=57,level=2,core=2,bytes=16384
L1SPSNAP_CORE,bench=bfs_work_stealing,idx=57,level=2,core=3,bytes=0
L1SPSNAP_HART,bench=bfs_work_stealing,idx=57,level=2,core=2,thread=0,hart=32,bytes=16384
L1SPSNAP_CORE,bench=bfs_work_stealing,idx=58,level=2,core=0,bytes=0
L1SPSNAP_CORE,bench=bfs_work_stealing,idx=58,level=2,core=1,bytes=0
L1SPSNAP_CORE,bench=bfs_work_stealing,idx=58,level=2,core=2,bytes=16384
L1SPSNAP_CORE,bench=bfs_work_stealing,idx=58,level=2,core=3,bytes=0
L1SPSNAP_HART,bench=bfs_work_stealing,idx=58,level=2,core=2,thread=3,hart=35,bytes=16384
L1SPSNAP_CORE,bench=bfs_work_stealing,idx=59,level=2,core=0,bytes=0
L1SPSNAP_CORE,bench=bfs_work_stealing,idx=59,level=2,core=1,bytes=0
L1SPSNAP_CORE,bench=bfs_work_stealing,idx=59,level=2,core=2,bytes=0
L1SPSNAP_CORE,bench=bfs_work_stealing,idx=59,level=2,core=3,bytes=0
L1SPSNAP_CORE,bench=bfs_work_stealing,idx=60,level=2,core=0,bytes=0
L1SPSNAP_CORE,bench=bfs_work_stealing,idx=60,level=2,core=1,bytes=0
L1SPSNAP_CORE,bench=bfs_work_stealing,idx=60,level=2,core=2,bytes=0
L1SPSNAP_CORE,bench=bfs_work_stealing,idx=60,level=2,core=3,bytes=0
L1SPSNAP_CORE,bench=bfs_work_stealing,idx=61,level=2,core=0,bytes=0
L1SPSNAP_CORE,bench=bfs_work_stealing,idx=61,level=2,core=1,bytes=0
L1SPSNAP_CORE,bench=bfs_work_stealing,idx=61,level=2,core=2,bytes=16384
L1SPSNAP_CORE,bench=bfs_work_stealing,idx=61,level=2,core=3,bytes=0
L1SPSNAP_HART,bench=bfs_work_stealing,idx=61,level=2,core=2,thread=2,hart=34,bytes=16384
L1SPSNAP_CORE,bench=bfs_work_stealing,idx=62,level=2,core=0,bytes=0
L1SPSNAP_CORE,bench=bfs_work_stealing,idx=62,level=2,core=1,bytes=0
L1SPSNAP_CORE,bench=bfs_work_stealing,idx=62,level=2,core=2,bytes=16384
L1SPSNAP_CORE,bench=bfs_work_stealing,idx=62,level=2,core=3,bytes=0
L1SPSNAP_HART,bench=bfs_work_stealing,idx=62,level=2,core=2,thread=1,hart=33,bytes=16384
L1SPSNAP_CORE,bench=bfs_work_stealing,idx=63,level=2,core=0,bytes=0
L1SPSNAP_CORE,bench=bfs_work_stealing,idx=63,level=2,core=1,bytes=0
L1SPSNAP_CORE,bench=bfs_work_stealing,idx=63,level=2,core=2,bytes=0
L1SPSNAP_CORE,bench=bfs_work_stealing,idx=63,level=2,core=3,bytes=0
L1SPSNAP_CORE,bench=bfs_work_stealing,idx=64,level=2,core=0,bytes=0
L1SPSNAP_CORE,bench=bfs_work_stealing,idx=64,level=2,core=1,bytes=0
L1SPSNAP_CORE,bench=bfs_work_stealing,idx=64,level=2,core=2,bytes=0
L1SPSNAP_CORE,bench=bfs_work_stealing,idx=64,level=2,core=3,bytes=0
L1SPSNAP_CORE,bench=bfs_work_stealing,idx=65,level=2,core=0,bytes=0
L1SPSNAP_CORE,bench=bfs_work_stealing,idx=65,level=2,core=1,bytes=16384
L1SPSNAP_CORE,bench=bfs_work_stealing,idx=65,level=2,core=2,bytes=0
L1SPSNAP_CORE,bench=bfs_work_stealing,idx=65,level=2,core=3,bytes=0
L1SPSNAP_HART,bench=bfs_work_stealing,idx=65,level=2,core=1,thread=5,hart=21,bytes=16384
L1SPSNAP_CORE,bench=bfs_work_stealing,idx=66,level=2,core=0,bytes=0
L1SPSNAP_CORE,bench=bfs_work_stealing,idx=66,level=2,core=1,bytes=16384
L1SPSNAP_CORE,bench=bfs_work_stealing,idx=66,level=2,core=2,bytes=0
L1SPSNAP_CORE,bench=bfs_work_stealing,idx=66,level=2,core=3,bytes=0
L1SPSNAP_HART,bench=bfs_work_stealing,idx=66,level=2,core=1,thread=3,hart=19,bytes=16384
L1SPSNAP_CORE,bench=bfs_work_stealing,idx=67,level=2,core=0,bytes=0
L1SPSNAP_CORE,bench=bfs_work_stealing,idx=67,level=2,core=1,bytes=0
L1SPSNAP_CORE,bench=bfs_work_stealing,idx=67,level=2,core=2,bytes=0
L1SPSNAP_CORE,bench=bfs_work_stealing,idx=67,level=2,core=3,bytes=0
L1SPSNAP_CORE,bench=bfs_work_stealing,idx=68,level=2,core=0,bytes=0
L1SPSNAP_CORE,bench=bfs_work_stealing,idx=68,level=2,core=1,bytes=0
L1SPSNAP_CORE,bench=bfs_work_stealing,idx=68,level=2,core=2,bytes=0
L1SPSNAP_CORE,bench=bfs_work_stealing,idx=68,level=2,core=3,bytes=0
L1SPSNAP_CORE,bench=bfs_work_stealing,idx=69,level=2,core=0,bytes=0
L1SPSNAP_CORE,bench=bfs_work_stealing,idx=69,level=2,core=1,bytes=0
L1SPSNAP_CORE,bench=bfs_work_stealing,idx=69,level=2,core=2,bytes=0
L1SPSNAP_CORE,bench=bfs_work_stealing,idx=69,level=2,core=3,bytes=0
L1SPSNAP_CORE,bench=bfs_work_stealing,idx=70,level=2,core=0,bytes=0
L1SPSNAP_CORE,bench=bfs_work_stealing,idx=70,level=2,core=1,bytes=16384
L1SPSNAP_CORE,bench=bfs_work_stealing,idx=70,level=2,core=2,bytes=0
L1SPSNAP_CORE,bench=bfs_work_stealing,idx=70,level=2,core=3,bytes=0
L1SPSNAP_HART,bench=bfs_work_stealing,idx=70,level=2,core=1,thread=6,hart=22,bytes=16384
L1SPSNAP_CORE,bench=bfs_work_stealing,idx=71,level=2,core=0,bytes=0
L1SPSNAP_CORE,bench=bfs_work_stealing,idx=71,level=2,core=1,bytes=16384
L1SPSNAP_CORE,bench=bfs_work_stealing,idx=71,level=2,core=2,bytes=0
L1SPSNAP_CORE,bench=bfs_work_stealing,idx=71,level=2,core=3,bytes=0
L1SPSNAP_HART,bench=bfs_work_stealing,idx=71,level=2,core=1,thread=0,hart=16,bytes=16384
L1SPSNAP_CORE,bench=bfs_work_stealing,idx=72,level=2,core=0,bytes=0
L1SPSNAP_CORE,bench=bfs_work_stealing,idx=72,level=2,core=1,bytes=16384
L1SPSNAP_CORE,bench=bfs_work_stealing,idx=72,level=2,core=2,bytes=0
L1SPSNAP_CORE,bench=bfs_work_stealing,idx=72,level=2,core=3,bytes=0
L1SPSNAP_HART,bench=bfs_work_stealing,idx=72,level=2,core=1,thread=2,hart=18,bytes=16384
L1SPSNAP_CORE,bench=bfs_work_stealing,idx=73,level=2,core=0,bytes=0
L1SPSNAP_CORE,bench=bfs_work_stealing,idx=73,level=2,core=1,bytes=16384
L1SPSNAP_CORE,bench=bfs_work_stealing,idx=73,level=2,core=2,bytes=0
L1SPSNAP_CORE,bench=bfs_work_stealing,idx=73,level=2,core=3,bytes=0
L1SPSNAP_HART,bench=bfs_work_stealing,idx=73,level=2,core=1,thread=4,hart=20,bytes=16384
L1SPSNAP_CORE,bench=bfs_work_stealing,idx=74,level=2,core=0,bytes=0
L1SPSNAP_CORE,bench=bfs_work_stealing,idx=74,level=2,core=1,bytes=0
L1SPSNAP_CORE,bench=bfs_work_stealing,idx=74,level=2,core=2,bytes=0
L1SPSNAP_CORE,bench=bfs_work_stealing,idx=74,level=2,core=3,bytes=0
L1SPSNAP_CORE,bench=bfs_work_stealing,idx=75,level=2,core=0,bytes=0
L1SPSNAP_CORE,bench=bfs_work_stealing,idx=75,level=2,core=1,bytes=0
L1SPSNAP_CORE,bench=bfs_work_stealing,idx=75,level=2,core=2,bytes=0
L1SPSNAP_CORE,bench=bfs_work_stealing,idx=75,level=2,core=3,bytes=0
L1SPSNAP_CORE,bench=bfs_work_stealing,idx=76,level=2,core=0,bytes=0
L1SPSNAP_CORE,bench=bfs_work_stealing,idx=76,level=2,core=1,bytes=16384
L1SPSNAP_CORE,bench=bfs_work_stealing,idx=76,level=2,core=2,bytes=0
L1SPSNAP_CORE,bench=bfs_work_stealing,idx=76,level=2,core=3,bytes=0
L1SPSNAP_HART,bench=bfs_work_stealing,idx=76,level=2,core=1,thread=7,hart=23,bytes=16384
L1SPSNAP_CORE,bench=bfs_work_stealing,idx=77,level=2,core=0,bytes=0
L1SPSNAP_CORE,bench=bfs_work_stealing,idx=77,level=2,core=1,bytes=0
L1SPSNAP_CORE,bench=bfs_work_stealing,idx=77,level=2,core=2,bytes=0
L1SPSNAP_CORE,bench=bfs_work_stealing,idx=77,level=2,core=3,bytes=0
L1SPSNAP_CORE,bench=bfs_work_stealing,idx=78,level=2,core=0,bytes=0
L1SPSNAP_CORE,bench=bfs_work_stealing,idx=78,level=2,core=1,bytes=16384
L1SPSNAP_CORE,bench=bfs_work_stealing,idx=78,level=2,core=2,bytes=0
L1SPSNAP_CORE,bench=bfs_work_stealing,idx=78,level=2,core=3,bytes=0
L1SPSNAP_HART,bench=bfs_work_stealing,idx=78,level=2,core=1,thread=1,hart=17,bytes=16384
L1SPSNAP_CORE,bench=bfs_work_stealing,idx=79,level=2,core=0,bytes=0
L1SPSNAP_CORE,bench=bfs_work_stealing,idx=79,level=2,core=1,bytes=0
L1SPSNAP_CORE,bench=bfs_work_stealing,idx=79,level=2,core=2,bytes=0
L1SPSNAP_CORE,bench=bfs_work_stealing,idx=79,level=2,core=3,bytes=0
L1SPSNAP_CORE,bench=bfs_work_stealing,idx=80,level=2,core=0,bytes=0
L1SPSNAP_CORE,bench=bfs_work_stealing,idx=80,level=2,core=1,bytes=16384
L1SPSNAP_CORE,bench=bfs_work_stealing,idx=80,level=2,core=2,bytes=0
L1SPSNAP_CORE,bench=bfs_work_stealing,idx=80,level=2,core=3,bytes=0
L1SPSNAP_HART,bench=bfs_work_stealing,idx=80,level=2,core=1,thread=3,hart=19,bytes=16384
L1SPSNAP_CORE,bench=bfs_work_stealing,idx=81,level=2,core=0,bytes=0
L1SPSNAP_CORE,bench=bfs_work_stealing,idx=81,level=2,core=1,bytes=0
L1SPSNAP_CORE,bench=bfs_work_stealing,idx=81,level=2,core=2,bytes=0
L1SPSNAP_CORE,bench=bfs_work_stealing,idx=81,level=2,core=3,bytes=0
L1SPSNAP_CORE,bench=bfs_work_stealing,idx=82,level=2,core=0,bytes=0
L1SPSNAP_CORE,bench=bfs_work_stealing,idx=82,level=2,core=1,bytes=16384
L1SPSNAP_CORE,bench=bfs_work_stealing,idx=82,level=2,core=2,bytes=0
L1SPSNAP_CORE,bench=bfs_work_stealing,idx=82,level=2,core=3,bytes=0
L1SPSNAP_HART,bench=bfs_work_stealing,idx=82,level=2,core=1,thread=6,hart=22,bytes=16384
L1SPSNAP_CORE,bench=bfs_work_stealing,idx=83,level=2,core=0,bytes=0
L1SPSNAP_CORE,bench=bfs_work_stealing,idx=83,level=2,core=1,bytes=0
L1SPSNAP_CORE,bench=bfs_work_stealing,idx=83,level=2,core=2,bytes=0
L1SPSNAP_CORE,bench=bfs_work_stealing,idx=83,level=2,core=3,bytes=0
L1SPSNAP_CORE,bench=bfs_work_stealing,idx=84,level=2,core=0,bytes=0
L1SPSNAP_CORE,bench=bfs_work_stealing,idx=84,level=2,core=1,bytes=16384
L1SPSNAP_CORE,bench=bfs_work_stealing,idx=84,level=2,core=2,bytes=0
L1SPSNAP_CORE,bench=bfs_work_stealing,idx=84,level=2,core=3,bytes=0
L1SPSNAP_HART,bench=bfs_work_stealing,idx=84,level=2,core=1,thread=0,hart=16,bytes=16384
L1SPSNAP_CORE,bench=bfs_work_stealing,idx=85,level=2,core=0,bytes=0
L1SPSNAP_CORE,bench=bfs_work_stealing,idx=85,level=2,core=1,bytes=0
L1SPSNAP_CORE,bench=bfs_work_stealing,idx=85,level=2,core=2,bytes=0
L1SPSNAP_CORE,bench=bfs_work_stealing,idx=85,level=2,core=3,bytes=0
L1SPSNAP_CORE,bench=bfs_work_stealing,idx=86,level=2,core=0,bytes=0
L1SPSNAP_CORE,bench=bfs_work_stealing,idx=86,level=2,core=1,bytes=0
L1SPSNAP_CORE,bench=bfs_work_stealing,idx=86,level=2,core=2,bytes=0
L1SPSNAP_CORE,bench=bfs_work_stealing,idx=86,level=2,core=3,bytes=0
L1SPSNAP_CORE,bench=bfs_work_stealing,idx=87,level=2,core=0,bytes=0
L1SPSNAP_CORE,bench=bfs_work_stealing,idx=87,level=2,core=1,bytes=16384
L1SPSNAP_CORE,bench=bfs_work_stealing,idx=87,level=2,core=2,bytes=0
L1SPSNAP_CORE,bench=bfs_work_stealing,idx=87,level=2,core=3,bytes=0
L1SPSNAP_HART,bench=bfs_work_stealing,idx=87,level=2,core=1,thread=4,hart=20,bytes=16384
L1SPSNAP_CORE,bench=bfs_work_stealing,idx=88,level=2,core=0,bytes=0
L1SPSNAP_CORE,bench=bfs_work_stealing,idx=88,level=2,core=1,bytes=16384
L1SPSNAP_CORE,bench=bfs_work_stealing,idx=88,level=2,core=2,bytes=0
L1SPSNAP_CORE,bench=bfs_work_stealing,idx=88,level=2,core=3,bytes=0
L1SPSNAP_HART,bench=bfs_work_stealing,idx=88,level=2,core=1,thread=7,hart=23,bytes=16384
L1SPSNAP_CORE,bench=bfs_work_stealing,idx=89,level=2,core=0,bytes=0
L1SPSNAP_CORE,bench=bfs_work_stealing,idx=89,level=2,core=1,bytes=0
L1SPSNAP_CORE,bench=bfs_work_stealing,idx=89,level=2,core=2,bytes=0
L1SPSNAP_CORE,bench=bfs_work_stealing,idx=89,level=2,core=3,bytes=0
L1SPSNAP_CORE,bench=bfs_work_stealing,idx=90,level=2,core=0,bytes=0
L1SPSNAP_CORE,bench=bfs_work_stealing,idx=90,level=2,core=1,bytes=16384
L1SPSNAP_CORE,bench=bfs_work_stealing,idx=90,level=2,core=2,bytes=0
L1SPSNAP_CORE,bench=bfs_work_stealing,idx=90,level=2,core=3,bytes=0
L1SPSNAP_HART,bench=bfs_work_stealing,idx=90,level=2,core=1,thread=2,hart=18,bytes=16384
L1SPSNAP_CORE,bench=bfs_work_stealing,idx=91,level=2,core=0,bytes=0
L1SPSNAP_CORE,bench=bfs_work_stealing,idx=91,level=2,core=1,bytes=0
L1SPSNAP_CORE,bench=bfs_work_stealing,idx=91,level=2,core=2,bytes=0
L1SPSNAP_CORE,bench=bfs_work_stealing,idx=91,level=2,core=3,bytes=0
L1SPSNAP_CORE,bench=bfs_work_stealing,idx=92,level=2,core=0,bytes=0
L1SPSNAP_CORE,bench=bfs_work_stealing,idx=92,level=2,core=1,bytes=16384
L1SPSNAP_CORE,bench=bfs_work_stealing,idx=92,level=2,core=2,bytes=0
L1SPSNAP_CORE,bench=bfs_work_stealing,idx=92,level=2,core=3,bytes=0
L1SPSNAP_HART,bench=bfs_work_stealing,idx=92,level=2,core=1,thread=5,hart=21,bytes=16384
L1SPSNAP_CORE,bench=bfs_work_stealing,idx=93,level=2,core=0,bytes=0
L1SPSNAP_CORE,bench=bfs_work_stealing,idx=93,level=2,core=1,bytes=0
L1SPSNAP_CORE,bench=bfs_work_stealing,idx=93,level=2,core=2,bytes=0
L1SPSNAP_CORE,bench=bfs_work_stealing,idx=93,level=2,core=3,bytes=0
L1SPSNAP_CORE,bench=bfs_work_stealing,idx=94,level=2,core=0,bytes=0
L1SPSNAP_CORE,bench=bfs_work_stealing,idx=94,level=2,core=1,bytes=16384
L1SPSNAP_CORE,bench=bfs_work_stealing,idx=94,level=2,core=2,bytes=0
L1SPSNAP_CORE,bench=bfs_work_stealing,idx=94,level=2,core=3,bytes=0
L1SPSNAP_HART,bench=bfs_work_stealing,idx=94,level=2,core=1,thread=1,hart=17,bytes=16384
L1SPSNAP_CORE,bench=bfs_work_stealing,idx=95,level=2,core=0,bytes=0
L1SPSNAP_CORE,bench=bfs_work_stealing,idx=95,level=2,core=1,bytes=0
L1SPSNAP_CORE,bench=bfs_work_stealing,idx=95,level=2,core=2,bytes=0
L1SPSNAP_CORE,bench=bfs_work_stealing,idx=95,level=2,core=3,bytes=0
L1SPSNAP_CORE,bench=bfs_work_stealing,idx=96,level=2,core=0,bytes=0
L1SPSNAP_CORE,bench=bfs_work_stealing,idx=96,level=2,core=1,bytes=0
L1SPSNAP_CORE,bench=bfs_work_stealing,idx=96,level=2,core=2,bytes=0
L1SPSNAP_CORE,bench=bfs_work_stealing,idx=96,level=2,core=3,bytes=0
L1SPSNAP_CORE,bench=bfs_work_stealing,idx=97,level=2,core=0,bytes=0
L1SPSNAP_CORE,bench=bfs_work_stealing,idx=97,level=2,core=1,bytes=0
L1SPSNAP_CORE,bench=bfs_work_stealing,idx=97,level=2,core=2,bytes=0
L1SPSNAP_CORE,bench=bfs_work_stealing,idx=97,level=2,core=3,bytes=0
L1SPSNAP_CORE,bench=bfs_work_stealing,idx=98,level=2,core=0,bytes=16384
L1SPSNAP_CORE,bench=bfs_work_stealing,idx=98,level=2,core=1,bytes=0
L1SPSNAP_CORE,bench=bfs_work_stealing,idx=98,level=2,core=2,bytes=0
L1SPSNAP_CORE,bench=bfs_work_stealing,idx=98,level=2,core=3,bytes=0
L1SPSNAP_HART,bench=bfs_work_stealing,idx=98,level=2,core=0,thread=4,hart=4,bytes=16384
L1SPSNAP_CORE,bench=bfs_work_stealing,idx=99,level=2,core=0,bytes=16384
L1SPSNAP_CORE,bench=bfs_work_stealing,idx=99,level=2,core=1,bytes=0
L1SPSNAP_CORE,bench=bfs_work_stealing,idx=99,level=2,core=2,bytes=0
L1SPSNAP_CORE,bench=bfs_work_stealing,idx=99,level=2,core=3,bytes=0
L1SPSNAP_HART,bench=bfs_work_stealing,idx=99,level=2,core=0,thread=0,hart=0,bytes=16384
L1SPSNAP_CORE,bench=bfs_work_stealing,idx=100,level=2,core=0,bytes=16384
L1SPSNAP_CORE,bench=bfs_work_stealing,idx=100,level=2,core=1,bytes=0
L1SPSNAP_CORE,bench=bfs_work_stealing,idx=100,level=2,core=2,bytes=0
L1SPSNAP_CORE,bench=bfs_work_stealing,idx=100,level=2,core=3,bytes=0
L1SPSNAP_HART,bench=bfs_work_stealing,idx=100,level=2,core=0,thread=2,hart=2,bytes=16384
L1SPSNAP_CORE,bench=bfs_work_stealing,idx=101,level=2,core=0,bytes=0
L1SPSNAP_CORE,bench=bfs_work_stealing,idx=101,level=2,core=1,bytes=0
L1SPSNAP_CORE,bench=bfs_work_stealing,idx=101,level=2,core=2,bytes=0
L1SPSNAP_CORE,bench=bfs_work_stealing,idx=101,level=2,core=3,bytes=0
L1SPSNAP_CORE,bench=bfs_work_stealing,idx=102,level=2,core=0,bytes=0
L1SPSNAP_CORE,bench=bfs_work_stealing,idx=102,level=2,core=1,bytes=0
L1SPSNAP_CORE,bench=bfs_work_stealing,idx=102,level=2,core=2,bytes=0
L1SPSNAP_CORE,bench=bfs_work_stealing,idx=102,level=2,core=3,bytes=0
L1SPSNAP_CORE,bench=bfs_work_stealing,idx=103,level=2,core=0,bytes=16384
L1SPSNAP_CORE,bench=bfs_work_stealing,idx=103,level=2,core=1,bytes=0
L1SPSNAP_CORE,bench=bfs_work_stealing,idx=103,level=2,core=2,bytes=0
L1SPSNAP_CORE,bench=bfs_work_stealing,idx=103,level=2,core=3,bytes=0
L1SPSNAP_HART,bench=bfs_work_stealing,idx=103,level=2,core=0,thread=1,hart=1,bytes=16384
L1SPSNAP_CORE,bench=bfs_work_stealing,idx=104,level=2,core=0,bytes=0
L1SPSNAP_CORE,bench=bfs_work_stealing,idx=104,level=2,core=1,bytes=0
L1SPSNAP_CORE,bench=bfs_work_stealing,idx=104,level=2,core=2,bytes=0
L1SPSNAP_CORE,bench=bfs_work_stealing,idx=104,level=2,core=3,bytes=0
L1SPSNAP_CORE,bench=bfs_work_stealing,idx=105,level=2,core=0,bytes=16384
L1SPSNAP_CORE,bench=bfs_work_stealing,idx=105,level=2,core=1,bytes=0
L1SPSNAP_CORE,bench=bfs_work_stealing,idx=105,level=2,core=2,bytes=0
L1SPSNAP_CORE,bench=bfs_work_stealing,idx=105,level=2,core=3,bytes=0
L1SPSNAP_HART,bench=bfs_work_stealing,idx=105,level=2,core=0,thread=3,hart=3,bytes=16384
L1SPSNAP_CORE,bench=bfs_work_stealing,idx=106,level=2,core=0,bytes=0
L1SPSNAP_CORE,bench=bfs_work_stealing,idx=106,level=2,core=1,bytes=0
L1SPSNAP_CORE,bench=bfs_work_stealing,idx=106,level=2,core=2,bytes=0
L1SPSNAP_CORE,bench=bfs_work_stealing,idx=106,level=2,core=3,bytes=0
L1SPSNAP_CORE,bench=bfs_work_stealing,idx=107,level=2,core=0,bytes=16384
L1SPSNAP_CORE,bench=bfs_work_stealing,idx=107,level=2,core=1,bytes=0
L1SPSNAP_CORE,bench=bfs_work_stealing,idx=107,level=2,core=2,bytes=0
L1SPSNAP_CORE,bench=bfs_work_stealing,idx=107,level=2,core=3,bytes=0
L1SPSNAP_HART,bench=bfs_work_stealing,idx=107,level=2,core=0,thread=6,hart=6,bytes=16384
L1SPSNAP_CORE,bench=bfs_work_stealing,idx=108,level=2,core=0,bytes=16384
L1SPSNAP_CORE,bench=bfs_work_stealing,idx=108,level=2,core=1,bytes=0
L1SPSNAP_CORE,bench=bfs_work_stealing,idx=108,level=2,core=2,bytes=0
L1SPSNAP_CORE,bench=bfs_work_stealing,idx=108,level=2,core=3,bytes=0
L1SPSNAP_HART,bench=bfs_work_stealing,idx=108,level=2,core=0,thread=7,hart=7,bytes=16384
L1SPSNAP_CORE,bench=bfs_work_stealing,idx=109,level=2,core=0,bytes=0
L1SPSNAP_CORE,bench=bfs_work_stealing,idx=109,level=2,core=1,bytes=0
L1SPSNAP_CORE,bench=bfs_work_stealing,idx=109,level=2,core=2,bytes=0
L1SPSNAP_CORE,bench=bfs_work_stealing,idx=109,level=2,core=3,bytes=0
L1SPSNAP_CORE,bench=bfs_work_stealing,idx=110,level=2,core=0,bytes=16384
L1SPSNAP_CORE,bench=bfs_work_stealing,idx=110,level=2,core=1,bytes=0
L1SPSNAP_CORE,bench=bfs_work_stealing,idx=110,level=2,core=2,bytes=0
L1SPSNAP_CORE,bench=bfs_work_stealing,idx=110,level=2,core=3,bytes=0
L1SPSNAP_HART,bench=bfs_work_stealing,idx=110,level=2,core=0,thread=5,hart=5,bytes=16384
L1SPSNAP_CORE,bench=bfs_work_stealing,idx=111,level=2,core=0,bytes=0
L1SPSNAP_CORE,bench=bfs_work_stealing,idx=111,level=2,core=1,bytes=0
L1SPSNAP_CORE,bench=bfs_work_stealing,idx=111,level=2,core=2,bytes=0
L1SPSNAP_CORE,bench=bfs_work_stealing,idx=111,level=2,core=3,bytes=0
L1SPSNAP_CORE,bench=bfs_work_stealing,idx=112,level=2,core=0,bytes=16384
L1SPSNAP_CORE,bench=bfs_work_stealing,idx=112,level=2,core=1,bytes=0
L1SPSNAP_CORE,bench=bfs_work_stealing,idx=112,level=2,core=2,bytes=0
L1SPSNAP_CORE,bench=bfs_work_stealing,idx=112,level=2,core=3,bytes=0
L1SPSNAP_HART,bench=bfs_work_stealing,idx=112,level=2,core=0,thread=0,hart=0,bytes=16384
L1SPSNAP_CORE,bench=bfs_work_stealing,idx=113,level=2,core=0,bytes=0
L1SPSNAP_CORE,bench=bfs_work_stealing,idx=113,level=2,core=1,bytes=0
L1SPSNAP_CORE,bench=bfs_work_stealing,idx=113,level=2,core=2,bytes=0
L1SPSNAP_CORE,bench=bfs_work_stealing,idx=113,level=2,core=3,bytes=0
L1SPSNAP_CORE,bench=bfs_work_stealing,idx=114,level=2,core=0,bytes=0
L1SPSNAP_CORE,bench=bfs_work_stealing,idx=114,level=2,core=1,bytes=0
L1SPSNAP_CORE,bench=bfs_work_stealing,idx=114,level=2,core=2,bytes=0
L1SPSNAP_CORE,bench=bfs_work_stealing,idx=114,level=2,core=3,bytes=0
L1SPSNAP_CORE,bench=bfs_work_stealing,idx=115,level=2,core=0,bytes=0
L1SPSNAP_CORE,bench=bfs_work_stealing,idx=115,level=2,core=1,bytes=0
L1SPSNAP_CORE,bench=bfs_work_stealing,idx=115,level=2,core=2,bytes=0
L1SPSNAP_CORE,bench=bfs_work_stealing,idx=115,level=2,core=3,bytes=0
L1SPSNAP_CORE,bench=bfs_work_stealing,idx=116,level=2,core=0,bytes=0
L1SPSNAP_CORE,bench=bfs_work_stealing,idx=116,level=2,core=1,bytes=0
L1SPSNAP_CORE,bench=bfs_work_stealing,idx=116,level=2,core=2,bytes=0
L1SPSNAP_CORE,bench=bfs_work_stealing,idx=116,level=2,core=3,bytes=0
L1SPSNAP_CORE,bench=bfs_work_stealing,idx=117,level=2,core=0,bytes=16384
L1SPSNAP_CORE,bench=bfs_work_stealing,idx=117,level=2,core=1,bytes=0
L1SPSNAP_CORE,bench=bfs_work_stealing,idx=117,level=2,core=2,bytes=0
L1SPSNAP_CORE,bench=bfs_work_stealing,idx=117,level=2,core=3,bytes=0
L1SPSNAP_HART,bench=bfs_work_stealing,idx=117,level=2,core=0,thread=2,hart=2,bytes=16384
L1SPSNAP_CORE,bench=bfs_work_stealing,idx=118,level=2,core=0,bytes=16384
L1SPSNAP_CORE,bench=bfs_work_stealing,idx=118,level=2,core=1,bytes=0
L1SPSNAP_CORE,bench=bfs_work_stealing,idx=118,level=2,core=2,bytes=0
L1SPSNAP_CORE,bench=bfs_work_stealing,idx=118,level=2,core=3,bytes=0
L1SPSNAP_HART,bench=bfs_work_stealing,idx=118,level=2,core=0,thread=4,hart=4,bytes=16384
L1SPSNAP_CORE,bench=bfs_work_stealing,idx=119,level=2,core=0,bytes=16384
L1SPSNAP_CORE,bench=bfs_work_stealing,idx=119,level=2,core=1,bytes=0
L1SPSNAP_CORE,bench=bfs_work_stealing,idx=119,level=2,core=2,bytes=0
L1SPSNAP_CORE,bench=bfs_work_stealing,idx=119,level=2,core=3,bytes=0
L1SPSNAP_HART,bench=bfs_work_stealing,idx=119,level=2,core=0,thread=1,hart=1,bytes=16384
L1SPSNAP_CORE,bench=bfs_work_stealing,idx=120,level=2,core=0,bytes=0
L1SPSNAP_CORE,bench=bfs_work_stealing,idx=120,level=2,core=1,bytes=0
L1SPSNAP_CORE,bench=bfs_work_stealing,idx=120,level=2,core=2,bytes=0
L1SPSNAP_CORE,bench=bfs_work_stealing,idx=120,level=2,core=3,bytes=0
L1SPSNAP_CORE,bench=bfs_work_stealing,idx=121,level=2,core=0,bytes=16384
L1SPSNAP_CORE,bench=bfs_work_stealing,idx=121,level=2,core=1,bytes=0
L1SPSNAP_CORE,bench=bfs_work_stealing,idx=121,level=2,core=2,bytes=0
L1SPSNAP_CORE,bench=bfs_work_stealing,idx=121,level=2,core=3,bytes=0
L1SPSNAP_HART,bench=bfs_work_stealing,idx=121,level=2,core=0,thread=3,hart=3,bytes=16384
L1SPSNAP_CORE,bench=bfs_work_stealing,idx=122,level=2,core=0,bytes=16384
L1SPSNAP_CORE,bench=bfs_work_stealing,idx=122,level=2,core=1,bytes=0
L1SPSNAP_CORE,bench=bfs_work_stealing,idx=122,level=2,core=2,bytes=0
L1SPSNAP_CORE,bench=bfs_work_stealing,idx=122,level=2,core=3,bytes=0
L1SPSNAP_HART,bench=bfs_work_stealing,idx=122,level=2,core=0,thread=7,hart=7,bytes=16384
L1SPSNAP_CORE,bench=bfs_work_stealing,idx=123,level=2,core=0,bytes=0
L1SPSNAP_CORE,bench=bfs_work_stealing,idx=123,level=2,core=1,bytes=0
L1SPSNAP_CORE,bench=bfs_work_stealing,idx=123,level=2,core=2,bytes=0
L1SPSNAP_CORE,bench=bfs_work_stealing,idx=123,level=2,core=3,bytes=0
L1SPSNAP_CORE,bench=bfs_work_stealing,idx=124,level=2,core=0,bytes=16384
L1SPSNAP_CORE,bench=bfs_work_stealing,idx=124,level=2,core=1,bytes=0
L1SPSNAP_CORE,bench=bfs_work_stealing,idx=124,level=2,core=2,bytes=0
L1SPSNAP_CORE,bench=bfs_work_stealing,idx=124,level=2,core=3,bytes=0
L1SPSNAP_HART,bench=bfs_work_stealing,idx=124,level=2,core=0,thread=6,hart=6,bytes=16384
L1SPSNAP_CORE,bench=bfs_work_stealing,idx=125,level=2,core=0,bytes=0
L1SPSNAP_CORE,bench=bfs_work_stealing,idx=125,level=2,core=1,bytes=0
L1SPSNAP_CORE,bench=bfs_work_stealing,idx=125,level=2,core=2,bytes=0
L1SPSNAP_CORE,bench=bfs_work_stealing,idx=125,level=2,core=3,bytes=0
L1SPSNAP_CORE,bench=bfs_work_stealing,idx=126,level=2,core=0,bytes=0
L1SPSNAP_CORE,bench=bfs_work_stealing,idx=126,level=2,core=1,bytes=0
L1SPSNAP_CORE,bench=bfs_work_stealing,idx=126,level=2,core=2,bytes=0
L1SPSNAP_CORE,bench=bfs_work_stealing,idx=126,level=2,core=3,bytes=0
L1SPSNAP_CORE,bench=bfs_work_stealing,idx=127,level=2,core=0,bytes=16384
L1SPSNAP_CORE,bench=bfs_work_stealing,idx=127,level=2,core=1,bytes=0
L1SPSNAP_CORE,bench=bfs_work_stealing,idx=127,level=2,core=2,bytes=0
L1SPSNAP_CORE,bench=bfs_work_stealing,idx=127,level=2,core=3,bytes=0
L1SPSNAP_HART,bench=bfs_work_stealing,idx=127,level=2,core=0,thread=5,hart=5,bytes=16384
L1SPSNAP_DUMP_END,bench=bfs_work_stealing
