-- Copying fread.txt to /work2/10238/vineeth_architect/stampede3/drv_copy/drv/build_stampede/drvr/drvr-run-fread/fread.txt
-- Copying fscanf.txt to /work2/10238/vineeth_architect/stampede3/drv_copy/drv/build_stampede/drvr/drvr-run-fscanf/fscanf.txt
-- Copying A.bin to /work2/10238/vineeth_architect/stampede3/drv_copy/drv/build_stampede/drvr/drvr-run-gemm_int_deter/A.bin
-- Copying B.bin to /work2/10238/vineeth_architect/stampede3/drv_copy/drv/build_stampede/drvr/drvr-run-gemm_int_deter/B.bin
-- Copying read.txt to /work2/10238/vineeth_architect/stampede3/drv_copy/drv/build_stampede/drvr/drvr-run-read/read.txt
-- Configuring done (0.3s)
-- Generating done (1.6s)
-- Build files have been written to: /work2/10238/vineeth_architect/stampede3/drv_copy/drv/build_stampede
Building binary...
[ 12%] Performing build step for 'rv64'
[  2%] Built target drvr_add
[ 11%] Built target drvr_exit
[ 11%] Built target drvr_lsu
[ 11%] Built target drvr_shift
[ 13%] Built target drvr_fma
[ 13%] Built target drvr_float_lsu
[ 15%] Built target pandohammer
[ 19%] Built target drvr-example
[ 23%] Built target drvr_addressmap
[ 24%] Built target drvr_amoswap
[ 28%] Built target drvr_cycle
[ 30%] Built target drvr_fence
[ 41%] Built target drvr_fma-multith
[ 41%] Built target drvr_fib
[ 41%] Built target drvr_fread
[ 41%] Built target drvr_fscanf
[ 43%] Built target drvr_leiden_single
[ 43%] Built target drvr_fstat
[ 48%] Built target drvr_gups
[ 53%] Built target drvr_malloc
[ 53%] Built target drvr_attn_fixed
[ 53%] Built target drvr_dense_gemm
[ 58%] Built target drvr_bfs_multi_sw_l2sp
[ 58%] Built target drvr_bfs_multi_sw
[ 67%] Built target drvr_bfs_multi_sw_barrier
[ 67%] Built target drvr_bfs
[ 67%] Built target drvr_gemm_int_deter
[ 67%] Built target drvr_bfs_multihart
[ 67%] Built target drvr_tc_larger
[ 75%] Built target drvr_tc
[ 75%] Built target drvr_bfs-multith
[ 75%] Built target drvr_list_traverse
[ 78%] Built target drvr_ph_hello
[ 78%] Built target drvr_ptr_chase
[ 82%] Built target drvr_printf
[ 82%] Built target drvr_poke
[ 82%] Built target drvr_multihart
[ 82%] Built target drvr_gemm_int_rand
[ 82%] Built target drvr_print_int
[ 87%] Built target drvr_puts
[ 88%] Built target drvr_read
[ 95%] Built target drvr_simple
[ 96%] Built target drvr_write
[ 99%] Built target drvr_wait-with-sleep
[ 99%] Built target drvr_wait-without-sleep
[100%] Built target drvr_snprintf
[100%] Built target drvr_vread
[ 25%] Performing install step for 'rv64'
[ 10%] Built target pandohammer
[ 10%] Built target drvr_add
[ 12%] Built target drvr_exit
[ 14%] Built target drvr_fma
[ 15%] Built target drvr_shift
[ 15%] Built target drvr_float_lsu
[ 15%] Built target drvr_lsu
[ 21%] Built target drvr_addressmap
[ 21%] Built target drvr-example
[ 22%] Built target drvr_amoswap
[ 25%] Built target drvr_cycle
[ 32%] Built target drvr_fence
[ 37%] Built target drvr_fib
[ 37%] Built target drvr_fma-multith
[ 38%] Built target drvr_fread
[ 38%] Built target drvr_fscanf
[ 40%] Built target drvr_fstat
[ 44%] Built target drvr_gups
[ 49%] Built target drvr_malloc
[ 49%] Built target drvr_dense_gemm
[ 50%] Built target drvr_leiden_single
[ 50%] Built target drvr_attn_fixed
[ 50%] Built target drvr_bfs_multi_sw_l2sp
[ 50%] Built target drvr_bfs_multi_sw
[ 53%] Built target drvr_bfs_multi_sw_barrier
[ 55%] Built target drvr_bfs_multihart
[ 59%] Built target drvr_bfs
[ 61%] Built target drvr_bfs-multith
[ 63%] Built target drvr_tc
[ 69%] Built target drvr_tc_larger
[ 71%] Built target drvr_ptr_chase
[ 71%] Built target drvr_list_traverse
[ 75%] Built target drvr_gemm_int_deter
[ 79%] Built target drvr_multihart
[ 79%] Built target drvr_ph_hello
[ 81%] Built target drvr_gemm_int_rand
[ 84%] Built target drvr_puts
[ 84%] Built target drvr_print_int
[ 84%] Built target drvr_printf
[ 84%] Built target drvr_poke
[ 88%] Built target drvr_read
[ 95%] Built target drvr_simple
[ 99%] Built target drvr_snprintf
[100%] Built target drvr_write
[100%] Built target drvr_wait-with-sleep
[100%] Built target drvr_wait-without-sleep
[100%] Built target drvr_vread
Install the project...
-- Install configuration: ""
-- Up-to-date: /work/.local/rv64/lib/crt.S
-- Up-to-date: /work/.local/rv64/lib/lock.c
-- Up-to-date: /work/.local/rv64/include/pandohammer/address.h
-- Up-to-date: /work/.local/rv64/include/pandohammer/atomic.h
-- Up-to-date: /work/.local/rv64/include/pandohammer/cpuinfo.h
-- Up-to-date: /work/.local/rv64/include/pandohammer/mmio.h
-- Up-to-date: /work/.local/rv64/include/pandohammer/staticdecl.h
-- Up-to-date: /work/.local/rv64/include/pandohammer/stringify.h
-- Up-to-date: /work/.local/rv64/include/pandohammer/hartsleep.h
-- Up-to-date: /work/.local/rv64/include/pandohammer/register.h
-- Up-to-date: /work/.local/rv64/lib/bsg_link.ld
-- Up-to-date: /work/.local/rv64/cmake/FindDRV.cmake
-- Up-to-date: /work/.local/rv64/cmake/DRVInclude.cmake
[ 37%] Completed 'rv64'
[100%] Built target rv64
[ 12%] Built target riscvinterpreter
[ 52%] Built target drvapi
[100%] Built target Drv
[ 68%] Built target drvapi
[ 87%] Built target pandocommand
[100%] Built target pandocommand_loader
Build complete
==============================================
RUN: verify_c2_r48_c16 (2x1 cores, 16 threads/core, grid 48x16)
==============================================
Parsing arguments
Building system
Running simualation
Grid BFS (L2SP version): R=48 C=18 N=864
HW: total_harts=32, pxn=1 pods/pxn=1 cores/pod=2 harts/core=16
Using total_threads=32 (within single pod for L2SP)
Full Verification: DISABLED
BFS done in 64 iterations
max_dist=64
sum_dist=27648
BFS complete, signaling exit.
Configuring 16 harts
Configuring 16 harts
Simulation is complete, simulated time: 37.8726 ms

--- Summary for verify_c2_r48_c16 ---
==========================================================================================
MEMORY ACCESS SUMMARY (PANDOHammer)
==========================================================================================

Metric                                        Value           Details                  
------------------------------------------------------------------------------------------
L1 Scratchpad (L1SP) Accesses                 27106841        98.4% of all accesses
  - Loads                                        20194206       
  - Stores                                       6912635        

L2 Scratchpad (L2SP) Accesses                 414268          1.5% of all accesses
  - Loads                                        288772         
  - Stores                                       125496         

DRAM Address Space Accesses                   34987           0.1% of all accesses
  - Loads                                        32893          
  - Stores                                       2094           

--- Useful vs Total Accesses (stat_phase filtering) ---
L1SP Total                     27106841     Useful:    957961       Overhead:  96.5%
  - Loads:  total=20194206   useful=729922    
  - Stores: total=6912635    useful=228039    
  - Atomic: total=0          useful=0         
L2SP Total                     421946       Useful:    361440       Overhead:  14.3%
  - Loads:  total=288772     useful=242200    
  - Stores: total=125496     useful=115850    
  - Atomic: total=7678       useful=3390      
DRAM Total                     35502        Useful:    0            Overhead:  100.0%
  - Loads:  total=32893      useful=0         
  - Stores: total=2094       useful=0         
  - Atomic: total=515        useful=0         

DRAM Cache Hits                               33483           95.7% hit rate
DRAM Cache Misses (actual DRAM accesses)      1518           

--- Core-Perspective Latencies (includes interconnect) ---
  Avg DRAM Load Latency (end-to-end)          14.6 cycles
  Estimated Cache Hit Latency                 10.7 cycles
  Estimated Cache Miss Latency                98.9 cycles
  Interconnect Overhead (round-trip)          8.6 cycles

--- Cache-Local Latencies (excludes interconnect) ---
  Cache Hit Latency                           2.1 cycles
  Cache Miss Latency                          90.3 cycles

--- Overall Memory Performance ---           
  Avg Load Latency (all memory types)         2.2 cycles

========================================================================================================================
PER-CORE STATISTICS
========================================================================================================================
Core                      Busy %     MemWait %  Idle %     L1SP Ld      L2SP Ld      DRAM Ld      I-Miss    
------------------------------------------------------------------------------------------------------------------------
pxn0_hostcore             100.0      0.0        0.0        0            0            0            0         
pxn0_pod00                100.0      0.0        0.0        10098450     138143       17098        219436    
pxn0_pod01                100.0      0.0        0.0        10095756     150629       15795        221302    

====================================================================================================
PER-DRAM-CACHE STATISTICS (cache-local latencies, add ~9 cycles for core-perspective)
====================================================================================================
DRAM Cache           Hits         Misses       Hit %      Hit Lat (cyc)   Miss Lat (cyc) 
----------------------------------------------------------------------------------------------------
pxn0_dram0           33483        1518         95.7       2.1             90.3           

==============================================
VERIFICATION RUN COMPLETE
Results in: build_stampede/drvr/sweep_results/
==============================================
