WQTRACE_DUMP_BEGIN,bench=bfs_work_stealing_l1sp_cache,cores=2,samples=17,dropped=0
WQTRACE,bench=bfs_work_stealing_l1sp_cache,cores=2,sample=0,phase=init,level=0,iter=-1,queue=core,depths=1|0
WQTRACE,bench=bfs_work_stealing_l1sp_cache,cores=2,sample=1,phase=level_begin,level=0,iter=-1,queue=core,depths=1|0
WQTRACE,bench=bfs_work_stealing_l1sp_cache,cores=2,sample=2,phase=post_process,level=0,iter=-1,queue=core,depths=0|0
WQTRACE,bench=bfs_work_stealing_l1sp_cache,cores=2,sample=3,phase=post_redistribute,level=0,iter=-1,queue=core,depths=4884|4883
WQTRACE,bench=bfs_work_stealing_l1sp_cache,cores=2,sample=4,phase=level_begin,level=1,iter=-1,queue=core,depths=4884|4883
WQTRACE,bench=bfs_work_stealing_l1sp_cache,cores=2,sample=5,phase=post_process,level=1,iter=-1,queue=core,depths=0|0
WQTRACE,bench=bfs_work_stealing_l1sp_cache,cores=2,sample=6,phase=post_redistribute,level=1,iter=-1,queue=core,depths=17626|17626
WQTRACE,bench=bfs_work_stealing_l1sp_cache,cores=2,sample=7,phase=level_begin,level=2,iter=-1,queue=core,depths=17626|17626
WQTRACE,bench=bfs_work_stealing_l1sp_cache,cores=2,sample=8,phase=post_process,level=2,iter=-1,queue=core,depths=0|0
WQTRACE,bench=bfs_work_stealing_l1sp_cache,cores=2,sample=9,phase=post_redistribute,level=2,iter=-1,queue=core,depths=764|764
WQTRACE,bench=bfs_work_stealing_l1sp_cache,cores=2,sample=10,phase=level_begin,level=3,iter=-1,queue=core,depths=764|764
WQTRACE,bench=bfs_work_stealing_l1sp_cache,cores=2,sample=11,phase=post_process,level=3,iter=-1,queue=core,depths=0|0
WQTRACE,bench=bfs_work_stealing_l1sp_cache,cores=2,sample=12,phase=post_redistribute,level=3,iter=-1,queue=core,depths=2|1
WQTRACE,bench=bfs_work_stealing_l1sp_cache,cores=2,sample=13,phase=level_begin,level=4,iter=-1,queue=core,depths=2|1
WQTRACE,bench=bfs_work_stealing_l1sp_cache,cores=2,sample=14,phase=post_process,level=4,iter=-1,queue=core,depths=0|0
WQTRACE,bench=bfs_work_stealing_l1sp_cache,cores=2,sample=15,phase=post_redistribute,level=4,iter=-1,queue=core,depths=0|0
WQTRACE,bench=bfs_work_stealing_l1sp_cache,cores=2,sample=16,phase=final,level=5,iter=-1,queue=core,depths=0|0
WQTRACE_DUMP_END,bench=bfs_work_stealing_l1sp_cache
L1SPTRACE_DUMP_BEGIN,bench=bfs_work_stealing_l1sp_cache,cores=2,harts=32,samples=17
L1SPTRACE_CONFIG,bench=bfs_work_stealing_l1sp_cache,core_bytes=262144,global_bytes=524288
L1SPTRACE_GLOBAL,bench=bfs_work_stealing_l1sp_cache,sample=0,phase=init,level=0,iter=-1,bytes=262144
L1SPTRACE_CORE_HART,bench=bfs_work_stealing_l1sp_cache,sample=0,core=0,thread=0,hart=0,bytes=16384
L1SPTRACE_CORE_HART,bench=bfs_work_stealing_l1sp_cache,sample=0,core=0,thread=1,hart=1,bytes=16384
L1SPTRACE_CORE_HART,bench=bfs_work_stealing_l1sp_cache,sample=0,core=0,thread=2,hart=2,bytes=16384
L1SPTRACE_CORE_HART,bench=bfs_work_stealing_l1sp_cache,sample=0,core=0,thread=3,hart=3,bytes=16384
L1SPTRACE_CORE_HART,bench=bfs_work_stealing_l1sp_cache,sample=0,core=0,thread=4,hart=4,bytes=16384
L1SPTRACE_CORE_HART,bench=bfs_work_stealing_l1sp_cache,sample=0,core=0,thread=5,hart=5,bytes=16384
L1SPTRACE_CORE_HART,bench=bfs_work_stealing_l1sp_cache,sample=0,core=0,thread=6,hart=6,bytes=16384
L1SPTRACE_CORE_HART,bench=bfs_work_stealing_l1sp_cache,sample=0,core=0,thread=7,hart=7,bytes=16384
L1SPTRACE_CORE_HART,bench=bfs_work_stealing_l1sp_cache,sample=0,core=0,thread=8,hart=8,bytes=0
L1SPTRACE_CORE_HART,bench=bfs_work_stealing_l1sp_cache,sample=0,core=0,thread=9,hart=9,bytes=0
L1SPTRACE_CORE_HART,bench=bfs_work_stealing_l1sp_cache,sample=0,core=0,thread=10,hart=10,bytes=0
L1SPTRACE_CORE_HART,bench=bfs_work_stealing_l1sp_cache,sample=0,core=0,thread=11,hart=11,bytes=0
L1SPTRACE_CORE_HART,bench=bfs_work_stealing_l1sp_cache,sample=0,core=0,thread=12,hart=12,bytes=0
L1SPTRACE_CORE_HART,bench=bfs_work_stealing_l1sp_cache,sample=0,core=0,thread=13,hart=13,bytes=0
L1SPTRACE_CORE_HART,bench=bfs_work_stealing_l1sp_cache,sample=0,core=0,thread=14,hart=14,bytes=0
L1SPTRACE_CORE_HART,bench=bfs_work_stealing_l1sp_cache,sample=0,core=0,thread=15,hart=15,bytes=0
L1SPTRACE_GLOBAL,bench=bfs_work_stealing_l1sp_cache,sample=1,phase=level_begin,level=0,iter=-1,bytes=262144
L1SPTRACE_CORE_HART,bench=bfs_work_stealing_l1sp_cache,sample=1,core=0,thread=0,hart=0,bytes=16384
L1SPTRACE_CORE_HART,bench=bfs_work_stealing_l1sp_cache,sample=1,core=0,thread=1,hart=1,bytes=16384
L1SPTRACE_CORE_HART,bench=bfs_work_stealing_l1sp_cache,sample=1,core=0,thread=2,hart=2,bytes=16384
L1SPTRACE_CORE_HART,bench=bfs_work_stealing_l1sp_cache,sample=1,core=0,thread=3,hart=3,bytes=16384
L1SPTRACE_CORE_HART,bench=bfs_work_stealing_l1sp_cache,sample=1,core=0,thread=4,hart=4,bytes=16384
L1SPTRACE_CORE_HART,bench=bfs_work_stealing_l1sp_cache,sample=1,core=0,thread=5,hart=5,bytes=16384
L1SPTRACE_CORE_HART,bench=bfs_work_stealing_l1sp_cache,sample=1,core=0,thread=6,hart=6,bytes=16384
L1SPTRACE_CORE_HART,bench=bfs_work_stealing_l1sp_cache,sample=1,core=0,thread=7,hart=7,bytes=16384
L1SPTRACE_CORE_HART,bench=bfs_work_stealing_l1sp_cache,sample=1,core=0,thread=8,hart=8,bytes=0
L1SPTRACE_CORE_HART,bench=bfs_work_stealing_l1sp_cache,sample=1,core=0,thread=9,hart=9,bytes=0
L1SPTRACE_CORE_HART,bench=bfs_work_stealing_l1sp_cache,sample=1,core=0,thread=10,hart=10,bytes=0
L1SPTRACE_CORE_HART,bench=bfs_work_stealing_l1sp_cache,sample=1,core=0,thread=11,hart=11,bytes=0
L1SPTRACE_CORE_HART,bench=bfs_work_stealing_l1sp_cache,sample=1,core=0,thread=12,hart=12,bytes=0
L1SPTRACE_CORE_HART,bench=bfs_work_stealing_l1sp_cache,sample=1,core=0,thread=13,hart=13,bytes=0
L1SPTRACE_CORE_HART,bench=bfs_work_stealing_l1sp_cache,sample=1,core=0,thread=14,hart=14,bytes=0
L1SPTRACE_CORE_HART,bench=bfs_work_stealing_l1sp_cache,sample=1,core=0,thread=15,hart=15,bytes=0
L1SPTRACE_GLOBAL,bench=bfs_work_stealing_l1sp_cache,sample=2,phase=post_process,level=0,iter=-1,bytes=262144
L1SPTRACE_CORE_HART,bench=bfs_work_stealing_l1sp_cache,sample=2,core=0,thread=0,hart=0,bytes=16384
L1SPTRACE_CORE_HART,bench=bfs_work_stealing_l1sp_cache,sample=2,core=0,thread=1,hart=1,bytes=16384
L1SPTRACE_CORE_HART,bench=bfs_work_stealing_l1sp_cache,sample=2,core=0,thread=2,hart=2,bytes=16384
L1SPTRACE_CORE_HART,bench=bfs_work_stealing_l1sp_cache,sample=2,core=0,thread=3,hart=3,bytes=16384
L1SPTRACE_CORE_HART,bench=bfs_work_stealing_l1sp_cache,sample=2,core=0,thread=4,hart=4,bytes=16384
L1SPTRACE_CORE_HART,bench=bfs_work_stealing_l1sp_cache,sample=2,core=0,thread=5,hart=5,bytes=16384
L1SPTRACE_CORE_HART,bench=bfs_work_stealing_l1sp_cache,sample=2,core=0,thread=6,hart=6,bytes=16384
L1SPTRACE_CORE_HART,bench=bfs_work_stealing_l1sp_cache,sample=2,core=0,thread=7,hart=7,bytes=16384
L1SPTRACE_CORE_HART,bench=bfs_work_stealing_l1sp_cache,sample=2,core=0,thread=8,hart=8,bytes=0
L1SPTRACE_CORE_HART,bench=bfs_work_stealing_l1sp_cache,sample=2,core=0,thread=9,hart=9,bytes=0
L1SPTRACE_CORE_HART,bench=bfs_work_stealing_l1sp_cache,sample=2,core=0,thread=10,hart=10,bytes=0
L1SPTRACE_CORE_HART,bench=bfs_work_stealing_l1sp_cache,sample=2,core=0,thread=11,hart=11,bytes=0
L1SPTRACE_CORE_HART,bench=bfs_work_stealing_l1sp_cache,sample=2,core=0,thread=12,hart=12,bytes=0
L1SPTRACE_CORE_HART,bench=bfs_work_stealing_l1sp_cache,sample=2,core=0,thread=13,hart=13,bytes=0
L1SPTRACE_CORE_HART,bench=bfs_work_stealing_l1sp_cache,sample=2,core=0,thread=14,hart=14,bytes=0
L1SPTRACE_CORE_HART,bench=bfs_work_stealing_l1sp_cache,sample=2,core=0,thread=15,hart=15,bytes=0
L1SPTRACE_GLOBAL,bench=bfs_work_stealing_l1sp_cache,sample=3,phase=post_redistribute,level=0,iter=-1,bytes=262144
L1SPTRACE_CORE_HART,bench=bfs_work_stealing_l1sp_cache,sample=3,core=0,thread=0,hart=0,bytes=16384
L1SPTRACE_CORE_HART,bench=bfs_work_stealing_l1sp_cache,sample=3,core=0,thread=1,hart=1,bytes=16384
L1SPTRACE_CORE_HART,bench=bfs_work_stealing_l1sp_cache,sample=3,core=0,thread=2,hart=2,bytes=16384
L1SPTRACE_CORE_HART,bench=bfs_work_stealing_l1sp_cache,sample=3,core=0,thread=3,hart=3,bytes=16384
L1SPTRACE_CORE_HART,bench=bfs_work_stealing_l1sp_cache,sample=3,core=0,thread=4,hart=4,bytes=16384
L1SPTRACE_CORE_HART,bench=bfs_work_stealing_l1sp_cache,sample=3,core=0,thread=5,hart=5,bytes=16384
L1SPTRACE_CORE_HART,bench=bfs_work_stealing_l1sp_cache,sample=3,core=0,thread=6,hart=6,bytes=16384
L1SPTRACE_CORE_HART,bench=bfs_work_stealing_l1sp_cache,sample=3,core=0,thread=7,hart=7,bytes=16384
L1SPTRACE_CORE_HART,bench=bfs_work_stealing_l1sp_cache,sample=3,core=0,thread=8,hart=8,bytes=0
L1SPTRACE_CORE_HART,bench=bfs_work_stealing_l1sp_cache,sample=3,core=0,thread=9,hart=9,bytes=0
L1SPTRACE_CORE_HART,bench=bfs_work_stealing_l1sp_cache,sample=3,core=0,thread=10,hart=10,bytes=0
L1SPTRACE_CORE_HART,bench=bfs_work_stealing_l1sp_cache,sample=3,core=0,thread=11,hart=11,bytes=0
L1SPTRACE_CORE_HART,bench=bfs_work_stealing_l1sp_cache,sample=3,core=0,thread=12,hart=12,bytes=0
L1SPTRACE_CORE_HART,bench=bfs_work_stealing_l1sp_cache,sample=3,core=0,thread=13,hart=13,bytes=0
L1SPTRACE_CORE_HART,bench=bfs_work_stealing_l1sp_cache,sample=3,core=0,thread=14,hart=14,bytes=0
L1SPTRACE_CORE_HART,bench=bfs_work_stealing_l1sp_cache,sample=3,core=0,thread=15,hart=15,bytes=0
L1SPTRACE_GLOBAL,bench=bfs_work_stealing_l1sp_cache,sample=4,phase=level_begin,level=1,iter=-1,bytes=262144
L1SPTRACE_CORE_HART,bench=bfs_work_stealing_l1sp_cache,sample=4,core=0,thread=0,hart=0,bytes=16384
L1SPTRACE_CORE_HART,bench=bfs_work_stealing_l1sp_cache,sample=4,core=0,thread=1,hart=1,bytes=16384
L1SPTRACE_CORE_HART,bench=bfs_work_stealing_l1sp_cache,sample=4,core=0,thread=2,hart=2,bytes=16384
L1SPTRACE_CORE_HART,bench=bfs_work_stealing_l1sp_cache,sample=4,core=0,thread=3,hart=3,bytes=16384
L1SPTRACE_CORE_HART,bench=bfs_work_stealing_l1sp_cache,sample=4,core=0,thread=4,hart=4,bytes=16384
L1SPTRACE_CORE_HART,bench=bfs_work_stealing_l1sp_cache,sample=4,core=0,thread=5,hart=5,bytes=16384
L1SPTRACE_CORE_HART,bench=bfs_work_stealing_l1sp_cache,sample=4,core=0,thread=6,hart=6,bytes=16384
L1SPTRACE_CORE_HART,bench=bfs_work_stealing_l1sp_cache,sample=4,core=0,thread=7,hart=7,bytes=16384
L1SPTRACE_CORE_HART,bench=bfs_work_stealing_l1sp_cache,sample=4,core=0,thread=8,hart=8,bytes=0
L1SPTRACE_CORE_HART,bench=bfs_work_stealing_l1sp_cache,sample=4,core=0,thread=9,hart=9,bytes=0
L1SPTRACE_CORE_HART,bench=bfs_work_stealing_l1sp_cache,sample=4,core=0,thread=10,hart=10,bytes=0
L1SPTRACE_CORE_HART,bench=bfs_work_stealing_l1sp_cache,sample=4,core=0,thread=11,hart=11,bytes=0
L1SPTRACE_CORE_HART,bench=bfs_work_stealing_l1sp_cache,sample=4,core=0,thread=12,hart=12,bytes=0
L1SPTRACE_CORE_HART,bench=bfs_work_stealing_l1sp_cache,sample=4,core=0,thread=13,hart=13,bytes=0
L1SPTRACE_CORE_HART,bench=bfs_work_stealing_l1sp_cache,sample=4,core=0,thread=14,hart=14,bytes=0
L1SPTRACE_CORE_HART,bench=bfs_work_stealing_l1sp_cache,sample=4,core=0,thread=15,hart=15,bytes=0
L1SPTRACE_GLOBAL,bench=bfs_work_stealing_l1sp_cache,sample=5,phase=post_process,level=1,iter=-1,bytes=262144
L1SPTRACE_CORE_HART,bench=bfs_work_stealing_l1sp_cache,sample=5,core=0,thread=0,hart=0,bytes=16384
L1SPTRACE_CORE_HART,bench=bfs_work_stealing_l1sp_cache,sample=5,core=0,thread=1,hart=1,bytes=16384
L1SPTRACE_CORE_HART,bench=bfs_work_stealing_l1sp_cache,sample=5,core=0,thread=2,hart=2,bytes=16384
L1SPTRACE_CORE_HART,bench=bfs_work_stealing_l1sp_cache,sample=5,core=0,thread=3,hart=3,bytes=16384
L1SPTRACE_CORE_HART,bench=bfs_work_stealing_l1sp_cache,sample=5,core=0,thread=4,hart=4,bytes=16384
L1SPTRACE_CORE_HART,bench=bfs_work_stealing_l1sp_cache,sample=5,core=0,thread=5,hart=5,bytes=16384
L1SPTRACE_CORE_HART,bench=bfs_work_stealing_l1sp_cache,sample=5,core=0,thread=6,hart=6,bytes=16384
L1SPTRACE_CORE_HART,bench=bfs_work_stealing_l1sp_cache,sample=5,core=0,thread=7,hart=7,bytes=16384
L1SPTRACE_CORE_HART,bench=bfs_work_stealing_l1sp_cache,sample=5,core=0,thread=8,hart=8,bytes=0
L1SPTRACE_CORE_HART,bench=bfs_work_stealing_l1sp_cache,sample=5,core=0,thread=9,hart=9,bytes=0
L1SPTRACE_CORE_HART,bench=bfs_work_stealing_l1sp_cache,sample=5,core=0,thread=10,hart=10,bytes=0
L1SPTRACE_CORE_HART,bench=bfs_work_stealing_l1sp_cache,sample=5,core=0,thread=11,hart=11,bytes=0
L1SPTRACE_CORE_HART,bench=bfs_work_stealing_l1sp_cache,sample=5,core=0,thread=12,hart=12,bytes=0
L1SPTRACE_CORE_HART,bench=bfs_work_stealing_l1sp_cache,sample=5,core=0,thread=13,hart=13,bytes=0
L1SPTRACE_CORE_HART,bench=bfs_work_stealing_l1sp_cache,sample=5,core=0,thread=14,hart=14,bytes=0
L1SPTRACE_CORE_HART,bench=bfs_work_stealing_l1sp_cache,sample=5,core=0,thread=15,hart=15,bytes=0
L1SPTRACE_GLOBAL,bench=bfs_work_stealing_l1sp_cache,sample=6,phase=post_redistribute,level=1,iter=-1,bytes=262144
L1SPTRACE_CORE_HART,bench=bfs_work_stealing_l1sp_cache,sample=6,core=0,thread=0,hart=0,bytes=16384
L1SPTRACE_CORE_HART,bench=bfs_work_stealing_l1sp_cache,sample=6,core=0,thread=1,hart=1,bytes=16384
L1SPTRACE_CORE_HART,bench=bfs_work_stealing_l1sp_cache,sample=6,core=0,thread=2,hart=2,bytes=16384
L1SPTRACE_CORE_HART,bench=bfs_work_stealing_l1sp_cache,sample=6,core=0,thread=3,hart=3,bytes=16384
L1SPTRACE_CORE_HART,bench=bfs_work_stealing_l1sp_cache,sample=6,core=0,thread=4,hart=4,bytes=16384
L1SPTRACE_CORE_HART,bench=bfs_work_stealing_l1sp_cache,sample=6,core=0,thread=5,hart=5,bytes=16384
L1SPTRACE_CORE_HART,bench=bfs_work_stealing_l1sp_cache,sample=6,core=0,thread=6,hart=6,bytes=16384
L1SPTRACE_CORE_HART,bench=bfs_work_stealing_l1sp_cache,sample=6,core=0,thread=7,hart=7,bytes=16384
L1SPTRACE_CORE_HART,bench=bfs_work_stealing_l1sp_cache,sample=6,core=0,thread=8,hart=8,bytes=0
L1SPTRACE_CORE_HART,bench=bfs_work_stealing_l1sp_cache,sample=6,core=0,thread=9,hart=9,bytes=0
L1SPTRACE_CORE_HART,bench=bfs_work_stealing_l1sp_cache,sample=6,core=0,thread=10,hart=10,bytes=0
L1SPTRACE_CORE_HART,bench=bfs_work_stealing_l1sp_cache,sample=6,core=0,thread=11,hart=11,bytes=0
L1SPTRACE_CORE_HART,bench=bfs_work_stealing_l1sp_cache,sample=6,core=0,thread=12,hart=12,bytes=0
L1SPTRACE_CORE_HART,bench=bfs_work_stealing_l1sp_cache,sample=6,core=0,thread=13,hart=13,bytes=0
L1SPTRACE_CORE_HART,bench=bfs_work_stealing_l1sp_cache,sample=6,core=0,thread=14,hart=14,bytes=0
L1SPTRACE_CORE_HART,bench=bfs_work_stealing_l1sp_cache,sample=6,core=0,thread=15,hart=15,bytes=0
L1SPTRACE_GLOBAL,bench=bfs_work_stealing_l1sp_cache,sample=7,phase=level_begin,level=2,iter=-1,bytes=262144
L1SPTRACE_CORE_HART,bench=bfs_work_stealing_l1sp_cache,sample=7,core=0,thread=0,hart=0,bytes=16384
L1SPTRACE_CORE_HART,bench=bfs_work_stealing_l1sp_cache,sample=7,core=0,thread=1,hart=1,bytes=16384
L1SPTRACE_CORE_HART,bench=bfs_work_stealing_l1sp_cache,sample=7,core=0,thread=2,hart=2,bytes=16384
L1SPTRACE_CORE_HART,bench=bfs_work_stealing_l1sp_cache,sample=7,core=0,thread=3,hart=3,bytes=16384
L1SPTRACE_CORE_HART,bench=bfs_work_stealing_l1sp_cache,sample=7,core=0,thread=4,hart=4,bytes=16384
L1SPTRACE_CORE_HART,bench=bfs_work_stealing_l1sp_cache,sample=7,core=0,thread=5,hart=5,bytes=16384
L1SPTRACE_CORE_HART,bench=bfs_work_stealing_l1sp_cache,sample=7,core=0,thread=6,hart=6,bytes=16384
L1SPTRACE_CORE_HART,bench=bfs_work_stealing_l1sp_cache,sample=7,core=0,thread=7,hart=7,bytes=16384
L1SPTRACE_CORE_HART,bench=bfs_work_stealing_l1sp_cache,sample=7,core=0,thread=8,hart=8,bytes=0
L1SPTRACE_CORE_HART,bench=bfs_work_stealing_l1sp_cache,sample=7,core=0,thread=9,hart=9,bytes=0
L1SPTRACE_CORE_HART,bench=bfs_work_stealing_l1sp_cache,sample=7,core=0,thread=10,hart=10,bytes=0
L1SPTRACE_CORE_HART,bench=bfs_work_stealing_l1sp_cache,sample=7,core=0,thread=11,hart=11,bytes=0
L1SPTRACE_CORE_HART,bench=bfs_work_stealing_l1sp_cache,sample=7,core=0,thread=12,hart=12,bytes=0
L1SPTRACE_CORE_HART,bench=bfs_work_stealing_l1sp_cache,sample=7,core=0,thread=13,hart=13,bytes=0
L1SPTRACE_CORE_HART,bench=bfs_work_stealing_l1sp_cache,sample=7,core=0,thread=14,hart=14,bytes=0
L1SPTRACE_CORE_HART,bench=bfs_work_stealing_l1sp_cache,sample=7,core=0,thread=15,hart=15,bytes=0
L1SPTRACE_GLOBAL,bench=bfs_work_stealing_l1sp_cache,sample=8,phase=post_process,level=2,iter=-1,bytes=262144
L1SPTRACE_CORE_HART,bench=bfs_work_stealing_l1sp_cache,sample=8,core=0,thread=0,hart=0,bytes=16384
L1SPTRACE_CORE_HART,bench=bfs_work_stealing_l1sp_cache,sample=8,core=0,thread=1,hart=1,bytes=16384
L1SPTRACE_CORE_HART,bench=bfs_work_stealing_l1sp_cache,sample=8,core=0,thread=2,hart=2,bytes=16384
L1SPTRACE_CORE_HART,bench=bfs_work_stealing_l1sp_cache,sample=8,core=0,thread=3,hart=3,bytes=16384
L1SPTRACE_CORE_HART,bench=bfs_work_stealing_l1sp_cache,sample=8,core=0,thread=4,hart=4,bytes=16384
L1SPTRACE_CORE_HART,bench=bfs_work_stealing_l1sp_cache,sample=8,core=0,thread=5,hart=5,bytes=16384
L1SPTRACE_CORE_HART,bench=bfs_work_stealing_l1sp_cache,sample=8,core=0,thread=6,hart=6,bytes=16384
L1SPTRACE_CORE_HART,bench=bfs_work_stealing_l1sp_cache,sample=8,core=0,thread=7,hart=7,bytes=16384
L1SPTRACE_CORE_HART,bench=bfs_work_stealing_l1sp_cache,sample=8,core=0,thread=8,hart=8,bytes=0
L1SPTRACE_CORE_HART,bench=bfs_work_stealing_l1sp_cache,sample=8,core=0,thread=9,hart=9,bytes=0
L1SPTRACE_CORE_HART,bench=bfs_work_stealing_l1sp_cache,sample=8,core=0,thread=10,hart=10,bytes=0
L1SPTRACE_CORE_HART,bench=bfs_work_stealing_l1sp_cache,sample=8,core=0,thread=11,hart=11,bytes=0
L1SPTRACE_CORE_HART,bench=bfs_work_stealing_l1sp_cache,sample=8,core=0,thread=12,hart=12,bytes=0
L1SPTRACE_CORE_HART,bench=bfs_work_stealing_l1sp_cache,sample=8,core=0,thread=13,hart=13,bytes=0
L1SPTRACE_CORE_HART,bench=bfs_work_stealing_l1sp_cache,sample=8,core=0,thread=14,hart=14,bytes=0
L1SPTRACE_CORE_HART,bench=bfs_work_stealing_l1sp_cache,sample=8,core=0,thread=15,hart=15,bytes=0
L1SPTRACE_GLOBAL,bench=bfs_work_stealing_l1sp_cache,sample=9,phase=post_redistribute,level=2,iter=-1,bytes=262144
L1SPTRACE_CORE_HART,bench=bfs_work_stealing_l1sp_cache,sample=9,core=0,thread=0,hart=0,bytes=16384
L1SPTRACE_CORE_HART,bench=bfs_work_stealing_l1sp_cache,sample=9,core=0,thread=1,hart=1,bytes=16384
L1SPTRACE_CORE_HART,bench=bfs_work_stealing_l1sp_cache,sample=9,core=0,thread=2,hart=2,bytes=16384
L1SPTRACE_CORE_HART,bench=bfs_work_stealing_l1sp_cache,sample=9,core=0,thread=3,hart=3,bytes=16384
L1SPTRACE_CORE_HART,bench=bfs_work_stealing_l1sp_cache,sample=9,core=0,thread=4,hart=4,bytes=16384
L1SPTRACE_CORE_HART,bench=bfs_work_stealing_l1sp_cache,sample=9,core=0,thread=5,hart=5,bytes=16384
L1SPTRACE_CORE_HART,bench=bfs_work_stealing_l1sp_cache,sample=9,core=0,thread=6,hart=6,bytes=16384
L1SPTRACE_CORE_HART,bench=bfs_work_stealing_l1sp_cache,sample=9,core=0,thread=7,hart=7,bytes=16384
L1SPTRACE_CORE_HART,bench=bfs_work_stealing_l1sp_cache,sample=9,core=0,thread=8,hart=8,bytes=0
L1SPTRACE_CORE_HART,bench=bfs_work_stealing_l1sp_cache,sample=9,core=0,thread=9,hart=9,bytes=0
L1SPTRACE_CORE_HART,bench=bfs_work_stealing_l1sp_cache,sample=9,core=0,thread=10,hart=10,bytes=0
L1SPTRACE_CORE_HART,bench=bfs_work_stealing_l1sp_cache,sample=9,core=0,thread=11,hart=11,bytes=0
L1SPTRACE_CORE_HART,bench=bfs_work_stealing_l1sp_cache,sample=9,core=0,thread=12,hart=12,bytes=0
L1SPTRACE_CORE_HART,bench=bfs_work_stealing_l1sp_cache,sample=9,core=0,thread=13,hart=13,bytes=0
L1SPTRACE_CORE_HART,bench=bfs_work_stealing_l1sp_cache,sample=9,core=0,thread=14,hart=14,bytes=0
L1SPTRACE_CORE_HART,bench=bfs_work_stealing_l1sp_cache,sample=9,core=0,thread=15,hart=15,bytes=0
L1SPTRACE_GLOBAL,bench=bfs_work_stealing_l1sp_cache,sample=10,phase=level_begin,level=3,iter=-1,bytes=262144
L1SPTRACE_CORE_HART,bench=bfs_work_stealing_l1sp_cache,sample=10,core=0,thread=0,hart=0,bytes=16384
L1SPTRACE_CORE_HART,bench=bfs_work_stealing_l1sp_cache,sample=10,core=0,thread=1,hart=1,bytes=16384
L1SPTRACE_CORE_HART,bench=bfs_work_stealing_l1sp_cache,sample=10,core=0,thread=2,hart=2,bytes=16384
L1SPTRACE_CORE_HART,bench=bfs_work_stealing_l1sp_cache,sample=10,core=0,thread=3,hart=3,bytes=16384
L1SPTRACE_CORE_HART,bench=bfs_work_stealing_l1sp_cache,sample=10,core=0,thread=4,hart=4,bytes=16384
L1SPTRACE_CORE_HART,bench=bfs_work_stealing_l1sp_cache,sample=10,core=0,thread=5,hart=5,bytes=16384
L1SPTRACE_CORE_HART,bench=bfs_work_stealing_l1sp_cache,sample=10,core=0,thread=6,hart=6,bytes=16384
L1SPTRACE_CORE_HART,bench=bfs_work_stealing_l1sp_cache,sample=10,core=0,thread=7,hart=7,bytes=16384
L1SPTRACE_CORE_HART,bench=bfs_work_stealing_l1sp_cache,sample=10,core=0,thread=8,hart=8,bytes=0
L1SPTRACE_CORE_HART,bench=bfs_work_stealing_l1sp_cache,sample=10,core=0,thread=9,hart=9,bytes=0
L1SPTRACE_CORE_HART,bench=bfs_work_stealing_l1sp_cache,sample=10,core=0,thread=10,hart=10,bytes=0
L1SPTRACE_CORE_HART,bench=bfs_work_stealing_l1sp_cache,sample=10,core=0,thread=11,hart=11,bytes=0
L1SPTRACE_CORE_HART,bench=bfs_work_stealing_l1sp_cache,sample=10,core=0,thread=12,hart=12,bytes=0
L1SPTRACE_CORE_HART,bench=bfs_work_stealing_l1sp_cache,sample=10,core=0,thread=13,hart=13,bytes=0
L1SPTRACE_CORE_HART,bench=bfs_work_stealing_l1sp_cache,sample=10,core=0,thread=14,hart=14,bytes=0
L1SPTRACE_CORE_HART,bench=bfs_work_stealing_l1sp_cache,sample=10,core=0,thread=15,hart=15,bytes=0
L1SPTRACE_GLOBAL,bench=bfs_work_stealing_l1sp_cache,sample=11,phase=post_process,level=3,iter=-1,bytes=262144
L1SPTRACE_CORE_HART,bench=bfs_work_stealing_l1sp_cache,sample=11,core=0,thread=0,hart=0,bytes=16384
L1SPTRACE_CORE_HART,bench=bfs_work_stealing_l1sp_cache,sample=11,core=0,thread=1,hart=1,bytes=16384
L1SPTRACE_CORE_HART,bench=bfs_work_stealing_l1sp_cache,sample=11,core=0,thread=2,hart=2,bytes=16384
L1SPTRACE_CORE_HART,bench=bfs_work_stealing_l1sp_cache,sample=11,core=0,thread=3,hart=3,bytes=16384
L1SPTRACE_CORE_HART,bench=bfs_work_stealing_l1sp_cache,sample=11,core=0,thread=4,hart=4,bytes=16384
L1SPTRACE_CORE_HART,bench=bfs_work_stealing_l1sp_cache,sample=11,core=0,thread=5,hart=5,bytes=16384
L1SPTRACE_CORE_HART,bench=bfs_work_stealing_l1sp_cache,sample=11,core=0,thread=6,hart=6,bytes=16384
L1SPTRACE_CORE_HART,bench=bfs_work_stealing_l1sp_cache,sample=11,core=0,thread=7,hart=7,bytes=16384
L1SPTRACE_CORE_HART,bench=bfs_work_stealing_l1sp_cache,sample=11,core=0,thread=8,hart=8,bytes=0
L1SPTRACE_CORE_HART,bench=bfs_work_stealing_l1sp_cache,sample=11,core=0,thread=9,hart=9,bytes=0
L1SPTRACE_CORE_HART,bench=bfs_work_stealing_l1sp_cache,sample=11,core=0,thread=10,hart=10,bytes=0
L1SPTRACE_CORE_HART,bench=bfs_work_stealing_l1sp_cache,sample=11,core=0,thread=11,hart=11,bytes=0
L1SPTRACE_CORE_HART,bench=bfs_work_stealing_l1sp_cache,sample=11,core=0,thread=12,hart=12,bytes=0
L1SPTRACE_CORE_HART,bench=bfs_work_stealing_l1sp_cache,sample=11,core=0,thread=13,hart=13,bytes=0
L1SPTRACE_CORE_HART,bench=bfs_work_stealing_l1sp_cache,sample=11,core=0,thread=14,hart=14,bytes=0
L1SPTRACE_CORE_HART,bench=bfs_work_stealing_l1sp_cache,sample=11,core=0,thread=15,hart=15,bytes=0
L1SPTRACE_GLOBAL,bench=bfs_work_stealing_l1sp_cache,sample=12,phase=post_redistribute,level=3,iter=-1,bytes=262144
L1SPTRACE_CORE_HART,bench=bfs_work_stealing_l1sp_cache,sample=12,core=0,thread=0,hart=0,bytes=16384
L1SPTRACE_CORE_HART,bench=bfs_work_stealing_l1sp_cache,sample=12,core=0,thread=1,hart=1,bytes=16384
L1SPTRACE_CORE_HART,bench=bfs_work_stealing_l1sp_cache,sample=12,core=0,thread=2,hart=2,bytes=16384
L1SPTRACE_CORE_HART,bench=bfs_work_stealing_l1sp_cache,sample=12,core=0,thread=3,hart=3,bytes=16384
L1SPTRACE_CORE_HART,bench=bfs_work_stealing_l1sp_cache,sample=12,core=0,thread=4,hart=4,bytes=16384
L1SPTRACE_CORE_HART,bench=bfs_work_stealing_l1sp_cache,sample=12,core=0,thread=5,hart=5,bytes=16384
L1SPTRACE_CORE_HART,bench=bfs_work_stealing_l1sp_cache,sample=12,core=0,thread=6,hart=6,bytes=16384
L1SPTRACE_CORE_HART,bench=bfs_work_stealing_l1sp_cache,sample=12,core=0,thread=7,hart=7,bytes=16384
L1SPTRACE_CORE_HART,bench=bfs_work_stealing_l1sp_cache,sample=12,core=0,thread=8,hart=8,bytes=0
L1SPTRACE_CORE_HART,bench=bfs_work_stealing_l1sp_cache,sample=12,core=0,thread=9,hart=9,bytes=0
L1SPTRACE_CORE_HART,bench=bfs_work_stealing_l1sp_cache,sample=12,core=0,thread=10,hart=10,bytes=0
L1SPTRACE_CORE_HART,bench=bfs_work_stealing_l1sp_cache,sample=12,core=0,thread=11,hart=11,bytes=0
L1SPTRACE_CORE_HART,bench=bfs_work_stealing_l1sp_cache,sample=12,core=0,thread=12,hart=12,bytes=0
L1SPTRACE_CORE_HART,bench=bfs_work_stealing_l1sp_cache,sample=12,core=0,thread=13,hart=13,bytes=0
L1SPTRACE_CORE_HART,bench=bfs_work_stealing_l1sp_cache,sample=12,core=0,thread=14,hart=14,bytes=0
L1SPTRACE_CORE_HART,bench=bfs_work_stealing_l1sp_cache,sample=12,core=0,thread=15,hart=15,bytes=0
L1SPTRACE_GLOBAL,bench=bfs_work_stealing_l1sp_cache,sample=13,phase=level_begin,level=4,iter=-1,bytes=262144
L1SPTRACE_CORE_HART,bench=bfs_work_stealing_l1sp_cache,sample=13,core=0,thread=0,hart=0,bytes=16384
L1SPTRACE_CORE_HART,bench=bfs_work_stealing_l1sp_cache,sample=13,core=0,thread=1,hart=1,bytes=16384
L1SPTRACE_CORE_HART,bench=bfs_work_stealing_l1sp_cache,sample=13,core=0,thread=2,hart=2,bytes=16384
L1SPTRACE_CORE_HART,bench=bfs_work_stealing_l1sp_cache,sample=13,core=0,thread=3,hart=3,bytes=16384
L1SPTRACE_CORE_HART,bench=bfs_work_stealing_l1sp_cache,sample=13,core=0,thread=4,hart=4,bytes=16384
L1SPTRACE_CORE_HART,bench=bfs_work_stealing_l1sp_cache,sample=13,core=0,thread=5,hart=5,bytes=16384
L1SPTRACE_CORE_HART,bench=bfs_work_stealing_l1sp_cache,sample=13,core=0,thread=6,hart=6,bytes=16384
L1SPTRACE_CORE_HART,bench=bfs_work_stealing_l1sp_cache,sample=13,core=0,thread=7,hart=7,bytes=16384
L1SPTRACE_CORE_HART,bench=bfs_work_stealing_l1sp_cache,sample=13,core=0,thread=8,hart=8,bytes=0
L1SPTRACE_CORE_HART,bench=bfs_work_stealing_l1sp_cache,sample=13,core=0,thread=9,hart=9,bytes=0
L1SPTRACE_CORE_HART,bench=bfs_work_stealing_l1sp_cache,sample=13,core=0,thread=10,hart=10,bytes=0
L1SPTRACE_CORE_HART,bench=bfs_work_stealing_l1sp_cache,sample=13,core=0,thread=11,hart=11,bytes=0
L1SPTRACE_CORE_HART,bench=bfs_work_stealing_l1sp_cache,sample=13,core=0,thread=12,hart=12,bytes=0
L1SPTRACE_CORE_HART,bench=bfs_work_stealing_l1sp_cache,sample=13,core=0,thread=13,hart=13,bytes=0
L1SPTRACE_CORE_HART,bench=bfs_work_stealing_l1sp_cache,sample=13,core=0,thread=14,hart=14,bytes=0
L1SPTRACE_CORE_HART,bench=bfs_work_stealing_l1sp_cache,sample=13,core=0,thread=15,hart=15,bytes=0
L1SPTRACE_GLOBAL,bench=bfs_work_stealing_l1sp_cache,sample=14,phase=post_process,level=4,iter=-1,bytes=262144
L1SPTRACE_CORE_HART,bench=bfs_work_stealing_l1sp_cache,sample=14,core=0,thread=0,hart=0,bytes=16384
L1SPTRACE_CORE_HART,bench=bfs_work_stealing_l1sp_cache,sample=14,core=0,thread=1,hart=1,bytes=16384
L1SPTRACE_CORE_HART,bench=bfs_work_stealing_l1sp_cache,sample=14,core=0,thread=2,hart=2,bytes=16384
L1SPTRACE_CORE_HART,bench=bfs_work_stealing_l1sp_cache,sample=14,core=0,thread=3,hart=3,bytes=16384
L1SPTRACE_CORE_HART,bench=bfs_work_stealing_l1sp_cache,sample=14,core=0,thread=4,hart=4,bytes=16384
L1SPTRACE_CORE_HART,bench=bfs_work_stealing_l1sp_cache,sample=14,core=0,thread=5,hart=5,bytes=16384
L1SPTRACE_CORE_HART,bench=bfs_work_stealing_l1sp_cache,sample=14,core=0,thread=6,hart=6,bytes=16384
L1SPTRACE_CORE_HART,bench=bfs_work_stealing_l1sp_cache,sample=14,core=0,thread=7,hart=7,bytes=16384
L1SPTRACE_CORE_HART,bench=bfs_work_stealing_l1sp_cache,sample=14,core=0,thread=8,hart=8,bytes=0
L1SPTRACE_CORE_HART,bench=bfs_work_stealing_l1sp_cache,sample=14,core=0,thread=9,hart=9,bytes=0
L1SPTRACE_CORE_HART,bench=bfs_work_stealing_l1sp_cache,sample=14,core=0,thread=10,hart=10,bytes=0
L1SPTRACE_CORE_HART,bench=bfs_work_stealing_l1sp_cache,sample=14,core=0,thread=11,hart=11,bytes=0
L1SPTRACE_CORE_HART,bench=bfs_work_stealing_l1sp_cache,sample=14,core=0,thread=12,hart=12,bytes=0
L1SPTRACE_CORE_HART,bench=bfs_work_stealing_l1sp_cache,sample=14,core=0,thread=13,hart=13,bytes=0
L1SPTRACE_CORE_HART,bench=bfs_work_stealing_l1sp_cache,sample=14,core=0,thread=14,hart=14,bytes=0
L1SPTRACE_CORE_HART,bench=bfs_work_stealing_l1sp_cache,sample=14,core=0,thread=15,hart=15,bytes=0
L1SPTRACE_GLOBAL,bench=bfs_work_stealing_l1sp_cache,sample=15,phase=post_redistribute,level=4,iter=-1,bytes=262144
L1SPTRACE_CORE_HART,bench=bfs_work_stealing_l1sp_cache,sample=15,core=0,thread=0,hart=0,bytes=16384
L1SPTRACE_CORE_HART,bench=bfs_work_stealing_l1sp_cache,sample=15,core=0,thread=1,hart=1,bytes=16384
L1SPTRACE_CORE_HART,bench=bfs_work_stealing_l1sp_cache,sample=15,core=0,thread=2,hart=2,bytes=16384
L1SPTRACE_CORE_HART,bench=bfs_work_stealing_l1sp_cache,sample=15,core=0,thread=3,hart=3,bytes=16384
L1SPTRACE_CORE_HART,bench=bfs_work_stealing_l1sp_cache,sample=15,core=0,thread=4,hart=4,bytes=16384
L1SPTRACE_CORE_HART,bench=bfs_work_stealing_l1sp_cache,sample=15,core=0,thread=5,hart=5,bytes=16384
L1SPTRACE_CORE_HART,bench=bfs_work_stealing_l1sp_cache,sample=15,core=0,thread=6,hart=6,bytes=16384
L1SPTRACE_CORE_HART,bench=bfs_work_stealing_l1sp_cache,sample=15,core=0,thread=7,hart=7,bytes=16384
L1SPTRACE_CORE_HART,bench=bfs_work_stealing_l1sp_cache,sample=15,core=0,thread=8,hart=8,bytes=0
L1SPTRACE_CORE_HART,bench=bfs_work_stealing_l1sp_cache,sample=15,core=0,thread=9,hart=9,bytes=0
L1SPTRACE_CORE_HART,bench=bfs_work_stealing_l1sp_cache,sample=15,core=0,thread=10,hart=10,bytes=0
L1SPTRACE_CORE_HART,bench=bfs_work_stealing_l1sp_cache,sample=15,core=0,thread=11,hart=11,bytes=0
L1SPTRACE_CORE_HART,bench=bfs_work_stealing_l1sp_cache,sample=15,core=0,thread=12,hart=12,bytes=0
L1SPTRACE_CORE_HART,bench=bfs_work_stealing_l1sp_cache,sample=15,core=0,thread=13,hart=13,bytes=0
L1SPTRACE_CORE_HART,bench=bfs_work_stealing_l1sp_cache,sample=15,core=0,thread=14,hart=14,bytes=0
L1SPTRACE_CORE_HART,bench=bfs_work_stealing_l1sp_cache,sample=15,core=0,thread=15,hart=15,bytes=0
L1SPTRACE_GLOBAL,bench=bfs_work_stealing_l1sp_cache,sample=16,phase=final,level=5,iter=-1,bytes=262144
L1SPTRACE_CORE_HART,bench=bfs_work_stealing_l1sp_cache,sample=16,core=0,thread=0,hart=0,bytes=16384
L1SPTRACE_CORE_HART,bench=bfs_work_stealing_l1sp_cache,sample=16,core=0,thread=1,hart=1,bytes=16384
L1SPTRACE_CORE_HART,bench=bfs_work_stealing_l1sp_cache,sample=16,core=0,thread=2,hart=2,bytes=16384
L1SPTRACE_CORE_HART,bench=bfs_work_stealing_l1sp_cache,sample=16,core=0,thread=3,hart=3,bytes=16384
L1SPTRACE_CORE_HART,bench=bfs_work_stealing_l1sp_cache,sample=16,core=0,thread=4,hart=4,bytes=16384
L1SPTRACE_CORE_HART,bench=bfs_work_stealing_l1sp_cache,sample=16,core=0,thread=5,hart=5,bytes=16384
L1SPTRACE_CORE_HART,bench=bfs_work_stealing_l1sp_cache,sample=16,core=0,thread=6,hart=6,bytes=16384
L1SPTRACE_CORE_HART,bench=bfs_work_stealing_l1sp_cache,sample=16,core=0,thread=7,hart=7,bytes=16384
L1SPTRACE_CORE_HART,bench=bfs_work_stealing_l1sp_cache,sample=16,core=0,thread=8,hart=8,bytes=0
L1SPTRACE_CORE_HART,bench=bfs_work_stealing_l1sp_cache,sample=16,core=0,thread=9,hart=9,bytes=0
L1SPTRACE_CORE_HART,bench=bfs_work_stealing_l1sp_cache,sample=16,core=0,thread=10,hart=10,bytes=0
L1SPTRACE_CORE_HART,bench=bfs_work_stealing_l1sp_cache,sample=16,core=0,thread=11,hart=11,bytes=0
L1SPTRACE_CORE_HART,bench=bfs_work_stealing_l1sp_cache,sample=16,core=0,thread=12,hart=12,bytes=0
L1SPTRACE_CORE_HART,bench=bfs_work_stealing_l1sp_cache,sample=16,core=0,thread=13,hart=13,bytes=0
L1SPTRACE_CORE_HART,bench=bfs_work_stealing_l1sp_cache,sample=16,core=0,thread=14,hart=14,bytes=0
L1SPTRACE_CORE_HART,bench=bfs_work_stealing_l1sp_cache,sample=16,core=0,thread=15,hart=15,bytes=0
L1SPTRACE_HART,bench=bfs_work_stealing_l1sp_cache,hart=0,core=0,thread=0,bytes=16384
L1SPTRACE_HART,bench=bfs_work_stealing_l1sp_cache,hart=1,core=0,thread=1,bytes=16384
L1SPTRACE_HART,bench=bfs_work_stealing_l1sp_cache,hart=2,core=0,thread=2,bytes=16384
L1SPTRACE_HART,bench=bfs_work_stealing_l1sp_cache,hart=3,core=0,thread=3,bytes=16384
L1SPTRACE_HART,bench=bfs_work_stealing_l1sp_cache,hart=4,core=0,thread=4,bytes=16384
L1SPTRACE_HART,bench=bfs_work_stealing_l1sp_cache,hart=5,core=0,thread=5,bytes=16384
L1SPTRACE_HART,bench=bfs_work_stealing_l1sp_cache,hart=6,core=0,thread=6,bytes=16384
L1SPTRACE_HART,bench=bfs_work_stealing_l1sp_cache,hart=7,core=0,thread=7,bytes=16384
L1SPTRACE_HART,bench=bfs_work_stealing_l1sp_cache,hart=8,core=0,thread=8,bytes=0
L1SPTRACE_HART,bench=bfs_work_stealing_l1sp_cache,hart=9,core=0,thread=9,bytes=0
L1SPTRACE_HART,bench=bfs_work_stealing_l1sp_cache,hart=10,core=0,thread=10,bytes=0
L1SPTRACE_HART,bench=bfs_work_stealing_l1sp_cache,hart=11,core=0,thread=11,bytes=0
L1SPTRACE_HART,bench=bfs_work_stealing_l1sp_cache,hart=12,core=0,thread=12,bytes=0
L1SPTRACE_HART,bench=bfs_work_stealing_l1sp_cache,hart=13,core=0,thread=13,bytes=0
L1SPTRACE_HART,bench=bfs_work_stealing_l1sp_cache,hart=14,core=0,thread=14,bytes=0
L1SPTRACE_HART,bench=bfs_work_stealing_l1sp_cache,hart=15,core=0,thread=15,bytes=0
L1SPTRACE_HART,bench=bfs_work_stealing_l1sp_cache,hart=16,core=1,thread=0,bytes=16384
L1SPTRACE_HART,bench=bfs_work_stealing_l1sp_cache,hart=17,core=1,thread=1,bytes=16384
L1SPTRACE_HART,bench=bfs_work_stealing_l1sp_cache,hart=18,core=1,thread=2,bytes=16384
L1SPTRACE_HART,bench=bfs_work_stealing_l1sp_cache,hart=19,core=1,thread=3,bytes=16384
L1SPTRACE_HART,bench=bfs_work_stealing_l1sp_cache,hart=20,core=1,thread=4,bytes=16384
L1SPTRACE_HART,bench=bfs_work_stealing_l1sp_cache,hart=21,core=1,thread=5,bytes=16384
L1SPTRACE_HART,bench=bfs_work_stealing_l1sp_cache,hart=22,core=1,thread=6,bytes=16384
L1SPTRACE_HART,bench=bfs_work_stealing_l1sp_cache,hart=23,core=1,thread=7,bytes=16384
L1SPTRACE_HART,bench=bfs_work_stealing_l1sp_cache,hart=24,core=1,thread=8,bytes=0
L1SPTRACE_HART,bench=bfs_work_stealing_l1sp_cache,hart=25,core=1,thread=9,bytes=0
L1SPTRACE_HART,bench=bfs_work_stealing_l1sp_cache,hart=26,core=1,thread=10,bytes=0
L1SPTRACE_HART,bench=bfs_work_stealing_l1sp_cache,hart=27,core=1,thread=11,bytes=0
L1SPTRACE_HART,bench=bfs_work_stealing_l1sp_cache,hart=28,core=1,thread=12,bytes=0
L1SPTRACE_HART,bench=bfs_work_stealing_l1sp_cache,hart=29,core=1,thread=13,bytes=0
L1SPTRACE_HART,bench=bfs_work_stealing_l1sp_cache,hart=30,core=1,thread=14,bytes=0
L1SPTRACE_HART,bench=bfs_work_stealing_l1sp_cache,hart=31,core=1,thread=15,bytes=0
L1SPTRACE_DUMP_END,bench=bfs_work_stealing_l1sp_cache
WQSNAP_DUMP_BEGIN,bench=bfs_work_stealing_l1sp_cache,cores=2,snaps=161,capacity=4096
WQSNAP,bench=bfs_work_stealing_l1sp_cache,cores=2,idx=0,level=1,event=pop,actor_core=0,depths=1172|1171
WQSNAP,bench=bfs_work_stealing_l1sp_cache,cores=2,idx=1,level=1,event=pop,actor_core=0,depths=980|1107
WQSNAP,bench=bfs_work_stealing_l1sp_cache,cores=2,idx=2,level=1,event=pop,actor_core=0,depths=852|1107
WQSNAP,bench=bfs_work_stealing_l1sp_cache,cores=2,idx=3,level=1,event=pop,actor_core=0,depths=724|915
WQSNAP,bench=bfs_work_stealing_l1sp_cache,cores=2,idx=4,level=1,event=pop,actor_core=1,depths=660|915
WQSNAP,bench=bfs_work_stealing_l1sp_cache,cores=2,idx=5,level=1,event=pop,actor_core=0,depths=660|851
WQSNAP,bench=bfs_work_stealing_l1sp_cache,cores=2,idx=6,level=1,event=pop,actor_core=1,depths=596|851
WQSNAP,bench=bfs_work_stealing_l1sp_cache,cores=2,idx=7,level=1,event=pop,actor_core=1,depths=596|787
WQSNAP,bench=bfs_work_stealing_l1sp_cache,cores=2,idx=8,level=1,event=pop,actor_core=1,depths=596|723
WQSNAP,bench=bfs_work_stealing_l1sp_cache,cores=2,idx=9,level=1,event=pop,actor_core=1,depths=596|659
WQSNAP,bench=bfs_work_stealing_l1sp_cache,cores=2,idx=10,level=1,event=pop,actor_core=1,depths=596|595
WQSNAP,bench=bfs_work_stealing_l1sp_cache,cores=2,idx=11,level=1,event=pop,actor_core=0,depths=596|531
WQSNAP,bench=bfs_work_stealing_l1sp_cache,cores=2,idx=12,level=1,event=pop,actor_core=1,depths=532|531
WQSNAP,bench=bfs_work_stealing_l1sp_cache,cores=2,idx=13,level=1,event=pop,actor_core=1,depths=404|467
WQSNAP,bench=bfs_work_stealing_l1sp_cache,cores=2,idx=14,level=1,event=pop,actor_core=1,depths=404|403
WQSNAP,bench=bfs_work_stealing_l1sp_cache,cores=2,idx=15,level=1,event=pop,actor_core=0,depths=404|339
WQSNAP,bench=bfs_work_stealing_l1sp_cache,cores=2,idx=16,level=1,event=pop,actor_core=1,depths=340|211
WQSNAP,bench=bfs_work_stealing_l1sp_cache,cores=2,idx=17,level=1,event=pop,actor_core=1,depths=340|147
WQSNAP,bench=bfs_work_stealing_l1sp_cache,cores=2,idx=18,level=1,event=pop,actor_core=0,depths=276|83
WQSNAP,bench=bfs_work_stealing_l1sp_cache,cores=2,idx=19,level=1,event=pop,actor_core=0,depths=212|83
WQSNAP,bench=bfs_work_stealing_l1sp_cache,cores=2,idx=20,level=1,event=pop,actor_core=1,depths=84|83
WQSNAP,bench=bfs_work_stealing_l1sp_cache,cores=2,idx=21,level=1,event=pop,actor_core=0,depths=84|19
WQSNAP,bench=bfs_work_stealing_l1sp_cache,cores=2,idx=22,level=1,event=pop,actor_core=1,depths=20|19
WQSNAP,bench=bfs_work_stealing_l1sp_cache,cores=2,idx=23,level=1,event=pop,actor_core=0,depths=0|0
WQSNAP,bench=bfs_work_stealing_l1sp_cache,cores=2,idx=24,level=1,event=pop,actor_core=0,depths=0|0
WQSNAP,bench=bfs_work_stealing_l1sp_cache,cores=2,idx=25,level=1,event=pop,actor_core=1,depths=0|0
WQSNAP,bench=bfs_work_stealing_l1sp_cache,cores=2,idx=26,level=1,event=pop,actor_core=0,depths=0|0
WQSNAP,bench=bfs_work_stealing_l1sp_cache,cores=2,idx=27,level=1,event=steal,actor_core=1,depths=0|0
WQSNAP,bench=bfs_work_stealing_l1sp_cache,cores=2,idx=28,level=1,event=pop,actor_core=0,depths=0|0
WQSNAP,bench=bfs_work_stealing_l1sp_cache,cores=2,idx=29,level=1,event=pop,actor_core=0,depths=0|0
WQSNAP,bench=bfs_work_stealing_l1sp_cache,cores=2,idx=30,level=1,event=pop,actor_core=0,depths=0|0
WQSNAP,bench=bfs_work_stealing_l1sp_cache,cores=2,idx=31,level=1,event=pop,actor_core=1,depths=0|0
WQSNAP,bench=bfs_work_stealing_l1sp_cache,cores=2,idx=32,level=1,event=pop,actor_core=1,depths=0|0
WQSNAP,bench=bfs_work_stealing_l1sp_cache,cores=2,idx=33,level=2,event=pop,actor_core=1,depths=16538|15578
WQSNAP,bench=bfs_work_stealing_l1sp_cache,cores=2,idx=34,level=2,event=pop,actor_core=1,depths=15962|14874
WQSNAP,bench=bfs_work_stealing_l1sp_cache,cores=2,idx=35,level=2,event=pop,actor_core=1,depths=15834|14810
WQSNAP,bench=bfs_work_stealing_l1sp_cache,cores=2,idx=36,level=2,event=pop,actor_core=1,depths=15578|14490
WQSNAP,bench=bfs_work_stealing_l1sp_cache,cores=2,idx=37,level=2,event=pop,actor_core=1,depths=15578|14362
WQSNAP,bench=bfs_work_stealing_l1sp_cache,cores=2,idx=38,level=2,event=pop,actor_core=1,depths=15514|14298
WQSNAP,bench=bfs_work_stealing_l1sp_cache,cores=2,idx=39,level=2,event=pop,actor_core=1,depths=15514|13978
WQSNAP,bench=bfs_work_stealing_l1sp_cache,cores=2,idx=40,level=2,event=pop,actor_core=1,depths=15322|13786
WQSNAP,bench=bfs_work_stealing_l1sp_cache,cores=2,idx=41,level=2,event=pop,actor_core=1,depths=15322|13594
WQSNAP,bench=bfs_work_stealing_l1sp_cache,cores=2,idx=42,level=2,event=pop,actor_core=1,depths=15258|13530
WQSNAP,bench=bfs_work_stealing_l1sp_cache,cores=2,idx=43,level=2,event=pop,actor_core=1,depths=15066|13274
WQSNAP,bench=bfs_work_stealing_l1sp_cache,cores=2,idx=44,level=2,event=pop,actor_core=1,depths=14938|13210
WQSNAP,bench=bfs_work_stealing_l1sp_cache,cores=2,idx=45,level=2,event=pop,actor_core=1,depths=14746|13018
WQSNAP,bench=bfs_work_stealing_l1sp_cache,cores=2,idx=46,level=2,event=pop,actor_core=1,depths=14426|12570
WQSNAP,bench=bfs_work_stealing_l1sp_cache,cores=2,idx=47,level=2,event=pop,actor_core=1,depths=14170|11930
WQSNAP,bench=bfs_work_stealing_l1sp_cache,cores=2,idx=48,level=2,event=pop,actor_core=1,depths=14042|11738
WQSNAP,bench=bfs_work_stealing_l1sp_cache,cores=2,idx=49,level=2,event=pop,actor_core=1,depths=13722|11418
WQSNAP,bench=bfs_work_stealing_l1sp_cache,cores=2,idx=50,level=2,event=pop,actor_core=0,depths=13658|11354
WQSNAP,bench=bfs_work_stealing_l1sp_cache,cores=2,idx=51,level=2,event=pop,actor_core=1,depths=13530|11098
WQSNAP,bench=bfs_work_stealing_l1sp_cache,cores=2,idx=52,level=2,event=pop,actor_core=1,depths=13466|11034
WQSNAP,bench=bfs_work_stealing_l1sp_cache,cores=2,idx=53,level=2,event=pop,actor_core=0,depths=13466|11034
WQSNAP,bench=bfs_work_stealing_l1sp_cache,cores=2,idx=54,level=2,event=pop,actor_core=1,depths=13402|10842
WQSNAP,bench=bfs_work_stealing_l1sp_cache,cores=2,idx=55,level=2,event=pop,actor_core=0,depths=13402|10842
WQSNAP,bench=bfs_work_stealing_l1sp_cache,cores=2,idx=56,level=2,event=pop,actor_core=0,depths=13338|10778
WQSNAP,bench=bfs_work_stealing_l1sp_cache,cores=2,idx=57,level=2,event=pop,actor_core=0,depths=13274|10714
WQSNAP,bench=bfs_work_stealing_l1sp_cache,cores=2,idx=58,level=2,event=pop,actor_core=0,depths=13210|10522
WQSNAP,bench=bfs_work_stealing_l1sp_cache,cores=2,idx=59,level=2,event=pop,actor_core=1,depths=13146|10458
WQSNAP,bench=bfs_work_stealing_l1sp_cache,cores=2,idx=60,level=2,event=pop,actor_core=0,depths=13146|10458
WQSNAP,bench=bfs_work_stealing_l1sp_cache,cores=2,idx=61,level=2,event=pop,actor_core=0,depths=13082|10394
WQSNAP,bench=bfs_work_stealing_l1sp_cache,cores=2,idx=62,level=2,event=pop,actor_core=0,depths=13082|10394
WQSNAP,bench=bfs_work_stealing_l1sp_cache,cores=2,idx=63,level=2,event=pop,actor_core=1,depths=13018|10330
WQSNAP,bench=bfs_work_stealing_l1sp_cache,cores=2,idx=64,level=2,event=pop,actor_core=0,depths=12954|10266
WQSNAP,bench=bfs_work_stealing_l1sp_cache,cores=2,idx=65,level=2,event=pop,actor_core=0,depths=12954|10266
WQSNAP,bench=bfs_work_stealing_l1sp_cache,cores=2,idx=66,level=2,event=pop,actor_core=0,depths=12890|10202
WQSNAP,bench=bfs_work_stealing_l1sp_cache,cores=2,idx=67,level=2,event=pop,actor_core=0,depths=12762|10138
WQSNAP,bench=bfs_work_stealing_l1sp_cache,cores=2,idx=68,level=2,event=pop,actor_core=0,depths=12762|10138
WQSNAP,bench=bfs_work_stealing_l1sp_cache,cores=2,idx=69,level=2,event=pop,actor_core=0,depths=12698|10074
WQSNAP,bench=bfs_work_stealing_l1sp_cache,cores=2,idx=70,level=2,event=pop,actor_core=1,depths=12698|10010
WQSNAP,bench=bfs_work_stealing_l1sp_cache,cores=2,idx=71,level=2,event=pop,actor_core=0,depths=12634|10010
WQSNAP,bench=bfs_work_stealing_l1sp_cache,cores=2,idx=72,level=2,event=pop,actor_core=1,depths=12442|9754
WQSNAP,bench=bfs_work_stealing_l1sp_cache,cores=2,idx=73,level=2,event=pop,actor_core=1,depths=12314|9562
WQSNAP,bench=bfs_work_stealing_l1sp_cache,cores=2,idx=74,level=2,event=pop,actor_core=1,depths=12250|9498
WQSNAP,bench=bfs_work_stealing_l1sp_cache,cores=2,idx=75,level=2,event=pop,actor_core=1,depths=12122|9178
WQSNAP,bench=bfs_work_stealing_l1sp_cache,cores=2,idx=76,level=2,event=pop,actor_core=1,depths=11674|8666
WQSNAP,bench=bfs_work_stealing_l1sp_cache,cores=2,idx=77,level=2,event=pop,actor_core=1,depths=11354|8346
WQSNAP,bench=bfs_work_stealing_l1sp_cache,cores=2,idx=78,level=2,event=pop,actor_core=1,depths=11098|8090
WQSNAP,bench=bfs_work_stealing_l1sp_cache,cores=2,idx=79,level=2,event=pop,actor_core=1,depths=11098|7962
WQSNAP,bench=bfs_work_stealing_l1sp_cache,cores=2,idx=80,level=2,event=pop,actor_core=1,depths=10778|7642
WQSNAP,bench=bfs_work_stealing_l1sp_cache,cores=2,idx=81,level=2,event=pop,actor_core=1,depths=10714|7578
WQSNAP,bench=bfs_work_stealing_l1sp_cache,cores=2,idx=82,level=2,event=pop,actor_core=1,depths=10586|7450
WQSNAP,bench=bfs_work_stealing_l1sp_cache,cores=2,idx=83,level=2,event=pop,actor_core=1,depths=10522|7322
WQSNAP,bench=bfs_work_stealing_l1sp_cache,cores=2,idx=84,level=2,event=pop,actor_core=1,depths=10202|7066
WQSNAP,bench=bfs_work_stealing_l1sp_cache,cores=2,idx=85,level=2,event=pop,actor_core=1,depths=9754|6618
WQSNAP,bench=bfs_work_stealing_l1sp_cache,cores=2,idx=86,level=2,event=pop,actor_core=1,depths=9690|6554
WQSNAP,bench=bfs_work_stealing_l1sp_cache,cores=2,idx=87,level=2,event=pop,actor_core=0,depths=9626|6426
WQSNAP,bench=bfs_work_stealing_l1sp_cache,cores=2,idx=88,level=2,event=pop,actor_core=0,depths=9562|6362
WQSNAP,bench=bfs_work_stealing_l1sp_cache,cores=2,idx=89,level=2,event=pop,actor_core=0,depths=9434|6298
WQSNAP,bench=bfs_work_stealing_l1sp_cache,cores=2,idx=90,level=2,event=pop,actor_core=0,depths=9370|6234
WQSNAP,bench=bfs_work_stealing_l1sp_cache,cores=2,idx=91,level=2,event=pop,actor_core=1,depths=9370|6170
WQSNAP,bench=bfs_work_stealing_l1sp_cache,cores=2,idx=92,level=2,event=pop,actor_core=0,depths=9306|6170
WQSNAP,bench=bfs_work_stealing_l1sp_cache,cores=2,idx=93,level=2,event=pop,actor_core=0,depths=9306|6106
WQSNAP,bench=bfs_work_stealing_l1sp_cache,cores=2,idx=94,level=2,event=pop,actor_core=0,depths=9178|5978
WQSNAP,bench=bfs_work_stealing_l1sp_cache,cores=2,idx=95,level=2,event=pop,actor_core=1,depths=9114|5914
WQSNAP,bench=bfs_work_stealing_l1sp_cache,cores=2,idx=96,level=2,event=pop,actor_core=0,depths=9114|5914
WQSNAP,bench=bfs_work_stealing_l1sp_cache,cores=2,idx=97,level=2,event=pop,actor_core=0,depths=9114|5914
WQSNAP,bench=bfs_work_stealing_l1sp_cache,cores=2,idx=98,level=2,event=pop,actor_core=0,depths=9050|5914
WQSNAP,bench=bfs_work_stealing_l1sp_cache,cores=2,idx=99,level=2,event=pop,actor_core=1,depths=8986|5786
WQSNAP,bench=bfs_work_stealing_l1sp_cache,cores=2,idx=100,level=2,event=pop,actor_core=0,depths=8922|5786
WQSNAP,bench=bfs_work_stealing_l1sp_cache,cores=2,idx=101,level=2,event=pop,actor_core=0,depths=8922|5722
WQSNAP,bench=bfs_work_stealing_l1sp_cache,cores=2,idx=102,level=2,event=pop,actor_core=0,depths=8858|5722
WQSNAP,bench=bfs_work_stealing_l1sp_cache,cores=2,idx=103,level=2,event=pop,actor_core=0,depths=8666|5466
WQSNAP,bench=bfs_work_stealing_l1sp_cache,cores=2,idx=104,level=2,event=pop,actor_core=1,depths=8538|5338
WQSNAP,bench=bfs_work_stealing_l1sp_cache,cores=2,idx=105,level=2,event=pop,actor_core=0,depths=8538|5338
WQSNAP,bench=bfs_work_stealing_l1sp_cache,cores=2,idx=106,level=2,event=pop,actor_core=0,depths=8474|5274
WQSNAP,bench=bfs_work_stealing_l1sp_cache,cores=2,idx=107,level=2,event=pop,actor_core=1,depths=8346|5210
WQSNAP,bench=bfs_work_stealing_l1sp_cache,cores=2,idx=108,level=2,event=pop,actor_core=1,depths=8154|5018
WQSNAP,bench=bfs_work_stealing_l1sp_cache,cores=2,idx=109,level=2,event=pop,actor_core=1,depths=7898|4698
WQSNAP,bench=bfs_work_stealing_l1sp_cache,cores=2,idx=110,level=2,event=pop,actor_core=1,depths=7386|4250
WQSNAP,bench=bfs_work_stealing_l1sp_cache,cores=2,idx=111,level=2,event=pop,actor_core=1,depths=7130|3994
WQSNAP,bench=bfs_work_stealing_l1sp_cache,cores=2,idx=112,level=2,event=pop,actor_core=1,depths=6938|3738
WQSNAP,bench=bfs_work_stealing_l1sp_cache,cores=2,idx=113,level=2,event=pop,actor_core=0,depths=6618|3418
WQSNAP,bench=bfs_work_stealing_l1sp_cache,cores=2,idx=114,level=2,event=pop,actor_core=1,depths=6490|3290
WQSNAP,bench=bfs_work_stealing_l1sp_cache,cores=2,idx=115,level=2,event=pop,actor_core=1,depths=6426|3226
WQSNAP,bench=bfs_work_stealing_l1sp_cache,cores=2,idx=116,level=2,event=pop,actor_core=1,depths=6170|2970
WQSNAP,bench=bfs_work_stealing_l1sp_cache,cores=2,idx=117,level=2,event=pop,actor_core=1,depths=6042|2842
WQSNAP,bench=bfs_work_stealing_l1sp_cache,cores=2,idx=118,level=2,event=pop,actor_core=0,depths=6042|2842
WQSNAP,bench=bfs_work_stealing_l1sp_cache,cores=2,idx=119,level=2,event=pop,actor_core=0,depths=5978|2778
WQSNAP,bench=bfs_work_stealing_l1sp_cache,cores=2,idx=120,level=2,event=pop,actor_core=0,depths=5914|2714
WQSNAP,bench=bfs_work_stealing_l1sp_cache,cores=2,idx=121,level=2,event=pop,actor_core=0,depths=5722|2522
WQSNAP,bench=bfs_work_stealing_l1sp_cache,cores=2,idx=122,level=2,event=pop,actor_core=0,depths=5594|2394
WQSNAP,bench=bfs_work_stealing_l1sp_cache,cores=2,idx=123,level=2,event=pop,actor_core=0,depths=5466|2266
WQSNAP,bench=bfs_work_stealing_l1sp_cache,cores=2,idx=124,level=2,event=pop,actor_core=1,depths=5210|2010
WQSNAP,bench=bfs_work_stealing_l1sp_cache,cores=2,idx=125,level=2,event=pop,actor_core=0,depths=5146|1946
WQSNAP,bench=bfs_work_stealing_l1sp_cache,cores=2,idx=126,level=2,event=pop,actor_core=0,depths=4954|1754
WQSNAP,bench=bfs_work_stealing_l1sp_cache,cores=2,idx=127,level=2,event=pop,actor_core=1,depths=4762|1562
WQSNAP,bench=bfs_work_stealing_l1sp_cache,cores=2,idx=128,level=2,event=pop,actor_core=0,depths=4698|1498
WQSNAP,bench=bfs_work_stealing_l1sp_cache,cores=2,idx=129,level=2,event=pop,actor_core=1,depths=4570|1370
WQSNAP,bench=bfs_work_stealing_l1sp_cache,cores=2,idx=130,level=2,event=pop,actor_core=0,depths=4570|1370
WQSNAP,bench=bfs_work_stealing_l1sp_cache,cores=2,idx=131,level=2,event=pop,actor_core=1,depths=4506|1306
WQSNAP,bench=bfs_work_stealing_l1sp_cache,cores=2,idx=132,level=2,event=pop,actor_core=0,depths=4378|1178
WQSNAP,bench=bfs_work_stealing_l1sp_cache,cores=2,idx=133,level=2,event=pop,actor_core=1,depths=4250|1050
WQSNAP,bench=bfs_work_stealing_l1sp_cache,cores=2,idx=134,level=2,event=pop,actor_core=0,depths=4186|986
WQSNAP,bench=bfs_work_stealing_l1sp_cache,cores=2,idx=135,level=2,event=pop,actor_core=1,depths=4186|986
WQSNAP,bench=bfs_work_stealing_l1sp_cache,cores=2,idx=136,level=2,event=pop,actor_core=0,depths=3994|794
WQSNAP,bench=bfs_work_stealing_l1sp_cache,cores=2,idx=137,level=2,event=pop,actor_core=0,depths=3866|666
WQSNAP,bench=bfs_work_stealing_l1sp_cache,cores=2,idx=138,level=2,event=pop,actor_core=0,depths=3802|602
WQSNAP,bench=bfs_work_stealing_l1sp_cache,cores=2,idx=139,level=2,event=pop,actor_core=1,depths=3738|538
WQSNAP,bench=bfs_work_stealing_l1sp_cache,cores=2,idx=140,level=2,event=pop,actor_core=1,depths=3674|474
WQSNAP,bench=bfs_work_stealing_l1sp_cache,cores=2,idx=141,level=2,event=pop,actor_core=1,depths=3610|410
WQSNAP,bench=bfs_work_stealing_l1sp_cache,cores=2,idx=142,level=2,event=pop,actor_core=0,depths=3290|90
WQSNAP,bench=bfs_work_stealing_l1sp_cache,cores=2,idx=143,level=2,event=pop,actor_core=1,depths=3098|0
WQSNAP,bench=bfs_work_stealing_l1sp_cache,cores=2,idx=144,level=2,event=pop,actor_core=1,depths=2970|0
WQSNAP,bench=bfs_work_stealing_l1sp_cache,cores=2,idx=145,level=2,event=pop,actor_core=0,depths=2778|0
WQSNAP,bench=bfs_work_stealing_l1sp_cache,cores=2,idx=146,level=2,event=pop,actor_core=0,depths=2714|0
WQSNAP,bench=bfs_work_stealing_l1sp_cache,cores=2,idx=147,level=2,event=steal,actor_core=1,depths=2714|0
WQSNAP,bench=bfs_work_stealing_l1sp_cache,cores=2,idx=148,level=2,event=pop,actor_core=0,depths=2266|0
WQSNAP,bench=bfs_work_stealing_l1sp_cache,cores=2,idx=149,level=2,event=pop,actor_core=0,depths=2074|0
WQSNAP,bench=bfs_work_stealing_l1sp_cache,cores=2,idx=150,level=2,event=pop,actor_core=0,depths=1882|0
WQSNAP,bench=bfs_work_stealing_l1sp_cache,cores=2,idx=151,level=2,event=pop,actor_core=0,depths=1818|0
WQSNAP,bench=bfs_work_stealing_l1sp_cache,cores=2,idx=152,level=2,event=pop,actor_core=0,depths=1626|0
WQSNAP,bench=bfs_work_stealing_l1sp_cache,cores=2,idx=153,level=2,event=steal,actor_core=1,depths=1498|0
WQSNAP,bench=bfs_work_stealing_l1sp_cache,cores=2,idx=154,level=2,event=pop,actor_core=0,depths=794|0
WQSNAP,bench=bfs_work_stealing_l1sp_cache,cores=2,idx=155,level=2,event=pop,actor_core=0,depths=154|0
WQSNAP,bench=bfs_work_stealing_l1sp_cache,cores=2,idx=156,level=2,event=pop,actor_core=0,depths=0|0
WQSNAP,bench=bfs_work_stealing_l1sp_cache,cores=2,idx=157,level=2,event=pop,actor_core=0,depths=0|0
WQSNAP,bench=bfs_work_stealing_l1sp_cache,cores=2,idx=158,level=2,event=pop,actor_core=0,depths=0|0
WQSNAP,bench=bfs_work_stealing_l1sp_cache,cores=2,idx=159,level=2,event=steal,actor_core=1,depths=0|0
WQSNAP,bench=bfs_work_stealing_l1sp_cache,cores=2,idx=160,level=3,event=steal,actor_core=1,depths=0|0
WQSNAP_DUMP_END,bench=bfs_work_stealing_l1sp_cache
L1SPSNAP_DUMP_BEGIN,bench=bfs_work_stealing_l1sp_cache,cores=2,harts_per_core=16,harts=32,snaps=161
L1SPSNAP_CORE,bench=bfs_work_stealing_l1sp_cache,idx=0,level=1,core=0,bytes=0
L1SPSNAP_CORE,bench=bfs_work_stealing_l1sp_cache,idx=0,level=1,core=1,bytes=0
L1SPSNAP_CORE,bench=bfs_work_stealing_l1sp_cache,idx=1,level=1,core=0,bytes=16384
L1SPSNAP_CORE,bench=bfs_work_stealing_l1sp_cache,idx=1,level=1,core=1,bytes=0
L1SPSNAP_HART,bench=bfs_work_stealing_l1sp_cache,idx=1,level=1,core=0,thread=7,hart=7,bytes=16384
L1SPSNAP_CORE,bench=bfs_work_stealing_l1sp_cache,idx=2,level=1,core=0,bytes=0
L1SPSNAP_CORE,bench=bfs_work_stealing_l1sp_cache,idx=2,level=1,core=1,bytes=0
L1SPSNAP_CORE,bench=bfs_work_stealing_l1sp_cache,idx=3,level=1,core=0,bytes=0
L1SPSNAP_CORE,bench=bfs_work_stealing_l1sp_cache,idx=3,level=1,core=1,bytes=0
L1SPSNAP_CORE,bench=bfs_work_stealing_l1sp_cache,idx=4,level=1,core=0,bytes=0
L1SPSNAP_CORE,bench=bfs_work_stealing_l1sp_cache,idx=4,level=1,core=1,bytes=16384
L1SPSNAP_HART,bench=bfs_work_stealing_l1sp_cache,idx=4,level=1,core=1,thread=0,hart=16,bytes=16384
L1SPSNAP_CORE,bench=bfs_work_stealing_l1sp_cache,idx=5,level=1,core=0,bytes=16384
L1SPSNAP_CORE,bench=bfs_work_stealing_l1sp_cache,idx=5,level=1,core=1,bytes=0
L1SPSNAP_HART,bench=bfs_work_stealing_l1sp_cache,idx=5,level=1,core=0,thread=0,hart=0,bytes=16384
L1SPSNAP_CORE,bench=bfs_work_stealing_l1sp_cache,idx=6,level=1,core=0,bytes=0
L1SPSNAP_CORE,bench=bfs_work_stealing_l1sp_cache,idx=6,level=1,core=1,bytes=0
L1SPSNAP_CORE,bench=bfs_work_stealing_l1sp_cache,idx=7,level=1,core=0,bytes=0
L1SPSNAP_CORE,bench=bfs_work_stealing_l1sp_cache,idx=7,level=1,core=1,bytes=16384
L1SPSNAP_HART,bench=bfs_work_stealing_l1sp_cache,idx=7,level=1,core=1,thread=4,hart=20,bytes=16384
L1SPSNAP_CORE,bench=bfs_work_stealing_l1sp_cache,idx=8,level=1,core=0,bytes=0
L1SPSNAP_CORE,bench=bfs_work_stealing_l1sp_cache,idx=8,level=1,core=1,bytes=0
L1SPSNAP_CORE,bench=bfs_work_stealing_l1sp_cache,idx=9,level=1,core=0,bytes=0
L1SPSNAP_CORE,bench=bfs_work_stealing_l1sp_cache,idx=9,level=1,core=1,bytes=0
L1SPSNAP_CORE,bench=bfs_work_stealing_l1sp_cache,idx=10,level=1,core=0,bytes=0
L1SPSNAP_CORE,bench=bfs_work_stealing_l1sp_cache,idx=10,level=1,core=1,bytes=0
L1SPSNAP_CORE,bench=bfs_work_stealing_l1sp_cache,idx=11,level=1,core=0,bytes=16384
L1SPSNAP_CORE,bench=bfs_work_stealing_l1sp_cache,idx=11,level=1,core=1,bytes=0
L1SPSNAP_HART,bench=bfs_work_stealing_l1sp_cache,idx=11,level=1,core=0,thread=4,hart=4,bytes=16384
L1SPSNAP_CORE,bench=bfs_work_stealing_l1sp_cache,idx=12,level=1,core=0,bytes=0
L1SPSNAP_CORE,bench=bfs_work_stealing_l1sp_cache,idx=12,level=1,core=1,bytes=16384
L1SPSNAP_HART,bench=bfs_work_stealing_l1sp_cache,idx=12,level=1,core=1,thread=5,hart=21,bytes=16384
L1SPSNAP_CORE,bench=bfs_work_stealing_l1sp_cache,idx=13,level=1,core=0,bytes=0
L1SPSNAP_CORE,bench=bfs_work_stealing_l1sp_cache,idx=13,level=1,core=1,bytes=16384
L1SPSNAP_HART,bench=bfs_work_stealing_l1sp_cache,idx=13,level=1,core=1,thread=6,hart=22,bytes=16384
L1SPSNAP_CORE,bench=bfs_work_stealing_l1sp_cache,idx=14,level=1,core=0,bytes=0
L1SPSNAP_CORE,bench=bfs_work_stealing_l1sp_cache,idx=14,level=1,core=1,bytes=16384
L1SPSNAP_HART,bench=bfs_work_stealing_l1sp_cache,idx=14,level=1,core=1,thread=2,hart=18,bytes=16384
L1SPSNAP_CORE,bench=bfs_work_stealing_l1sp_cache,idx=15,level=1,core=0,bytes=16384
L1SPSNAP_CORE,bench=bfs_work_stealing_l1sp_cache,idx=15,level=1,core=1,bytes=0
L1SPSNAP_HART,bench=bfs_work_stealing_l1sp_cache,idx=15,level=1,core=0,thread=2,hart=2,bytes=16384
L1SPSNAP_CORE,bench=bfs_work_stealing_l1sp_cache,idx=16,level=1,core=0,bytes=0
L1SPSNAP_CORE,bench=bfs_work_stealing_l1sp_cache,idx=16,level=1,core=1,bytes=16384
L1SPSNAP_HART,bench=bfs_work_stealing_l1sp_cache,idx=16,level=1,core=1,thread=3,hart=19,bytes=16384
L1SPSNAP_CORE,bench=bfs_work_stealing_l1sp_cache,idx=17,level=1,core=0,bytes=0
L1SPSNAP_CORE,bench=bfs_work_stealing_l1sp_cache,idx=17,level=1,core=1,bytes=16384
L1SPSNAP_HART,bench=bfs_work_stealing_l1sp_cache,idx=17,level=1,core=1,thread=1,hart=17,bytes=16384
L1SPSNAP_CORE,bench=bfs_work_stealing_l1sp_cache,idx=18,level=1,core=0,bytes=0
L1SPSNAP_CORE,bench=bfs_work_stealing_l1sp_cache,idx=18,level=1,core=1,bytes=0
L1SPSNAP_CORE,bench=bfs_work_stealing_l1sp_cache,idx=19,level=1,core=0,bytes=0
L1SPSNAP_CORE,bench=bfs_work_stealing_l1sp_cache,idx=19,level=1,core=1,bytes=0
L1SPSNAP_CORE,bench=bfs_work_stealing_l1sp_cache,idx=20,level=1,core=0,bytes=0
L1SPSNAP_CORE,bench=bfs_work_stealing_l1sp_cache,idx=20,level=1,core=1,bytes=0
L1SPSNAP_CORE,bench=bfs_work_stealing_l1sp_cache,idx=21,level=1,core=0,bytes=0
L1SPSNAP_CORE,bench=bfs_work_stealing_l1sp_cache,idx=21,level=1,core=1,bytes=0
L1SPSNAP_CORE,bench=bfs_work_stealing_l1sp_cache,idx=22,level=1,core=0,bytes=0
L1SPSNAP_CORE,bench=bfs_work_stealing_l1sp_cache,idx=22,level=1,core=1,bytes=0
L1SPSNAP_CORE,bench=bfs_work_stealing_l1sp_cache,idx=23,level=1,core=0,bytes=0
L1SPSNAP_CORE,bench=bfs_work_stealing_l1sp_cache,idx=23,level=1,core=1,bytes=0
L1SPSNAP_CORE,bench=bfs_work_stealing_l1sp_cache,idx=24,level=1,core=0,bytes=16384
L1SPSNAP_CORE,bench=bfs_work_stealing_l1sp_cache,idx=24,level=1,core=1,bytes=0
L1SPSNAP_HART,bench=bfs_work_stealing_l1sp_cache,idx=24,level=1,core=0,thread=1,hart=1,bytes=16384
L1SPSNAP_CORE,bench=bfs_work_stealing_l1sp_cache,idx=25,level=1,core=0,bytes=0
L1SPSNAP_CORE,bench=bfs_work_stealing_l1sp_cache,idx=25,level=1,core=1,bytes=16384
L1SPSNAP_HART,bench=bfs_work_stealing_l1sp_cache,idx=25,level=1,core=1,thread=7,hart=23,bytes=16384
L1SPSNAP_CORE,bench=bfs_work_stealing_l1sp_cache,idx=26,level=1,core=0,bytes=16384
L1SPSNAP_CORE,bench=bfs_work_stealing_l1sp_cache,idx=26,level=1,core=1,bytes=0
L1SPSNAP_HART,bench=bfs_work_stealing_l1sp_cache,idx=26,level=1,core=0,thread=6,hart=6,bytes=16384
L1SPSNAP_CORE,bench=bfs_work_stealing_l1sp_cache,idx=27,level=1,core=0,bytes=0
L1SPSNAP_CORE,bench=bfs_work_stealing_l1sp_cache,idx=27,level=1,core=1,bytes=0
L1SPSNAP_CORE,bench=bfs_work_stealing_l1sp_cache,idx=28,level=1,core=0,bytes=16384
L1SPSNAP_CORE,bench=bfs_work_stealing_l1sp_cache,idx=28,level=1,core=1,bytes=0
L1SPSNAP_HART,bench=bfs_work_stealing_l1sp_cache,idx=28,level=1,core=0,thread=5,hart=5,bytes=16384
L1SPSNAP_CORE,bench=bfs_work_stealing_l1sp_cache,idx=29,level=1,core=0,bytes=16384
L1SPSNAP_CORE,bench=bfs_work_stealing_l1sp_cache,idx=29,level=1,core=1,bytes=0
L1SPSNAP_HART,bench=bfs_work_stealing_l1sp_cache,idx=29,level=1,core=0,thread=3,hart=3,bytes=16384
L1SPSNAP_CORE,bench=bfs_work_stealing_l1sp_cache,idx=30,level=1,core=0,bytes=0
L1SPSNAP_CORE,bench=bfs_work_stealing_l1sp_cache,idx=30,level=1,core=1,bytes=0
L1SPSNAP_CORE,bench=bfs_work_stealing_l1sp_cache,idx=31,level=1,core=0,bytes=0
L1SPSNAP_CORE,bench=bfs_work_stealing_l1sp_cache,idx=31,level=1,core=1,bytes=0
L1SPSNAP_CORE,bench=bfs_work_stealing_l1sp_cache,idx=32,level=1,core=0,bytes=0
L1SPSNAP_CORE,bench=bfs_work_stealing_l1sp_cache,idx=32,level=1,core=1,bytes=0
L1SPSNAP_CORE,bench=bfs_work_stealing_l1sp_cache,idx=33,level=2,core=0,bytes=0
L1SPSNAP_CORE,bench=bfs_work_stealing_l1sp_cache,idx=33,level=2,core=1,bytes=16384
L1SPSNAP_HART,bench=bfs_work_stealing_l1sp_cache,idx=33,level=2,core=1,thread=4,hart=20,bytes=16384
L1SPSNAP_CORE,bench=bfs_work_stealing_l1sp_cache,idx=34,level=2,core=0,bytes=0
L1SPSNAP_CORE,bench=bfs_work_stealing_l1sp_cache,idx=34,level=2,core=1,bytes=0
L1SPSNAP_CORE,bench=bfs_work_stealing_l1sp_cache,idx=35,level=2,core=0,bytes=0
L1SPSNAP_CORE,bench=bfs_work_stealing_l1sp_cache,idx=35,level=2,core=1,bytes=16384
L1SPSNAP_HART,bench=bfs_work_stealing_l1sp_cache,idx=35,level=2,core=1,thread=1,hart=17,bytes=16384
L1SPSNAP_CORE,bench=bfs_work_stealing_l1sp_cache,idx=36,level=2,core=0,bytes=0
L1SPSNAP_CORE,bench=bfs_work_stealing_l1sp_cache,idx=36,level=2,core=1,bytes=0
L1SPSNAP_CORE,bench=bfs_work_stealing_l1sp_cache,idx=37,level=2,core=0,bytes=0
L1SPSNAP_CORE,bench=bfs_work_stealing_l1sp_cache,idx=37,level=2,core=1,bytes=0
L1SPSNAP_CORE,bench=bfs_work_stealing_l1sp_cache,idx=38,level=2,core=0,bytes=0
L1SPSNAP_CORE,bench=bfs_work_stealing_l1sp_cache,idx=38,level=2,core=1,bytes=16384
L1SPSNAP_HART,bench=bfs_work_stealing_l1sp_cache,idx=38,level=2,core=1,thread=6,hart=22,bytes=16384
L1SPSNAP_CORE,bench=bfs_work_stealing_l1sp_cache,idx=39,level=2,core=0,bytes=0
L1SPSNAP_CORE,bench=bfs_work_stealing_l1sp_cache,idx=39,level=2,core=1,bytes=0
L1SPSNAP_CORE,bench=bfs_work_stealing_l1sp_cache,idx=40,level=2,core=0,bytes=0
L1SPSNAP_CORE,bench=bfs_work_stealing_l1sp_cache,idx=40,level=2,core=1,bytes=16384
L1SPSNAP_HART,bench=bfs_work_stealing_l1sp_cache,idx=40,level=2,core=1,thread=7,hart=23,bytes=16384
L1SPSNAP_CORE,bench=bfs_work_stealing_l1sp_cache,idx=41,level=2,core=0,bytes=0
L1SPSNAP_CORE,bench=bfs_work_stealing_l1sp_cache,idx=41,level=2,core=1,bytes=0
L1SPSNAP_CORE,bench=bfs_work_stealing_l1sp_cache,idx=42,level=2,core=0,bytes=0
L1SPSNAP_CORE,bench=bfs_work_stealing_l1sp_cache,idx=42,level=2,core=1,bytes=16384
L1SPSNAP_HART,bench=bfs_work_stealing_l1sp_cache,idx=42,level=2,core=1,thread=0,hart=16,bytes=16384
L1SPSNAP_CORE,bench=bfs_work_stealing_l1sp_cache,idx=43,level=2,core=0,bytes=0
L1SPSNAP_CORE,bench=bfs_work_stealing_l1sp_cache,idx=43,level=2,core=1,bytes=16384
L1SPSNAP_HART,bench=bfs_work_stealing_l1sp_cache,idx=43,level=2,core=1,thread=3,hart=19,bytes=16384
L1SPSNAP_CORE,bench=bfs_work_stealing_l1sp_cache,idx=44,level=2,core=0,bytes=0
L1SPSNAP_CORE,bench=bfs_work_stealing_l1sp_cache,idx=44,level=2,core=1,bytes=0
L1SPSNAP_CORE,bench=bfs_work_stealing_l1sp_cache,idx=45,level=2,core=0,bytes=0
L1SPSNAP_CORE,bench=bfs_work_stealing_l1sp_cache,idx=45,level=2,core=1,bytes=16384
L1SPSNAP_HART,bench=bfs_work_stealing_l1sp_cache,idx=45,level=2,core=1,thread=2,hart=18,bytes=16384
L1SPSNAP_CORE,bench=bfs_work_stealing_l1sp_cache,idx=46,level=2,core=0,bytes=0
L1SPSNAP_CORE,bench=bfs_work_stealing_l1sp_cache,idx=46,level=2,core=1,bytes=0
L1SPSNAP_CORE,bench=bfs_work_stealing_l1sp_cache,idx=47,level=2,core=0,bytes=0
L1SPSNAP_CORE,bench=bfs_work_stealing_l1sp_cache,idx=47,level=2,core=1,bytes=16384
L1SPSNAP_HART,bench=bfs_work_stealing_l1sp_cache,idx=47,level=2,core=1,thread=5,hart=21,bytes=16384
L1SPSNAP_CORE,bench=bfs_work_stealing_l1sp_cache,idx=48,level=2,core=0,bytes=0
L1SPSNAP_CORE,bench=bfs_work_stealing_l1sp_cache,idx=48,level=2,core=1,bytes=16384
L1SPSNAP_HART,bench=bfs_work_stealing_l1sp_cache,idx=48,level=2,core=1,thread=4,hart=20,bytes=16384
L1SPSNAP_CORE,bench=bfs_work_stealing_l1sp_cache,idx=49,level=2,core=0,bytes=0
L1SPSNAP_CORE,bench=bfs_work_stealing_l1sp_cache,idx=49,level=2,core=1,bytes=0
L1SPSNAP_CORE,bench=bfs_work_stealing_l1sp_cache,idx=50,level=2,core=0,bytes=16384
L1SPSNAP_CORE,bench=bfs_work_stealing_l1sp_cache,idx=50,level=2,core=1,bytes=0
L1SPSNAP_HART,bench=bfs_work_stealing_l1sp_cache,idx=50,level=2,core=0,thread=7,hart=7,bytes=16384
L1SPSNAP_CORE,bench=bfs_work_stealing_l1sp_cache,idx=51,level=2,core=0,bytes=0
L1SPSNAP_CORE,bench=bfs_work_stealing_l1sp_cache,idx=51,level=2,core=1,bytes=0
L1SPSNAP_CORE,bench=bfs_work_stealing_l1sp_cache,idx=52,level=2,core=0,bytes=0
L1SPSNAP_CORE,bench=bfs_work_stealing_l1sp_cache,idx=52,level=2,core=1,bytes=16384
L1SPSNAP_HART,bench=bfs_work_stealing_l1sp_cache,idx=52,level=2,core=1,thread=2,hart=18,bytes=16384
L1SPSNAP_CORE,bench=bfs_work_stealing_l1sp_cache,idx=53,level=2,core=0,bytes=16384
L1SPSNAP_CORE,bench=bfs_work_stealing_l1sp_cache,idx=53,level=2,core=1,bytes=0
L1SPSNAP_HART,bench=bfs_work_stealing_l1sp_cache,idx=53,level=2,core=0,thread=3,hart=3,bytes=16384
L1SPSNAP_CORE,bench=bfs_work_stealing_l1sp_cache,idx=54,level=2,core=0,bytes=0
L1SPSNAP_CORE,bench=bfs_work_stealing_l1sp_cache,idx=54,level=2,core=1,bytes=16384
L1SPSNAP_HART,bench=bfs_work_stealing_l1sp_cache,idx=54,level=2,core=1,thread=7,hart=23,bytes=16384
L1SPSNAP_CORE,bench=bfs_work_stealing_l1sp_cache,idx=55,level=2,core=0,bytes=0
L1SPSNAP_CORE,bench=bfs_work_stealing_l1sp_cache,idx=55,level=2,core=1,bytes=0
L1SPSNAP_CORE,bench=bfs_work_stealing_l1sp_cache,idx=56,level=2,core=0,bytes=16384
L1SPSNAP_CORE,bench=bfs_work_stealing_l1sp_cache,idx=56,level=2,core=1,bytes=0
L1SPSNAP_HART,bench=bfs_work_stealing_l1sp_cache,idx=56,level=2,core=0,thread=2,hart=2,bytes=16384
L1SPSNAP_CORE,bench=bfs_work_stealing_l1sp_cache,idx=57,level=2,core=0,bytes=0
L1SPSNAP_CORE,bench=bfs_work_stealing_l1sp_cache,idx=57,level=2,core=1,bytes=0
L1SPSNAP_CORE,bench=bfs_work_stealing_l1sp_cache,idx=58,level=2,core=0,bytes=16384
L1SPSNAP_CORE,bench=bfs_work_stealing_l1sp_cache,idx=58,level=2,core=1,bytes=0
L1SPSNAP_HART,bench=bfs_work_stealing_l1sp_cache,idx=58,level=2,core=0,thread=6,hart=6,bytes=16384
L1SPSNAP_CORE,bench=bfs_work_stealing_l1sp_cache,idx=59,level=2,core=0,bytes=0
L1SPSNAP_CORE,bench=bfs_work_stealing_l1sp_cache,idx=59,level=2,core=1,bytes=16384
L1SPSNAP_HART,bench=bfs_work_stealing_l1sp_cache,idx=59,level=2,core=1,thread=6,hart=22,bytes=16384
L1SPSNAP_CORE,bench=bfs_work_stealing_l1sp_cache,idx=60,level=2,core=0,bytes=16384
L1SPSNAP_CORE,bench=bfs_work_stealing_l1sp_cache,idx=60,level=2,core=1,bytes=0
L1SPSNAP_HART,bench=bfs_work_stealing_l1sp_cache,idx=60,level=2,core=0,thread=1,hart=1,bytes=16384
L1SPSNAP_CORE,bench=bfs_work_stealing_l1sp_cache,idx=61,level=2,core=0,bytes=0
L1SPSNAP_CORE,bench=bfs_work_stealing_l1sp_cache,idx=61,level=2,core=1,bytes=0
L1SPSNAP_CORE,bench=bfs_work_stealing_l1sp_cache,idx=62,level=2,core=0,bytes=0
L1SPSNAP_CORE,bench=bfs_work_stealing_l1sp_cache,idx=62,level=2,core=1,bytes=0
L1SPSNAP_CORE,bench=bfs_work_stealing_l1sp_cache,idx=63,level=2,core=0,bytes=0
L1SPSNAP_CORE,bench=bfs_work_stealing_l1sp_cache,idx=63,level=2,core=1,bytes=0
L1SPSNAP_CORE,bench=bfs_work_stealing_l1sp_cache,idx=64,level=2,core=0,bytes=0
L1SPSNAP_CORE,bench=bfs_work_stealing_l1sp_cache,idx=64,level=2,core=1,bytes=0
L1SPSNAP_CORE,bench=bfs_work_stealing_l1sp_cache,idx=65,level=2,core=0,bytes=16384
L1SPSNAP_CORE,bench=bfs_work_stealing_l1sp_cache,idx=65,level=2,core=1,bytes=0
L1SPSNAP_HART,bench=bfs_work_stealing_l1sp_cache,idx=65,level=2,core=0,thread=5,hart=5,bytes=16384
L1SPSNAP_CORE,bench=bfs_work_stealing_l1sp_cache,idx=66,level=2,core=0,bytes=16384
L1SPSNAP_CORE,bench=bfs_work_stealing_l1sp_cache,idx=66,level=2,core=1,bytes=0
L1SPSNAP_HART,bench=bfs_work_stealing_l1sp_cache,idx=66,level=2,core=0,thread=4,hart=4,bytes=16384
L1SPSNAP_CORE,bench=bfs_work_stealing_l1sp_cache,idx=67,level=2,core=0,bytes=0
L1SPSNAP_CORE,bench=bfs_work_stealing_l1sp_cache,idx=67,level=2,core=1,bytes=0
L1SPSNAP_CORE,bench=bfs_work_stealing_l1sp_cache,idx=68,level=2,core=0,bytes=0
L1SPSNAP_CORE,bench=bfs_work_stealing_l1sp_cache,idx=68,level=2,core=1,bytes=0
L1SPSNAP_CORE,bench=bfs_work_stealing_l1sp_cache,idx=69,level=2,core=0,bytes=0
L1SPSNAP_CORE,bench=bfs_work_stealing_l1sp_cache,idx=69,level=2,core=1,bytes=0
L1SPSNAP_CORE,bench=bfs_work_stealing_l1sp_cache,idx=70,level=2,core=0,bytes=0
L1SPSNAP_CORE,bench=bfs_work_stealing_l1sp_cache,idx=70,level=2,core=1,bytes=0
L1SPSNAP_CORE,bench=bfs_work_stealing_l1sp_cache,idx=71,level=2,core=0,bytes=16384
L1SPSNAP_CORE,bench=bfs_work_stealing_l1sp_cache,idx=71,level=2,core=1,bytes=0
L1SPSNAP_HART,bench=bfs_work_stealing_l1sp_cache,idx=71,level=2,core=0,thread=0,hart=0,bytes=16384
L1SPSNAP_CORE,bench=bfs_work_stealing_l1sp_cache,idx=72,level=2,core=0,bytes=0
L1SPSNAP_CORE,bench=bfs_work_stealing_l1sp_cache,idx=72,level=2,core=1,bytes=16384
L1SPSNAP_HART,bench=bfs_work_stealing_l1sp_cache,idx=72,level=2,core=1,thread=3,hart=19,bytes=16384
L1SPSNAP_CORE,bench=bfs_work_stealing_l1sp_cache,idx=73,level=2,core=0,bytes=0
L1SPSNAP_CORE,bench=bfs_work_stealing_l1sp_cache,idx=73,level=2,core=1,bytes=16384
L1SPSNAP_HART,bench=bfs_work_stealing_l1sp_cache,idx=73,level=2,core=1,thread=0,hart=16,bytes=16384
L1SPSNAP_CORE,bench=bfs_work_stealing_l1sp_cache,idx=74,level=2,core=0,bytes=0
L1SPSNAP_CORE,bench=bfs_work_stealing_l1sp_cache,idx=74,level=2,core=1,bytes=0
L1SPSNAP_CORE,bench=bfs_work_stealing_l1sp_cache,idx=75,level=2,core=0,bytes=0
L1SPSNAP_CORE,bench=bfs_work_stealing_l1sp_cache,idx=75,level=2,core=1,bytes=0
L1SPSNAP_CORE,bench=bfs_work_stealing_l1sp_cache,idx=76,level=2,core=0,bytes=0
L1SPSNAP_CORE,bench=bfs_work_stealing_l1sp_cache,idx=76,level=2,core=1,bytes=16384
L1SPSNAP_HART,bench=bfs_work_stealing_l1sp_cache,idx=76,level=2,core=1,thread=1,hart=17,bytes=16384
L1SPSNAP_CORE,bench=bfs_work_stealing_l1sp_cache,idx=77,level=2,core=0,bytes=0
L1SPSNAP_CORE,bench=bfs_work_stealing_l1sp_cache,idx=77,level=2,core=1,bytes=16384
L1SPSNAP_HART,bench=bfs_work_stealing_l1sp_cache,idx=77,level=2,core=1,thread=3,hart=19,bytes=16384
L1SPSNAP_CORE,bench=bfs_work_stealing_l1sp_cache,idx=78,level=2,core=0,bytes=0
L1SPSNAP_CORE,bench=bfs_work_stealing_l1sp_cache,idx=78,level=2,core=1,bytes=16384
L1SPSNAP_HART,bench=bfs_work_stealing_l1sp_cache,idx=78,level=2,core=1,thread=5,hart=21,bytes=16384
L1SPSNAP_CORE,bench=bfs_work_stealing_l1sp_cache,idx=79,level=2,core=0,bytes=0
L1SPSNAP_CORE,bench=bfs_work_stealing_l1sp_cache,idx=79,level=2,core=1,bytes=0
L1SPSNAP_CORE,bench=bfs_work_stealing_l1sp_cache,idx=80,level=2,core=0,bytes=0
L1SPSNAP_CORE,bench=bfs_work_stealing_l1sp_cache,idx=80,level=2,core=1,bytes=0
L1SPSNAP_CORE,bench=bfs_work_stealing_l1sp_cache,idx=81,level=2,core=0,bytes=0
L1SPSNAP_CORE,bench=bfs_work_stealing_l1sp_cache,idx=81,level=2,core=1,bytes=16384
L1SPSNAP_HART,bench=bfs_work_stealing_l1sp_cache,idx=81,level=2,core=1,thread=6,hart=22,bytes=16384
L1SPSNAP_CORE,bench=bfs_work_stealing_l1sp_cache,idx=82,level=2,core=0,bytes=0
L1SPSNAP_CORE,bench=bfs_work_stealing_l1sp_cache,idx=82,level=2,core=1,bytes=0
L1SPSNAP_CORE,bench=bfs_work_stealing_l1sp_cache,idx=83,level=2,core=0,bytes=0
L1SPSNAP_CORE,bench=bfs_work_stealing_l1sp_cache,idx=83,level=2,core=1,bytes=16384
L1SPSNAP_HART,bench=bfs_work_stealing_l1sp_cache,idx=83,level=2,core=1,thread=4,hart=20,bytes=16384
L1SPSNAP_CORE,bench=bfs_work_stealing_l1sp_cache,idx=84,level=2,core=0,bytes=0
L1SPSNAP_CORE,bench=bfs_work_stealing_l1sp_cache,idx=84,level=2,core=1,bytes=0
L1SPSNAP_CORE,bench=bfs_work_stealing_l1sp_cache,idx=85,level=2,core=0,bytes=0
L1SPSNAP_CORE,bench=bfs_work_stealing_l1sp_cache,idx=85,level=2,core=1,bytes=0
L1SPSNAP_CORE,bench=bfs_work_stealing_l1sp_cache,idx=86,level=2,core=0,bytes=0
L1SPSNAP_CORE,bench=bfs_work_stealing_l1sp_cache,idx=86,level=2,core=1,bytes=16384
L1SPSNAP_HART,bench=bfs_work_stealing_l1sp_cache,idx=86,level=2,core=1,thread=2,hart=18,bytes=16384
L1SPSNAP_CORE,bench=bfs_work_stealing_l1sp_cache,idx=87,level=2,core=0,bytes=16384
L1SPSNAP_CORE,bench=bfs_work_stealing_l1sp_cache,idx=87,level=2,core=1,bytes=0
L1SPSNAP_HART,bench=bfs_work_stealing_l1sp_cache,idx=87,level=2,core=0,thread=3,hart=3,bytes=16384
L1SPSNAP_CORE,bench=bfs_work_stealing_l1sp_cache,idx=88,level=2,core=0,bytes=16384
L1SPSNAP_CORE,bench=bfs_work_stealing_l1sp_cache,idx=88,level=2,core=1,bytes=0
L1SPSNAP_HART,bench=bfs_work_stealing_l1sp_cache,idx=88,level=2,core=0,thread=2,hart=2,bytes=16384
L1SPSNAP_CORE,bench=bfs_work_stealing_l1sp_cache,idx=89,level=2,core=0,bytes=0
L1SPSNAP_CORE,bench=bfs_work_stealing_l1sp_cache,idx=89,level=2,core=1,bytes=0
L1SPSNAP_CORE,bench=bfs_work_stealing_l1sp_cache,idx=90,level=2,core=0,bytes=16384
L1SPSNAP_CORE,bench=bfs_work_stealing_l1sp_cache,idx=90,level=2,core=1,bytes=0
L1SPSNAP_HART,bench=bfs_work_stealing_l1sp_cache,idx=90,level=2,core=0,thread=6,hart=6,bytes=16384
L1SPSNAP_CORE,bench=bfs_work_stealing_l1sp_cache,idx=91,level=2,core=0,bytes=0
L1SPSNAP_CORE,bench=bfs_work_stealing_l1sp_cache,idx=91,level=2,core=1,bytes=0
L1SPSNAP_CORE,bench=bfs_work_stealing_l1sp_cache,idx=92,level=2,core=0,bytes=16384
L1SPSNAP_CORE,bench=bfs_work_stealing_l1sp_cache,idx=92,level=2,core=1,bytes=0
L1SPSNAP_HART,bench=bfs_work_stealing_l1sp_cache,idx=92,level=2,core=0,thread=7,hart=7,bytes=16384
L1SPSNAP_CORE,bench=bfs_work_stealing_l1sp_cache,idx=93,level=2,core=0,bytes=0
L1SPSNAP_CORE,bench=bfs_work_stealing_l1sp_cache,idx=93,level=2,core=1,bytes=0
L1SPSNAP_CORE,bench=bfs_work_stealing_l1sp_cache,idx=94,level=2,core=0,bytes=16384
L1SPSNAP_CORE,bench=bfs_work_stealing_l1sp_cache,idx=94,level=2,core=1,bytes=0
L1SPSNAP_HART,bench=bfs_work_stealing_l1sp_cache,idx=94,level=2,core=0,thread=5,hart=5,bytes=16384
L1SPSNAP_CORE,bench=bfs_work_stealing_l1sp_cache,idx=95,level=2,core=0,bytes=0
L1SPSNAP_CORE,bench=bfs_work_stealing_l1sp_cache,idx=95,level=2,core=1,bytes=16384
L1SPSNAP_HART,bench=bfs_work_stealing_l1sp_cache,idx=95,level=2,core=1,thread=1,hart=17,bytes=16384
L1SPSNAP_CORE,bench=bfs_work_stealing_l1sp_cache,idx=96,level=2,core=0,bytes=16384
L1SPSNAP_CORE,bench=bfs_work_stealing_l1sp_cache,idx=96,level=2,core=1,bytes=0
L1SPSNAP_HART,bench=bfs_work_stealing_l1sp_cache,idx=96,level=2,core=0,thread=4,hart=4,bytes=16384
L1SPSNAP_CORE,bench=bfs_work_stealing_l1sp_cache,idx=97,level=2,core=0,bytes=0
L1SPSNAP_CORE,bench=bfs_work_stealing_l1sp_cache,idx=97,level=2,core=1,bytes=0
L1SPSNAP_CORE,bench=bfs_work_stealing_l1sp_cache,idx=98,level=2,core=0,bytes=16384
L1SPSNAP_CORE,bench=bfs_work_stealing_l1sp_cache,idx=98,level=2,core=1,bytes=0
L1SPSNAP_HART,bench=bfs_work_stealing_l1sp_cache,idx=98,level=2,core=0,thread=1,hart=1,bytes=16384
L1SPSNAP_CORE,bench=bfs_work_stealing_l1sp_cache,idx=99,level=2,core=0,bytes=0
L1SPSNAP_CORE,bench=bfs_work_stealing_l1sp_cache,idx=99,level=2,core=1,bytes=0
L1SPSNAP_CORE,bench=bfs_work_stealing_l1sp_cache,idx=100,level=2,core=0,bytes=0
L1SPSNAP_CORE,bench=bfs_work_stealing_l1sp_cache,idx=100,level=2,core=1,bytes=0
L1SPSNAP_CORE,bench=bfs_work_stealing_l1sp_cache,idx=101,level=2,core=0,bytes=0
L1SPSNAP_CORE,bench=bfs_work_stealing_l1sp_cache,idx=101,level=2,core=1,bytes=0
L1SPSNAP_CORE,bench=bfs_work_stealing_l1sp_cache,idx=102,level=2,core=0,bytes=0
L1SPSNAP_CORE,bench=bfs_work_stealing_l1sp_cache,idx=102,level=2,core=1,bytes=0
L1SPSNAP_CORE,bench=bfs_work_stealing_l1sp_cache,idx=103,level=2,core=0,bytes=0
L1SPSNAP_CORE,bench=bfs_work_stealing_l1sp_cache,idx=103,level=2,core=1,bytes=0
L1SPSNAP_CORE,bench=bfs_work_stealing_l1sp_cache,idx=104,level=2,core=0,bytes=0
L1SPSNAP_CORE,bench=bfs_work_stealing_l1sp_cache,idx=104,level=2,core=1,bytes=0
L1SPSNAP_CORE,bench=bfs_work_stealing_l1sp_cache,idx=105,level=2,core=0,bytes=16384
L1SPSNAP_CORE,bench=bfs_work_stealing_l1sp_cache,idx=105,level=2,core=1,bytes=0
L1SPSNAP_HART,bench=bfs_work_stealing_l1sp_cache,idx=105,level=2,core=0,thread=0,hart=0,bytes=16384
L1SPSNAP_CORE,bench=bfs_work_stealing_l1sp_cache,idx=106,level=2,core=0,bytes=0
L1SPSNAP_CORE,bench=bfs_work_stealing_l1sp_cache,idx=106,level=2,core=1,bytes=0
L1SPSNAP_CORE,bench=bfs_work_stealing_l1sp_cache,idx=107,level=2,core=0,bytes=0
L1SPSNAP_CORE,bench=bfs_work_stealing_l1sp_cache,idx=107,level=2,core=1,bytes=16384
L1SPSNAP_HART,bench=bfs_work_stealing_l1sp_cache,idx=107,level=2,core=1,thread=7,hart=23,bytes=16384
L1SPSNAP_CORE,bench=bfs_work_stealing_l1sp_cache,idx=108,level=2,core=0,bytes=0
L1SPSNAP_CORE,bench=bfs_work_stealing_l1sp_cache,idx=108,level=2,core=1,bytes=16384
L1SPSNAP_HART,bench=bfs_work_stealing_l1sp_cache,idx=108,level=2,core=1,thread=2,hart=18,bytes=16384
L1SPSNAP_CORE,bench=bfs_work_stealing_l1sp_cache,idx=109,level=2,core=0,bytes=0
L1SPSNAP_CORE,bench=bfs_work_stealing_l1sp_cache,idx=109,level=2,core=1,bytes=16384
L1SPSNAP_HART,bench=bfs_work_stealing_l1sp_cache,idx=109,level=2,core=1,thread=0,hart=16,bytes=16384
L1SPSNAP_CORE,bench=bfs_work_stealing_l1sp_cache,idx=110,level=2,core=0,bytes=0
L1SPSNAP_CORE,bench=bfs_work_stealing_l1sp_cache,idx=110,level=2,core=1,bytes=0
L1SPSNAP_CORE,bench=bfs_work_stealing_l1sp_cache,idx=111,level=2,core=0,bytes=0
L1SPSNAP_CORE,bench=bfs_work_stealing_l1sp_cache,idx=111,level=2,core=1,bytes=0
L1SPSNAP_CORE,bench=bfs_work_stealing_l1sp_cache,idx=112,level=2,core=0,bytes=0
L1SPSNAP_CORE,bench=bfs_work_stealing_l1sp_cache,idx=112,level=2,core=1,bytes=16384
L1SPSNAP_HART,bench=bfs_work_stealing_l1sp_cache,idx=112,level=2,core=1,thread=0,hart=16,bytes=16384
L1SPSNAP_CORE,bench=bfs_work_stealing_l1sp_cache,idx=113,level=2,core=0,bytes=0
L1SPSNAP_CORE,bench=bfs_work_stealing_l1sp_cache,idx=113,level=2,core=1,bytes=0
L1SPSNAP_CORE,bench=bfs_work_stealing_l1sp_cache,idx=114,level=2,core=0,bytes=0
L1SPSNAP_CORE,bench=bfs_work_stealing_l1sp_cache,idx=114,level=2,core=1,bytes=16384
L1SPSNAP_HART,bench=bfs_work_stealing_l1sp_cache,idx=114,level=2,core=1,thread=3,hart=19,bytes=16384
L1SPSNAP_CORE,bench=bfs_work_stealing_l1sp_cache,idx=115,level=2,core=0,bytes=0
L1SPSNAP_CORE,bench=bfs_work_stealing_l1sp_cache,idx=115,level=2,core=1,bytes=16384
L1SPSNAP_HART,bench=bfs_work_stealing_l1sp_cache,idx=115,level=2,core=1,thread=5,hart=21,bytes=16384
L1SPSNAP_CORE,bench=bfs_work_stealing_l1sp_cache,idx=116,level=2,core=0,bytes=0
L1SPSNAP_CORE,bench=bfs_work_stealing_l1sp_cache,idx=116,level=2,core=1,bytes=16384
L1SPSNAP_HART,bench=bfs_work_stealing_l1sp_cache,idx=116,level=2,core=1,thread=6,hart=22,bytes=16384
L1SPSNAP_CORE,bench=bfs_work_stealing_l1sp_cache,idx=117,level=2,core=0,bytes=0
L1SPSNAP_CORE,bench=bfs_work_stealing_l1sp_cache,idx=117,level=2,core=1,bytes=0
L1SPSNAP_CORE,bench=bfs_work_stealing_l1sp_cache,idx=118,level=2,core=0,bytes=16384
L1SPSNAP_CORE,bench=bfs_work_stealing_l1sp_cache,idx=118,level=2,core=1,bytes=0
L1SPSNAP_HART,bench=bfs_work_stealing_l1sp_cache,idx=118,level=2,core=0,thread=5,hart=5,bytes=16384
L1SPSNAP_CORE,bench=bfs_work_stealing_l1sp_cache,idx=119,level=2,core=0,bytes=0
L1SPSNAP_CORE,bench=bfs_work_stealing_l1sp_cache,idx=119,level=2,core=1,bytes=0
L1SPSNAP_CORE,bench=bfs_work_stealing_l1sp_cache,idx=120,level=2,core=0,bytes=16384
L1SPSNAP_CORE,bench=bfs_work_stealing_l1sp_cache,idx=120,level=2,core=1,bytes=0
L1SPSNAP_HART,bench=bfs_work_stealing_l1sp_cache,idx=120,level=2,core=0,thread=6,hart=6,bytes=16384
L1SPSNAP_CORE,bench=bfs_work_stealing_l1sp_cache,idx=121,level=2,core=0,bytes=16384
L1SPSNAP_CORE,bench=bfs_work_stealing_l1sp_cache,idx=121,level=2,core=1,bytes=0
L1SPSNAP_HART,bench=bfs_work_stealing_l1sp_cache,idx=121,level=2,core=0,thread=3,hart=3,bytes=16384
L1SPSNAP_CORE,bench=bfs_work_stealing_l1sp_cache,idx=122,level=2,core=0,bytes=0
L1SPSNAP_CORE,bench=bfs_work_stealing_l1sp_cache,idx=122,level=2,core=1,bytes=0
L1SPSNAP_CORE,bench=bfs_work_stealing_l1sp_cache,idx=123,level=2,core=0,bytes=16384
L1SPSNAP_CORE,bench=bfs_work_stealing_l1sp_cache,idx=123,level=2,core=1,bytes=0
L1SPSNAP_HART,bench=bfs_work_stealing_l1sp_cache,idx=123,level=2,core=0,thread=0,hart=0,bytes=16384
L1SPSNAP_CORE,bench=bfs_work_stealing_l1sp_cache,idx=124,level=2,core=0,bytes=0
L1SPSNAP_CORE,bench=bfs_work_stealing_l1sp_cache,idx=124,level=2,core=1,bytes=0
L1SPSNAP_CORE,bench=bfs_work_stealing_l1sp_cache,idx=125,level=2,core=0,bytes=16384
L1SPSNAP_CORE,bench=bfs_work_stealing_l1sp_cache,idx=125,level=2,core=1,bytes=0
L1SPSNAP_HART,bench=bfs_work_stealing_l1sp_cache,idx=125,level=2,core=0,thread=7,hart=7,bytes=16384
L1SPSNAP_CORE,bench=bfs_work_stealing_l1sp_cache,idx=126,level=2,core=0,bytes=0
L1SPSNAP_CORE,bench=bfs_work_stealing_l1sp_cache,idx=126,level=2,core=1,bytes=0
L1SPSNAP_CORE,bench=bfs_work_stealing_l1sp_cache,idx=127,level=2,core=0,bytes=0
L1SPSNAP_CORE,bench=bfs_work_stealing_l1sp_cache,idx=127,level=2,core=1,bytes=0
L1SPSNAP_CORE,bench=bfs_work_stealing_l1sp_cache,idx=128,level=2,core=0,bytes=16384
L1SPSNAP_CORE,bench=bfs_work_stealing_l1sp_cache,idx=128,level=2,core=1,bytes=0
L1SPSNAP_HART,bench=bfs_work_stealing_l1sp_cache,idx=128,level=2,core=0,thread=2,hart=2,bytes=16384
L1SPSNAP_CORE,bench=bfs_work_stealing_l1sp_cache,idx=129,level=2,core=0,bytes=0
L1SPSNAP_CORE,bench=bfs_work_stealing_l1sp_cache,idx=129,level=2,core=1,bytes=16384
L1SPSNAP_HART,bench=bfs_work_stealing_l1sp_cache,idx=129,level=2,core=1,thread=5,hart=21,bytes=16384
L1SPSNAP_CORE,bench=bfs_work_stealing_l1sp_cache,idx=130,level=2,core=0,bytes=0
L1SPSNAP_CORE,bench=bfs_work_stealing_l1sp_cache,idx=130,level=2,core=1,bytes=0
L1SPSNAP_CORE,bench=bfs_work_stealing_l1sp_cache,idx=131,level=2,core=0,bytes=0
L1SPSNAP_CORE,bench=bfs_work_stealing_l1sp_cache,idx=131,level=2,core=1,bytes=16384
L1SPSNAP_HART,bench=bfs_work_stealing_l1sp_cache,idx=131,level=2,core=1,thread=3,hart=19,bytes=16384
L1SPSNAP_CORE,bench=bfs_work_stealing_l1sp_cache,idx=132,level=2,core=0,bytes=16384
L1SPSNAP_CORE,bench=bfs_work_stealing_l1sp_cache,idx=132,level=2,core=1,bytes=0
L1SPSNAP_HART,bench=bfs_work_stealing_l1sp_cache,idx=132,level=2,core=0,thread=1,hart=1,bytes=16384
L1SPSNAP_CORE,bench=bfs_work_stealing_l1sp_cache,idx=133,level=2,core=0,bytes=0
L1SPSNAP_CORE,bench=bfs_work_stealing_l1sp_cache,idx=133,level=2,core=1,bytes=16384
L1SPSNAP_HART,bench=bfs_work_stealing_l1sp_cache,idx=133,level=2,core=1,thread=4,hart=20,bytes=16384
L1SPSNAP_CORE,bench=bfs_work_stealing_l1sp_cache,idx=134,level=2,core=0,bytes=0
L1SPSNAP_CORE,bench=bfs_work_stealing_l1sp_cache,idx=134,level=2,core=1,bytes=0
L1SPSNAP_CORE,bench=bfs_work_stealing_l1sp_cache,idx=135,level=2,core=0,bytes=0
L1SPSNAP_CORE,bench=bfs_work_stealing_l1sp_cache,idx=135,level=2,core=1,bytes=16384
L1SPSNAP_HART,bench=bfs_work_stealing_l1sp_cache,idx=135,level=2,core=1,thread=2,hart=18,bytes=16384
L1SPSNAP_CORE,bench=bfs_work_stealing_l1sp_cache,idx=136,level=2,core=0,bytes=16384
L1SPSNAP_CORE,bench=bfs_work_stealing_l1sp_cache,idx=136,level=2,core=1,bytes=0
L1SPSNAP_HART,bench=bfs_work_stealing_l1sp_cache,idx=136,level=2,core=0,thread=4,hart=4,bytes=16384
L1SPSNAP_CORE,bench=bfs_work_stealing_l1sp_cache,idx=137,level=2,core=0,bytes=0
L1SPSNAP_CORE,bench=bfs_work_stealing_l1sp_cache,idx=137,level=2,core=1,bytes=0
L1SPSNAP_CORE,bench=bfs_work_stealing_l1sp_cache,idx=138,level=2,core=0,bytes=0
L1SPSNAP_CORE,bench=bfs_work_stealing_l1sp_cache,idx=138,level=2,core=1,bytes=0
L1SPSNAP_CORE,bench=bfs_work_stealing_l1sp_cache,idx=139,level=2,core=0,bytes=0
L1SPSNAP_CORE,bench=bfs_work_stealing_l1sp_cache,idx=139,level=2,core=1,bytes=16384
L1SPSNAP_HART,bench=bfs_work_stealing_l1sp_cache,idx=139,level=2,core=1,thread=1,hart=17,bytes=16384
L1SPSNAP_CORE,bench=bfs_work_stealing_l1sp_cache,idx=140,level=2,core=0,bytes=0
L1SPSNAP_CORE,bench=bfs_work_stealing_l1sp_cache,idx=140,level=2,core=1,bytes=16384
L1SPSNAP_HART,bench=bfs_work_stealing_l1sp_cache,idx=140,level=2,core=1,thread=0,hart=16,bytes=16384
L1SPSNAP_CORE,bench=bfs_work_stealing_l1sp_cache,idx=141,level=2,core=0,bytes=0
L1SPSNAP_CORE,bench=bfs_work_stealing_l1sp_cache,idx=141,level=2,core=1,bytes=0
L1SPSNAP_CORE,bench=bfs_work_stealing_l1sp_cache,idx=142,level=2,core=0,bytes=16384
L1SPSNAP_CORE,bench=bfs_work_stealing_l1sp_cache,idx=142,level=2,core=1,bytes=0
L1SPSNAP_HART,bench=bfs_work_stealing_l1sp_cache,idx=142,level=2,core=0,thread=5,hart=5,bytes=16384
L1SPSNAP_CORE,bench=bfs_work_stealing_l1sp_cache,idx=143,level=2,core=0,bytes=0
L1SPSNAP_CORE,bench=bfs_work_stealing_l1sp_cache,idx=143,level=2,core=1,bytes=0
L1SPSNAP_CORE,bench=bfs_work_stealing_l1sp_cache,idx=144,level=2,core=0,bytes=0
L1SPSNAP_CORE,bench=bfs_work_stealing_l1sp_cache,idx=144,level=2,core=1,bytes=0
L1SPSNAP_CORE,bench=bfs_work_stealing_l1sp_cache,idx=145,level=2,core=0,bytes=0
L1SPSNAP_CORE,bench=bfs_work_stealing_l1sp_cache,idx=145,level=2,core=1,bytes=0
L1SPSNAP_CORE,bench=bfs_work_stealing_l1sp_cache,idx=146,level=2,core=0,bytes=0
L1SPSNAP_CORE,bench=bfs_work_stealing_l1sp_cache,idx=146,level=2,core=1,bytes=0
L1SPSNAP_CORE,bench=bfs_work_stealing_l1sp_cache,idx=147,level=2,core=0,bytes=0
L1SPSNAP_CORE,bench=bfs_work_stealing_l1sp_cache,idx=147,level=2,core=1,bytes=16384
L1SPSNAP_HART,bench=bfs_work_stealing_l1sp_cache,idx=147,level=2,core=1,thread=4,hart=20,bytes=16384
L1SPSNAP_CORE,bench=bfs_work_stealing_l1sp_cache,idx=148,level=2,core=0,bytes=16384
L1SPSNAP_CORE,bench=bfs_work_stealing_l1sp_cache,idx=148,level=2,core=1,bytes=0
L1SPSNAP_HART,bench=bfs_work_stealing_l1sp_cache,idx=148,level=2,core=0,thread=0,hart=0,bytes=16384
L1SPSNAP_CORE,bench=bfs_work_stealing_l1sp_cache,idx=149,level=2,core=0,bytes=16384
L1SPSNAP_CORE,bench=bfs_work_stealing_l1sp_cache,idx=149,level=2,core=1,bytes=0
L1SPSNAP_HART,bench=bfs_work_stealing_l1sp_cache,idx=149,level=2,core=0,thread=6,hart=6,bytes=16384
L1SPSNAP_CORE,bench=bfs_work_stealing_l1sp_cache,idx=150,level=2,core=0,bytes=16384
L1SPSNAP_CORE,bench=bfs_work_stealing_l1sp_cache,idx=150,level=2,core=1,bytes=0
L1SPSNAP_HART,bench=bfs_work_stealing_l1sp_cache,idx=150,level=2,core=0,thread=2,hart=2,bytes=16384
L1SPSNAP_CORE,bench=bfs_work_stealing_l1sp_cache,idx=151,level=2,core=0,bytes=0
L1SPSNAP_CORE,bench=bfs_work_stealing_l1sp_cache,idx=151,level=2,core=1,bytes=0
L1SPSNAP_CORE,bench=bfs_work_stealing_l1sp_cache,idx=152,level=2,core=0,bytes=0
L1SPSNAP_CORE,bench=bfs_work_stealing_l1sp_cache,idx=152,level=2,core=1,bytes=0
L1SPSNAP_CORE,bench=bfs_work_stealing_l1sp_cache,idx=153,level=2,core=0,bytes=0
L1SPSNAP_CORE,bench=bfs_work_stealing_l1sp_cache,idx=153,level=2,core=1,bytes=0
L1SPSNAP_CORE,bench=bfs_work_stealing_l1sp_cache,idx=154,level=2,core=0,bytes=16384
L1SPSNAP_CORE,bench=bfs_work_stealing_l1sp_cache,idx=154,level=2,core=1,bytes=0
L1SPSNAP_HART,bench=bfs_work_stealing_l1sp_cache,idx=154,level=2,core=0,thread=3,hart=3,bytes=16384
L1SPSNAP_CORE,bench=bfs_work_stealing_l1sp_cache,idx=155,level=2,core=0,bytes=16384
L1SPSNAP_CORE,bench=bfs_work_stealing_l1sp_cache,idx=155,level=2,core=1,bytes=0
L1SPSNAP_HART,bench=bfs_work_stealing_l1sp_cache,idx=155,level=2,core=0,thread=5,hart=5,bytes=16384
L1SPSNAP_CORE,bench=bfs_work_stealing_l1sp_cache,idx=156,level=2,core=0,bytes=16384
L1SPSNAP_CORE,bench=bfs_work_stealing_l1sp_cache,idx=156,level=2,core=1,bytes=0
L1SPSNAP_HART,bench=bfs_work_stealing_l1sp_cache,idx=156,level=2,core=0,thread=7,hart=7,bytes=16384
L1SPSNAP_CORE,bench=bfs_work_stealing_l1sp_cache,idx=157,level=2,core=0,bytes=0
L1SPSNAP_CORE,bench=bfs_work_stealing_l1sp_cache,idx=157,level=2,core=1,bytes=0
L1SPSNAP_CORE,bench=bfs_work_stealing_l1sp_cache,idx=158,level=2,core=0,bytes=16384
L1SPSNAP_CORE,bench=bfs_work_stealing_l1sp_cache,idx=158,level=2,core=1,bytes=0
L1SPSNAP_HART,bench=bfs_work_stealing_l1sp_cache,idx=158,level=2,core=0,thread=1,hart=1,bytes=16384
L1SPSNAP_CORE,bench=bfs_work_stealing_l1sp_cache,idx=159,level=2,core=0,bytes=0
L1SPSNAP_CORE,bench=bfs_work_stealing_l1sp_cache,idx=159,level=2,core=1,bytes=0
L1SPSNAP_CORE,bench=bfs_work_stealing_l1sp_cache,idx=160,level=3,core=0,bytes=0
L1SPSNAP_CORE,bench=bfs_work_stealing_l1sp_cache,idx=160,level=3,core=1,bytes=16384
L1SPSNAP_HART,bench=bfs_work_stealing_l1sp_cache,idx=160,level=3,core=1,thread=6,hart=22,bytes=16384
L1SPSNAP_DUMP_END,bench=bfs_work_stealing_l1sp_cache
