WQTRACE_DUMP_BEGIN,bench=bfs_work_stealing_l1sp_cache,cores=4,samples=14,dropped=0
WQTRACE,bench=bfs_work_stealing_l1sp_cache,cores=4,sample=0,phase=init,level=0,iter=-1,queue=core,depths=1|0|0|0
WQTRACE,bench=bfs_work_stealing_l1sp_cache,cores=4,sample=1,phase=level_begin,level=0,iter=-1,queue=core,depths=1|0|0|0
WQTRACE,bench=bfs_work_stealing_l1sp_cache,cores=4,sample=2,phase=post_process,level=0,iter=-1,queue=core,depths=0|0|0|0
WQTRACE,bench=bfs_work_stealing_l1sp_cache,cores=4,sample=3,phase=post_redistribute,level=0,iter=-1,queue=core,depths=116|116|116|115
WQTRACE,bench=bfs_work_stealing_l1sp_cache,cores=4,sample=4,phase=level_begin,level=1,iter=-1,queue=core,depths=116|116|116|115
WQTRACE,bench=bfs_work_stealing_l1sp_cache,cores=4,sample=5,phase=post_process,level=1,iter=-1,queue=core,depths=0|0|0|0
WQTRACE,bench=bfs_work_stealing_l1sp_cache,cores=4,sample=6,phase=post_redistribute,level=1,iter=-1,queue=core,depths=106|106|106|105
WQTRACE,bench=bfs_work_stealing_l1sp_cache,cores=4,sample=7,phase=level_begin,level=2,iter=-1,queue=core,depths=106|106|106|105
WQTRACE,bench=bfs_work_stealing_l1sp_cache,cores=4,sample=8,phase=post_process,level=2,iter=-1,queue=core,depths=0|0|0|0
WQTRACE,bench=bfs_work_stealing_l1sp_cache,cores=4,sample=9,phase=post_redistribute,level=2,iter=-1,queue=core,depths=2|1|1|1
WQTRACE,bench=bfs_work_stealing_l1sp_cache,cores=4,sample=10,phase=level_begin,level=3,iter=-1,queue=core,depths=2|1|1|1
WQTRACE,bench=bfs_work_stealing_l1sp_cache,cores=4,sample=11,phase=post_process,level=3,iter=-1,queue=core,depths=0|0|0|0
WQTRACE,bench=bfs_work_stealing_l1sp_cache,cores=4,sample=12,phase=post_redistribute,level=3,iter=-1,queue=core,depths=0|0|0|0
WQTRACE,bench=bfs_work_stealing_l1sp_cache,cores=4,sample=13,phase=final,level=4,iter=-1,queue=core,depths=0|0|0|0
WQTRACE_DUMP_END,bench=bfs_work_stealing_l1sp_cache
L1SPTRACE_DUMP_BEGIN,bench=bfs_work_stealing_l1sp_cache,cores=4,harts=64,samples=14
L1SPTRACE_CONFIG,bench=bfs_work_stealing_l1sp_cache,core_bytes=262144,global_bytes=1048576
L1SPTRACE_GLOBAL,bench=bfs_work_stealing_l1sp_cache,sample=0,phase=init,level=0,iter=-1,bytes=524288
L1SPTRACE_CORE_HART,bench=bfs_work_stealing_l1sp_cache,sample=0,core=0,thread=0,hart=0,bytes=16384
L1SPTRACE_CORE_HART,bench=bfs_work_stealing_l1sp_cache,sample=0,core=0,thread=1,hart=1,bytes=16384
L1SPTRACE_CORE_HART,bench=bfs_work_stealing_l1sp_cache,sample=0,core=0,thread=2,hart=2,bytes=16384
L1SPTRACE_CORE_HART,bench=bfs_work_stealing_l1sp_cache,sample=0,core=0,thread=3,hart=3,bytes=16384
L1SPTRACE_CORE_HART,bench=bfs_work_stealing_l1sp_cache,sample=0,core=0,thread=4,hart=4,bytes=16384
L1SPTRACE_CORE_HART,bench=bfs_work_stealing_l1sp_cache,sample=0,core=0,thread=5,hart=5,bytes=16384
L1SPTRACE_CORE_HART,bench=bfs_work_stealing_l1sp_cache,sample=0,core=0,thread=6,hart=6,bytes=16384
L1SPTRACE_CORE_HART,bench=bfs_work_stealing_l1sp_cache,sample=0,core=0,thread=7,hart=7,bytes=16384
L1SPTRACE_CORE_HART,bench=bfs_work_stealing_l1sp_cache,sample=0,core=0,thread=8,hart=8,bytes=0
L1SPTRACE_CORE_HART,bench=bfs_work_stealing_l1sp_cache,sample=0,core=0,thread=9,hart=9,bytes=0
L1SPTRACE_CORE_HART,bench=bfs_work_stealing_l1sp_cache,sample=0,core=0,thread=10,hart=10,bytes=0
L1SPTRACE_CORE_HART,bench=bfs_work_stealing_l1sp_cache,sample=0,core=0,thread=11,hart=11,bytes=0
L1SPTRACE_CORE_HART,bench=bfs_work_stealing_l1sp_cache,sample=0,core=0,thread=12,hart=12,bytes=0
L1SPTRACE_CORE_HART,bench=bfs_work_stealing_l1sp_cache,sample=0,core=0,thread=13,hart=13,bytes=0
L1SPTRACE_CORE_HART,bench=bfs_work_stealing_l1sp_cache,sample=0,core=0,thread=14,hart=14,bytes=0
L1SPTRACE_CORE_HART,bench=bfs_work_stealing_l1sp_cache,sample=0,core=0,thread=15,hart=15,bytes=0
L1SPTRACE_GLOBAL,bench=bfs_work_stealing_l1sp_cache,sample=1,phase=level_begin,level=0,iter=-1,bytes=524288
L1SPTRACE_CORE_HART,bench=bfs_work_stealing_l1sp_cache,sample=1,core=0,thread=0,hart=0,bytes=16384
L1SPTRACE_CORE_HART,bench=bfs_work_stealing_l1sp_cache,sample=1,core=0,thread=1,hart=1,bytes=16384
L1SPTRACE_CORE_HART,bench=bfs_work_stealing_l1sp_cache,sample=1,core=0,thread=2,hart=2,bytes=16384
L1SPTRACE_CORE_HART,bench=bfs_work_stealing_l1sp_cache,sample=1,core=0,thread=3,hart=3,bytes=16384
L1SPTRACE_CORE_HART,bench=bfs_work_stealing_l1sp_cache,sample=1,core=0,thread=4,hart=4,bytes=16384
L1SPTRACE_CORE_HART,bench=bfs_work_stealing_l1sp_cache,sample=1,core=0,thread=5,hart=5,bytes=16384
L1SPTRACE_CORE_HART,bench=bfs_work_stealing_l1sp_cache,sample=1,core=0,thread=6,hart=6,bytes=16384
L1SPTRACE_CORE_HART,bench=bfs_work_stealing_l1sp_cache,sample=1,core=0,thread=7,hart=7,bytes=16384
L1SPTRACE_CORE_HART,bench=bfs_work_stealing_l1sp_cache,sample=1,core=0,thread=8,hart=8,bytes=0
L1SPTRACE_CORE_HART,bench=bfs_work_stealing_l1sp_cache,sample=1,core=0,thread=9,hart=9,bytes=0
L1SPTRACE_CORE_HART,bench=bfs_work_stealing_l1sp_cache,sample=1,core=0,thread=10,hart=10,bytes=0
L1SPTRACE_CORE_HART,bench=bfs_work_stealing_l1sp_cache,sample=1,core=0,thread=11,hart=11,bytes=0
L1SPTRACE_CORE_HART,bench=bfs_work_stealing_l1sp_cache,sample=1,core=0,thread=12,hart=12,bytes=0
L1SPTRACE_CORE_HART,bench=bfs_work_stealing_l1sp_cache,sample=1,core=0,thread=13,hart=13,bytes=0
L1SPTRACE_CORE_HART,bench=bfs_work_stealing_l1sp_cache,sample=1,core=0,thread=14,hart=14,bytes=0
L1SPTRACE_CORE_HART,bench=bfs_work_stealing_l1sp_cache,sample=1,core=0,thread=15,hart=15,bytes=0
L1SPTRACE_GLOBAL,bench=bfs_work_stealing_l1sp_cache,sample=2,phase=post_process,level=0,iter=-1,bytes=524288
L1SPTRACE_CORE_HART,bench=bfs_work_stealing_l1sp_cache,sample=2,core=0,thread=0,hart=0,bytes=16384
L1SPTRACE_CORE_HART,bench=bfs_work_stealing_l1sp_cache,sample=2,core=0,thread=1,hart=1,bytes=16384
L1SPTRACE_CORE_HART,bench=bfs_work_stealing_l1sp_cache,sample=2,core=0,thread=2,hart=2,bytes=16384
L1SPTRACE_CORE_HART,bench=bfs_work_stealing_l1sp_cache,sample=2,core=0,thread=3,hart=3,bytes=16384
L1SPTRACE_CORE_HART,bench=bfs_work_stealing_l1sp_cache,sample=2,core=0,thread=4,hart=4,bytes=16384
L1SPTRACE_CORE_HART,bench=bfs_work_stealing_l1sp_cache,sample=2,core=0,thread=5,hart=5,bytes=16384
L1SPTRACE_CORE_HART,bench=bfs_work_stealing_l1sp_cache,sample=2,core=0,thread=6,hart=6,bytes=16384
L1SPTRACE_CORE_HART,bench=bfs_work_stealing_l1sp_cache,sample=2,core=0,thread=7,hart=7,bytes=16384
L1SPTRACE_CORE_HART,bench=bfs_work_stealing_l1sp_cache,sample=2,core=0,thread=8,hart=8,bytes=0
L1SPTRACE_CORE_HART,bench=bfs_work_stealing_l1sp_cache,sample=2,core=0,thread=9,hart=9,bytes=0
L1SPTRACE_CORE_HART,bench=bfs_work_stealing_l1sp_cache,sample=2,core=0,thread=10,hart=10,bytes=0
L1SPTRACE_CORE_HART,bench=bfs_work_stealing_l1sp_cache,sample=2,core=0,thread=11,hart=11,bytes=0
L1SPTRACE_CORE_HART,bench=bfs_work_stealing_l1sp_cache,sample=2,core=0,thread=12,hart=12,bytes=0
L1SPTRACE_CORE_HART,bench=bfs_work_stealing_l1sp_cache,sample=2,core=0,thread=13,hart=13,bytes=0
L1SPTRACE_CORE_HART,bench=bfs_work_stealing_l1sp_cache,sample=2,core=0,thread=14,hart=14,bytes=0
L1SPTRACE_CORE_HART,bench=bfs_work_stealing_l1sp_cache,sample=2,core=0,thread=15,hart=15,bytes=0
L1SPTRACE_GLOBAL,bench=bfs_work_stealing_l1sp_cache,sample=3,phase=post_redistribute,level=0,iter=-1,bytes=524288
L1SPTRACE_CORE_HART,bench=bfs_work_stealing_l1sp_cache,sample=3,core=0,thread=0,hart=0,bytes=16384
L1SPTRACE_CORE_HART,bench=bfs_work_stealing_l1sp_cache,sample=3,core=0,thread=1,hart=1,bytes=16384
L1SPTRACE_CORE_HART,bench=bfs_work_stealing_l1sp_cache,sample=3,core=0,thread=2,hart=2,bytes=16384
L1SPTRACE_CORE_HART,bench=bfs_work_stealing_l1sp_cache,sample=3,core=0,thread=3,hart=3,bytes=16384
L1SPTRACE_CORE_HART,bench=bfs_work_stealing_l1sp_cache,sample=3,core=0,thread=4,hart=4,bytes=16384
L1SPTRACE_CORE_HART,bench=bfs_work_stealing_l1sp_cache,sample=3,core=0,thread=5,hart=5,bytes=16384
L1SPTRACE_CORE_HART,bench=bfs_work_stealing_l1sp_cache,sample=3,core=0,thread=6,hart=6,bytes=16384
L1SPTRACE_CORE_HART,bench=bfs_work_stealing_l1sp_cache,sample=3,core=0,thread=7,hart=7,bytes=16384
L1SPTRACE_CORE_HART,bench=bfs_work_stealing_l1sp_cache,sample=3,core=0,thread=8,hart=8,bytes=0
L1SPTRACE_CORE_HART,bench=bfs_work_stealing_l1sp_cache,sample=3,core=0,thread=9,hart=9,bytes=0
L1SPTRACE_CORE_HART,bench=bfs_work_stealing_l1sp_cache,sample=3,core=0,thread=10,hart=10,bytes=0
L1SPTRACE_CORE_HART,bench=bfs_work_stealing_l1sp_cache,sample=3,core=0,thread=11,hart=11,bytes=0
L1SPTRACE_CORE_HART,bench=bfs_work_stealing_l1sp_cache,sample=3,core=0,thread=12,hart=12,bytes=0
L1SPTRACE_CORE_HART,bench=bfs_work_stealing_l1sp_cache,sample=3,core=0,thread=13,hart=13,bytes=0
L1SPTRACE_CORE_HART,bench=bfs_work_stealing_l1sp_cache,sample=3,core=0,thread=14,hart=14,bytes=0
L1SPTRACE_CORE_HART,bench=bfs_work_stealing_l1sp_cache,sample=3,core=0,thread=15,hart=15,bytes=0
L1SPTRACE_GLOBAL,bench=bfs_work_stealing_l1sp_cache,sample=4,phase=level_begin,level=1,iter=-1,bytes=524288
L1SPTRACE_CORE_HART,bench=bfs_work_stealing_l1sp_cache,sample=4,core=0,thread=0,hart=0,bytes=16384
L1SPTRACE_CORE_HART,bench=bfs_work_stealing_l1sp_cache,sample=4,core=0,thread=1,hart=1,bytes=16384
L1SPTRACE_CORE_HART,bench=bfs_work_stealing_l1sp_cache,sample=4,core=0,thread=2,hart=2,bytes=16384
L1SPTRACE_CORE_HART,bench=bfs_work_stealing_l1sp_cache,sample=4,core=0,thread=3,hart=3,bytes=16384
L1SPTRACE_CORE_HART,bench=bfs_work_stealing_l1sp_cache,sample=4,core=0,thread=4,hart=4,bytes=16384
L1SPTRACE_CORE_HART,bench=bfs_work_stealing_l1sp_cache,sample=4,core=0,thread=5,hart=5,bytes=16384
L1SPTRACE_CORE_HART,bench=bfs_work_stealing_l1sp_cache,sample=4,core=0,thread=6,hart=6,bytes=16384
L1SPTRACE_CORE_HART,bench=bfs_work_stealing_l1sp_cache,sample=4,core=0,thread=7,hart=7,bytes=16384
L1SPTRACE_CORE_HART,bench=bfs_work_stealing_l1sp_cache,sample=4,core=0,thread=8,hart=8,bytes=0
L1SPTRACE_CORE_HART,bench=bfs_work_stealing_l1sp_cache,sample=4,core=0,thread=9,hart=9,bytes=0
L1SPTRACE_CORE_HART,bench=bfs_work_stealing_l1sp_cache,sample=4,core=0,thread=10,hart=10,bytes=0
L1SPTRACE_CORE_HART,bench=bfs_work_stealing_l1sp_cache,sample=4,core=0,thread=11,hart=11,bytes=0
L1SPTRACE_CORE_HART,bench=bfs_work_stealing_l1sp_cache,sample=4,core=0,thread=12,hart=12,bytes=0
L1SPTRACE_CORE_HART,bench=bfs_work_stealing_l1sp_cache,sample=4,core=0,thread=13,hart=13,bytes=0
L1SPTRACE_CORE_HART,bench=bfs_work_stealing_l1sp_cache,sample=4,core=0,thread=14,hart=14,bytes=0
L1SPTRACE_CORE_HART,bench=bfs_work_stealing_l1sp_cache,sample=4,core=0,thread=15,hart=15,bytes=0
L1SPTRACE_GLOBAL,bench=bfs_work_stealing_l1sp_cache,sample=5,phase=post_process,level=1,iter=-1,bytes=524288
L1SPTRACE_CORE_HART,bench=bfs_work_stealing_l1sp_cache,sample=5,core=0,thread=0,hart=0,bytes=16384
L1SPTRACE_CORE_HART,bench=bfs_work_stealing_l1sp_cache,sample=5,core=0,thread=1,hart=1,bytes=16384
L1SPTRACE_CORE_HART,bench=bfs_work_stealing_l1sp_cache,sample=5,core=0,thread=2,hart=2,bytes=16384
L1SPTRACE_CORE_HART,bench=bfs_work_stealing_l1sp_cache,sample=5,core=0,thread=3,hart=3,bytes=16384
L1SPTRACE_CORE_HART,bench=bfs_work_stealing_l1sp_cache,sample=5,core=0,thread=4,hart=4,bytes=16384
L1SPTRACE_CORE_HART,bench=bfs_work_stealing_l1sp_cache,sample=5,core=0,thread=5,hart=5,bytes=16384
L1SPTRACE_CORE_HART,bench=bfs_work_stealing_l1sp_cache,sample=5,core=0,thread=6,hart=6,bytes=16384
L1SPTRACE_CORE_HART,bench=bfs_work_stealing_l1sp_cache,sample=5,core=0,thread=7,hart=7,bytes=16384
L1SPTRACE_CORE_HART,bench=bfs_work_stealing_l1sp_cache,sample=5,core=0,thread=8,hart=8,bytes=0
L1SPTRACE_CORE_HART,bench=bfs_work_stealing_l1sp_cache,sample=5,core=0,thread=9,hart=9,bytes=0
L1SPTRACE_CORE_HART,bench=bfs_work_stealing_l1sp_cache,sample=5,core=0,thread=10,hart=10,bytes=0
L1SPTRACE_CORE_HART,bench=bfs_work_stealing_l1sp_cache,sample=5,core=0,thread=11,hart=11,bytes=0
L1SPTRACE_CORE_HART,bench=bfs_work_stealing_l1sp_cache,sample=5,core=0,thread=12,hart=12,bytes=0
L1SPTRACE_CORE_HART,bench=bfs_work_stealing_l1sp_cache,sample=5,core=0,thread=13,hart=13,bytes=0
L1SPTRACE_CORE_HART,bench=bfs_work_stealing_l1sp_cache,sample=5,core=0,thread=14,hart=14,bytes=0
L1SPTRACE_CORE_HART,bench=bfs_work_stealing_l1sp_cache,sample=5,core=0,thread=15,hart=15,bytes=0
L1SPTRACE_GLOBAL,bench=bfs_work_stealing_l1sp_cache,sample=6,phase=post_redistribute,level=1,iter=-1,bytes=524288
L1SPTRACE_CORE_HART,bench=bfs_work_stealing_l1sp_cache,sample=6,core=0,thread=0,hart=0,bytes=16384
L1SPTRACE_CORE_HART,bench=bfs_work_stealing_l1sp_cache,sample=6,core=0,thread=1,hart=1,bytes=16384
L1SPTRACE_CORE_HART,bench=bfs_work_stealing_l1sp_cache,sample=6,core=0,thread=2,hart=2,bytes=16384
L1SPTRACE_CORE_HART,bench=bfs_work_stealing_l1sp_cache,sample=6,core=0,thread=3,hart=3,bytes=16384
L1SPTRACE_CORE_HART,bench=bfs_work_stealing_l1sp_cache,sample=6,core=0,thread=4,hart=4,bytes=16384
L1SPTRACE_CORE_HART,bench=bfs_work_stealing_l1sp_cache,sample=6,core=0,thread=5,hart=5,bytes=16384
L1SPTRACE_CORE_HART,bench=bfs_work_stealing_l1sp_cache,sample=6,core=0,thread=6,hart=6,bytes=16384
L1SPTRACE_CORE_HART,bench=bfs_work_stealing_l1sp_cache,sample=6,core=0,thread=7,hart=7,bytes=16384
L1SPTRACE_CORE_HART,bench=bfs_work_stealing_l1sp_cache,sample=6,core=0,thread=8,hart=8,bytes=0
L1SPTRACE_CORE_HART,bench=bfs_work_stealing_l1sp_cache,sample=6,core=0,thread=9,hart=9,bytes=0
L1SPTRACE_CORE_HART,bench=bfs_work_stealing_l1sp_cache,sample=6,core=0,thread=10,hart=10,bytes=0
L1SPTRACE_CORE_HART,bench=bfs_work_stealing_l1sp_cache,sample=6,core=0,thread=11,hart=11,bytes=0
L1SPTRACE_CORE_HART,bench=bfs_work_stealing_l1sp_cache,sample=6,core=0,thread=12,hart=12,bytes=0
L1SPTRACE_CORE_HART,bench=bfs_work_stealing_l1sp_cache,sample=6,core=0,thread=13,hart=13,bytes=0
L1SPTRACE_CORE_HART,bench=bfs_work_stealing_l1sp_cache,sample=6,core=0,thread=14,hart=14,bytes=0
L1SPTRACE_CORE_HART,bench=bfs_work_stealing_l1sp_cache,sample=6,core=0,thread=15,hart=15,bytes=0
L1SPTRACE_GLOBAL,bench=bfs_work_stealing_l1sp_cache,sample=7,phase=level_begin,level=2,iter=-1,bytes=524288
L1SPTRACE_CORE_HART,bench=bfs_work_stealing_l1sp_cache,sample=7,core=0,thread=0,hart=0,bytes=16384
L1SPTRACE_CORE_HART,bench=bfs_work_stealing_l1sp_cache,sample=7,core=0,thread=1,hart=1,bytes=16384
L1SPTRACE_CORE_HART,bench=bfs_work_stealing_l1sp_cache,sample=7,core=0,thread=2,hart=2,bytes=16384
L1SPTRACE_CORE_HART,bench=bfs_work_stealing_l1sp_cache,sample=7,core=0,thread=3,hart=3,bytes=16384
L1SPTRACE_CORE_HART,bench=bfs_work_stealing_l1sp_cache,sample=7,core=0,thread=4,hart=4,bytes=16384
L1SPTRACE_CORE_HART,bench=bfs_work_stealing_l1sp_cache,sample=7,core=0,thread=5,hart=5,bytes=16384
L1SPTRACE_CORE_HART,bench=bfs_work_stealing_l1sp_cache,sample=7,core=0,thread=6,hart=6,bytes=16384
L1SPTRACE_CORE_HART,bench=bfs_work_stealing_l1sp_cache,sample=7,core=0,thread=7,hart=7,bytes=16384
L1SPTRACE_CORE_HART,bench=bfs_work_stealing_l1sp_cache,sample=7,core=0,thread=8,hart=8,bytes=0
L1SPTRACE_CORE_HART,bench=bfs_work_stealing_l1sp_cache,sample=7,core=0,thread=9,hart=9,bytes=0
L1SPTRACE_CORE_HART,bench=bfs_work_stealing_l1sp_cache,sample=7,core=0,thread=10,hart=10,bytes=0
L1SPTRACE_CORE_HART,bench=bfs_work_stealing_l1sp_cache,sample=7,core=0,thread=11,hart=11,bytes=0
L1SPTRACE_CORE_HART,bench=bfs_work_stealing_l1sp_cache,sample=7,core=0,thread=12,hart=12,bytes=0
L1SPTRACE_CORE_HART,bench=bfs_work_stealing_l1sp_cache,sample=7,core=0,thread=13,hart=13,bytes=0
L1SPTRACE_CORE_HART,bench=bfs_work_stealing_l1sp_cache,sample=7,core=0,thread=14,hart=14,bytes=0
L1SPTRACE_CORE_HART,bench=bfs_work_stealing_l1sp_cache,sample=7,core=0,thread=15,hart=15,bytes=0
L1SPTRACE_GLOBAL,bench=bfs_work_stealing_l1sp_cache,sample=8,phase=post_process,level=2,iter=-1,bytes=524288
L1SPTRACE_CORE_HART,bench=bfs_work_stealing_l1sp_cache,sample=8,core=0,thread=0,hart=0,bytes=16384
L1SPTRACE_CORE_HART,bench=bfs_work_stealing_l1sp_cache,sample=8,core=0,thread=1,hart=1,bytes=16384
L1SPTRACE_CORE_HART,bench=bfs_work_stealing_l1sp_cache,sample=8,core=0,thread=2,hart=2,bytes=16384
L1SPTRACE_CORE_HART,bench=bfs_work_stealing_l1sp_cache,sample=8,core=0,thread=3,hart=3,bytes=16384
L1SPTRACE_CORE_HART,bench=bfs_work_stealing_l1sp_cache,sample=8,core=0,thread=4,hart=4,bytes=16384
L1SPTRACE_CORE_HART,bench=bfs_work_stealing_l1sp_cache,sample=8,core=0,thread=5,hart=5,bytes=16384
L1SPTRACE_CORE_HART,bench=bfs_work_stealing_l1sp_cache,sample=8,core=0,thread=6,hart=6,bytes=16384
L1SPTRACE_CORE_HART,bench=bfs_work_stealing_l1sp_cache,sample=8,core=0,thread=7,hart=7,bytes=16384
L1SPTRACE_CORE_HART,bench=bfs_work_stealing_l1sp_cache,sample=8,core=0,thread=8,hart=8,bytes=0
L1SPTRACE_CORE_HART,bench=bfs_work_stealing_l1sp_cache,sample=8,core=0,thread=9,hart=9,bytes=0
L1SPTRACE_CORE_HART,bench=bfs_work_stealing_l1sp_cache,sample=8,core=0,thread=10,hart=10,bytes=0
L1SPTRACE_CORE_HART,bench=bfs_work_stealing_l1sp_cache,sample=8,core=0,thread=11,hart=11,bytes=0
L1SPTRACE_CORE_HART,bench=bfs_work_stealing_l1sp_cache,sample=8,core=0,thread=12,hart=12,bytes=0
L1SPTRACE_CORE_HART,bench=bfs_work_stealing_l1sp_cache,sample=8,core=0,thread=13,hart=13,bytes=0
L1SPTRACE_CORE_HART,bench=bfs_work_stealing_l1sp_cache,sample=8,core=0,thread=14,hart=14,bytes=0
L1SPTRACE_CORE_HART,bench=bfs_work_stealing_l1sp_cache,sample=8,core=0,thread=15,hart=15,bytes=0
L1SPTRACE_GLOBAL,bench=bfs_work_stealing_l1sp_cache,sample=9,phase=post_redistribute,level=2,iter=-1,bytes=524288
L1SPTRACE_CORE_HART,bench=bfs_work_stealing_l1sp_cache,sample=9,core=0,thread=0,hart=0,bytes=16384
L1SPTRACE_CORE_HART,bench=bfs_work_stealing_l1sp_cache,sample=9,core=0,thread=1,hart=1,bytes=16384
L1SPTRACE_CORE_HART,bench=bfs_work_stealing_l1sp_cache,sample=9,core=0,thread=2,hart=2,bytes=16384
L1SPTRACE_CORE_HART,bench=bfs_work_stealing_l1sp_cache,sample=9,core=0,thread=3,hart=3,bytes=16384
L1SPTRACE_CORE_HART,bench=bfs_work_stealing_l1sp_cache,sample=9,core=0,thread=4,hart=4,bytes=16384
L1SPTRACE_CORE_HART,bench=bfs_work_stealing_l1sp_cache,sample=9,core=0,thread=5,hart=5,bytes=16384
L1SPTRACE_CORE_HART,bench=bfs_work_stealing_l1sp_cache,sample=9,core=0,thread=6,hart=6,bytes=16384
L1SPTRACE_CORE_HART,bench=bfs_work_stealing_l1sp_cache,sample=9,core=0,thread=7,hart=7,bytes=16384
L1SPTRACE_CORE_HART,bench=bfs_work_stealing_l1sp_cache,sample=9,core=0,thread=8,hart=8,bytes=0
L1SPTRACE_CORE_HART,bench=bfs_work_stealing_l1sp_cache,sample=9,core=0,thread=9,hart=9,bytes=0
L1SPTRACE_CORE_HART,bench=bfs_work_stealing_l1sp_cache,sample=9,core=0,thread=10,hart=10,bytes=0
L1SPTRACE_CORE_HART,bench=bfs_work_stealing_l1sp_cache,sample=9,core=0,thread=11,hart=11,bytes=0
L1SPTRACE_CORE_HART,bench=bfs_work_stealing_l1sp_cache,sample=9,core=0,thread=12,hart=12,bytes=0
L1SPTRACE_CORE_HART,bench=bfs_work_stealing_l1sp_cache,sample=9,core=0,thread=13,hart=13,bytes=0
L1SPTRACE_CORE_HART,bench=bfs_work_stealing_l1sp_cache,sample=9,core=0,thread=14,hart=14,bytes=0
L1SPTRACE_CORE_HART,bench=bfs_work_stealing_l1sp_cache,sample=9,core=0,thread=15,hart=15,bytes=0
L1SPTRACE_GLOBAL,bench=bfs_work_stealing_l1sp_cache,sample=10,phase=level_begin,level=3,iter=-1,bytes=524288
L1SPTRACE_CORE_HART,bench=bfs_work_stealing_l1sp_cache,sample=10,core=0,thread=0,hart=0,bytes=16384
L1SPTRACE_CORE_HART,bench=bfs_work_stealing_l1sp_cache,sample=10,core=0,thread=1,hart=1,bytes=16384
L1SPTRACE_CORE_HART,bench=bfs_work_stealing_l1sp_cache,sample=10,core=0,thread=2,hart=2,bytes=16384
L1SPTRACE_CORE_HART,bench=bfs_work_stealing_l1sp_cache,sample=10,core=0,thread=3,hart=3,bytes=16384
L1SPTRACE_CORE_HART,bench=bfs_work_stealing_l1sp_cache,sample=10,core=0,thread=4,hart=4,bytes=16384
L1SPTRACE_CORE_HART,bench=bfs_work_stealing_l1sp_cache,sample=10,core=0,thread=5,hart=5,bytes=16384
L1SPTRACE_CORE_HART,bench=bfs_work_stealing_l1sp_cache,sample=10,core=0,thread=6,hart=6,bytes=16384
L1SPTRACE_CORE_HART,bench=bfs_work_stealing_l1sp_cache,sample=10,core=0,thread=7,hart=7,bytes=16384
L1SPTRACE_CORE_HART,bench=bfs_work_stealing_l1sp_cache,sample=10,core=0,thread=8,hart=8,bytes=0
L1SPTRACE_CORE_HART,bench=bfs_work_stealing_l1sp_cache,sample=10,core=0,thread=9,hart=9,bytes=0
L1SPTRACE_CORE_HART,bench=bfs_work_stealing_l1sp_cache,sample=10,core=0,thread=10,hart=10,bytes=0
L1SPTRACE_CORE_HART,bench=bfs_work_stealing_l1sp_cache,sample=10,core=0,thread=11,hart=11,bytes=0
L1SPTRACE_CORE_HART,bench=bfs_work_stealing_l1sp_cache,sample=10,core=0,thread=12,hart=12,bytes=0
L1SPTRACE_CORE_HART,bench=bfs_work_stealing_l1sp_cache,sample=10,core=0,thread=13,hart=13,bytes=0
L1SPTRACE_CORE_HART,bench=bfs_work_stealing_l1sp_cache,sample=10,core=0,thread=14,hart=14,bytes=0
L1SPTRACE_CORE_HART,bench=bfs_work_stealing_l1sp_cache,sample=10,core=0,thread=15,hart=15,bytes=0
L1SPTRACE_GLOBAL,bench=bfs_work_stealing_l1sp_cache,sample=11,phase=post_process,level=3,iter=-1,bytes=524288
L1SPTRACE_CORE_HART,bench=bfs_work_stealing_l1sp_cache,sample=11,core=0,thread=0,hart=0,bytes=16384
L1SPTRACE_CORE_HART,bench=bfs_work_stealing_l1sp_cache,sample=11,core=0,thread=1,hart=1,bytes=16384
L1SPTRACE_CORE_HART,bench=bfs_work_stealing_l1sp_cache,sample=11,core=0,thread=2,hart=2,bytes=16384
L1SPTRACE_CORE_HART,bench=bfs_work_stealing_l1sp_cache,sample=11,core=0,thread=3,hart=3,bytes=16384
L1SPTRACE_CORE_HART,bench=bfs_work_stealing_l1sp_cache,sample=11,core=0,thread=4,hart=4,bytes=16384
L1SPTRACE_CORE_HART,bench=bfs_work_stealing_l1sp_cache,sample=11,core=0,thread=5,hart=5,bytes=16384
L1SPTRACE_CORE_HART,bench=bfs_work_stealing_l1sp_cache,sample=11,core=0,thread=6,hart=6,bytes=16384
L1SPTRACE_CORE_HART,bench=bfs_work_stealing_l1sp_cache,sample=11,core=0,thread=7,hart=7,bytes=16384
L1SPTRACE_CORE_HART,bench=bfs_work_stealing_l1sp_cache,sample=11,core=0,thread=8,hart=8,bytes=0
L1SPTRACE_CORE_HART,bench=bfs_work_stealing_l1sp_cache,sample=11,core=0,thread=9,hart=9,bytes=0
L1SPTRACE_CORE_HART,bench=bfs_work_stealing_l1sp_cache,sample=11,core=0,thread=10,hart=10,bytes=0
L1SPTRACE_CORE_HART,bench=bfs_work_stealing_l1sp_cache,sample=11,core=0,thread=11,hart=11,bytes=0
L1SPTRACE_CORE_HART,bench=bfs_work_stealing_l1sp_cache,sample=11,core=0,thread=12,hart=12,bytes=0
L1SPTRACE_CORE_HART,bench=bfs_work_stealing_l1sp_cache,sample=11,core=0,thread=13,hart=13,bytes=0
L1SPTRACE_CORE_HART,bench=bfs_work_stealing_l1sp_cache,sample=11,core=0,thread=14,hart=14,bytes=0
L1SPTRACE_CORE_HART,bench=bfs_work_stealing_l1sp_cache,sample=11,core=0,thread=15,hart=15,bytes=0
L1SPTRACE_GLOBAL,bench=bfs_work_stealing_l1sp_cache,sample=12,phase=post_redistribute,level=3,iter=-1,bytes=524288
L1SPTRACE_CORE_HART,bench=bfs_work_stealing_l1sp_cache,sample=12,core=0,thread=0,hart=0,bytes=16384
L1SPTRACE_CORE_HART,bench=bfs_work_stealing_l1sp_cache,sample=12,core=0,thread=1,hart=1,bytes=16384
L1SPTRACE_CORE_HART,bench=bfs_work_stealing_l1sp_cache,sample=12,core=0,thread=2,hart=2,bytes=16384
L1SPTRACE_CORE_HART,bench=bfs_work_stealing_l1sp_cache,sample=12,core=0,thread=3,hart=3,bytes=16384
L1SPTRACE_CORE_HART,bench=bfs_work_stealing_l1sp_cache,sample=12,core=0,thread=4,hart=4,bytes=16384
L1SPTRACE_CORE_HART,bench=bfs_work_stealing_l1sp_cache,sample=12,core=0,thread=5,hart=5,bytes=16384
L1SPTRACE_CORE_HART,bench=bfs_work_stealing_l1sp_cache,sample=12,core=0,thread=6,hart=6,bytes=16384
L1SPTRACE_CORE_HART,bench=bfs_work_stealing_l1sp_cache,sample=12,core=0,thread=7,hart=7,bytes=16384
L1SPTRACE_CORE_HART,bench=bfs_work_stealing_l1sp_cache,sample=12,core=0,thread=8,hart=8,bytes=0
L1SPTRACE_CORE_HART,bench=bfs_work_stealing_l1sp_cache,sample=12,core=0,thread=9,hart=9,bytes=0
L1SPTRACE_CORE_HART,bench=bfs_work_stealing_l1sp_cache,sample=12,core=0,thread=10,hart=10,bytes=0
L1SPTRACE_CORE_HART,bench=bfs_work_stealing_l1sp_cache,sample=12,core=0,thread=11,hart=11,bytes=0
L1SPTRACE_CORE_HART,bench=bfs_work_stealing_l1sp_cache,sample=12,core=0,thread=12,hart=12,bytes=0
L1SPTRACE_CORE_HART,bench=bfs_work_stealing_l1sp_cache,sample=12,core=0,thread=13,hart=13,bytes=0
L1SPTRACE_CORE_HART,bench=bfs_work_stealing_l1sp_cache,sample=12,core=0,thread=14,hart=14,bytes=0
L1SPTRACE_CORE_HART,bench=bfs_work_stealing_l1sp_cache,sample=12,core=0,thread=15,hart=15,bytes=0
L1SPTRACE_GLOBAL,bench=bfs_work_stealing_l1sp_cache,sample=13,phase=final,level=4,iter=-1,bytes=524288
L1SPTRACE_CORE_HART,bench=bfs_work_stealing_l1sp_cache,sample=13,core=0,thread=0,hart=0,bytes=16384
L1SPTRACE_CORE_HART,bench=bfs_work_stealing_l1sp_cache,sample=13,core=0,thread=1,hart=1,bytes=16384
L1SPTRACE_CORE_HART,bench=bfs_work_stealing_l1sp_cache,sample=13,core=0,thread=2,hart=2,bytes=16384
L1SPTRACE_CORE_HART,bench=bfs_work_stealing_l1sp_cache,sample=13,core=0,thread=3,hart=3,bytes=16384
L1SPTRACE_CORE_HART,bench=bfs_work_stealing_l1sp_cache,sample=13,core=0,thread=4,hart=4,bytes=16384
L1SPTRACE_CORE_HART,bench=bfs_work_stealing_l1sp_cache,sample=13,core=0,thread=5,hart=5,bytes=16384
L1SPTRACE_CORE_HART,bench=bfs_work_stealing_l1sp_cache,sample=13,core=0,thread=6,hart=6,bytes=16384
L1SPTRACE_CORE_HART,bench=bfs_work_stealing_l1sp_cache,sample=13,core=0,thread=7,hart=7,bytes=16384
L1SPTRACE_CORE_HART,bench=bfs_work_stealing_l1sp_cache,sample=13,core=0,thread=8,hart=8,bytes=0
L1SPTRACE_CORE_HART,bench=bfs_work_stealing_l1sp_cache,sample=13,core=0,thread=9,hart=9,bytes=0
L1SPTRACE_CORE_HART,bench=bfs_work_stealing_l1sp_cache,sample=13,core=0,thread=10,hart=10,bytes=0
L1SPTRACE_CORE_HART,bench=bfs_work_stealing_l1sp_cache,sample=13,core=0,thread=11,hart=11,bytes=0
L1SPTRACE_CORE_HART,bench=bfs_work_stealing_l1sp_cache,sample=13,core=0,thread=12,hart=12,bytes=0
L1SPTRACE_CORE_HART,bench=bfs_work_stealing_l1sp_cache,sample=13,core=0,thread=13,hart=13,bytes=0
L1SPTRACE_CORE_HART,bench=bfs_work_stealing_l1sp_cache,sample=13,core=0,thread=14,hart=14,bytes=0
L1SPTRACE_CORE_HART,bench=bfs_work_stealing_l1sp_cache,sample=13,core=0,thread=15,hart=15,bytes=0
L1SPTRACE_HART,bench=bfs_work_stealing_l1sp_cache,hart=0,core=0,thread=0,bytes=16384
L1SPTRACE_HART,bench=bfs_work_stealing_l1sp_cache,hart=1,core=0,thread=1,bytes=16384
L1SPTRACE_HART,bench=bfs_work_stealing_l1sp_cache,hart=2,core=0,thread=2,bytes=16384
L1SPTRACE_HART,bench=bfs_work_stealing_l1sp_cache,hart=3,core=0,thread=3,bytes=16384
L1SPTRACE_HART,bench=bfs_work_stealing_l1sp_cache,hart=4,core=0,thread=4,bytes=16384
L1SPTRACE_HART,bench=bfs_work_stealing_l1sp_cache,hart=5,core=0,thread=5,bytes=16384
L1SPTRACE_HART,bench=bfs_work_stealing_l1sp_cache,hart=6,core=0,thread=6,bytes=16384
L1SPTRACE_HART,bench=bfs_work_stealing_l1sp_cache,hart=7,core=0,thread=7,bytes=16384
L1SPTRACE_HART,bench=bfs_work_stealing_l1sp_cache,hart=8,core=0,thread=8,bytes=0
L1SPTRACE_HART,bench=bfs_work_stealing_l1sp_cache,hart=9,core=0,thread=9,bytes=0
L1SPTRACE_HART,bench=bfs_work_stealing_l1sp_cache,hart=10,core=0,thread=10,bytes=0
L1SPTRACE_HART,bench=bfs_work_stealing_l1sp_cache,hart=11,core=0,thread=11,bytes=0
L1SPTRACE_HART,bench=bfs_work_stealing_l1sp_cache,hart=12,core=0,thread=12,bytes=0
L1SPTRACE_HART,bench=bfs_work_stealing_l1sp_cache,hart=13,core=0,thread=13,bytes=0
L1SPTRACE_HART,bench=bfs_work_stealing_l1sp_cache,hart=14,core=0,thread=14,bytes=0
L1SPTRACE_HART,bench=bfs_work_stealing_l1sp_cache,hart=15,core=0,thread=15,bytes=0
L1SPTRACE_HART,bench=bfs_work_stealing_l1sp_cache,hart=16,core=1,thread=0,bytes=16384
L1SPTRACE_HART,bench=bfs_work_stealing_l1sp_cache,hart=17,core=1,thread=1,bytes=16384
L1SPTRACE_HART,bench=bfs_work_stealing_l1sp_cache,hart=18,core=1,thread=2,bytes=16384
L1SPTRACE_HART,bench=bfs_work_stealing_l1sp_cache,hart=19,core=1,thread=3,bytes=16384
L1SPTRACE_HART,bench=bfs_work_stealing_l1sp_cache,hart=20,core=1,thread=4,bytes=16384
L1SPTRACE_HART,bench=bfs_work_stealing_l1sp_cache,hart=21,core=1,thread=5,bytes=16384
L1SPTRACE_HART,bench=bfs_work_stealing_l1sp_cache,hart=22,core=1,thread=6,bytes=16384
L1SPTRACE_HART,bench=bfs_work_stealing_l1sp_cache,hart=23,core=1,thread=7,bytes=16384
L1SPTRACE_HART,bench=bfs_work_stealing_l1sp_cache,hart=24,core=1,thread=8,bytes=0
L1SPTRACE_HART,bench=bfs_work_stealing_l1sp_cache,hart=25,core=1,thread=9,bytes=0
L1SPTRACE_HART,bench=bfs_work_stealing_l1sp_cache,hart=26,core=1,thread=10,bytes=0
L1SPTRACE_HART,bench=bfs_work_stealing_l1sp_cache,hart=27,core=1,thread=11,bytes=0
L1SPTRACE_HART,bench=bfs_work_stealing_l1sp_cache,hart=28,core=1,thread=12,bytes=0
L1SPTRACE_HART,bench=bfs_work_stealing_l1sp_cache,hart=29,core=1,thread=13,bytes=0
L1SPTRACE_HART,bench=bfs_work_stealing_l1sp_cache,hart=30,core=1,thread=14,bytes=0
L1SPTRACE_HART,bench=bfs_work_stealing_l1sp_cache,hart=31,core=1,thread=15,bytes=0
L1SPTRACE_HART,bench=bfs_work_stealing_l1sp_cache,hart=32,core=2,thread=0,bytes=16384
L1SPTRACE_HART,bench=bfs_work_stealing_l1sp_cache,hart=33,core=2,thread=1,bytes=16384
L1SPTRACE_HART,bench=bfs_work_stealing_l1sp_cache,hart=34,core=2,thread=2,bytes=16384
L1SPTRACE_HART,bench=bfs_work_stealing_l1sp_cache,hart=35,core=2,thread=3,bytes=16384
L1SPTRACE_HART,bench=bfs_work_stealing_l1sp_cache,hart=36,core=2,thread=4,bytes=16384
L1SPTRACE_HART,bench=bfs_work_stealing_l1sp_cache,hart=37,core=2,thread=5,bytes=16384
L1SPTRACE_HART,bench=bfs_work_stealing_l1sp_cache,hart=38,core=2,thread=6,bytes=16384
L1SPTRACE_HART,bench=bfs_work_stealing_l1sp_cache,hart=39,core=2,thread=7,bytes=16384
L1SPTRACE_HART,bench=bfs_work_stealing_l1sp_cache,hart=40,core=2,thread=8,bytes=0
L1SPTRACE_HART,bench=bfs_work_stealing_l1sp_cache,hart=41,core=2,thread=9,bytes=0
L1SPTRACE_HART,bench=bfs_work_stealing_l1sp_cache,hart=42,core=2,thread=10,bytes=0
L1SPTRACE_HART,bench=bfs_work_stealing_l1sp_cache,hart=43,core=2,thread=11,bytes=0
L1SPTRACE_HART,bench=bfs_work_stealing_l1sp_cache,hart=44,core=2,thread=12,bytes=0
L1SPTRACE_HART,bench=bfs_work_stealing_l1sp_cache,hart=45,core=2,thread=13,bytes=0
L1SPTRACE_HART,bench=bfs_work_stealing_l1sp_cache,hart=46,core=2,thread=14,bytes=0
L1SPTRACE_HART,bench=bfs_work_stealing_l1sp_cache,hart=47,core=2,thread=15,bytes=0
L1SPTRACE_HART,bench=bfs_work_stealing_l1sp_cache,hart=48,core=3,thread=0,bytes=16384
L1SPTRACE_HART,bench=bfs_work_stealing_l1sp_cache,hart=49,core=3,thread=1,bytes=16384
L1SPTRACE_HART,bench=bfs_work_stealing_l1sp_cache,hart=50,core=3,thread=2,bytes=16384
L1SPTRACE_HART,bench=bfs_work_stealing_l1sp_cache,hart=51,core=3,thread=3,bytes=16384
L1SPTRACE_HART,bench=bfs_work_stealing_l1sp_cache,hart=52,core=3,thread=4,bytes=16384
L1SPTRACE_HART,bench=bfs_work_stealing_l1sp_cache,hart=53,core=3,thread=5,bytes=16384
L1SPTRACE_HART,bench=bfs_work_stealing_l1sp_cache,hart=54,core=3,thread=6,bytes=16384
L1SPTRACE_HART,bench=bfs_work_stealing_l1sp_cache,hart=55,core=3,thread=7,bytes=16384
L1SPTRACE_HART,bench=bfs_work_stealing_l1sp_cache,hart=56,core=3,thread=8,bytes=0
L1SPTRACE_HART,bench=bfs_work_stealing_l1sp_cache,hart=57,core=3,thread=9,bytes=0
L1SPTRACE_HART,bench=bfs_work_stealing_l1sp_cache,hart=58,core=3,thread=10,bytes=0
L1SPTRACE_HART,bench=bfs_work_stealing_l1sp_cache,hart=59,core=3,thread=11,bytes=0
L1SPTRACE_HART,bench=bfs_work_stealing_l1sp_cache,hart=60,core=3,thread=12,bytes=0
L1SPTRACE_HART,bench=bfs_work_stealing_l1sp_cache,hart=61,core=3,thread=13,bytes=0
L1SPTRACE_HART,bench=bfs_work_stealing_l1sp_cache,hart=62,core=3,thread=14,bytes=0
L1SPTRACE_HART,bench=bfs_work_stealing_l1sp_cache,hart=63,core=3,thread=15,bytes=0
L1SPTRACE_DUMP_END,bench=bfs_work_stealing_l1sp_cache
WQSNAP_DUMP_BEGIN,bench=bfs_work_stealing_l1sp_cache,cores=4,snaps=0,capacity=4096
WQSNAP_DUMP_END,bench=bfs_work_stealing_l1sp_cache
L1SPSNAP_DUMP_BEGIN,bench=bfs_work_stealing_l1sp_cache,cores=4,harts_per_core=16,harts=64,snaps=0
L1SPSNAP_DUMP_END,bench=bfs_work_stealing_l1sp_cache
