WQTRACE_DUMP_BEGIN,bench=work_stealing_benchmark,cores=32,samples=79,dropped=0
WQTRACE,bench=work_stealing_benchmark,cores=32,sample=0,phase=runtime,level=-1,iter=-1,queue=core,depths=1|2|1|2|1|2|1|2|1|2|1|2|1|2|1|2|1|2|1|2|1|2|1|2|1|2|1|2|1|2|1|2
WQTRACE,bench=work_stealing_benchmark,cores=32,sample=1,phase=runtime,level=-1,iter=-1,queue=core,depths=1|1|0|0|1|0|0|0|0|0|0|0|0|0|0|0|0|0|0|1|0|1|0|0|0|0|0|0|0|0|0|0
WQTRACE,bench=work_stealing_benchmark,cores=32,sample=2,phase=runtime,level=-1,iter=-1,queue=core,depths=0|0|0|0|0|0|0|0|0|0|0|0|0|0|0|0|0|0|0|0|0|1|0|0|0|0|0|0|0|0|0|0
WQTRACE,bench=work_stealing_benchmark,cores=32,sample=3,phase=runtime,level=-1,iter=-1,queue=core,depths=0|0|0|0|0|0|0|0|0|0|0|0|0|0|0|0|0|0|0|0|0|0|0|0|0|0|0|0|0|0|0|0
WQTRACE,bench=work_stealing_benchmark,cores=32,sample=4,phase=runtime,level=-1,iter=-1,queue=core,depths=0|0|0|0|0|0|0|0|0|0|0|0|0|0|0|0|0|0|0|0|0|0|0|0|0|0|0|0|0|0|0|0
WQTRACE,bench=work_stealing_benchmark,cores=32,sample=5,phase=runtime,level=-1,iter=-1,queue=core,depths=0|0|0|0|0|0|0|0|0|0|0|0|0|0|0|0|0|0|0|0|0|0|0|0|0|0|0|0|0|0|0|0
WQTRACE,bench=work_stealing_benchmark,cores=32,sample=6,phase=runtime,level=-1,iter=-1,queue=core,depths=0|0|0|0|0|0|0|0|0|0|0|0|0|0|0|0|0|0|0|0|0|0|0|0|0|0|0|0|0|0|0|0
WQTRACE,bench=work_stealing_benchmark,cores=32,sample=7,phase=runtime,level=-1,iter=-1,queue=core,depths=0|0|0|0|0|0|0|0|0|0|0|0|0|0|0|0|0|0|0|0|0|0|0|0|0|0|0|0|0|0|0|0
WQTRACE,bench=work_stealing_benchmark,cores=32,sample=8,phase=runtime,level=-1,iter=-1,queue=core,depths=0|0|0|0|0|0|0|0|0|0|0|0|0|0|0|0|0|0|0|0|0|0|0|0|0|0|0|0|0|0|0|0
WQTRACE,bench=work_stealing_benchmark,cores=32,sample=9,phase=runtime,level=-1,iter=-1,queue=core,depths=0|0|0|0|0|0|0|0|0|0|0|0|0|0|0|0|0|0|0|0|0|0|0|0|0|0|0|0|0|0|0|0
WQTRACE,bench=work_stealing_benchmark,cores=32,sample=10,phase=runtime,level=-1,iter=-1,queue=core,depths=0|0|0|0|0|0|0|0|0|0|0|0|0|0|0|0|0|0|0|0|0|0|0|0|0|0|0|0|0|0|0|0
WQTRACE,bench=work_stealing_benchmark,cores=32,sample=11,phase=runtime,level=-1,iter=-1,queue=core,depths=0|0|0|0|0|0|0|0|0|0|0|0|0|0|0|0|0|0|0|0|0|0|0|0|0|0|0|0|0|0|0|0
WQTRACE,bench=work_stealing_benchmark,cores=32,sample=12,phase=runtime,level=-1,iter=-1,queue=core,depths=0|0|0|0|0|0|0|0|0|0|0|0|0|0|0|0|0|0|0|0|0|0|0|0|0|0|0|0|0|0|0|0
WQTRACE,bench=work_stealing_benchmark,cores=32,sample=13,phase=runtime,level=-1,iter=-1,queue=core,depths=0|0|0|0|0|0|0|0|0|0|0|0|0|0|0|0|0|0|0|0|0|0|0|0|0|0|0|0|0|0|0|0
WQTRACE,bench=work_stealing_benchmark,cores=32,sample=14,phase=runtime,level=-1,iter=-1,queue=core,depths=0|0|0|0|0|0|0|0|0|0|0|0|0|0|0|0|0|0|0|0|0|0|0|0|0|0|0|0|0|0|0|0
WQTRACE,bench=work_stealing_benchmark,cores=32,sample=15,phase=runtime,level=-1,iter=-1,queue=core,depths=0|0|0|0|0|0|0|0|0|0|0|0|0|0|0|0|0|0|0|0|0|0|0|0|0|0|0|0|0|0|0|0
WQTRACE,bench=work_stealing_benchmark,cores=32,sample=16,phase=runtime,level=-1,iter=-1,queue=core,depths=0|0|0|0|0|0|0|0|0|0|0|0|0|0|0|0|0|0|0|0|0|0|0|0|0|0|0|0|0|0|0|0
WQTRACE,bench=work_stealing_benchmark,cores=32,sample=17,phase=runtime,level=-1,iter=-1,queue=core,depths=0|0|0|0|0|0|0|0|0|0|0|0|0|0|0|0|0|0|0|0|0|0|0|0|0|0|0|0|0|0|0|0
WQTRACE,bench=work_stealing_benchmark,cores=32,sample=18,phase=runtime,level=-1,iter=-1,queue=core,depths=0|0|0|0|0|0|0|0|0|0|0|0|0|0|0|0|0|0|0|0|0|0|0|0|0|0|0|0|0|0|0|0
WQTRACE,bench=work_stealing_benchmark,cores=32,sample=19,phase=runtime,level=-1,iter=-1,queue=core,depths=0|0|0|0|0|0|0|0|0|0|0|0|0|0|0|0|0|0|0|0|0|0|0|0|0|0|0|0|0|0|0|0
WQTRACE,bench=work_stealing_benchmark,cores=32,sample=20,phase=runtime,level=-1,iter=-1,queue=core,depths=0|0|0|0|0|0|0|0|0|0|0|0|0|0|0|0|0|0|0|0|0|0|0|0|0|0|0|0|0|0|0|0
WQTRACE,bench=work_stealing_benchmark,cores=32,sample=21,phase=runtime,level=-1,iter=-1,queue=core,depths=0|0|0|0|0|0|0|0|0|0|0|0|0|0|0|0|0|0|0|0|0|0|0|0|0|0|0|0|0|0|0|0
WQTRACE,bench=work_stealing_benchmark,cores=32,sample=22,phase=runtime,level=-1,iter=-1,queue=core,depths=0|0|0|0|0|0|0|0|0|0|0|0|0|0|0|0|0|0|0|0|0|0|0|0|0|0|0|0|0|0|0|0
WQTRACE,bench=work_stealing_benchmark,cores=32,sample=23,phase=runtime,level=-1,iter=-1,queue=core,depths=0|0|0|0|0|0|0|0|0|0|0|0|0|0|0|0|0|0|0|0|0|0|0|0|0|0|0|0|0|0|0|0
WQTRACE,bench=work_stealing_benchmark,cores=32,sample=24,phase=runtime,level=-1,iter=-1,queue=core,depths=0|0|0|0|0|0|0|0|0|0|0|0|0|0|0|0|0|0|0|0|0|0|0|0|0|0|0|0|0|0|0|0
WQTRACE,bench=work_stealing_benchmark,cores=32,sample=25,phase=runtime,level=-1,iter=-1,queue=core,depths=0|0|0|0|0|0|0|0|0|0|0|0|0|0|0|0|0|0|0|0|0|0|0|0|0|0|0|0|0|0|0|0
WQTRACE,bench=work_stealing_benchmark,cores=32,sample=26,phase=runtime,level=-1,iter=-1,queue=core,depths=0|0|0|0|0|0|0|0|0|0|0|0|0|0|0|0|0|0|0|0|0|0|0|0|0|0|0|0|0|0|0|0
WQTRACE,bench=work_stealing_benchmark,cores=32,sample=27,phase=runtime,level=-1,iter=-1,queue=core,depths=0|0|0|0|0|0|0|0|0|0|0|0|0|0|0|0|0|0|0|0|0|0|0|0|0|0|0|0|0|0|0|0
WQTRACE,bench=work_stealing_benchmark,cores=32,sample=28,phase=runtime,level=-1,iter=-1,queue=core,depths=0|0|0|0|0|0|0|0|0|0|0|0|0|0|0|0|0|0|0|0|0|0|0|0|0|0|0|0|0|0|0|0
WQTRACE,bench=work_stealing_benchmark,cores=32,sample=29,phase=runtime,level=-1,iter=-1,queue=core,depths=0|0|0|0|0|0|0|0|0|0|0|0|0|0|0|0|0|0|0|0|0|0|0|0|0|0|0|0|0|0|0|0
WQTRACE,bench=work_stealing_benchmark,cores=32,sample=30,phase=runtime,level=-1,iter=-1,queue=core,depths=0|0|0|0|0|0|0|0|0|0|0|0|0|0|0|0|0|0|0|0|0|0|0|0|0|0|0|0|0|0|0|0
WQTRACE,bench=work_stealing_benchmark,cores=32,sample=31,phase=runtime,level=-1,iter=-1,queue=core,depths=0|0|0|0|0|0|0|0|0|0|0|0|0|0|0|0|0|0|0|0|0|0|0|0|0|0|0|0|0|0|0|0
WQTRACE,bench=work_stealing_benchmark,cores=32,sample=32,phase=runtime,level=-1,iter=-1,queue=core,depths=0|0|0|0|0|0|0|0|0|0|0|0|0|0|0|0|0|0|0|0|0|0|0|0|0|0|0|0|0|0|0|0
WQTRACE,bench=work_stealing_benchmark,cores=32,sample=33,phase=runtime,level=-1,iter=-1,queue=core,depths=0|0|0|0|0|0|0|0|0|0|0|0|0|0|0|0|0|0|0|0|0|0|0|0|0|0|0|0|0|0|0|0
WQTRACE,bench=work_stealing_benchmark,cores=32,sample=34,phase=runtime,level=-1,iter=-1,queue=core,depths=0|0|0|0|0|0|0|0|0|0|0|0|0|0|0|0|0|0|0|0|0|0|0|0|0|0|0|0|0|0|0|0
WQTRACE,bench=work_stealing_benchmark,cores=32,sample=35,phase=runtime,level=-1,iter=-1,queue=core,depths=0|0|0|0|0|0|0|0|0|0|0|0|0|0|0|0|0|0|0|0|0|0|0|0|0|0|0|0|0|0|0|0
WQTRACE,bench=work_stealing_benchmark,cores=32,sample=36,phase=runtime,level=-1,iter=-1,queue=core,depths=0|0|0|0|0|0|0|0|0|0|0|0|0|0|0|0|0|0|0|0|0|0|0|0|0|0|0|0|0|0|0|0
WQTRACE,bench=work_stealing_benchmark,cores=32,sample=37,phase=runtime,level=-1,iter=-1,queue=core,depths=0|0|0|0|0|0|0|0|0|0|0|0|0|0|0|0|0|0|0|0|0|0|0|0|0|0|0|0|0|0|0|0
WQTRACE,bench=work_stealing_benchmark,cores=32,sample=38,phase=runtime,level=-1,iter=-1,queue=core,depths=0|0|0|0|0|0|0|0|0|0|0|0|0|0|0|0|0|0|0|0|0|0|0|0|0|0|0|0|0|0|0|0
WQTRACE,bench=work_stealing_benchmark,cores=32,sample=39,phase=runtime,level=-1,iter=-1,queue=core,depths=0|0|0|0|0|0|0|0|0|0|0|0|0|0|0|0|0|0|0|0|0|0|0|0|0|0|0|0|0|0|0|0
WQTRACE,bench=work_stealing_benchmark,cores=32,sample=40,phase=runtime,level=-1,iter=-1,queue=core,depths=0|0|0|0|0|0|0|0|0|0|0|0|0|0|0|0|0|0|0|0|0|0|0|0|0|0|0|0|0|0|0|0
WQTRACE,bench=work_stealing_benchmark,cores=32,sample=41,phase=runtime,level=-1,iter=-1,queue=core,depths=0|0|0|0|0|0|0|0|0|0|0|0|0|0|0|0|0|0|0|0|0|0|0|0|0|0|0|0|0|0|0|0
WQTRACE,bench=work_stealing_benchmark,cores=32,sample=42,phase=runtime,level=-1,iter=-1,queue=core,depths=0|0|0|0|0|0|0|0|0|0|0|0|0|0|0|0|0|0|0|0|0|0|0|0|0|0|0|0|0|0|0|0
WQTRACE,bench=work_stealing_benchmark,cores=32,sample=43,phase=runtime,level=-1,iter=-1,queue=core,depths=0|0|0|0|0|0|0|0|0|0|0|0|0|0|0|0|0|0|0|0|0|0|0|0|0|0|0|0|0|0|0|0
WQTRACE,bench=work_stealing_benchmark,cores=32,sample=44,phase=runtime,level=-1,iter=-1,queue=core,depths=0|0|0|0|0|0|0|0|0|0|0|0|0|0|0|0|0|0|0|0|0|0|0|0|0|0|0|0|0|0|0|0
WQTRACE,bench=work_stealing_benchmark,cores=32,sample=45,phase=runtime,level=-1,iter=-1,queue=core,depths=0|0|0|0|0|0|0|0|0|0|0|0|0|0|0|0|0|0|0|0|0|0|0|0|0|0|0|0|0|0|0|0
WQTRACE,bench=work_stealing_benchmark,cores=32,sample=46,phase=runtime,level=-1,iter=-1,queue=core,depths=0|0|0|0|0|0|0|0|0|0|0|0|0|0|0|0|0|0|0|0|0|0|0|0|0|0|0|0|0|0|0|0
WQTRACE,bench=work_stealing_benchmark,cores=32,sample=47,phase=runtime,level=-1,iter=-1,queue=core,depths=0|0|0|0|0|0|0|0|0|0|0|0|0|0|0|0|0|0|0|0|0|0|0|0|0|0|0|0|0|0|0|0
WQTRACE,bench=work_stealing_benchmark,cores=32,sample=48,phase=runtime,level=-1,iter=-1,queue=core,depths=0|0|0|0|0|0|0|0|0|0|0|0|0|0|0|0|0|0|0|0|0|0|0|0|0|0|0|0|0|0|0|0
WQTRACE,bench=work_stealing_benchmark,cores=32,sample=49,phase=runtime,level=-1,iter=-1,queue=core,depths=0|0|0|0|0|0|0|0|0|0|0|0|0|0|0|0|0|0|0|0|0|0|0|0|0|0|0|0|0|0|0|0
WQTRACE,bench=work_stealing_benchmark,cores=32,sample=50,phase=runtime,level=-1,iter=-1,queue=core,depths=0|0|0|0|0|0|0|0|0|0|0|0|0|0|0|0|0|0|0|0|0|0|0|0|0|0|0|0|0|0|0|0
WQTRACE,bench=work_stealing_benchmark,cores=32,sample=51,phase=runtime,level=-1,iter=-1,queue=core,depths=0|0|0|0|0|0|0|0|0|0|0|0|0|0|0|0|0|0|0|0|0|0|0|0|0|0|0|0|0|0|0|0
WQTRACE,bench=work_stealing_benchmark,cores=32,sample=52,phase=runtime,level=-1,iter=-1,queue=core,depths=0|0|0|0|0|0|0|0|0|0|0|0|0|0|0|0|0|0|0|0|0|0|0|0|0|0|0|0|0|0|0|0
WQTRACE,bench=work_stealing_benchmark,cores=32,sample=53,phase=runtime,level=-1,iter=-1,queue=core,depths=0|0|0|0|0|0|0|0|0|0|0|0|0|0|0|0|0|0|0|0|0|0|0|0|0|0|0|0|0|0|0|0
WQTRACE,bench=work_stealing_benchmark,cores=32,sample=54,phase=runtime,level=-1,iter=-1,queue=core,depths=0|0|0|0|0|0|0|0|0|0|0|0|0|0|0|0|0|0|0|0|0|0|0|0|0|0|0|0|0|0|0|0
WQTRACE,bench=work_stealing_benchmark,cores=32,sample=55,phase=runtime,level=-1,iter=-1,queue=core,depths=0|0|0|0|0|0|0|0|0|0|0|0|0|0|0|0|0|0|0|0|0|0|0|0|0|0|0|0|0|0|0|0
WQTRACE,bench=work_stealing_benchmark,cores=32,sample=56,phase=runtime,level=-1,iter=-1,queue=core,depths=0|0|0|0|0|0|0|0|0|0|0|0|0|0|0|0|0|0|0|0|0|0|0|0|0|0|0|0|0|0|0|0
WQTRACE,bench=work_stealing_benchmark,cores=32,sample=57,phase=runtime,level=-1,iter=-1,queue=core,depths=0|0|0|0|0|0|0|0|0|0|0|0|0|0|0|0|0|0|0|0|0|0|0|0|0|0|0|0|0|0|0|0
WQTRACE,bench=work_stealing_benchmark,cores=32,sample=58,phase=runtime,level=-1,iter=-1,queue=core,depths=0|0|0|0|0|0|0|0|0|0|0|0|0|0|0|0|0|0|0|0|0|0|0|0|0|0|0|0|0|0|0|0
WQTRACE,bench=work_stealing_benchmark,cores=32,sample=59,phase=runtime,level=-1,iter=-1,queue=core,depths=0|0|0|0|0|0|0|0|0|0|0|0|0|0|0|0|0|0|0|0|0|0|0|0|0|0|0|0|0|0|0|0
WQTRACE,bench=work_stealing_benchmark,cores=32,sample=60,phase=runtime,level=-1,iter=-1,queue=core,depths=0|0|0|0|0|0|0|0|0|0|0|0|0|0|0|0|0|0|0|0|0|0|0|0|0|0|0|0|0|0|0|0
WQTRACE,bench=work_stealing_benchmark,cores=32,sample=61,phase=runtime,level=-1,iter=-1,queue=core,depths=0|0|0|0|0|0|0|0|0|0|0|0|0|0|0|0|0|0|0|0|0|0|0|0|0|0|0|0|0|0|0|0
WQTRACE,bench=work_stealing_benchmark,cores=32,sample=62,phase=runtime,level=-1,iter=-1,queue=core,depths=0|0|0|0|0|0|0|0|0|0|0|0|0|0|0|0|0|0|0|0|0|0|0|0|0|0|0|0|0|0|0|0
WQTRACE,bench=work_stealing_benchmark,cores=32,sample=63,phase=runtime,level=-1,iter=-1,queue=core,depths=0|0|0|0|0|0|0|0|0|0|0|0|0|0|0|0|0|0|0|0|0|0|0|0|0|0|0|0|0|0|0|0
WQTRACE,bench=work_stealing_benchmark,cores=32,sample=64,phase=runtime,level=-1,iter=-1,queue=core,depths=0|0|0|0|0|0|0|0|0|0|0|0|0|0|0|0|0|0|0|0|0|0|0|0|0|0|0|0|0|0|0|0
WQTRACE,bench=work_stealing_benchmark,cores=32,sample=65,phase=runtime,level=-1,iter=-1,queue=core,depths=0|0|0|0|0|0|0|0|0|0|0|0|0|0|0|0|0|0|0|0|0|0|0|0|0|0|0|0|0|0|0|0
WQTRACE,bench=work_stealing_benchmark,cores=32,sample=66,phase=runtime,level=-1,iter=-1,queue=core,depths=0|0|0|0|0|0|0|0|0|0|0|0|0|0|0|0|0|0|0|0|0|0|0|0|0|0|0|0|0|0|0|0
WQTRACE,bench=work_stealing_benchmark,cores=32,sample=67,phase=runtime,level=-1,iter=-1,queue=core,depths=0|0|0|0|0|0|0|0|0|0|0|0|0|0|0|0|0|0|0|0|0|0|0|0|0|0|0|0|0|0|0|0
WQTRACE,bench=work_stealing_benchmark,cores=32,sample=68,phase=runtime,level=-1,iter=-1,queue=core,depths=0|0|0|0|0|0|0|0|0|0|0|0|0|0|0|0|0|0|0|0|0|0|0|0|0|0|0|0|0|0|0|0
WQTRACE,bench=work_stealing_benchmark,cores=32,sample=69,phase=runtime,level=-1,iter=-1,queue=core,depths=0|0|0|0|0|0|0|0|0|0|0|0|0|0|0|0|0|0|0|0|0|0|0|0|0|0|0|0|0|0|0|0
WQTRACE,bench=work_stealing_benchmark,cores=32,sample=70,phase=runtime,level=-1,iter=-1,queue=core,depths=0|0|0|0|0|0|0|0|0|0|0|0|0|0|0|0|0|0|0|0|0|0|0|0|0|0|0|0|0|0|0|0
WQTRACE,bench=work_stealing_benchmark,cores=32,sample=71,phase=runtime,level=-1,iter=-1,queue=core,depths=0|0|0|0|0|0|0|0|0|0|0|0|0|0|0|0|0|0|0|0|0|0|0|0|0|0|0|0|0|0|0|0
WQTRACE,bench=work_stealing_benchmark,cores=32,sample=72,phase=runtime,level=-1,iter=-1,queue=core,depths=0|0|0|0|0|0|0|0|0|0|0|0|0|0|0|0|0|0|0|0|0|0|0|0|0|0|0|0|0|0|0|0
WQTRACE,bench=work_stealing_benchmark,cores=32,sample=73,phase=runtime,level=-1,iter=-1,queue=core,depths=0|0|0|0|0|0|0|0|0|0|0|0|0|0|0|0|0|0|0|0|0|0|0|0|0|0|0|0|0|0|0|0
WQTRACE,bench=work_stealing_benchmark,cores=32,sample=74,phase=runtime,level=-1,iter=-1,queue=core,depths=0|0|0|0|0|0|0|0|0|0|0|0|0|0|0|0|0|0|0|0|0|0|0|0|0|0|0|0|0|0|0|0
WQTRACE,bench=work_stealing_benchmark,cores=32,sample=75,phase=runtime,level=-1,iter=-1,queue=core,depths=0|0|0|0|0|0|0|0|0|0|0|0|0|0|0|0|0|0|0|0|0|0|0|0|0|0|0|0|0|0|0|0
WQTRACE,bench=work_stealing_benchmark,cores=32,sample=76,phase=runtime,level=-1,iter=-1,queue=core,depths=0|0|0|0|0|0|0|0|0|0|0|0|0|0|0|0|0|0|0|0|0|0|0|0|0|0|0|0|0|0|0|0
WQTRACE,bench=work_stealing_benchmark,cores=32,sample=77,phase=runtime,level=-1,iter=-1,queue=core,depths=0|0|0|0|0|0|0|0|0|0|0|0|0|0|0|0|0|0|0|0|0|0|0|0|0|0|0|0|0|0|0|0
WQTRACE,bench=work_stealing_benchmark,cores=32,sample=78,phase=runtime,level=-1,iter=-1,queue=core,depths=0|0|0|0|0|0|0|0|0|0|0|0|0|0|0|0|0|0|0|0|0|0|0|0|0|0|0|0|0|0|0|0
WQTRACE_DUMP_END,bench=work_stealing_benchmark
