WQTRACE_DUMP_BEGIN,bench=bfs_work_stealing,cores=8,samples=14,dropped=0
WQTRACE,bench=bfs_work_stealing,cores=8,sample=0,phase=init,level=0,iter=-1,queue=core,depths=1|0|0|0|0|0|0|0
WQTRACE,bench=bfs_work_stealing,cores=8,sample=1,phase=level_begin,level=0,iter=-1,queue=core,depths=1|0|0|0|0|0|0|0
WQTRACE,bench=bfs_work_stealing,cores=8,sample=2,phase=post_process,level=0,iter=-1,queue=core,depths=0|0|0|0|0|0|0|0
WQTRACE,bench=bfs_work_stealing,cores=8,sample=3,phase=post_redistribute,level=0,iter=-1,queue=core,depths=168|168|168|168|168|167|167|167
WQTRACE,bench=bfs_work_stealing,cores=8,sample=4,phase=level_begin,level=1,iter=-1,queue=core,depths=168|168|168|168|168|167|167|167
WQTRACE,bench=bfs_work_stealing,cores=8,sample=5,phase=post_process,level=1,iter=-1,queue=core,depths=0|0|0|0|0|0|0|0
WQTRACE,bench=bfs_work_stealing,cores=8,sample=6,phase=post_redistribute,level=1,iter=-1,queue=core,depths=246|246|246|246|246|245|245|245
WQTRACE,bench=bfs_work_stealing,cores=8,sample=7,phase=level_begin,level=2,iter=-1,queue=core,depths=246|246|246|246|246|245|245|245
WQTRACE,bench=bfs_work_stealing,cores=8,sample=8,phase=post_process,level=2,iter=-1,queue=core,depths=0|0|0|0|0|0|0|0
WQTRACE,bench=bfs_work_stealing,cores=8,sample=9,phase=post_redistribute,level=2,iter=-1,queue=core,depths=6|5|5|5|5|5|5|5
WQTRACE,bench=bfs_work_stealing,cores=8,sample=10,phase=level_begin,level=3,iter=-1,queue=core,depths=6|5|5|5|5|5|5|5
WQTRACE,bench=bfs_work_stealing,cores=8,sample=11,phase=post_process,level=3,iter=-1,queue=core,depths=0|0|0|0|0|0|0|0
WQTRACE,bench=bfs_work_stealing,cores=8,sample=12,phase=post_redistribute,level=3,iter=-1,queue=core,depths=0|0|0|0|0|0|0|0
WQTRACE,bench=bfs_work_stealing,cores=8,sample=13,phase=final,level=4,iter=-1,queue=core,depths=0|0|0|0|0|0|0|0
WQTRACE_DUMP_END,bench=bfs_work_stealing
L1SPTRACE_DUMP_BEGIN,bench=bfs_work_stealing,cores=8,harts=128,samples=14
L1SPTRACE_CONFIG,bench=bfs_work_stealing,core_bytes=262144,global_bytes=2097152
L1SPTRACE_GLOBAL,bench=bfs_work_stealing,sample=0,phase=init,level=0,iter=-1,bytes=1048576
L1SPTRACE_CORE_HART,bench=bfs_work_stealing,sample=0,core=0,thread=0,hart=0,bytes=16384
L1SPTRACE_CORE_HART,bench=bfs_work_stealing,sample=0,core=0,thread=1,hart=1,bytes=16384
L1SPTRACE_CORE_HART,bench=bfs_work_stealing,sample=0,core=0,thread=2,hart=2,bytes=16384
L1SPTRACE_CORE_HART,bench=bfs_work_stealing,sample=0,core=0,thread=3,hart=3,bytes=16384
L1SPTRACE_CORE_HART,bench=bfs_work_stealing,sample=0,core=0,thread=4,hart=4,bytes=16384
L1SPTRACE_CORE_HART,bench=bfs_work_stealing,sample=0,core=0,thread=5,hart=5,bytes=16384
L1SPTRACE_CORE_HART,bench=bfs_work_stealing,sample=0,core=0,thread=6,hart=6,bytes=16384
L1SPTRACE_CORE_HART,bench=bfs_work_stealing,sample=0,core=0,thread=7,hart=7,bytes=16384
L1SPTRACE_CORE_HART,bench=bfs_work_stealing,sample=0,core=0,thread=8,hart=8,bytes=0
L1SPTRACE_CORE_HART,bench=bfs_work_stealing,sample=0,core=0,thread=9,hart=9,bytes=0
L1SPTRACE_CORE_HART,bench=bfs_work_stealing,sample=0,core=0,thread=10,hart=10,bytes=0
L1SPTRACE_CORE_HART,bench=bfs_work_stealing,sample=0,core=0,thread=11,hart=11,bytes=0
L1SPTRACE_CORE_HART,bench=bfs_work_stealing,sample=0,core=0,thread=12,hart=12,bytes=0
L1SPTRACE_CORE_HART,bench=bfs_work_stealing,sample=0,core=0,thread=13,hart=13,bytes=0
L1SPTRACE_CORE_HART,bench=bfs_work_stealing,sample=0,core=0,thread=14,hart=14,bytes=0
L1SPTRACE_CORE_HART,bench=bfs_work_stealing,sample=0,core=0,thread=15,hart=15,bytes=0
L1SPTRACE_GLOBAL,bench=bfs_work_stealing,sample=1,phase=level_begin,level=0,iter=-1,bytes=1048576
L1SPTRACE_CORE_HART,bench=bfs_work_stealing,sample=1,core=0,thread=0,hart=0,bytes=16384
L1SPTRACE_CORE_HART,bench=bfs_work_stealing,sample=1,core=0,thread=1,hart=1,bytes=16384
L1SPTRACE_CORE_HART,bench=bfs_work_stealing,sample=1,core=0,thread=2,hart=2,bytes=16384
L1SPTRACE_CORE_HART,bench=bfs_work_stealing,sample=1,core=0,thread=3,hart=3,bytes=16384
L1SPTRACE_CORE_HART,bench=bfs_work_stealing,sample=1,core=0,thread=4,hart=4,bytes=16384
L1SPTRACE_CORE_HART,bench=bfs_work_stealing,sample=1,core=0,thread=5,hart=5,bytes=16384
L1SPTRACE_CORE_HART,bench=bfs_work_stealing,sample=1,core=0,thread=6,hart=6,bytes=16384
L1SPTRACE_CORE_HART,bench=bfs_work_stealing,sample=1,core=0,thread=7,hart=7,bytes=16384
L1SPTRACE_CORE_HART,bench=bfs_work_stealing,sample=1,core=0,thread=8,hart=8,bytes=0
L1SPTRACE_CORE_HART,bench=bfs_work_stealing,sample=1,core=0,thread=9,hart=9,bytes=0
L1SPTRACE_CORE_HART,bench=bfs_work_stealing,sample=1,core=0,thread=10,hart=10,bytes=0
L1SPTRACE_CORE_HART,bench=bfs_work_stealing,sample=1,core=0,thread=11,hart=11,bytes=0
L1SPTRACE_CORE_HART,bench=bfs_work_stealing,sample=1,core=0,thread=12,hart=12,bytes=0
L1SPTRACE_CORE_HART,bench=bfs_work_stealing,sample=1,core=0,thread=13,hart=13,bytes=0
L1SPTRACE_CORE_HART,bench=bfs_work_stealing,sample=1,core=0,thread=14,hart=14,bytes=0
L1SPTRACE_CORE_HART,bench=bfs_work_stealing,sample=1,core=0,thread=15,hart=15,bytes=0
L1SPTRACE_GLOBAL,bench=bfs_work_stealing,sample=2,phase=post_process,level=0,iter=-1,bytes=1048576
L1SPTRACE_CORE_HART,bench=bfs_work_stealing,sample=2,core=0,thread=0,hart=0,bytes=16384
L1SPTRACE_CORE_HART,bench=bfs_work_stealing,sample=2,core=0,thread=1,hart=1,bytes=16384
L1SPTRACE_CORE_HART,bench=bfs_work_stealing,sample=2,core=0,thread=2,hart=2,bytes=16384
L1SPTRACE_CORE_HART,bench=bfs_work_stealing,sample=2,core=0,thread=3,hart=3,bytes=16384
L1SPTRACE_CORE_HART,bench=bfs_work_stealing,sample=2,core=0,thread=4,hart=4,bytes=16384
L1SPTRACE_CORE_HART,bench=bfs_work_stealing,sample=2,core=0,thread=5,hart=5,bytes=16384
L1SPTRACE_CORE_HART,bench=bfs_work_stealing,sample=2,core=0,thread=6,hart=6,bytes=16384
L1SPTRACE_CORE_HART,bench=bfs_work_stealing,sample=2,core=0,thread=7,hart=7,bytes=16384
L1SPTRACE_CORE_HART,bench=bfs_work_stealing,sample=2,core=0,thread=8,hart=8,bytes=0
L1SPTRACE_CORE_HART,bench=bfs_work_stealing,sample=2,core=0,thread=9,hart=9,bytes=0
L1SPTRACE_CORE_HART,bench=bfs_work_stealing,sample=2,core=0,thread=10,hart=10,bytes=0
L1SPTRACE_CORE_HART,bench=bfs_work_stealing,sample=2,core=0,thread=11,hart=11,bytes=0
L1SPTRACE_CORE_HART,bench=bfs_work_stealing,sample=2,core=0,thread=12,hart=12,bytes=0
L1SPTRACE_CORE_HART,bench=bfs_work_stealing,sample=2,core=0,thread=13,hart=13,bytes=0
L1SPTRACE_CORE_HART,bench=bfs_work_stealing,sample=2,core=0,thread=14,hart=14,bytes=0
L1SPTRACE_CORE_HART,bench=bfs_work_stealing,sample=2,core=0,thread=15,hart=15,bytes=0
L1SPTRACE_GLOBAL,bench=bfs_work_stealing,sample=3,phase=post_redistribute,level=0,iter=-1,bytes=1048576
L1SPTRACE_CORE_HART,bench=bfs_work_stealing,sample=3,core=0,thread=0,hart=0,bytes=16384
L1SPTRACE_CORE_HART,bench=bfs_work_stealing,sample=3,core=0,thread=1,hart=1,bytes=16384
L1SPTRACE_CORE_HART,bench=bfs_work_stealing,sample=3,core=0,thread=2,hart=2,bytes=16384
L1SPTRACE_CORE_HART,bench=bfs_work_stealing,sample=3,core=0,thread=3,hart=3,bytes=16384
L1SPTRACE_CORE_HART,bench=bfs_work_stealing,sample=3,core=0,thread=4,hart=4,bytes=16384
L1SPTRACE_CORE_HART,bench=bfs_work_stealing,sample=3,core=0,thread=5,hart=5,bytes=16384
L1SPTRACE_CORE_HART,bench=bfs_work_stealing,sample=3,core=0,thread=6,hart=6,bytes=16384
L1SPTRACE_CORE_HART,bench=bfs_work_stealing,sample=3,core=0,thread=7,hart=7,bytes=16384
L1SPTRACE_CORE_HART,bench=bfs_work_stealing,sample=3,core=0,thread=8,hart=8,bytes=0
L1SPTRACE_CORE_HART,bench=bfs_work_stealing,sample=3,core=0,thread=9,hart=9,bytes=0
L1SPTRACE_CORE_HART,bench=bfs_work_stealing,sample=3,core=0,thread=10,hart=10,bytes=0
L1SPTRACE_CORE_HART,bench=bfs_work_stealing,sample=3,core=0,thread=11,hart=11,bytes=0
L1SPTRACE_CORE_HART,bench=bfs_work_stealing,sample=3,core=0,thread=12,hart=12,bytes=0
L1SPTRACE_CORE_HART,bench=bfs_work_stealing,sample=3,core=0,thread=13,hart=13,bytes=0
L1SPTRACE_CORE_HART,bench=bfs_work_stealing,sample=3,core=0,thread=14,hart=14,bytes=0
L1SPTRACE_CORE_HART,bench=bfs_work_stealing,sample=3,core=0,thread=15,hart=15,bytes=0
L1SPTRACE_GLOBAL,bench=bfs_work_stealing,sample=4,phase=level_begin,level=1,iter=-1,bytes=1048576
L1SPTRACE_CORE_HART,bench=bfs_work_stealing,sample=4,core=0,thread=0,hart=0,bytes=16384
L1SPTRACE_CORE_HART,bench=bfs_work_stealing,sample=4,core=0,thread=1,hart=1,bytes=16384
L1SPTRACE_CORE_HART,bench=bfs_work_stealing,sample=4,core=0,thread=2,hart=2,bytes=16384
L1SPTRACE_CORE_HART,bench=bfs_work_stealing,sample=4,core=0,thread=3,hart=3,bytes=16384
L1SPTRACE_CORE_HART,bench=bfs_work_stealing,sample=4,core=0,thread=4,hart=4,bytes=16384
L1SPTRACE_CORE_HART,bench=bfs_work_stealing,sample=4,core=0,thread=5,hart=5,bytes=16384
L1SPTRACE_CORE_HART,bench=bfs_work_stealing,sample=4,core=0,thread=6,hart=6,bytes=16384
L1SPTRACE_CORE_HART,bench=bfs_work_stealing,sample=4,core=0,thread=7,hart=7,bytes=16384
L1SPTRACE_CORE_HART,bench=bfs_work_stealing,sample=4,core=0,thread=8,hart=8,bytes=0
L1SPTRACE_CORE_HART,bench=bfs_work_stealing,sample=4,core=0,thread=9,hart=9,bytes=0
L1SPTRACE_CORE_HART,bench=bfs_work_stealing,sample=4,core=0,thread=10,hart=10,bytes=0
L1SPTRACE_CORE_HART,bench=bfs_work_stealing,sample=4,core=0,thread=11,hart=11,bytes=0
L1SPTRACE_CORE_HART,bench=bfs_work_stealing,sample=4,core=0,thread=12,hart=12,bytes=0
L1SPTRACE_CORE_HART,bench=bfs_work_stealing,sample=4,core=0,thread=13,hart=13,bytes=0
L1SPTRACE_CORE_HART,bench=bfs_work_stealing,sample=4,core=0,thread=14,hart=14,bytes=0
L1SPTRACE_CORE_HART,bench=bfs_work_stealing,sample=4,core=0,thread=15,hart=15,bytes=0
L1SPTRACE_GLOBAL,bench=bfs_work_stealing,sample=5,phase=post_process,level=1,iter=-1,bytes=1048576
L1SPTRACE_CORE_HART,bench=bfs_work_stealing,sample=5,core=0,thread=0,hart=0,bytes=16384
L1SPTRACE_CORE_HART,bench=bfs_work_stealing,sample=5,core=0,thread=1,hart=1,bytes=16384
L1SPTRACE_CORE_HART,bench=bfs_work_stealing,sample=5,core=0,thread=2,hart=2,bytes=16384
L1SPTRACE_CORE_HART,bench=bfs_work_stealing,sample=5,core=0,thread=3,hart=3,bytes=16384
L1SPTRACE_CORE_HART,bench=bfs_work_stealing,sample=5,core=0,thread=4,hart=4,bytes=16384
L1SPTRACE_CORE_HART,bench=bfs_work_stealing,sample=5,core=0,thread=5,hart=5,bytes=16384
L1SPTRACE_CORE_HART,bench=bfs_work_stealing,sample=5,core=0,thread=6,hart=6,bytes=16384
L1SPTRACE_CORE_HART,bench=bfs_work_stealing,sample=5,core=0,thread=7,hart=7,bytes=16384
L1SPTRACE_CORE_HART,bench=bfs_work_stealing,sample=5,core=0,thread=8,hart=8,bytes=0
L1SPTRACE_CORE_HART,bench=bfs_work_stealing,sample=5,core=0,thread=9,hart=9,bytes=0
L1SPTRACE_CORE_HART,bench=bfs_work_stealing,sample=5,core=0,thread=10,hart=10,bytes=0
L1SPTRACE_CORE_HART,bench=bfs_work_stealing,sample=5,core=0,thread=11,hart=11,bytes=0
L1SPTRACE_CORE_HART,bench=bfs_work_stealing,sample=5,core=0,thread=12,hart=12,bytes=0
L1SPTRACE_CORE_HART,bench=bfs_work_stealing,sample=5,core=0,thread=13,hart=13,bytes=0
L1SPTRACE_CORE_HART,bench=bfs_work_stealing,sample=5,core=0,thread=14,hart=14,bytes=0
L1SPTRACE_CORE_HART,bench=bfs_work_stealing,sample=5,core=0,thread=15,hart=15,bytes=0
L1SPTRACE_GLOBAL,bench=bfs_work_stealing,sample=6,phase=post_redistribute,level=1,iter=-1,bytes=1048576
L1SPTRACE_CORE_HART,bench=bfs_work_stealing,sample=6,core=0,thread=0,hart=0,bytes=16384
L1SPTRACE_CORE_HART,bench=bfs_work_stealing,sample=6,core=0,thread=1,hart=1,bytes=16384
L1SPTRACE_CORE_HART,bench=bfs_work_stealing,sample=6,core=0,thread=2,hart=2,bytes=16384
L1SPTRACE_CORE_HART,bench=bfs_work_stealing,sample=6,core=0,thread=3,hart=3,bytes=16384
L1SPTRACE_CORE_HART,bench=bfs_work_stealing,sample=6,core=0,thread=4,hart=4,bytes=16384
L1SPTRACE_CORE_HART,bench=bfs_work_stealing,sample=6,core=0,thread=5,hart=5,bytes=16384
L1SPTRACE_CORE_HART,bench=bfs_work_stealing,sample=6,core=0,thread=6,hart=6,bytes=16384
L1SPTRACE_CORE_HART,bench=bfs_work_stealing,sample=6,core=0,thread=7,hart=7,bytes=16384
L1SPTRACE_CORE_HART,bench=bfs_work_stealing,sample=6,core=0,thread=8,hart=8,bytes=0
L1SPTRACE_CORE_HART,bench=bfs_work_stealing,sample=6,core=0,thread=9,hart=9,bytes=0
L1SPTRACE_CORE_HART,bench=bfs_work_stealing,sample=6,core=0,thread=10,hart=10,bytes=0
L1SPTRACE_CORE_HART,bench=bfs_work_stealing,sample=6,core=0,thread=11,hart=11,bytes=0
L1SPTRACE_CORE_HART,bench=bfs_work_stealing,sample=6,core=0,thread=12,hart=12,bytes=0
L1SPTRACE_CORE_HART,bench=bfs_work_stealing,sample=6,core=0,thread=13,hart=13,bytes=0
L1SPTRACE_CORE_HART,bench=bfs_work_stealing,sample=6,core=0,thread=14,hart=14,bytes=0
L1SPTRACE_CORE_HART,bench=bfs_work_stealing,sample=6,core=0,thread=15,hart=15,bytes=0
L1SPTRACE_GLOBAL,bench=bfs_work_stealing,sample=7,phase=level_begin,level=2,iter=-1,bytes=1048576
L1SPTRACE_CORE_HART,bench=bfs_work_stealing,sample=7,core=0,thread=0,hart=0,bytes=16384
L1SPTRACE_CORE_HART,bench=bfs_work_stealing,sample=7,core=0,thread=1,hart=1,bytes=16384
L1SPTRACE_CORE_HART,bench=bfs_work_stealing,sample=7,core=0,thread=2,hart=2,bytes=16384
L1SPTRACE_CORE_HART,bench=bfs_work_stealing,sample=7,core=0,thread=3,hart=3,bytes=16384
L1SPTRACE_CORE_HART,bench=bfs_work_stealing,sample=7,core=0,thread=4,hart=4,bytes=16384
L1SPTRACE_CORE_HART,bench=bfs_work_stealing,sample=7,core=0,thread=5,hart=5,bytes=16384
L1SPTRACE_CORE_HART,bench=bfs_work_stealing,sample=7,core=0,thread=6,hart=6,bytes=16384
L1SPTRACE_CORE_HART,bench=bfs_work_stealing,sample=7,core=0,thread=7,hart=7,bytes=16384
L1SPTRACE_CORE_HART,bench=bfs_work_stealing,sample=7,core=0,thread=8,hart=8,bytes=0
L1SPTRACE_CORE_HART,bench=bfs_work_stealing,sample=7,core=0,thread=9,hart=9,bytes=0
L1SPTRACE_CORE_HART,bench=bfs_work_stealing,sample=7,core=0,thread=10,hart=10,bytes=0
L1SPTRACE_CORE_HART,bench=bfs_work_stealing,sample=7,core=0,thread=11,hart=11,bytes=0
L1SPTRACE_CORE_HART,bench=bfs_work_stealing,sample=7,core=0,thread=12,hart=12,bytes=0
L1SPTRACE_CORE_HART,bench=bfs_work_stealing,sample=7,core=0,thread=13,hart=13,bytes=0
L1SPTRACE_CORE_HART,bench=bfs_work_stealing,sample=7,core=0,thread=14,hart=14,bytes=0
L1SPTRACE_CORE_HART,bench=bfs_work_stealing,sample=7,core=0,thread=15,hart=15,bytes=0
L1SPTRACE_GLOBAL,bench=bfs_work_stealing,sample=8,phase=post_process,level=2,iter=-1,bytes=1048576
L1SPTRACE_CORE_HART,bench=bfs_work_stealing,sample=8,core=0,thread=0,hart=0,bytes=16384
L1SPTRACE_CORE_HART,bench=bfs_work_stealing,sample=8,core=0,thread=1,hart=1,bytes=16384
L1SPTRACE_CORE_HART,bench=bfs_work_stealing,sample=8,core=0,thread=2,hart=2,bytes=16384
L1SPTRACE_CORE_HART,bench=bfs_work_stealing,sample=8,core=0,thread=3,hart=3,bytes=16384
L1SPTRACE_CORE_HART,bench=bfs_work_stealing,sample=8,core=0,thread=4,hart=4,bytes=16384
L1SPTRACE_CORE_HART,bench=bfs_work_stealing,sample=8,core=0,thread=5,hart=5,bytes=16384
L1SPTRACE_CORE_HART,bench=bfs_work_stealing,sample=8,core=0,thread=6,hart=6,bytes=16384
L1SPTRACE_CORE_HART,bench=bfs_work_stealing,sample=8,core=0,thread=7,hart=7,bytes=16384
L1SPTRACE_CORE_HART,bench=bfs_work_stealing,sample=8,core=0,thread=8,hart=8,bytes=0
L1SPTRACE_CORE_HART,bench=bfs_work_stealing,sample=8,core=0,thread=9,hart=9,bytes=0
L1SPTRACE_CORE_HART,bench=bfs_work_stealing,sample=8,core=0,thread=10,hart=10,bytes=0
L1SPTRACE_CORE_HART,bench=bfs_work_stealing,sample=8,core=0,thread=11,hart=11,bytes=0
L1SPTRACE_CORE_HART,bench=bfs_work_stealing,sample=8,core=0,thread=12,hart=12,bytes=0
L1SPTRACE_CORE_HART,bench=bfs_work_stealing,sample=8,core=0,thread=13,hart=13,bytes=0
L1SPTRACE_CORE_HART,bench=bfs_work_stealing,sample=8,core=0,thread=14,hart=14,bytes=0
L1SPTRACE_CORE_HART,bench=bfs_work_stealing,sample=8,core=0,thread=15,hart=15,bytes=0
L1SPTRACE_GLOBAL,bench=bfs_work_stealing,sample=9,phase=post_redistribute,level=2,iter=-1,bytes=1048576
L1SPTRACE_CORE_HART,bench=bfs_work_stealing,sample=9,core=0,thread=0,hart=0,bytes=16384
L1SPTRACE_CORE_HART,bench=bfs_work_stealing,sample=9,core=0,thread=1,hart=1,bytes=16384
L1SPTRACE_CORE_HART,bench=bfs_work_stealing,sample=9,core=0,thread=2,hart=2,bytes=16384
L1SPTRACE_CORE_HART,bench=bfs_work_stealing,sample=9,core=0,thread=3,hart=3,bytes=16384
L1SPTRACE_CORE_HART,bench=bfs_work_stealing,sample=9,core=0,thread=4,hart=4,bytes=16384
L1SPTRACE_CORE_HART,bench=bfs_work_stealing,sample=9,core=0,thread=5,hart=5,bytes=16384
L1SPTRACE_CORE_HART,bench=bfs_work_stealing,sample=9,core=0,thread=6,hart=6,bytes=16384
L1SPTRACE_CORE_HART,bench=bfs_work_stealing,sample=9,core=0,thread=7,hart=7,bytes=16384
L1SPTRACE_CORE_HART,bench=bfs_work_stealing,sample=9,core=0,thread=8,hart=8,bytes=0
L1SPTRACE_CORE_HART,bench=bfs_work_stealing,sample=9,core=0,thread=9,hart=9,bytes=0
L1SPTRACE_CORE_HART,bench=bfs_work_stealing,sample=9,core=0,thread=10,hart=10,bytes=0
L1SPTRACE_CORE_HART,bench=bfs_work_stealing,sample=9,core=0,thread=11,hart=11,bytes=0
L1SPTRACE_CORE_HART,bench=bfs_work_stealing,sample=9,core=0,thread=12,hart=12,bytes=0
L1SPTRACE_CORE_HART,bench=bfs_work_stealing,sample=9,core=0,thread=13,hart=13,bytes=0
L1SPTRACE_CORE_HART,bench=bfs_work_stealing,sample=9,core=0,thread=14,hart=14,bytes=0
L1SPTRACE_CORE_HART,bench=bfs_work_stealing,sample=9,core=0,thread=15,hart=15,bytes=0
L1SPTRACE_GLOBAL,bench=bfs_work_stealing,sample=10,phase=level_begin,level=3,iter=-1,bytes=1048576
L1SPTRACE_CORE_HART,bench=bfs_work_stealing,sample=10,core=0,thread=0,hart=0,bytes=16384
L1SPTRACE_CORE_HART,bench=bfs_work_stealing,sample=10,core=0,thread=1,hart=1,bytes=16384
L1SPTRACE_CORE_HART,bench=bfs_work_stealing,sample=10,core=0,thread=2,hart=2,bytes=16384
L1SPTRACE_CORE_HART,bench=bfs_work_stealing,sample=10,core=0,thread=3,hart=3,bytes=16384
L1SPTRACE_CORE_HART,bench=bfs_work_stealing,sample=10,core=0,thread=4,hart=4,bytes=16384
L1SPTRACE_CORE_HART,bench=bfs_work_stealing,sample=10,core=0,thread=5,hart=5,bytes=16384
L1SPTRACE_CORE_HART,bench=bfs_work_stealing,sample=10,core=0,thread=6,hart=6,bytes=16384
L1SPTRACE_CORE_HART,bench=bfs_work_stealing,sample=10,core=0,thread=7,hart=7,bytes=16384
L1SPTRACE_CORE_HART,bench=bfs_work_stealing,sample=10,core=0,thread=8,hart=8,bytes=0
L1SPTRACE_CORE_HART,bench=bfs_work_stealing,sample=10,core=0,thread=9,hart=9,bytes=0
L1SPTRACE_CORE_HART,bench=bfs_work_stealing,sample=10,core=0,thread=10,hart=10,bytes=0
L1SPTRACE_CORE_HART,bench=bfs_work_stealing,sample=10,core=0,thread=11,hart=11,bytes=0
L1SPTRACE_CORE_HART,bench=bfs_work_stealing,sample=10,core=0,thread=12,hart=12,bytes=0
L1SPTRACE_CORE_HART,bench=bfs_work_stealing,sample=10,core=0,thread=13,hart=13,bytes=0
L1SPTRACE_CORE_HART,bench=bfs_work_stealing,sample=10,core=0,thread=14,hart=14,bytes=0
L1SPTRACE_CORE_HART,bench=bfs_work_stealing,sample=10,core=0,thread=15,hart=15,bytes=0
L1SPTRACE_GLOBAL,bench=bfs_work_stealing,sample=11,phase=post_process,level=3,iter=-1,bytes=1048576
L1SPTRACE_CORE_HART,bench=bfs_work_stealing,sample=11,core=0,thread=0,hart=0,bytes=16384
L1SPTRACE_CORE_HART,bench=bfs_work_stealing,sample=11,core=0,thread=1,hart=1,bytes=16384
L1SPTRACE_CORE_HART,bench=bfs_work_stealing,sample=11,core=0,thread=2,hart=2,bytes=16384
L1SPTRACE_CORE_HART,bench=bfs_work_stealing,sample=11,core=0,thread=3,hart=3,bytes=16384
L1SPTRACE_CORE_HART,bench=bfs_work_stealing,sample=11,core=0,thread=4,hart=4,bytes=16384
L1SPTRACE_CORE_HART,bench=bfs_work_stealing,sample=11,core=0,thread=5,hart=5,bytes=16384
L1SPTRACE_CORE_HART,bench=bfs_work_stealing,sample=11,core=0,thread=6,hart=6,bytes=16384
L1SPTRACE_CORE_HART,bench=bfs_work_stealing,sample=11,core=0,thread=7,hart=7,bytes=16384
L1SPTRACE_CORE_HART,bench=bfs_work_stealing,sample=11,core=0,thread=8,hart=8,bytes=0
L1SPTRACE_CORE_HART,bench=bfs_work_stealing,sample=11,core=0,thread=9,hart=9,bytes=0
L1SPTRACE_CORE_HART,bench=bfs_work_stealing,sample=11,core=0,thread=10,hart=10,bytes=0
L1SPTRACE_CORE_HART,bench=bfs_work_stealing,sample=11,core=0,thread=11,hart=11,bytes=0
L1SPTRACE_CORE_HART,bench=bfs_work_stealing,sample=11,core=0,thread=12,hart=12,bytes=0
L1SPTRACE_CORE_HART,bench=bfs_work_stealing,sample=11,core=0,thread=13,hart=13,bytes=0
L1SPTRACE_CORE_HART,bench=bfs_work_stealing,sample=11,core=0,thread=14,hart=14,bytes=0
L1SPTRACE_CORE_HART,bench=bfs_work_stealing,sample=11,core=0,thread=15,hart=15,bytes=0
L1SPTRACE_GLOBAL,bench=bfs_work_stealing,sample=12,phase=post_redistribute,level=3,iter=-1,bytes=1048576
L1SPTRACE_CORE_HART,bench=bfs_work_stealing,sample=12,core=0,thread=0,hart=0,bytes=16384
L1SPTRACE_CORE_HART,bench=bfs_work_stealing,sample=12,core=0,thread=1,hart=1,bytes=16384
L1SPTRACE_CORE_HART,bench=bfs_work_stealing,sample=12,core=0,thread=2,hart=2,bytes=16384
L1SPTRACE_CORE_HART,bench=bfs_work_stealing,sample=12,core=0,thread=3,hart=3,bytes=16384
L1SPTRACE_CORE_HART,bench=bfs_work_stealing,sample=12,core=0,thread=4,hart=4,bytes=16384
L1SPTRACE_CORE_HART,bench=bfs_work_stealing,sample=12,core=0,thread=5,hart=5,bytes=16384
L1SPTRACE_CORE_HART,bench=bfs_work_stealing,sample=12,core=0,thread=6,hart=6,bytes=16384
L1SPTRACE_CORE_HART,bench=bfs_work_stealing,sample=12,core=0,thread=7,hart=7,bytes=16384
L1SPTRACE_CORE_HART,bench=bfs_work_stealing,sample=12,core=0,thread=8,hart=8,bytes=0
L1SPTRACE_CORE_HART,bench=bfs_work_stealing,sample=12,core=0,thread=9,hart=9,bytes=0
L1SPTRACE_CORE_HART,bench=bfs_work_stealing,sample=12,core=0,thread=10,hart=10,bytes=0
L1SPTRACE_CORE_HART,bench=bfs_work_stealing,sample=12,core=0,thread=11,hart=11,bytes=0
L1SPTRACE_CORE_HART,bench=bfs_work_stealing,sample=12,core=0,thread=12,hart=12,bytes=0
L1SPTRACE_CORE_HART,bench=bfs_work_stealing,sample=12,core=0,thread=13,hart=13,bytes=0
L1SPTRACE_CORE_HART,bench=bfs_work_stealing,sample=12,core=0,thread=14,hart=14,bytes=0
L1SPTRACE_CORE_HART,bench=bfs_work_stealing,sample=12,core=0,thread=15,hart=15,bytes=0
L1SPTRACE_GLOBAL,bench=bfs_work_stealing,sample=13,phase=final,level=4,iter=-1,bytes=1048576
L1SPTRACE_CORE_HART,bench=bfs_work_stealing,sample=13,core=0,thread=0,hart=0,bytes=16384
L1SPTRACE_CORE_HART,bench=bfs_work_stealing,sample=13,core=0,thread=1,hart=1,bytes=16384
L1SPTRACE_CORE_HART,bench=bfs_work_stealing,sample=13,core=0,thread=2,hart=2,bytes=16384
L1SPTRACE_CORE_HART,bench=bfs_work_stealing,sample=13,core=0,thread=3,hart=3,bytes=16384
L1SPTRACE_CORE_HART,bench=bfs_work_stealing,sample=13,core=0,thread=4,hart=4,bytes=16384
L1SPTRACE_CORE_HART,bench=bfs_work_stealing,sample=13,core=0,thread=5,hart=5,bytes=16384
L1SPTRACE_CORE_HART,bench=bfs_work_stealing,sample=13,core=0,thread=6,hart=6,bytes=16384
L1SPTRACE_CORE_HART,bench=bfs_work_stealing,sample=13,core=0,thread=7,hart=7,bytes=16384
L1SPTRACE_CORE_HART,bench=bfs_work_stealing,sample=13,core=0,thread=8,hart=8,bytes=0
L1SPTRACE_CORE_HART,bench=bfs_work_stealing,sample=13,core=0,thread=9,hart=9,bytes=0
L1SPTRACE_CORE_HART,bench=bfs_work_stealing,sample=13,core=0,thread=10,hart=10,bytes=0
L1SPTRACE_CORE_HART,bench=bfs_work_stealing,sample=13,core=0,thread=11,hart=11,bytes=0
L1SPTRACE_CORE_HART,bench=bfs_work_stealing,sample=13,core=0,thread=12,hart=12,bytes=0
L1SPTRACE_CORE_HART,bench=bfs_work_stealing,sample=13,core=0,thread=13,hart=13,bytes=0
L1SPTRACE_CORE_HART,bench=bfs_work_stealing,sample=13,core=0,thread=14,hart=14,bytes=0
L1SPTRACE_CORE_HART,bench=bfs_work_stealing,sample=13,core=0,thread=15,hart=15,bytes=0
L1SPTRACE_HART,bench=bfs_work_stealing,hart=0,core=0,thread=0,bytes=16384
L1SPTRACE_HART,bench=bfs_work_stealing,hart=1,core=0,thread=1,bytes=16384
L1SPTRACE_HART,bench=bfs_work_stealing,hart=2,core=0,thread=2,bytes=16384
L1SPTRACE_HART,bench=bfs_work_stealing,hart=3,core=0,thread=3,bytes=16384
L1SPTRACE_HART,bench=bfs_work_stealing,hart=4,core=0,thread=4,bytes=16384
L1SPTRACE_HART,bench=bfs_work_stealing,hart=5,core=0,thread=5,bytes=16384
L1SPTRACE_HART,bench=bfs_work_stealing,hart=6,core=0,thread=6,bytes=16384
L1SPTRACE_HART,bench=bfs_work_stealing,hart=7,core=0,thread=7,bytes=16384
L1SPTRACE_HART,bench=bfs_work_stealing,hart=8,core=0,thread=8,bytes=0
L1SPTRACE_HART,bench=bfs_work_stealing,hart=9,core=0,thread=9,bytes=0
L1SPTRACE_HART,bench=bfs_work_stealing,hart=10,core=0,thread=10,bytes=0
L1SPTRACE_HART,bench=bfs_work_stealing,hart=11,core=0,thread=11,bytes=0
L1SPTRACE_HART,bench=bfs_work_stealing,hart=12,core=0,thread=12,bytes=0
L1SPTRACE_HART,bench=bfs_work_stealing,hart=13,core=0,thread=13,bytes=0
L1SPTRACE_HART,bench=bfs_work_stealing,hart=14,core=0,thread=14,bytes=0
L1SPTRACE_HART,bench=bfs_work_stealing,hart=15,core=0,thread=15,bytes=0
L1SPTRACE_HART,bench=bfs_work_stealing,hart=16,core=1,thread=0,bytes=16384
L1SPTRACE_HART,bench=bfs_work_stealing,hart=17,core=1,thread=1,bytes=16384
L1SPTRACE_HART,bench=bfs_work_stealing,hart=18,core=1,thread=2,bytes=16384
L1SPTRACE_HART,bench=bfs_work_stealing,hart=19,core=1,thread=3,bytes=16384
L1SPTRACE_HART,bench=bfs_work_stealing,hart=20,core=1,thread=4,bytes=16384
L1SPTRACE_HART,bench=bfs_work_stealing,hart=21,core=1,thread=5,bytes=16384
L1SPTRACE_HART,bench=bfs_work_stealing,hart=22,core=1,thread=6,bytes=16384
L1SPTRACE_HART,bench=bfs_work_stealing,hart=23,core=1,thread=7,bytes=16384
L1SPTRACE_HART,bench=bfs_work_stealing,hart=24,core=1,thread=8,bytes=0
L1SPTRACE_HART,bench=bfs_work_stealing,hart=25,core=1,thread=9,bytes=0
L1SPTRACE_HART,bench=bfs_work_stealing,hart=26,core=1,thread=10,bytes=0
L1SPTRACE_HART,bench=bfs_work_stealing,hart=27,core=1,thread=11,bytes=0
L1SPTRACE_HART,bench=bfs_work_stealing,hart=28,core=1,thread=12,bytes=0
L1SPTRACE_HART,bench=bfs_work_stealing,hart=29,core=1,thread=13,bytes=0
L1SPTRACE_HART,bench=bfs_work_stealing,hart=30,core=1,thread=14,bytes=0
L1SPTRACE_HART,bench=bfs_work_stealing,hart=31,core=1,thread=15,bytes=0
L1SPTRACE_HART,bench=bfs_work_stealing,hart=32,core=2,thread=0,bytes=16384
L1SPTRACE_HART,bench=bfs_work_stealing,hart=33,core=2,thread=1,bytes=16384
L1SPTRACE_HART,bench=bfs_work_stealing,hart=34,core=2,thread=2,bytes=16384
L1SPTRACE_HART,bench=bfs_work_stealing,hart=35,core=2,thread=3,bytes=16384
L1SPTRACE_HART,bench=bfs_work_stealing,hart=36,core=2,thread=4,bytes=16384
L1SPTRACE_HART,bench=bfs_work_stealing,hart=37,core=2,thread=5,bytes=16384
L1SPTRACE_HART,bench=bfs_work_stealing,hart=38,core=2,thread=6,bytes=16384
L1SPTRACE_HART,bench=bfs_work_stealing,hart=39,core=2,thread=7,bytes=16384
L1SPTRACE_HART,bench=bfs_work_stealing,hart=40,core=2,thread=8,bytes=0
L1SPTRACE_HART,bench=bfs_work_stealing,hart=41,core=2,thread=9,bytes=0
L1SPTRACE_HART,bench=bfs_work_stealing,hart=42,core=2,thread=10,bytes=0
L1SPTRACE_HART,bench=bfs_work_stealing,hart=43,core=2,thread=11,bytes=0
L1SPTRACE_HART,bench=bfs_work_stealing,hart=44,core=2,thread=12,bytes=0
L1SPTRACE_HART,bench=bfs_work_stealing,hart=45,core=2,thread=13,bytes=0
L1SPTRACE_HART,bench=bfs_work_stealing,hart=46,core=2,thread=14,bytes=0
L1SPTRACE_HART,bench=bfs_work_stealing,hart=47,core=2,thread=15,bytes=0
L1SPTRACE_HART,bench=bfs_work_stealing,hart=48,core=3,thread=0,bytes=16384
L1SPTRACE_HART,bench=bfs_work_stealing,hart=49,core=3,thread=1,bytes=16384
L1SPTRACE_HART,bench=bfs_work_stealing,hart=50,core=3,thread=2,bytes=16384
L1SPTRACE_HART,bench=bfs_work_stealing,hart=51,core=3,thread=3,bytes=16384
L1SPTRACE_HART,bench=bfs_work_stealing,hart=52,core=3,thread=4,bytes=16384
L1SPTRACE_HART,bench=bfs_work_stealing,hart=53,core=3,thread=5,bytes=16384
L1SPTRACE_HART,bench=bfs_work_stealing,hart=54,core=3,thread=6,bytes=16384
L1SPTRACE_HART,bench=bfs_work_stealing,hart=55,core=3,thread=7,bytes=16384
L1SPTRACE_HART,bench=bfs_work_stealing,hart=56,core=3,thread=8,bytes=0
L1SPTRACE_HART,bench=bfs_work_stealing,hart=57,core=3,thread=9,bytes=0
L1SPTRACE_HART,bench=bfs_work_stealing,hart=58,core=3,thread=10,bytes=0
L1SPTRACE_HART,bench=bfs_work_stealing,hart=59,core=3,thread=11,bytes=0
L1SPTRACE_HART,bench=bfs_work_stealing,hart=60,core=3,thread=12,bytes=0
L1SPTRACE_HART,bench=bfs_work_stealing,hart=61,core=3,thread=13,bytes=0
L1SPTRACE_HART,bench=bfs_work_stealing,hart=62,core=3,thread=14,bytes=0
L1SPTRACE_HART,bench=bfs_work_stealing,hart=63,core=3,thread=15,bytes=0
L1SPTRACE_HART,bench=bfs_work_stealing,hart=64,core=4,thread=0,bytes=16384
L1SPTRACE_HART,bench=bfs_work_stealing,hart=65,core=4,thread=1,bytes=16384
L1SPTRACE_HART,bench=bfs_work_stealing,hart=66,core=4,thread=2,bytes=16384
L1SPTRACE_HART,bench=bfs_work_stealing,hart=67,core=4,thread=3,bytes=16384
L1SPTRACE_HART,bench=bfs_work_stealing,hart=68,core=4,thread=4,bytes=16384
L1SPTRACE_HART,bench=bfs_work_stealing,hart=69,core=4,thread=5,bytes=16384
L1SPTRACE_HART,bench=bfs_work_stealing,hart=70,core=4,thread=6,bytes=16384
L1SPTRACE_HART,bench=bfs_work_stealing,hart=71,core=4,thread=7,bytes=16384
L1SPTRACE_HART,bench=bfs_work_stealing,hart=72,core=4,thread=8,bytes=0
L1SPTRACE_HART,bench=bfs_work_stealing,hart=73,core=4,thread=9,bytes=0
L1SPTRACE_HART,bench=bfs_work_stealing,hart=74,core=4,thread=10,bytes=0
L1SPTRACE_HART,bench=bfs_work_stealing,hart=75,core=4,thread=11,bytes=0
L1SPTRACE_HART,bench=bfs_work_stealing,hart=76,core=4,thread=12,bytes=0
L1SPTRACE_HART,bench=bfs_work_stealing,hart=77,core=4,thread=13,bytes=0
L1SPTRACE_HART,bench=bfs_work_stealing,hart=78,core=4,thread=14,bytes=0
L1SPTRACE_HART,bench=bfs_work_stealing,hart=79,core=4,thread=15,bytes=0
L1SPTRACE_HART,bench=bfs_work_stealing,hart=80,core=5,thread=0,bytes=16384
L1SPTRACE_HART,bench=bfs_work_stealing,hart=81,core=5,thread=1,bytes=16384
L1SPTRACE_HART,bench=bfs_work_stealing,hart=82,core=5,thread=2,bytes=16384
L1SPTRACE_HART,bench=bfs_work_stealing,hart=83,core=5,thread=3,bytes=16384
L1SPTRACE_HART,bench=bfs_work_stealing,hart=84,core=5,thread=4,bytes=16384
L1SPTRACE_HART,bench=bfs_work_stealing,hart=85,core=5,thread=5,bytes=16384
L1SPTRACE_HART,bench=bfs_work_stealing,hart=86,core=5,thread=6,bytes=16384
L1SPTRACE_HART,bench=bfs_work_stealing,hart=87,core=5,thread=7,bytes=16384
L1SPTRACE_HART,bench=bfs_work_stealing,hart=88,core=5,thread=8,bytes=0
L1SPTRACE_HART,bench=bfs_work_stealing,hart=89,core=5,thread=9,bytes=0
L1SPTRACE_HART,bench=bfs_work_stealing,hart=90,core=5,thread=10,bytes=0
L1SPTRACE_HART,bench=bfs_work_stealing,hart=91,core=5,thread=11,bytes=0
L1SPTRACE_HART,bench=bfs_work_stealing,hart=92,core=5,thread=12,bytes=0
L1SPTRACE_HART,bench=bfs_work_stealing,hart=93,core=5,thread=13,bytes=0
L1SPTRACE_HART,bench=bfs_work_stealing,hart=94,core=5,thread=14,bytes=0
L1SPTRACE_HART,bench=bfs_work_stealing,hart=95,core=5,thread=15,bytes=0
L1SPTRACE_HART,bench=bfs_work_stealing,hart=96,core=6,thread=0,bytes=16384
L1SPTRACE_HART,bench=bfs_work_stealing,hart=97,core=6,thread=1,bytes=16384
L1SPTRACE_HART,bench=bfs_work_stealing,hart=98,core=6,thread=2,bytes=16384
L1SPTRACE_HART,bench=bfs_work_stealing,hart=99,core=6,thread=3,bytes=16384
L1SPTRACE_HART,bench=bfs_work_stealing,hart=100,core=6,thread=4,bytes=16384
L1SPTRACE_HART,bench=bfs_work_stealing,hart=101,core=6,thread=5,bytes=16384
L1SPTRACE_HART,bench=bfs_work_stealing,hart=102,core=6,thread=6,bytes=16384
L1SPTRACE_HART,bench=bfs_work_stealing,hart=103,core=6,thread=7,bytes=16384
L1SPTRACE_HART,bench=bfs_work_stealing,hart=104,core=6,thread=8,bytes=0
L1SPTRACE_HART,bench=bfs_work_stealing,hart=105,core=6,thread=9,bytes=0
L1SPTRACE_HART,bench=bfs_work_stealing,hart=106,core=6,thread=10,bytes=0
L1SPTRACE_HART,bench=bfs_work_stealing,hart=107,core=6,thread=11,bytes=0
L1SPTRACE_HART,bench=bfs_work_stealing,hart=108,core=6,thread=12,bytes=0
L1SPTRACE_HART,bench=bfs_work_stealing,hart=109,core=6,thread=13,bytes=0
L1SPTRACE_HART,bench=bfs_work_stealing,hart=110,core=6,thread=14,bytes=0
L1SPTRACE_HART,bench=bfs_work_stealing,hart=111,core=6,thread=15,bytes=0
L1SPTRACE_HART,bench=bfs_work_stealing,hart=112,core=7,thread=0,bytes=16384
L1SPTRACE_HART,bench=bfs_work_stealing,hart=113,core=7,thread=1,bytes=16384
L1SPTRACE_HART,bench=bfs_work_stealing,hart=114,core=7,thread=2,bytes=16384
L1SPTRACE_HART,bench=bfs_work_stealing,hart=115,core=7,thread=3,bytes=16384
L1SPTRACE_HART,bench=bfs_work_stealing,hart=116,core=7,thread=4,bytes=16384
L1SPTRACE_HART,bench=bfs_work_stealing,hart=117,core=7,thread=5,bytes=16384
L1SPTRACE_HART,bench=bfs_work_stealing,hart=118,core=7,thread=6,bytes=16384
L1SPTRACE_HART,bench=bfs_work_stealing,hart=119,core=7,thread=7,bytes=16384
L1SPTRACE_HART,bench=bfs_work_stealing,hart=120,core=7,thread=8,bytes=0
L1SPTRACE_HART,bench=bfs_work_stealing,hart=121,core=7,thread=9,bytes=0
L1SPTRACE_HART,bench=bfs_work_stealing,hart=122,core=7,thread=10,bytes=0
L1SPTRACE_HART,bench=bfs_work_stealing,hart=123,core=7,thread=11,bytes=0
L1SPTRACE_HART,bench=bfs_work_stealing,hart=124,core=7,thread=12,bytes=0
L1SPTRACE_HART,bench=bfs_work_stealing,hart=125,core=7,thread=13,bytes=0
L1SPTRACE_HART,bench=bfs_work_stealing,hart=126,core=7,thread=14,bytes=0
L1SPTRACE_HART,bench=bfs_work_stealing,hart=127,core=7,thread=15,bytes=0
L1SPTRACE_DUMP_END,bench=bfs_work_stealing
WQSNAP_DUMP_BEGIN,bench=bfs_work_stealing,cores=8,snaps=0,capacity=4096
WQSNAP_DUMP_END,bench=bfs_work_stealing
L1SPSNAP_DUMP_BEGIN,bench=bfs_work_stealing,cores=8,harts_per_core=16,harts=128,snaps=0
L1SPSNAP_DUMP_END,bench=bfs_work_stealing
L2SPACCESS_DUMP_BEGIN,bench=bfs_work_stealing,cores=8,harts_per_core=16
L2SPACCESS_CORE,bench=bfs_work_stealing,core=0,wq=19561,frontier=3591,graph=17403,total=40555
L2SPACCESS_CORE,bench=bfs_work_stealing,core=1,wq=17480,frontier=1051,graph=14790,total=33321
L2SPACCESS_CORE,bench=bfs_work_stealing,core=2,wq=17662,frontier=989,graph=12929,total=31580
L2SPACCESS_CORE,bench=bfs_work_stealing,core=3,wq=17555,frontier=933,graph=13015,total=31503
L2SPACCESS_CORE,bench=bfs_work_stealing,core=4,wq=17539,frontier=911,graph=12734,total=31184
L2SPACCESS_CORE,bench=bfs_work_stealing,core=5,wq=17795,frontier=917,graph=10330,total=29042
L2SPACCESS_CORE,bench=bfs_work_stealing,core=6,wq=17756,frontier=789,graph=9086,total=27631
L2SPACCESS_CORE,bench=bfs_work_stealing,core=7,wq=17754,frontier=861,graph=10066,total=28681
L2SPACCESS_HART,bench=bfs_work_stealing,hart=0,core=0,thread=0,wq=1120,frontier=0,graph=0,total=1120
L2SPACCESS_HART,bench=bfs_work_stealing,hart=1,core=0,thread=1,wq=1087,frontier=0,graph=0,total=1087
L2SPACCESS_HART,bench=bfs_work_stealing,hart=2,core=0,thread=2,wq=1135,frontier=148,graph=1359,total=2642
L2SPACCESS_HART,bench=bfs_work_stealing,hart=3,core=0,thread=3,wq=1094,frontier=0,graph=0,total=1094
L2SPACCESS_HART,bench=bfs_work_stealing,hart=4,core=0,thread=4,wq=1092,frontier=60,graph=893,total=2045
L2SPACCESS_HART,bench=bfs_work_stealing,hart=5,core=0,thread=5,wq=3139,frontier=3025,graph=8924,total=15088
L2SPACCESS_HART,bench=bfs_work_stealing,hart=6,core=0,thread=6,wq=1090,frontier=6,graph=6,total=1102
L2SPACCESS_HART,bench=bfs_work_stealing,hart=7,core=0,thread=7,wq=1114,frontier=0,graph=0,total=1114
L2SPACCESS_HART,bench=bfs_work_stealing,hart=8,core=0,thread=8,wq=1110,frontier=0,graph=0,total=1110
L2SPACCESS_HART,bench=bfs_work_stealing,hart=9,core=0,thread=9,wq=1118,frontier=0,graph=0,total=1118
L2SPACCESS_HART,bench=bfs_work_stealing,hart=10,core=0,thread=10,wq=961,frontier=280,graph=5096,total=6337
L2SPACCESS_HART,bench=bfs_work_stealing,hart=11,core=0,thread=11,wq=1118,frontier=0,graph=0,total=1118
L2SPACCESS_HART,bench=bfs_work_stealing,hart=12,core=0,thread=12,wq=1094,frontier=0,graph=0,total=1094
L2SPACCESS_HART,bench=bfs_work_stealing,hart=13,core=0,thread=13,wq=1098,frontier=0,graph=0,total=1098
L2SPACCESS_HART,bench=bfs_work_stealing,hart=14,core=0,thread=14,wq=1106,frontier=0,graph=0,total=1106
L2SPACCESS_HART,bench=bfs_work_stealing,hart=15,core=0,thread=15,wq=1085,frontier=72,graph=1125,total=2282
L2SPACCESS_HART,bench=bfs_work_stealing,hart=16,core=1,thread=0,wq=982,frontier=390,graph=5833,total=7205
L2SPACCESS_HART,bench=bfs_work_stealing,hart=17,core=1,thread=1,wq=1105,frontier=5,graph=6,total=1116
L2SPACCESS_HART,bench=bfs_work_stealing,hart=18,core=1,thread=2,wq=1137,frontier=188,graph=1838,total=3163
L2SPACCESS_HART,bench=bfs_work_stealing,hart=19,core=1,thread=3,wq=1093,frontier=68,graph=876,total=2037
L2SPACCESS_HART,bench=bfs_work_stealing,hart=20,core=1,thread=4,wq=1075,frontier=0,graph=0,total=1075
L2SPACCESS_HART,bench=bfs_work_stealing,hart=21,core=1,thread=5,wq=1098,frontier=0,graph=0,total=1098
L2SPACCESS_HART,bench=bfs_work_stealing,hart=22,core=1,thread=6,wq=1094,frontier=0,graph=0,total=1094
L2SPACCESS_HART,bench=bfs_work_stealing,hart=23,core=1,thread=7,wq=1119,frontier=0,graph=0,total=1119
L2SPACCESS_HART,bench=bfs_work_stealing,hart=24,core=1,thread=8,wq=1114,frontier=0,graph=0,total=1114
L2SPACCESS_HART,bench=bfs_work_stealing,hart=25,core=1,thread=9,wq=1118,frontier=0,graph=0,total=1118
L2SPACCESS_HART,bench=bfs_work_stealing,hart=26,core=1,thread=10,wq=1123,frontier=58,graph=468,total=1649
L2SPACCESS_HART,bench=bfs_work_stealing,hart=27,core=1,thread=11,wq=1122,frontier=0,graph=0,total=1122
L2SPACCESS_HART,bench=bfs_work_stealing,hart=28,core=1,thread=12,wq=1106,frontier=0,graph=0,total=1106
L2SPACCESS_HART,bench=bfs_work_stealing,hart=29,core=1,thread=13,wq=1118,frontier=0,graph=0,total=1118
L2SPACCESS_HART,bench=bfs_work_stealing,hart=30,core=1,thread=14,wq=970,frontier=342,graph=5769,total=7081
L2SPACCESS_HART,bench=bfs_work_stealing,hart=31,core=1,thread=15,wq=1106,frontier=0,graph=0,total=1106
L2SPACCESS_HART,bench=bfs_work_stealing,hart=32,core=2,thread=0,wq=1126,frontier=0,graph=0,total=1126
L2SPACCESS_HART,bench=bfs_work_stealing,hart=33,core=2,thread=1,wq=1098,frontier=0,graph=0,total=1098
L2SPACCESS_HART,bench=bfs_work_stealing,hart=34,core=2,thread=2,wq=1110,frontier=0,graph=0,total=1110
L2SPACCESS_HART,bench=bfs_work_stealing,hart=35,core=2,thread=3,wq=1110,frontier=0,graph=0,total=1110
L2SPACCESS_HART,bench=bfs_work_stealing,hart=36,core=2,thread=4,wq=1110,frontier=0,graph=0,total=1110
L2SPACCESS_HART,bench=bfs_work_stealing,hart=37,core=2,thread=5,wq=1114,frontier=58,graph=511,total=1683
L2SPACCESS_HART,bench=bfs_work_stealing,hart=38,core=2,thread=6,wq=1133,frontier=68,graph=586,total=1787
L2SPACCESS_HART,bench=bfs_work_stealing,hart=39,core=2,thread=7,wq=1110,frontier=0,graph=0,total=1110
L2SPACCESS_HART,bench=bfs_work_stealing,hart=40,core=2,thread=8,wq=1140,frontier=180,graph=1835,total=3155
L2SPACCESS_HART,bench=bfs_work_stealing,hart=41,core=2,thread=9,wq=1126,frontier=0,graph=0,total=1126
L2SPACCESS_HART,bench=bfs_work_stealing,hart=42,core=2,thread=10,wq=1125,frontier=64,graph=514,total=1703
L2SPACCESS_HART,bench=bfs_work_stealing,hart=43,core=2,thread=11,wq=1114,frontier=0,graph=0,total=1114
L2SPACCESS_HART,bench=bfs_work_stealing,hart=44,core=2,thread=12,wq=977,frontier=292,graph=5052,total=6321
L2SPACCESS_HART,bench=bfs_work_stealing,hart=45,core=2,thread=13,wq=1098,frontier=0,graph=0,total=1098
L2SPACCESS_HART,bench=bfs_work_stealing,hart=46,core=2,thread=14,wq=1052,frontier=261,graph=3854,total=5167
L2SPACCESS_HART,bench=bfs_work_stealing,hart=47,core=2,thread=15,wq=1119,frontier=66,graph=577,total=1762
L2SPACCESS_HART,bench=bfs_work_stealing,hart=48,core=3,thread=0,wq=953,frontier=276,graph=5154,total=6383
L2SPACCESS_HART,bench=bfs_work_stealing,hart=49,core=3,thread=1,wq=1126,frontier=0,graph=0,total=1126
L2SPACCESS_HART,bench=bfs_work_stealing,hart=50,core=3,thread=2,wq=1102,frontier=0,graph=0,total=1102
L2SPACCESS_HART,bench=bfs_work_stealing,hart=51,core=3,thread=3,wq=981,frontier=208,graph=3858,total=5047
L2SPACCESS_HART,bench=bfs_work_stealing,hart=52,core=3,thread=4,wq=1118,frontier=0,graph=0,total=1118
L2SPACCESS_HART,bench=bfs_work_stealing,hart=53,core=3,thread=5,wq=1143,frontier=70,graph=409,total=1622
L2SPACCESS_HART,bench=bfs_work_stealing,hart=54,core=3,thread=6,wq=1129,frontier=68,graph=396,total=1593
L2SPACCESS_HART,bench=bfs_work_stealing,hart=55,core=3,thread=7,wq=1106,frontier=0,graph=0,total=1106
L2SPACCESS_HART,bench=bfs_work_stealing,hart=56,core=3,thread=8,wq=1114,frontier=0,graph=0,total=1114
L2SPACCESS_HART,bench=bfs_work_stealing,hart=57,core=3,thread=9,wq=1093,frontier=5,graph=5,total=1103
L2SPACCESS_HART,bench=bfs_work_stealing,hart=58,core=3,thread=10,wq=1117,frontier=68,graph=525,total=1710
L2SPACCESS_HART,bench=bfs_work_stealing,hart=59,core=3,thread=11,wq=1114,frontier=0,graph=0,total=1114
L2SPACCESS_HART,bench=bfs_work_stealing,hart=60,core=3,thread=12,wq=1126,frontier=54,graph=317,total=1497
L2SPACCESS_HART,bench=bfs_work_stealing,hart=61,core=3,thread=13,wq=1101,frontier=184,graph=2351,total=3636
L2SPACCESS_HART,bench=bfs_work_stealing,hart=62,core=3,thread=14,wq=1122,frontier=0,graph=0,total=1122
L2SPACCESS_HART,bench=bfs_work_stealing,hart=63,core=3,thread=15,wq=1110,frontier=0,graph=0,total=1110
L2SPACCESS_HART,bench=bfs_work_stealing,hart=64,core=4,thread=0,wq=969,frontier=272,graph=5015,total=6256
L2SPACCESS_HART,bench=bfs_work_stealing,hart=65,core=4,thread=1,wq=1094,frontier=0,graph=0,total=1094
L2SPACCESS_HART,bench=bfs_work_stealing,hart=66,core=4,thread=2,wq=1106,frontier=0,graph=0,total=1106
L2SPACCESS_HART,bench=bfs_work_stealing,hart=67,core=4,thread=3,wq=1111,frontier=0,graph=0,total=1111
L2SPACCESS_HART,bench=bfs_work_stealing,hart=68,core=4,thread=4,wq=1093,frontier=5,graph=5,total=1103
L2SPACCESS_HART,bench=bfs_work_stealing,hart=69,core=4,thread=5,wq=1106,frontier=0,graph=0,total=1106
L2SPACCESS_HART,bench=bfs_work_stealing,hart=70,core=4,thread=6,wq=1063,frontier=252,graph=3500,total=4815
L2SPACCESS_HART,bench=bfs_work_stealing,hart=71,core=4,thread=7,wq=1082,frontier=0,graph=0,total=1082
L2SPACCESS_HART,bench=bfs_work_stealing,hart=72,core=4,thread=8,wq=1099,frontier=0,graph=0,total=1099
L2SPACCESS_HART,bench=bfs_work_stealing,hart=73,core=4,thread=9,wq=1110,frontier=0,graph=0,total=1110
L2SPACCESS_HART,bench=bfs_work_stealing,hart=74,core=4,thread=10,wq=1139,frontier=66,graph=354,total=1559
L2SPACCESS_HART,bench=bfs_work_stealing,hart=75,core=4,thread=11,wq=1147,frontier=66,graph=364,total=1577
L2SPACCESS_HART,bench=bfs_work_stealing,hart=76,core=4,thread=12,wq=1134,frontier=0,graph=0,total=1134
L2SPACCESS_HART,bench=bfs_work_stealing,hart=77,core=4,thread=13,wq=1102,frontier=0,graph=0,total=1102
L2SPACCESS_HART,bench=bfs_work_stealing,hart=78,core=4,thread=14,wq=1031,frontier=186,graph=3171,total=4388
L2SPACCESS_HART,bench=bfs_work_stealing,hart=79,core=4,thread=15,wq=1153,frontier=64,graph=325,total=1542
L2SPACCESS_HART,bench=bfs_work_stealing,hart=80,core=5,thread=0,wq=1089,frontier=184,graph=2495,total=3768
L2SPACCESS_HART,bench=bfs_work_stealing,hart=81,core=5,thread=1,wq=1151,frontier=70,graph=234,total=1455
L2SPACCESS_HART,bench=bfs_work_stealing,hart=82,core=5,thread=2,wq=1156,frontier=73,graph=249,total=1478
L2SPACCESS_HART,bench=bfs_work_stealing,hart=83,core=5,thread=3,wq=1106,frontier=0,graph=0,total=1106
L2SPACCESS_HART,bench=bfs_work_stealing,hart=84,core=5,thread=4,wq=1134,frontier=0,graph=0,total=1134
L2SPACCESS_HART,bench=bfs_work_stealing,hart=85,core=5,thread=5,wq=1133,frontier=53,graph=141,total=1327
L2SPACCESS_HART,bench=bfs_work_stealing,hart=86,core=5,thread=6,wq=1118,frontier=0,graph=0,total=1118
L2SPACCESS_HART,bench=bfs_work_stealing,hart=87,core=5,thread=7,wq=997,frontier=308,graph=4974,total=6279
L2SPACCESS_HART,bench=bfs_work_stealing,hart=88,core=5,thread=8,wq=1126,frontier=0,graph=0,total=1126
L2SPACCESS_HART,bench=bfs_work_stealing,hart=89,core=5,thread=9,wq=1106,frontier=0,graph=0,total=1106
L2SPACCESS_HART,bench=bfs_work_stealing,hart=90,core=5,thread=10,wq=1102,frontier=0,graph=0,total=1102
L2SPACCESS_HART,bench=bfs_work_stealing,hart=91,core=5,thread=11,wq=1118,frontier=0,graph=0,total=1118
L2SPACCESS_HART,bench=bfs_work_stealing,hart=92,core=5,thread=12,wq=1086,frontier=165,graph=2011,total=3262
L2SPACCESS_HART,bench=bfs_work_stealing,hart=93,core=5,thread=13,wq=1165,frontier=64,graph=226,total=1455
L2SPACCESS_HART,bench=bfs_work_stealing,hart=94,core=5,thread=14,wq=1102,frontier=0,graph=0,total=1102
L2SPACCESS_HART,bench=bfs_work_stealing,hart=95,core=5,thread=15,wq=1106,frontier=0,graph=0,total=1106
L2SPACCESS_HART,bench=bfs_work_stealing,hart=96,core=6,thread=0,wq=1153,frontier=64,graph=180,total=1397
L2SPACCESS_HART,bench=bfs_work_stealing,hart=97,core=6,thread=1,wq=1051,frontier=238,graph=3632,total=4921
L2SPACCESS_HART,bench=bfs_work_stealing,hart=98,core=6,thread=2,wq=1118,frontier=0,graph=0,total=1118
L2SPACCESS_HART,bench=bfs_work_stealing,hart=99,core=6,thread=3,wq=1115,frontier=0,graph=0,total=1115
L2SPACCESS_HART,bench=bfs_work_stealing,hart=100,core=6,thread=4,wq=1114,frontier=0,graph=0,total=1114
L2SPACCESS_HART,bench=bfs_work_stealing,hart=101,core=6,thread=5,wq=1106,frontier=0,graph=0,total=1106
L2SPACCESS_HART,bench=bfs_work_stealing,hart=102,core=6,thread=6,wq=1090,frontier=0,graph=0,total=1090
L2SPACCESS_HART,bench=bfs_work_stealing,hart=103,core=6,thread=7,wq=1160,frontier=58,graph=115,total=1333
L2SPACCESS_HART,bench=bfs_work_stealing,hart=104,core=6,thread=8,wq=1149,frontier=64,graph=155,total=1368
L2SPACCESS_HART,bench=bfs_work_stealing,hart=105,core=6,thread=9,wq=1098,frontier=0,graph=0,total=1098
L2SPACCESS_HART,bench=bfs_work_stealing,hart=106,core=6,thread=10,wq=955,frontier=214,graph=4323,total=5492
L2SPACCESS_HART,bench=bfs_work_stealing,hart=107,core=6,thread=11,wq=1195,frontier=151,graph=681,total=2027
L2SPACCESS_HART,bench=bfs_work_stealing,hart=108,core=6,thread=12,wq=1102,frontier=0,graph=0,total=1102
L2SPACCESS_HART,bench=bfs_work_stealing,hart=109,core=6,thread=13,wq=1106,frontier=0,graph=0,total=1106
L2SPACCESS_HART,bench=bfs_work_stealing,hart=110,core=6,thread=14,wq=1114,frontier=0,graph=0,total=1114
L2SPACCESS_HART,bench=bfs_work_stealing,hart=111,core=6,thread=15,wq=1130,frontier=0,graph=0,total=1130
L2SPACCESS_HART,bench=bfs_work_stealing,hart=112,core=7,thread=0,wq=1126,frontier=0,graph=0,total=1126
L2SPACCESS_HART,bench=bfs_work_stealing,hart=113,core=7,thread=1,wq=1137,frontier=94,graph=522,total=1753
L2SPACCESS_HART,bench=bfs_work_stealing,hart=114,core=7,thread=2,wq=1130,frontier=0,graph=0,total=1130
L2SPACCESS_HART,bench=bfs_work_stealing,hart=115,core=7,thread=3,wq=1103,frontier=0,graph=0,total=1103
L2SPACCESS_HART,bench=bfs_work_stealing,hart=116,core=7,thread=4,wq=1161,frontier=64,graph=89,total=1314
L2SPACCESS_HART,bench=bfs_work_stealing,hart=117,core=7,thread=5,wq=1110,frontier=0,graph=0,total=1110
L2SPACCESS_HART,bench=bfs_work_stealing,hart=118,core=7,thread=6,wq=1118,frontier=0,graph=0,total=1118
L2SPACCESS_HART,bench=bfs_work_stealing,hart=119,core=7,thread=7,wq=983,frontier=246,graph=4552,total=5781
L2SPACCESS_HART,bench=bfs_work_stealing,hart=120,core=7,thread=8,wq=1156,frontier=55,graph=69,total=1280
L2SPACCESS_HART,bench=bfs_work_stealing,hart=121,core=7,thread=9,wq=1098,frontier=0,graph=0,total=1098
L2SPACCESS_HART,bench=bfs_work_stealing,hart=122,core=7,thread=10,wq=1110,frontier=0,graph=0,total=1110
L2SPACCESS_HART,bench=bfs_work_stealing,hart=123,core=7,thread=11,wq=1118,frontier=0,graph=0,total=1118
L2SPACCESS_HART,bench=bfs_work_stealing,hart=124,core=7,thread=12,wq=1106,frontier=0,graph=0,total=1106
L2SPACCESS_HART,bench=bfs_work_stealing,hart=125,core=7,thread=13,wq=1087,frontier=0,graph=0,total=1087
L2SPACCESS_HART,bench=bfs_work_stealing,hart=126,core=7,thread=14,wq=1034,frontier=338,graph=4735,total=6107
L2SPACCESS_HART,bench=bfs_work_stealing,hart=127,core=7,thread=15,wq=1177,frontier=64,graph=99,total=1340
L2SPACCESS_DUMP_END,bench=bfs_work_stealing
