WQTRACE_DUMP_BEGIN,bench=bfs_work_stealing,cores=1,samples=17,dropped=0
WQTRACE,bench=bfs_work_stealing,cores=1,sample=0,phase=init,level=0,iter=-1,queue=core,depths=1
WQTRACE,bench=bfs_work_stealing,cores=1,sample=1,phase=level_begin,level=0,iter=-1,queue=core,depths=1
WQTRACE,bench=bfs_work_stealing,cores=1,sample=2,phase=post_process,level=0,iter=-1,queue=core,depths=0
WQTRACE,bench=bfs_work_stealing,cores=1,sample=3,phase=post_redistribute,level=0,iter=-1,queue=core,depths=9767
WQTRACE,bench=bfs_work_stealing,cores=1,sample=4,phase=level_begin,level=1,iter=-1,queue=core,depths=9767
WQTRACE,bench=bfs_work_stealing,cores=1,sample=5,phase=post_process,level=1,iter=-1,queue=core,depths=0
WQTRACE,bench=bfs_work_stealing,cores=1,sample=6,phase=post_redistribute,level=1,iter=-1,queue=core,depths=35252
WQTRACE,bench=bfs_work_stealing,cores=1,sample=7,phase=level_begin,level=2,iter=-1,queue=core,depths=35252
WQTRACE,bench=bfs_work_stealing,cores=1,sample=8,phase=post_process,level=2,iter=-1,queue=core,depths=0
WQTRACE,bench=bfs_work_stealing,cores=1,sample=9,phase=post_redistribute,level=2,iter=-1,queue=core,depths=1528
WQTRACE,bench=bfs_work_stealing,cores=1,sample=10,phase=level_begin,level=3,iter=-1,queue=core,depths=1528
WQTRACE,bench=bfs_work_stealing,cores=1,sample=11,phase=post_process,level=3,iter=-1,queue=core,depths=0
WQTRACE,bench=bfs_work_stealing,cores=1,sample=12,phase=post_redistribute,level=3,iter=-1,queue=core,depths=3
WQTRACE,bench=bfs_work_stealing,cores=1,sample=13,phase=level_begin,level=4,iter=-1,queue=core,depths=3
WQTRACE,bench=bfs_work_stealing,cores=1,sample=14,phase=post_process,level=4,iter=-1,queue=core,depths=0
WQTRACE,bench=bfs_work_stealing,cores=1,sample=15,phase=post_redistribute,level=4,iter=-1,queue=core,depths=0
WQTRACE,bench=bfs_work_stealing,cores=1,sample=16,phase=final,level=5,iter=-1,queue=core,depths=0
WQTRACE_DUMP_END,bench=bfs_work_stealing
L1SPTRACE_DUMP_BEGIN,bench=bfs_work_stealing,cores=1,harts=16,samples=17
L1SPTRACE_CONFIG,bench=bfs_work_stealing,core_bytes=262144,global_bytes=262144
L1SPTRACE_GLOBAL,bench=bfs_work_stealing,sample=0,phase=init,level=0,iter=-1,bytes=131072
L1SPTRACE_CORE_HART,bench=bfs_work_stealing,sample=0,core=0,thread=0,hart=0,bytes=16384
L1SPTRACE_CORE_HART,bench=bfs_work_stealing,sample=0,core=0,thread=1,hart=1,bytes=16384
L1SPTRACE_CORE_HART,bench=bfs_work_stealing,sample=0,core=0,thread=2,hart=2,bytes=16384
L1SPTRACE_CORE_HART,bench=bfs_work_stealing,sample=0,core=0,thread=3,hart=3,bytes=16384
L1SPTRACE_CORE_HART,bench=bfs_work_stealing,sample=0,core=0,thread=4,hart=4,bytes=16384
L1SPTRACE_CORE_HART,bench=bfs_work_stealing,sample=0,core=0,thread=5,hart=5,bytes=16384
L1SPTRACE_CORE_HART,bench=bfs_work_stealing,sample=0,core=0,thread=6,hart=6,bytes=16384
L1SPTRACE_CORE_HART,bench=bfs_work_stealing,sample=0,core=0,thread=7,hart=7,bytes=16384
L1SPTRACE_CORE_HART,bench=bfs_work_stealing,sample=0,core=0,thread=8,hart=8,bytes=0
L1SPTRACE_CORE_HART,bench=bfs_work_stealing,sample=0,core=0,thread=9,hart=9,bytes=0
L1SPTRACE_CORE_HART,bench=bfs_work_stealing,sample=0,core=0,thread=10,hart=10,bytes=0
L1SPTRACE_CORE_HART,bench=bfs_work_stealing,sample=0,core=0,thread=11,hart=11,bytes=0
L1SPTRACE_CORE_HART,bench=bfs_work_stealing,sample=0,core=0,thread=12,hart=12,bytes=0
L1SPTRACE_CORE_HART,bench=bfs_work_stealing,sample=0,core=0,thread=13,hart=13,bytes=0
L1SPTRACE_CORE_HART,bench=bfs_work_stealing,sample=0,core=0,thread=14,hart=14,bytes=0
L1SPTRACE_CORE_HART,bench=bfs_work_stealing,sample=0,core=0,thread=15,hart=15,bytes=0
L1SPTRACE_GLOBAL,bench=bfs_work_stealing,sample=1,phase=level_begin,level=0,iter=-1,bytes=131072
L1SPTRACE_CORE_HART,bench=bfs_work_stealing,sample=1,core=0,thread=0,hart=0,bytes=16384
L1SPTRACE_CORE_HART,bench=bfs_work_stealing,sample=1,core=0,thread=1,hart=1,bytes=16384
L1SPTRACE_CORE_HART,bench=bfs_work_stealing,sample=1,core=0,thread=2,hart=2,bytes=16384
L1SPTRACE_CORE_HART,bench=bfs_work_stealing,sample=1,core=0,thread=3,hart=3,bytes=16384
L1SPTRACE_CORE_HART,bench=bfs_work_stealing,sample=1,core=0,thread=4,hart=4,bytes=16384
L1SPTRACE_CORE_HART,bench=bfs_work_stealing,sample=1,core=0,thread=5,hart=5,bytes=16384
L1SPTRACE_CORE_HART,bench=bfs_work_stealing,sample=1,core=0,thread=6,hart=6,bytes=16384
L1SPTRACE_CORE_HART,bench=bfs_work_stealing,sample=1,core=0,thread=7,hart=7,bytes=16384
L1SPTRACE_CORE_HART,bench=bfs_work_stealing,sample=1,core=0,thread=8,hart=8,bytes=0
L1SPTRACE_CORE_HART,bench=bfs_work_stealing,sample=1,core=0,thread=9,hart=9,bytes=0
L1SPTRACE_CORE_HART,bench=bfs_work_stealing,sample=1,core=0,thread=10,hart=10,bytes=0
L1SPTRACE_CORE_HART,bench=bfs_work_stealing,sample=1,core=0,thread=11,hart=11,bytes=0
L1SPTRACE_CORE_HART,bench=bfs_work_stealing,sample=1,core=0,thread=12,hart=12,bytes=0
L1SPTRACE_CORE_HART,bench=bfs_work_stealing,sample=1,core=0,thread=13,hart=13,bytes=0
L1SPTRACE_CORE_HART,bench=bfs_work_stealing,sample=1,core=0,thread=14,hart=14,bytes=0
L1SPTRACE_CORE_HART,bench=bfs_work_stealing,sample=1,core=0,thread=15,hart=15,bytes=0
L1SPTRACE_GLOBAL,bench=bfs_work_stealing,sample=2,phase=post_process,level=0,iter=-1,bytes=131072
L1SPTRACE_CORE_HART,bench=bfs_work_stealing,sample=2,core=0,thread=0,hart=0,bytes=16384
L1SPTRACE_CORE_HART,bench=bfs_work_stealing,sample=2,core=0,thread=1,hart=1,bytes=16384
L1SPTRACE_CORE_HART,bench=bfs_work_stealing,sample=2,core=0,thread=2,hart=2,bytes=16384
L1SPTRACE_CORE_HART,bench=bfs_work_stealing,sample=2,core=0,thread=3,hart=3,bytes=16384
L1SPTRACE_CORE_HART,bench=bfs_work_stealing,sample=2,core=0,thread=4,hart=4,bytes=16384
L1SPTRACE_CORE_HART,bench=bfs_work_stealing,sample=2,core=0,thread=5,hart=5,bytes=16384
L1SPTRACE_CORE_HART,bench=bfs_work_stealing,sample=2,core=0,thread=6,hart=6,bytes=16384
L1SPTRACE_CORE_HART,bench=bfs_work_stealing,sample=2,core=0,thread=7,hart=7,bytes=16384
L1SPTRACE_CORE_HART,bench=bfs_work_stealing,sample=2,core=0,thread=8,hart=8,bytes=0
L1SPTRACE_CORE_HART,bench=bfs_work_stealing,sample=2,core=0,thread=9,hart=9,bytes=0
L1SPTRACE_CORE_HART,bench=bfs_work_stealing,sample=2,core=0,thread=10,hart=10,bytes=0
L1SPTRACE_CORE_HART,bench=bfs_work_stealing,sample=2,core=0,thread=11,hart=11,bytes=0
L1SPTRACE_CORE_HART,bench=bfs_work_stealing,sample=2,core=0,thread=12,hart=12,bytes=0
L1SPTRACE_CORE_HART,bench=bfs_work_stealing,sample=2,core=0,thread=13,hart=13,bytes=0
L1SPTRACE_CORE_HART,bench=bfs_work_stealing,sample=2,core=0,thread=14,hart=14,bytes=0
L1SPTRACE_CORE_HART,bench=bfs_work_stealing,sample=2,core=0,thread=15,hart=15,bytes=0
L1SPTRACE_GLOBAL,bench=bfs_work_stealing,sample=3,phase=post_redistribute,level=0,iter=-1,bytes=131072
L1SPTRACE_CORE_HART,bench=bfs_work_stealing,sample=3,core=0,thread=0,hart=0,bytes=16384
L1SPTRACE_CORE_HART,bench=bfs_work_stealing,sample=3,core=0,thread=1,hart=1,bytes=16384
L1SPTRACE_CORE_HART,bench=bfs_work_stealing,sample=3,core=0,thread=2,hart=2,bytes=16384
L1SPTRACE_CORE_HART,bench=bfs_work_stealing,sample=3,core=0,thread=3,hart=3,bytes=16384
L1SPTRACE_CORE_HART,bench=bfs_work_stealing,sample=3,core=0,thread=4,hart=4,bytes=16384
L1SPTRACE_CORE_HART,bench=bfs_work_stealing,sample=3,core=0,thread=5,hart=5,bytes=16384
L1SPTRACE_CORE_HART,bench=bfs_work_stealing,sample=3,core=0,thread=6,hart=6,bytes=16384
L1SPTRACE_CORE_HART,bench=bfs_work_stealing,sample=3,core=0,thread=7,hart=7,bytes=16384
L1SPTRACE_CORE_HART,bench=bfs_work_stealing,sample=3,core=0,thread=8,hart=8,bytes=0
L1SPTRACE_CORE_HART,bench=bfs_work_stealing,sample=3,core=0,thread=9,hart=9,bytes=0
L1SPTRACE_CORE_HART,bench=bfs_work_stealing,sample=3,core=0,thread=10,hart=10,bytes=0
L1SPTRACE_CORE_HART,bench=bfs_work_stealing,sample=3,core=0,thread=11,hart=11,bytes=0
L1SPTRACE_CORE_HART,bench=bfs_work_stealing,sample=3,core=0,thread=12,hart=12,bytes=0
L1SPTRACE_CORE_HART,bench=bfs_work_stealing,sample=3,core=0,thread=13,hart=13,bytes=0
L1SPTRACE_CORE_HART,bench=bfs_work_stealing,sample=3,core=0,thread=14,hart=14,bytes=0
L1SPTRACE_CORE_HART,bench=bfs_work_stealing,sample=3,core=0,thread=15,hart=15,bytes=0
L1SPTRACE_GLOBAL,bench=bfs_work_stealing,sample=4,phase=level_begin,level=1,iter=-1,bytes=131072
L1SPTRACE_CORE_HART,bench=bfs_work_stealing,sample=4,core=0,thread=0,hart=0,bytes=16384
L1SPTRACE_CORE_HART,bench=bfs_work_stealing,sample=4,core=0,thread=1,hart=1,bytes=16384
L1SPTRACE_CORE_HART,bench=bfs_work_stealing,sample=4,core=0,thread=2,hart=2,bytes=16384
L1SPTRACE_CORE_HART,bench=bfs_work_stealing,sample=4,core=0,thread=3,hart=3,bytes=16384
L1SPTRACE_CORE_HART,bench=bfs_work_stealing,sample=4,core=0,thread=4,hart=4,bytes=16384
L1SPTRACE_CORE_HART,bench=bfs_work_stealing,sample=4,core=0,thread=5,hart=5,bytes=16384
L1SPTRACE_CORE_HART,bench=bfs_work_stealing,sample=4,core=0,thread=6,hart=6,bytes=16384
L1SPTRACE_CORE_HART,bench=bfs_work_stealing,sample=4,core=0,thread=7,hart=7,bytes=16384
L1SPTRACE_CORE_HART,bench=bfs_work_stealing,sample=4,core=0,thread=8,hart=8,bytes=0
L1SPTRACE_CORE_HART,bench=bfs_work_stealing,sample=4,core=0,thread=9,hart=9,bytes=0
L1SPTRACE_CORE_HART,bench=bfs_work_stealing,sample=4,core=0,thread=10,hart=10,bytes=0
L1SPTRACE_CORE_HART,bench=bfs_work_stealing,sample=4,core=0,thread=11,hart=11,bytes=0
L1SPTRACE_CORE_HART,bench=bfs_work_stealing,sample=4,core=0,thread=12,hart=12,bytes=0
L1SPTRACE_CORE_HART,bench=bfs_work_stealing,sample=4,core=0,thread=13,hart=13,bytes=0
L1SPTRACE_CORE_HART,bench=bfs_work_stealing,sample=4,core=0,thread=14,hart=14,bytes=0
L1SPTRACE_CORE_HART,bench=bfs_work_stealing,sample=4,core=0,thread=15,hart=15,bytes=0
L1SPTRACE_GLOBAL,bench=bfs_work_stealing,sample=5,phase=post_process,level=1,iter=-1,bytes=131072
L1SPTRACE_CORE_HART,bench=bfs_work_stealing,sample=5,core=0,thread=0,hart=0,bytes=16384
L1SPTRACE_CORE_HART,bench=bfs_work_stealing,sample=5,core=0,thread=1,hart=1,bytes=16384
L1SPTRACE_CORE_HART,bench=bfs_work_stealing,sample=5,core=0,thread=2,hart=2,bytes=16384
L1SPTRACE_CORE_HART,bench=bfs_work_stealing,sample=5,core=0,thread=3,hart=3,bytes=16384
L1SPTRACE_CORE_HART,bench=bfs_work_stealing,sample=5,core=0,thread=4,hart=4,bytes=16384
L1SPTRACE_CORE_HART,bench=bfs_work_stealing,sample=5,core=0,thread=5,hart=5,bytes=16384
L1SPTRACE_CORE_HART,bench=bfs_work_stealing,sample=5,core=0,thread=6,hart=6,bytes=16384
L1SPTRACE_CORE_HART,bench=bfs_work_stealing,sample=5,core=0,thread=7,hart=7,bytes=16384
L1SPTRACE_CORE_HART,bench=bfs_work_stealing,sample=5,core=0,thread=8,hart=8,bytes=0
L1SPTRACE_CORE_HART,bench=bfs_work_stealing,sample=5,core=0,thread=9,hart=9,bytes=0
L1SPTRACE_CORE_HART,bench=bfs_work_stealing,sample=5,core=0,thread=10,hart=10,bytes=0
L1SPTRACE_CORE_HART,bench=bfs_work_stealing,sample=5,core=0,thread=11,hart=11,bytes=0
L1SPTRACE_CORE_HART,bench=bfs_work_stealing,sample=5,core=0,thread=12,hart=12,bytes=0
L1SPTRACE_CORE_HART,bench=bfs_work_stealing,sample=5,core=0,thread=13,hart=13,bytes=0
L1SPTRACE_CORE_HART,bench=bfs_work_stealing,sample=5,core=0,thread=14,hart=14,bytes=0
L1SPTRACE_CORE_HART,bench=bfs_work_stealing,sample=5,core=0,thread=15,hart=15,bytes=0
L1SPTRACE_GLOBAL,bench=bfs_work_stealing,sample=6,phase=post_redistribute,level=1,iter=-1,bytes=131072
L1SPTRACE_CORE_HART,bench=bfs_work_stealing,sample=6,core=0,thread=0,hart=0,bytes=16384
L1SPTRACE_CORE_HART,bench=bfs_work_stealing,sample=6,core=0,thread=1,hart=1,bytes=16384
L1SPTRACE_CORE_HART,bench=bfs_work_stealing,sample=6,core=0,thread=2,hart=2,bytes=16384
L1SPTRACE_CORE_HART,bench=bfs_work_stealing,sample=6,core=0,thread=3,hart=3,bytes=16384
L1SPTRACE_CORE_HART,bench=bfs_work_stealing,sample=6,core=0,thread=4,hart=4,bytes=16384
L1SPTRACE_CORE_HART,bench=bfs_work_stealing,sample=6,core=0,thread=5,hart=5,bytes=16384
L1SPTRACE_CORE_HART,bench=bfs_work_stealing,sample=6,core=0,thread=6,hart=6,bytes=16384
L1SPTRACE_CORE_HART,bench=bfs_work_stealing,sample=6,core=0,thread=7,hart=7,bytes=16384
L1SPTRACE_CORE_HART,bench=bfs_work_stealing,sample=6,core=0,thread=8,hart=8,bytes=0
L1SPTRACE_CORE_HART,bench=bfs_work_stealing,sample=6,core=0,thread=9,hart=9,bytes=0
L1SPTRACE_CORE_HART,bench=bfs_work_stealing,sample=6,core=0,thread=10,hart=10,bytes=0
L1SPTRACE_CORE_HART,bench=bfs_work_stealing,sample=6,core=0,thread=11,hart=11,bytes=0
L1SPTRACE_CORE_HART,bench=bfs_work_stealing,sample=6,core=0,thread=12,hart=12,bytes=0
L1SPTRACE_CORE_HART,bench=bfs_work_stealing,sample=6,core=0,thread=13,hart=13,bytes=0
L1SPTRACE_CORE_HART,bench=bfs_work_stealing,sample=6,core=0,thread=14,hart=14,bytes=0
L1SPTRACE_CORE_HART,bench=bfs_work_stealing,sample=6,core=0,thread=15,hart=15,bytes=0
L1SPTRACE_GLOBAL,bench=bfs_work_stealing,sample=7,phase=level_begin,level=2,iter=-1,bytes=131072
L1SPTRACE_CORE_HART,bench=bfs_work_stealing,sample=7,core=0,thread=0,hart=0,bytes=16384
L1SPTRACE_CORE_HART,bench=bfs_work_stealing,sample=7,core=0,thread=1,hart=1,bytes=16384
L1SPTRACE_CORE_HART,bench=bfs_work_stealing,sample=7,core=0,thread=2,hart=2,bytes=16384
L1SPTRACE_CORE_HART,bench=bfs_work_stealing,sample=7,core=0,thread=3,hart=3,bytes=16384
L1SPTRACE_CORE_HART,bench=bfs_work_stealing,sample=7,core=0,thread=4,hart=4,bytes=16384
L1SPTRACE_CORE_HART,bench=bfs_work_stealing,sample=7,core=0,thread=5,hart=5,bytes=16384
L1SPTRACE_CORE_HART,bench=bfs_work_stealing,sample=7,core=0,thread=6,hart=6,bytes=16384
L1SPTRACE_CORE_HART,bench=bfs_work_stealing,sample=7,core=0,thread=7,hart=7,bytes=16384
L1SPTRACE_CORE_HART,bench=bfs_work_stealing,sample=7,core=0,thread=8,hart=8,bytes=0
L1SPTRACE_CORE_HART,bench=bfs_work_stealing,sample=7,core=0,thread=9,hart=9,bytes=0
L1SPTRACE_CORE_HART,bench=bfs_work_stealing,sample=7,core=0,thread=10,hart=10,bytes=0
L1SPTRACE_CORE_HART,bench=bfs_work_stealing,sample=7,core=0,thread=11,hart=11,bytes=0
L1SPTRACE_CORE_HART,bench=bfs_work_stealing,sample=7,core=0,thread=12,hart=12,bytes=0
L1SPTRACE_CORE_HART,bench=bfs_work_stealing,sample=7,core=0,thread=13,hart=13,bytes=0
L1SPTRACE_CORE_HART,bench=bfs_work_stealing,sample=7,core=0,thread=14,hart=14,bytes=0
L1SPTRACE_CORE_HART,bench=bfs_work_stealing,sample=7,core=0,thread=15,hart=15,bytes=0
L1SPTRACE_GLOBAL,bench=bfs_work_stealing,sample=8,phase=post_process,level=2,iter=-1,bytes=131072
L1SPTRACE_CORE_HART,bench=bfs_work_stealing,sample=8,core=0,thread=0,hart=0,bytes=16384
L1SPTRACE_CORE_HART,bench=bfs_work_stealing,sample=8,core=0,thread=1,hart=1,bytes=16384
L1SPTRACE_CORE_HART,bench=bfs_work_stealing,sample=8,core=0,thread=2,hart=2,bytes=16384
L1SPTRACE_CORE_HART,bench=bfs_work_stealing,sample=8,core=0,thread=3,hart=3,bytes=16384
L1SPTRACE_CORE_HART,bench=bfs_work_stealing,sample=8,core=0,thread=4,hart=4,bytes=16384
L1SPTRACE_CORE_HART,bench=bfs_work_stealing,sample=8,core=0,thread=5,hart=5,bytes=16384
L1SPTRACE_CORE_HART,bench=bfs_work_stealing,sample=8,core=0,thread=6,hart=6,bytes=16384
L1SPTRACE_CORE_HART,bench=bfs_work_stealing,sample=8,core=0,thread=7,hart=7,bytes=16384
L1SPTRACE_CORE_HART,bench=bfs_work_stealing,sample=8,core=0,thread=8,hart=8,bytes=0
L1SPTRACE_CORE_HART,bench=bfs_work_stealing,sample=8,core=0,thread=9,hart=9,bytes=0
L1SPTRACE_CORE_HART,bench=bfs_work_stealing,sample=8,core=0,thread=10,hart=10,bytes=0
L1SPTRACE_CORE_HART,bench=bfs_work_stealing,sample=8,core=0,thread=11,hart=11,bytes=0
L1SPTRACE_CORE_HART,bench=bfs_work_stealing,sample=8,core=0,thread=12,hart=12,bytes=0
L1SPTRACE_CORE_HART,bench=bfs_work_stealing,sample=8,core=0,thread=13,hart=13,bytes=0
L1SPTRACE_CORE_HART,bench=bfs_work_stealing,sample=8,core=0,thread=14,hart=14,bytes=0
L1SPTRACE_CORE_HART,bench=bfs_work_stealing,sample=8,core=0,thread=15,hart=15,bytes=0
L1SPTRACE_GLOBAL,bench=bfs_work_stealing,sample=9,phase=post_redistribute,level=2,iter=-1,bytes=131072
L1SPTRACE_CORE_HART,bench=bfs_work_stealing,sample=9,core=0,thread=0,hart=0,bytes=16384
L1SPTRACE_CORE_HART,bench=bfs_work_stealing,sample=9,core=0,thread=1,hart=1,bytes=16384
L1SPTRACE_CORE_HART,bench=bfs_work_stealing,sample=9,core=0,thread=2,hart=2,bytes=16384
L1SPTRACE_CORE_HART,bench=bfs_work_stealing,sample=9,core=0,thread=3,hart=3,bytes=16384
L1SPTRACE_CORE_HART,bench=bfs_work_stealing,sample=9,core=0,thread=4,hart=4,bytes=16384
L1SPTRACE_CORE_HART,bench=bfs_work_stealing,sample=9,core=0,thread=5,hart=5,bytes=16384
L1SPTRACE_CORE_HART,bench=bfs_work_stealing,sample=9,core=0,thread=6,hart=6,bytes=16384
L1SPTRACE_CORE_HART,bench=bfs_work_stealing,sample=9,core=0,thread=7,hart=7,bytes=16384
L1SPTRACE_CORE_HART,bench=bfs_work_stealing,sample=9,core=0,thread=8,hart=8,bytes=0
L1SPTRACE_CORE_HART,bench=bfs_work_stealing,sample=9,core=0,thread=9,hart=9,bytes=0
L1SPTRACE_CORE_HART,bench=bfs_work_stealing,sample=9,core=0,thread=10,hart=10,bytes=0
L1SPTRACE_CORE_HART,bench=bfs_work_stealing,sample=9,core=0,thread=11,hart=11,bytes=0
L1SPTRACE_CORE_HART,bench=bfs_work_stealing,sample=9,core=0,thread=12,hart=12,bytes=0
L1SPTRACE_CORE_HART,bench=bfs_work_stealing,sample=9,core=0,thread=13,hart=13,bytes=0
L1SPTRACE_CORE_HART,bench=bfs_work_stealing,sample=9,core=0,thread=14,hart=14,bytes=0
L1SPTRACE_CORE_HART,bench=bfs_work_stealing,sample=9,core=0,thread=15,hart=15,bytes=0
L1SPTRACE_GLOBAL,bench=bfs_work_stealing,sample=10,phase=level_begin,level=3,iter=-1,bytes=131072
L1SPTRACE_CORE_HART,bench=bfs_work_stealing,sample=10,core=0,thread=0,hart=0,bytes=16384
L1SPTRACE_CORE_HART,bench=bfs_work_stealing,sample=10,core=0,thread=1,hart=1,bytes=16384
L1SPTRACE_CORE_HART,bench=bfs_work_stealing,sample=10,core=0,thread=2,hart=2,bytes=16384
L1SPTRACE_CORE_HART,bench=bfs_work_stealing,sample=10,core=0,thread=3,hart=3,bytes=16384
L1SPTRACE_CORE_HART,bench=bfs_work_stealing,sample=10,core=0,thread=4,hart=4,bytes=16384
L1SPTRACE_CORE_HART,bench=bfs_work_stealing,sample=10,core=0,thread=5,hart=5,bytes=16384
L1SPTRACE_CORE_HART,bench=bfs_work_stealing,sample=10,core=0,thread=6,hart=6,bytes=16384
L1SPTRACE_CORE_HART,bench=bfs_work_stealing,sample=10,core=0,thread=7,hart=7,bytes=16384
L1SPTRACE_CORE_HART,bench=bfs_work_stealing,sample=10,core=0,thread=8,hart=8,bytes=0
L1SPTRACE_CORE_HART,bench=bfs_work_stealing,sample=10,core=0,thread=9,hart=9,bytes=0
L1SPTRACE_CORE_HART,bench=bfs_work_stealing,sample=10,core=0,thread=10,hart=10,bytes=0
L1SPTRACE_CORE_HART,bench=bfs_work_stealing,sample=10,core=0,thread=11,hart=11,bytes=0
L1SPTRACE_CORE_HART,bench=bfs_work_stealing,sample=10,core=0,thread=12,hart=12,bytes=0
L1SPTRACE_CORE_HART,bench=bfs_work_stealing,sample=10,core=0,thread=13,hart=13,bytes=0
L1SPTRACE_CORE_HART,bench=bfs_work_stealing,sample=10,core=0,thread=14,hart=14,bytes=0
L1SPTRACE_CORE_HART,bench=bfs_work_stealing,sample=10,core=0,thread=15,hart=15,bytes=0
L1SPTRACE_GLOBAL,bench=bfs_work_stealing,sample=11,phase=post_process,level=3,iter=-1,bytes=131072
L1SPTRACE_CORE_HART,bench=bfs_work_stealing,sample=11,core=0,thread=0,hart=0,bytes=16384
L1SPTRACE_CORE_HART,bench=bfs_work_stealing,sample=11,core=0,thread=1,hart=1,bytes=16384
L1SPTRACE_CORE_HART,bench=bfs_work_stealing,sample=11,core=0,thread=2,hart=2,bytes=16384
L1SPTRACE_CORE_HART,bench=bfs_work_stealing,sample=11,core=0,thread=3,hart=3,bytes=16384
L1SPTRACE_CORE_HART,bench=bfs_work_stealing,sample=11,core=0,thread=4,hart=4,bytes=16384
L1SPTRACE_CORE_HART,bench=bfs_work_stealing,sample=11,core=0,thread=5,hart=5,bytes=16384
L1SPTRACE_CORE_HART,bench=bfs_work_stealing,sample=11,core=0,thread=6,hart=6,bytes=16384
L1SPTRACE_CORE_HART,bench=bfs_work_stealing,sample=11,core=0,thread=7,hart=7,bytes=16384
L1SPTRACE_CORE_HART,bench=bfs_work_stealing,sample=11,core=0,thread=8,hart=8,bytes=0
L1SPTRACE_CORE_HART,bench=bfs_work_stealing,sample=11,core=0,thread=9,hart=9,bytes=0
L1SPTRACE_CORE_HART,bench=bfs_work_stealing,sample=11,core=0,thread=10,hart=10,bytes=0
L1SPTRACE_CORE_HART,bench=bfs_work_stealing,sample=11,core=0,thread=11,hart=11,bytes=0
L1SPTRACE_CORE_HART,bench=bfs_work_stealing,sample=11,core=0,thread=12,hart=12,bytes=0
L1SPTRACE_CORE_HART,bench=bfs_work_stealing,sample=11,core=0,thread=13,hart=13,bytes=0
L1SPTRACE_CORE_HART,bench=bfs_work_stealing,sample=11,core=0,thread=14,hart=14,bytes=0
L1SPTRACE_CORE_HART,bench=bfs_work_stealing,sample=11,core=0,thread=15,hart=15,bytes=0
L1SPTRACE_GLOBAL,bench=bfs_work_stealing,sample=12,phase=post_redistribute,level=3,iter=-1,bytes=131072
L1SPTRACE_CORE_HART,bench=bfs_work_stealing,sample=12,core=0,thread=0,hart=0,bytes=16384
L1SPTRACE_CORE_HART,bench=bfs_work_stealing,sample=12,core=0,thread=1,hart=1,bytes=16384
L1SPTRACE_CORE_HART,bench=bfs_work_stealing,sample=12,core=0,thread=2,hart=2,bytes=16384
L1SPTRACE_CORE_HART,bench=bfs_work_stealing,sample=12,core=0,thread=3,hart=3,bytes=16384
L1SPTRACE_CORE_HART,bench=bfs_work_stealing,sample=12,core=0,thread=4,hart=4,bytes=16384
L1SPTRACE_CORE_HART,bench=bfs_work_stealing,sample=12,core=0,thread=5,hart=5,bytes=16384
L1SPTRACE_CORE_HART,bench=bfs_work_stealing,sample=12,core=0,thread=6,hart=6,bytes=16384
L1SPTRACE_CORE_HART,bench=bfs_work_stealing,sample=12,core=0,thread=7,hart=7,bytes=16384
L1SPTRACE_CORE_HART,bench=bfs_work_stealing,sample=12,core=0,thread=8,hart=8,bytes=0
L1SPTRACE_CORE_HART,bench=bfs_work_stealing,sample=12,core=0,thread=9,hart=9,bytes=0
L1SPTRACE_CORE_HART,bench=bfs_work_stealing,sample=12,core=0,thread=10,hart=10,bytes=0
L1SPTRACE_CORE_HART,bench=bfs_work_stealing,sample=12,core=0,thread=11,hart=11,bytes=0
L1SPTRACE_CORE_HART,bench=bfs_work_stealing,sample=12,core=0,thread=12,hart=12,bytes=0
L1SPTRACE_CORE_HART,bench=bfs_work_stealing,sample=12,core=0,thread=13,hart=13,bytes=0
L1SPTRACE_CORE_HART,bench=bfs_work_stealing,sample=12,core=0,thread=14,hart=14,bytes=0
L1SPTRACE_CORE_HART,bench=bfs_work_stealing,sample=12,core=0,thread=15,hart=15,bytes=0
L1SPTRACE_GLOBAL,bench=bfs_work_stealing,sample=13,phase=level_begin,level=4,iter=-1,bytes=131072
L1SPTRACE_CORE_HART,bench=bfs_work_stealing,sample=13,core=0,thread=0,hart=0,bytes=16384
L1SPTRACE_CORE_HART,bench=bfs_work_stealing,sample=13,core=0,thread=1,hart=1,bytes=16384
L1SPTRACE_CORE_HART,bench=bfs_work_stealing,sample=13,core=0,thread=2,hart=2,bytes=16384
L1SPTRACE_CORE_HART,bench=bfs_work_stealing,sample=13,core=0,thread=3,hart=3,bytes=16384
L1SPTRACE_CORE_HART,bench=bfs_work_stealing,sample=13,core=0,thread=4,hart=4,bytes=16384
L1SPTRACE_CORE_HART,bench=bfs_work_stealing,sample=13,core=0,thread=5,hart=5,bytes=16384
L1SPTRACE_CORE_HART,bench=bfs_work_stealing,sample=13,core=0,thread=6,hart=6,bytes=16384
L1SPTRACE_CORE_HART,bench=bfs_work_stealing,sample=13,core=0,thread=7,hart=7,bytes=16384
L1SPTRACE_CORE_HART,bench=bfs_work_stealing,sample=13,core=0,thread=8,hart=8,bytes=0
L1SPTRACE_CORE_HART,bench=bfs_work_stealing,sample=13,core=0,thread=9,hart=9,bytes=0
L1SPTRACE_CORE_HART,bench=bfs_work_stealing,sample=13,core=0,thread=10,hart=10,bytes=0
L1SPTRACE_CORE_HART,bench=bfs_work_stealing,sample=13,core=0,thread=11,hart=11,bytes=0
L1SPTRACE_CORE_HART,bench=bfs_work_stealing,sample=13,core=0,thread=12,hart=12,bytes=0
L1SPTRACE_CORE_HART,bench=bfs_work_stealing,sample=13,core=0,thread=13,hart=13,bytes=0
L1SPTRACE_CORE_HART,bench=bfs_work_stealing,sample=13,core=0,thread=14,hart=14,bytes=0
L1SPTRACE_CORE_HART,bench=bfs_work_stealing,sample=13,core=0,thread=15,hart=15,bytes=0
L1SPTRACE_GLOBAL,bench=bfs_work_stealing,sample=14,phase=post_process,level=4,iter=-1,bytes=131072
L1SPTRACE_CORE_HART,bench=bfs_work_stealing,sample=14,core=0,thread=0,hart=0,bytes=16384
L1SPTRACE_CORE_HART,bench=bfs_work_stealing,sample=14,core=0,thread=1,hart=1,bytes=16384
L1SPTRACE_CORE_HART,bench=bfs_work_stealing,sample=14,core=0,thread=2,hart=2,bytes=16384
L1SPTRACE_CORE_HART,bench=bfs_work_stealing,sample=14,core=0,thread=3,hart=3,bytes=16384
L1SPTRACE_CORE_HART,bench=bfs_work_stealing,sample=14,core=0,thread=4,hart=4,bytes=16384
L1SPTRACE_CORE_HART,bench=bfs_work_stealing,sample=14,core=0,thread=5,hart=5,bytes=16384
L1SPTRACE_CORE_HART,bench=bfs_work_stealing,sample=14,core=0,thread=6,hart=6,bytes=16384
L1SPTRACE_CORE_HART,bench=bfs_work_stealing,sample=14,core=0,thread=7,hart=7,bytes=16384
L1SPTRACE_CORE_HART,bench=bfs_work_stealing,sample=14,core=0,thread=8,hart=8,bytes=0
L1SPTRACE_CORE_HART,bench=bfs_work_stealing,sample=14,core=0,thread=9,hart=9,bytes=0
L1SPTRACE_CORE_HART,bench=bfs_work_stealing,sample=14,core=0,thread=10,hart=10,bytes=0
L1SPTRACE_CORE_HART,bench=bfs_work_stealing,sample=14,core=0,thread=11,hart=11,bytes=0
L1SPTRACE_CORE_HART,bench=bfs_work_stealing,sample=14,core=0,thread=12,hart=12,bytes=0
L1SPTRACE_CORE_HART,bench=bfs_work_stealing,sample=14,core=0,thread=13,hart=13,bytes=0
L1SPTRACE_CORE_HART,bench=bfs_work_stealing,sample=14,core=0,thread=14,hart=14,bytes=0
L1SPTRACE_CORE_HART,bench=bfs_work_stealing,sample=14,core=0,thread=15,hart=15,bytes=0
L1SPTRACE_GLOBAL,bench=bfs_work_stealing,sample=15,phase=post_redistribute,level=4,iter=-1,bytes=131072
L1SPTRACE_CORE_HART,bench=bfs_work_stealing,sample=15,core=0,thread=0,hart=0,bytes=16384
L1SPTRACE_CORE_HART,bench=bfs_work_stealing,sample=15,core=0,thread=1,hart=1,bytes=16384
L1SPTRACE_CORE_HART,bench=bfs_work_stealing,sample=15,core=0,thread=2,hart=2,bytes=16384
L1SPTRACE_CORE_HART,bench=bfs_work_stealing,sample=15,core=0,thread=3,hart=3,bytes=16384
L1SPTRACE_CORE_HART,bench=bfs_work_stealing,sample=15,core=0,thread=4,hart=4,bytes=16384
L1SPTRACE_CORE_HART,bench=bfs_work_stealing,sample=15,core=0,thread=5,hart=5,bytes=16384
L1SPTRACE_CORE_HART,bench=bfs_work_stealing,sample=15,core=0,thread=6,hart=6,bytes=16384
L1SPTRACE_CORE_HART,bench=bfs_work_stealing,sample=15,core=0,thread=7,hart=7,bytes=16384
L1SPTRACE_CORE_HART,bench=bfs_work_stealing,sample=15,core=0,thread=8,hart=8,bytes=0
L1SPTRACE_CORE_HART,bench=bfs_work_stealing,sample=15,core=0,thread=9,hart=9,bytes=0
L1SPTRACE_CORE_HART,bench=bfs_work_stealing,sample=15,core=0,thread=10,hart=10,bytes=0
L1SPTRACE_CORE_HART,bench=bfs_work_stealing,sample=15,core=0,thread=11,hart=11,bytes=0
L1SPTRACE_CORE_HART,bench=bfs_work_stealing,sample=15,core=0,thread=12,hart=12,bytes=0
L1SPTRACE_CORE_HART,bench=bfs_work_stealing,sample=15,core=0,thread=13,hart=13,bytes=0
L1SPTRACE_CORE_HART,bench=bfs_work_stealing,sample=15,core=0,thread=14,hart=14,bytes=0
L1SPTRACE_CORE_HART,bench=bfs_work_stealing,sample=15,core=0,thread=15,hart=15,bytes=0
L1SPTRACE_GLOBAL,bench=bfs_work_stealing,sample=16,phase=final,level=5,iter=-1,bytes=131072
L1SPTRACE_CORE_HART,bench=bfs_work_stealing,sample=16,core=0,thread=0,hart=0,bytes=16384
L1SPTRACE_CORE_HART,bench=bfs_work_stealing,sample=16,core=0,thread=1,hart=1,bytes=16384
L1SPTRACE_CORE_HART,bench=bfs_work_stealing,sample=16,core=0,thread=2,hart=2,bytes=16384
L1SPTRACE_CORE_HART,bench=bfs_work_stealing,sample=16,core=0,thread=3,hart=3,bytes=16384
L1SPTRACE_CORE_HART,bench=bfs_work_stealing,sample=16,core=0,thread=4,hart=4,bytes=16384
L1SPTRACE_CORE_HART,bench=bfs_work_stealing,sample=16,core=0,thread=5,hart=5,bytes=16384
L1SPTRACE_CORE_HART,bench=bfs_work_stealing,sample=16,core=0,thread=6,hart=6,bytes=16384
L1SPTRACE_CORE_HART,bench=bfs_work_stealing,sample=16,core=0,thread=7,hart=7,bytes=16384
L1SPTRACE_CORE_HART,bench=bfs_work_stealing,sample=16,core=0,thread=8,hart=8,bytes=0
L1SPTRACE_CORE_HART,bench=bfs_work_stealing,sample=16,core=0,thread=9,hart=9,bytes=0
L1SPTRACE_CORE_HART,bench=bfs_work_stealing,sample=16,core=0,thread=10,hart=10,bytes=0
L1SPTRACE_CORE_HART,bench=bfs_work_stealing,sample=16,core=0,thread=11,hart=11,bytes=0
L1SPTRACE_CORE_HART,bench=bfs_work_stealing,sample=16,core=0,thread=12,hart=12,bytes=0
L1SPTRACE_CORE_HART,bench=bfs_work_stealing,sample=16,core=0,thread=13,hart=13,bytes=0
L1SPTRACE_CORE_HART,bench=bfs_work_stealing,sample=16,core=0,thread=14,hart=14,bytes=0
L1SPTRACE_CORE_HART,bench=bfs_work_stealing,sample=16,core=0,thread=15,hart=15,bytes=0
L1SPTRACE_HART,bench=bfs_work_stealing,hart=0,core=0,thread=0,bytes=16384
L1SPTRACE_HART,bench=bfs_work_stealing,hart=1,core=0,thread=1,bytes=16384
L1SPTRACE_HART,bench=bfs_work_stealing,hart=2,core=0,thread=2,bytes=16384
L1SPTRACE_HART,bench=bfs_work_stealing,hart=3,core=0,thread=3,bytes=16384
L1SPTRACE_HART,bench=bfs_work_stealing,hart=4,core=0,thread=4,bytes=16384
L1SPTRACE_HART,bench=bfs_work_stealing,hart=5,core=0,thread=5,bytes=16384
L1SPTRACE_HART,bench=bfs_work_stealing,hart=6,core=0,thread=6,bytes=16384
L1SPTRACE_HART,bench=bfs_work_stealing,hart=7,core=0,thread=7,bytes=16384
L1SPTRACE_HART,bench=bfs_work_stealing,hart=8,core=0,thread=8,bytes=0
L1SPTRACE_HART,bench=bfs_work_stealing,hart=9,core=0,thread=9,bytes=0
L1SPTRACE_HART,bench=bfs_work_stealing,hart=10,core=0,thread=10,bytes=0
L1SPTRACE_HART,bench=bfs_work_stealing,hart=11,core=0,thread=11,bytes=0
L1SPTRACE_HART,bench=bfs_work_stealing,hart=12,core=0,thread=12,bytes=0
L1SPTRACE_HART,bench=bfs_work_stealing,hart=13,core=0,thread=13,bytes=0
L1SPTRACE_HART,bench=bfs_work_stealing,hart=14,core=0,thread=14,bytes=0
L1SPTRACE_HART,bench=bfs_work_stealing,hart=15,core=0,thread=15,bytes=0
L1SPTRACE_DUMP_END,bench=bfs_work_stealing
WQSNAP_DUMP_BEGIN,bench=bfs_work_stealing,cores=1,snaps=160,capacity=4096
WQSNAP,bench=bfs_work_stealing,cores=1,idx=0,level=1,event=pop,actor_core=0,depths=6055
WQSNAP,bench=bfs_work_stealing,cores=1,idx=1,level=1,event=pop,actor_core=0,depths=5927
WQSNAP,bench=bfs_work_stealing,cores=1,idx=2,level=1,event=pop,actor_core=0,depths=5863
WQSNAP,bench=bfs_work_stealing,cores=1,idx=3,level=1,event=pop,actor_core=0,depths=5799
WQSNAP,bench=bfs_work_stealing,cores=1,idx=4,level=1,event=pop,actor_core=0,depths=5735
WQSNAP,bench=bfs_work_stealing,cores=1,idx=5,level=1,event=pop,actor_core=0,depths=5479
WQSNAP,bench=bfs_work_stealing,cores=1,idx=6,level=1,event=pop,actor_core=0,depths=5351
WQSNAP,bench=bfs_work_stealing,cores=1,idx=7,level=1,event=pop,actor_core=0,depths=5159
WQSNAP,bench=bfs_work_stealing,cores=1,idx=8,level=1,event=pop,actor_core=0,depths=5095
WQSNAP,bench=bfs_work_stealing,cores=1,idx=9,level=1,event=pop,actor_core=0,depths=4967
WQSNAP,bench=bfs_work_stealing,cores=1,idx=10,level=1,event=pop,actor_core=0,depths=4711
WQSNAP,bench=bfs_work_stealing,cores=1,idx=11,level=1,event=pop,actor_core=0,depths=4647
WQSNAP,bench=bfs_work_stealing,cores=1,idx=12,level=1,event=pop,actor_core=0,depths=4519
WQSNAP,bench=bfs_work_stealing,cores=1,idx=13,level=1,event=pop,actor_core=0,depths=4455
WQSNAP,bench=bfs_work_stealing,cores=1,idx=14,level=1,event=pop,actor_core=0,depths=4263
WQSNAP,bench=bfs_work_stealing,cores=1,idx=15,level=1,event=pop,actor_core=0,depths=4199
WQSNAP,bench=bfs_work_stealing,cores=1,idx=16,level=1,event=pop,actor_core=0,depths=2343
WQSNAP,bench=bfs_work_stealing,cores=1,idx=17,level=1,event=pop,actor_core=0,depths=2279
WQSNAP,bench=bfs_work_stealing,cores=1,idx=18,level=1,event=pop,actor_core=0,depths=1959
WQSNAP,bench=bfs_work_stealing,cores=1,idx=19,level=1,event=pop,actor_core=0,depths=1639
WQSNAP,bench=bfs_work_stealing,cores=1,idx=20,level=1,event=pop,actor_core=0,depths=1191
WQSNAP,bench=bfs_work_stealing,cores=1,idx=21,level=1,event=pop,actor_core=0,depths=1127
WQSNAP,bench=bfs_work_stealing,cores=1,idx=22,level=1,event=pop,actor_core=0,depths=1063
WQSNAP,bench=bfs_work_stealing,cores=1,idx=23,level=1,event=pop,actor_core=0,depths=999
WQSNAP,bench=bfs_work_stealing,cores=1,idx=24,level=1,event=pop,actor_core=0,depths=871
WQSNAP,bench=bfs_work_stealing,cores=1,idx=25,level=1,event=pop,actor_core=0,depths=807
WQSNAP,bench=bfs_work_stealing,cores=1,idx=26,level=1,event=pop,actor_core=0,depths=743
WQSNAP,bench=bfs_work_stealing,cores=1,idx=27,level=1,event=pop,actor_core=0,depths=487
WQSNAP,bench=bfs_work_stealing,cores=1,idx=28,level=1,event=pop,actor_core=0,depths=423
WQSNAP,bench=bfs_work_stealing,cores=1,idx=29,level=1,event=pop,actor_core=0,depths=295
WQSNAP,bench=bfs_work_stealing,cores=1,idx=30,level=1,event=pop,actor_core=0,depths=231
WQSNAP,bench=bfs_work_stealing,cores=1,idx=31,level=1,event=pop,actor_core=0,depths=167
WQSNAP,bench=bfs_work_stealing,cores=1,idx=32,level=2,event=pop,actor_core=0,depths=31220
WQSNAP,bench=bfs_work_stealing,cores=1,idx=33,level=2,event=pop,actor_core=0,depths=31156
WQSNAP,bench=bfs_work_stealing,cores=1,idx=34,level=2,event=pop,actor_core=0,depths=31092
WQSNAP,bench=bfs_work_stealing,cores=1,idx=35,level=2,event=pop,actor_core=0,depths=30964
WQSNAP,bench=bfs_work_stealing,cores=1,idx=36,level=2,event=pop,actor_core=0,depths=30900
WQSNAP,bench=bfs_work_stealing,cores=1,idx=37,level=2,event=pop,actor_core=0,depths=30836
WQSNAP,bench=bfs_work_stealing,cores=1,idx=38,level=2,event=pop,actor_core=0,depths=30772
WQSNAP,bench=bfs_work_stealing,cores=1,idx=39,level=2,event=pop,actor_core=0,depths=30708
WQSNAP,bench=bfs_work_stealing,cores=1,idx=40,level=2,event=pop,actor_core=0,depths=30644
WQSNAP,bench=bfs_work_stealing,cores=1,idx=41,level=2,event=pop,actor_core=0,depths=30580
WQSNAP,bench=bfs_work_stealing,cores=1,idx=42,level=2,event=pop,actor_core=0,depths=30516
WQSNAP,bench=bfs_work_stealing,cores=1,idx=43,level=2,event=pop,actor_core=0,depths=30452
WQSNAP,bench=bfs_work_stealing,cores=1,idx=44,level=2,event=pop,actor_core=0,depths=30452
WQSNAP,bench=bfs_work_stealing,cores=1,idx=45,level=2,event=pop,actor_core=0,depths=30324
WQSNAP,bench=bfs_work_stealing,cores=1,idx=46,level=2,event=pop,actor_core=0,depths=30196
WQSNAP,bench=bfs_work_stealing,cores=1,idx=47,level=2,event=pop,actor_core=0,depths=29812
WQSNAP,bench=bfs_work_stealing,cores=1,idx=48,level=2,event=pop,actor_core=0,depths=27252
WQSNAP,bench=bfs_work_stealing,cores=1,idx=49,level=2,event=pop,actor_core=0,depths=27124
WQSNAP,bench=bfs_work_stealing,cores=1,idx=50,level=2,event=pop,actor_core=0,depths=26996
WQSNAP,bench=bfs_work_stealing,cores=1,idx=51,level=2,event=pop,actor_core=0,depths=26932
WQSNAP,bench=bfs_work_stealing,cores=1,idx=52,level=2,event=pop,actor_core=0,depths=26868
WQSNAP,bench=bfs_work_stealing,cores=1,idx=53,level=2,event=pop,actor_core=0,depths=26804
WQSNAP,bench=bfs_work_stealing,cores=1,idx=54,level=2,event=pop,actor_core=0,depths=26740
WQSNAP,bench=bfs_work_stealing,cores=1,idx=55,level=2,event=pop,actor_core=0,depths=26676
WQSNAP,bench=bfs_work_stealing,cores=1,idx=56,level=2,event=pop,actor_core=0,depths=26612
WQSNAP,bench=bfs_work_stealing,cores=1,idx=57,level=2,event=pop,actor_core=0,depths=26548
WQSNAP,bench=bfs_work_stealing,cores=1,idx=58,level=2,event=pop,actor_core=0,depths=26420
WQSNAP,bench=bfs_work_stealing,cores=1,idx=59,level=2,event=pop,actor_core=0,depths=26356
WQSNAP,bench=bfs_work_stealing,cores=1,idx=60,level=2,event=pop,actor_core=0,depths=26228
WQSNAP,bench=bfs_work_stealing,cores=1,idx=61,level=2,event=pop,actor_core=0,depths=26100
WQSNAP,bench=bfs_work_stealing,cores=1,idx=62,level=2,event=pop,actor_core=0,depths=25972
WQSNAP,bench=bfs_work_stealing,cores=1,idx=63,level=2,event=pop,actor_core=0,depths=25780
WQSNAP,bench=bfs_work_stealing,cores=1,idx=64,level=2,event=pop,actor_core=0,depths=23412
WQSNAP,bench=bfs_work_stealing,cores=1,idx=65,level=2,event=pop,actor_core=0,depths=23028
WQSNAP,bench=bfs_work_stealing,cores=1,idx=66,level=2,event=pop,actor_core=0,depths=22900
WQSNAP,bench=bfs_work_stealing,cores=1,idx=67,level=2,event=pop,actor_core=0,depths=22772
WQSNAP,bench=bfs_work_stealing,cores=1,idx=68,level=2,event=pop,actor_core=0,depths=22708
WQSNAP,bench=bfs_work_stealing,cores=1,idx=69,level=2,event=pop,actor_core=0,depths=22644
WQSNAP,bench=bfs_work_stealing,cores=1,idx=70,level=2,event=pop,actor_core=0,depths=22580
WQSNAP,bench=bfs_work_stealing,cores=1,idx=71,level=2,event=pop,actor_core=0,depths=22516
WQSNAP,bench=bfs_work_stealing,cores=1,idx=72,level=2,event=pop,actor_core=0,depths=22452
WQSNAP,bench=bfs_work_stealing,cores=1,idx=73,level=2,event=pop,actor_core=0,depths=22324
WQSNAP,bench=bfs_work_stealing,cores=1,idx=74,level=2,event=pop,actor_core=0,depths=22260
WQSNAP,bench=bfs_work_stealing,cores=1,idx=75,level=2,event=pop,actor_core=0,depths=22196
WQSNAP,bench=bfs_work_stealing,cores=1,idx=76,level=2,event=pop,actor_core=0,depths=22132
WQSNAP,bench=bfs_work_stealing,cores=1,idx=77,level=2,event=pop,actor_core=0,depths=22068
WQSNAP,bench=bfs_work_stealing,cores=1,idx=78,level=2,event=pop,actor_core=0,depths=22004
WQSNAP,bench=bfs_work_stealing,cores=1,idx=79,level=2,event=pop,actor_core=0,depths=21684
WQSNAP,bench=bfs_work_stealing,cores=1,idx=80,level=2,event=pop,actor_core=0,depths=19188
WQSNAP,bench=bfs_work_stealing,cores=1,idx=81,level=2,event=pop,actor_core=0,depths=18932
WQSNAP,bench=bfs_work_stealing,cores=1,idx=82,level=2,event=pop,actor_core=0,depths=18868
WQSNAP,bench=bfs_work_stealing,cores=1,idx=83,level=2,event=pop,actor_core=0,depths=18740
WQSNAP,bench=bfs_work_stealing,cores=1,idx=84,level=2,event=pop,actor_core=0,depths=18676
WQSNAP,bench=bfs_work_stealing,cores=1,idx=85,level=2,event=pop,actor_core=0,depths=18548
WQSNAP,bench=bfs_work_stealing,cores=1,idx=86,level=2,event=pop,actor_core=0,depths=18484
WQSNAP,bench=bfs_work_stealing,cores=1,idx=87,level=2,event=pop,actor_core=0,depths=18420
WQSNAP,bench=bfs_work_stealing,cores=1,idx=88,level=2,event=pop,actor_core=0,depths=18356
WQSNAP,bench=bfs_work_stealing,cores=1,idx=89,level=2,event=pop,actor_core=0,depths=18228
WQSNAP,bench=bfs_work_stealing,cores=1,idx=90,level=2,event=pop,actor_core=0,depths=18164
WQSNAP,bench=bfs_work_stealing,cores=1,idx=91,level=2,event=pop,actor_core=0,depths=18100
WQSNAP,bench=bfs_work_stealing,cores=1,idx=92,level=2,event=pop,actor_core=0,depths=18100
WQSNAP,bench=bfs_work_stealing,cores=1,idx=93,level=2,event=pop,actor_core=0,depths=17972
WQSNAP,bench=bfs_work_stealing,cores=1,idx=94,level=2,event=pop,actor_core=0,depths=17844
WQSNAP,bench=bfs_work_stealing,cores=1,idx=95,level=2,event=pop,actor_core=0,depths=17524
WQSNAP,bench=bfs_work_stealing,cores=1,idx=96,level=2,event=pop,actor_core=0,depths=15220
WQSNAP,bench=bfs_work_stealing,cores=1,idx=97,level=2,event=pop,actor_core=0,depths=14900
WQSNAP,bench=bfs_work_stealing,cores=1,idx=98,level=2,event=pop,actor_core=0,depths=14772
WQSNAP,bench=bfs_work_stealing,cores=1,idx=99,level=2,event=pop,actor_core=0,depths=14708
WQSNAP,bench=bfs_work_stealing,cores=1,idx=100,level=2,event=pop,actor_core=0,depths=14644
WQSNAP,bench=bfs_work_stealing,cores=1,idx=101,level=2,event=pop,actor_core=0,depths=14516
WQSNAP,bench=bfs_work_stealing,cores=1,idx=102,level=2,event=pop,actor_core=0,depths=14452
WQSNAP,bench=bfs_work_stealing,cores=1,idx=103,level=2,event=pop,actor_core=0,depths=14388
WQSNAP,bench=bfs_work_stealing,cores=1,idx=104,level=2,event=pop,actor_core=0,depths=14324
WQSNAP,bench=bfs_work_stealing,cores=1,idx=105,level=2,event=pop,actor_core=0,depths=14196
WQSNAP,bench=bfs_work_stealing,cores=1,idx=106,level=2,event=pop,actor_core=0,depths=14196
WQSNAP,bench=bfs_work_stealing,cores=1,idx=107,level=2,event=pop,actor_core=0,depths=14068
WQSNAP,bench=bfs_work_stealing,cores=1,idx=108,level=2,event=pop,actor_core=0,depths=14004
WQSNAP,bench=bfs_work_stealing,cores=1,idx=109,level=2,event=pop,actor_core=0,depths=13748
WQSNAP,bench=bfs_work_stealing,cores=1,idx=110,level=2,event=pop,actor_core=0,depths=13684
WQSNAP,bench=bfs_work_stealing,cores=1,idx=111,level=2,event=pop,actor_core=0,depths=12852
WQSNAP,bench=bfs_work_stealing,cores=1,idx=112,level=2,event=pop,actor_core=0,depths=11124
WQSNAP,bench=bfs_work_stealing,cores=1,idx=113,level=2,event=pop,actor_core=0,depths=10804
WQSNAP,bench=bfs_work_stealing,cores=1,idx=114,level=2,event=pop,actor_core=0,depths=10740
WQSNAP,bench=bfs_work_stealing,cores=1,idx=115,level=2,event=pop,actor_core=0,depths=10548
WQSNAP,bench=bfs_work_stealing,cores=1,idx=116,level=2,event=pop,actor_core=0,depths=10484
WQSNAP,bench=bfs_work_stealing,cores=1,idx=117,level=2,event=pop,actor_core=0,depths=10484
WQSNAP,bench=bfs_work_stealing,cores=1,idx=118,level=2,event=pop,actor_core=0,depths=10356
WQSNAP,bench=bfs_work_stealing,cores=1,idx=119,level=2,event=pop,actor_core=0,depths=10292
WQSNAP,bench=bfs_work_stealing,cores=1,idx=120,level=2,event=pop,actor_core=0,depths=10292
WQSNAP,bench=bfs_work_stealing,cores=1,idx=121,level=2,event=pop,actor_core=0,depths=10164
WQSNAP,bench=bfs_work_stealing,cores=1,idx=122,level=2,event=pop,actor_core=0,depths=10164
WQSNAP,bench=bfs_work_stealing,cores=1,idx=123,level=2,event=pop,actor_core=0,depths=9908
WQSNAP,bench=bfs_work_stealing,cores=1,idx=124,level=2,event=pop,actor_core=0,depths=9908
WQSNAP,bench=bfs_work_stealing,cores=1,idx=125,level=2,event=pop,actor_core=0,depths=9652
WQSNAP,bench=bfs_work_stealing,cores=1,idx=126,level=2,event=pop,actor_core=0,depths=9588
WQSNAP,bench=bfs_work_stealing,cores=1,idx=127,level=2,event=pop,actor_core=0,depths=8756
WQSNAP,bench=bfs_work_stealing,cores=1,idx=128,level=2,event=pop,actor_core=0,depths=6836
WQSNAP,bench=bfs_work_stealing,cores=1,idx=129,level=2,event=pop,actor_core=0,depths=6836
WQSNAP,bench=bfs_work_stealing,cores=1,idx=130,level=2,event=pop,actor_core=0,depths=6836
WQSNAP,bench=bfs_work_stealing,cores=1,idx=131,level=2,event=pop,actor_core=0,depths=6452
WQSNAP,bench=bfs_work_stealing,cores=1,idx=132,level=2,event=pop,actor_core=0,depths=6388
WQSNAP,bench=bfs_work_stealing,cores=1,idx=133,level=2,event=pop,actor_core=0,depths=6324
WQSNAP,bench=bfs_work_stealing,cores=1,idx=134,level=2,event=pop,actor_core=0,depths=6260
WQSNAP,bench=bfs_work_stealing,cores=1,idx=135,level=2,event=pop,actor_core=0,depths=6196
WQSNAP,bench=bfs_work_stealing,cores=1,idx=136,level=2,event=pop,actor_core=0,depths=6132
WQSNAP,bench=bfs_work_stealing,cores=1,idx=137,level=2,event=pop,actor_core=0,depths=6068
WQSNAP,bench=bfs_work_stealing,cores=1,idx=138,level=2,event=pop,actor_core=0,depths=6004
WQSNAP,bench=bfs_work_stealing,cores=1,idx=139,level=2,event=pop,actor_core=0,depths=5684
WQSNAP,bench=bfs_work_stealing,cores=1,idx=140,level=2,event=pop,actor_core=0,depths=5620
WQSNAP,bench=bfs_work_stealing,cores=1,idx=141,level=2,event=pop,actor_core=0,depths=5556
WQSNAP,bench=bfs_work_stealing,cores=1,idx=142,level=2,event=pop,actor_core=0,depths=5492
WQSNAP,bench=bfs_work_stealing,cores=1,idx=143,level=2,event=pop,actor_core=0,depths=5044
WQSNAP,bench=bfs_work_stealing,cores=1,idx=144,level=2,event=pop,actor_core=0,depths=3060
WQSNAP,bench=bfs_work_stealing,cores=1,idx=145,level=2,event=pop,actor_core=0,depths=2996
WQSNAP,bench=bfs_work_stealing,cores=1,idx=146,level=2,event=pop,actor_core=0,depths=2676
WQSNAP,bench=bfs_work_stealing,cores=1,idx=147,level=2,event=pop,actor_core=0,depths=2356
WQSNAP,bench=bfs_work_stealing,cores=1,idx=148,level=2,event=pop,actor_core=0,depths=2292
WQSNAP,bench=bfs_work_stealing,cores=1,idx=149,level=2,event=pop,actor_core=0,depths=2228
WQSNAP,bench=bfs_work_stealing,cores=1,idx=150,level=2,event=pop,actor_core=0,depths=2228
WQSNAP,bench=bfs_work_stealing,cores=1,idx=151,level=2,event=pop,actor_core=0,depths=2100
WQSNAP,bench=bfs_work_stealing,cores=1,idx=152,level=2,event=pop,actor_core=0,depths=1972
WQSNAP,bench=bfs_work_stealing,cores=1,idx=153,level=2,event=pop,actor_core=0,depths=1780
WQSNAP,bench=bfs_work_stealing,cores=1,idx=154,level=2,event=pop,actor_core=0,depths=1716
WQSNAP,bench=bfs_work_stealing,cores=1,idx=155,level=2,event=pop,actor_core=0,depths=1588
WQSNAP,bench=bfs_work_stealing,cores=1,idx=156,level=2,event=pop,actor_core=0,depths=1588
WQSNAP,bench=bfs_work_stealing,cores=1,idx=157,level=2,event=pop,actor_core=0,depths=1460
WQSNAP,bench=bfs_work_stealing,cores=1,idx=158,level=2,event=pop,actor_core=0,depths=1396
WQSNAP,bench=bfs_work_stealing,cores=1,idx=159,level=2,event=pop,actor_core=0,depths=884
WQSNAP_DUMP_END,bench=bfs_work_stealing
L1SPSNAP_DUMP_BEGIN,bench=bfs_work_stealing,cores=1,harts_per_core=16,harts=16,snaps=160
L1SPSNAP_CORE,bench=bfs_work_stealing,idx=0,level=1,core=0,bytes=16384
L1SPSNAP_HART,bench=bfs_work_stealing,idx=0,level=1,core=0,thread=6,hart=6,bytes=16384
L1SPSNAP_CORE,bench=bfs_work_stealing,idx=1,level=1,core=0,bytes=16384
L1SPSNAP_HART,bench=bfs_work_stealing,idx=1,level=1,core=0,thread=3,hart=3,bytes=16384
L1SPSNAP_CORE,bench=bfs_work_stealing,idx=2,level=1,core=0,bytes=16384
L1SPSNAP_HART,bench=bfs_work_stealing,idx=2,level=1,core=0,thread=2,hart=2,bytes=16384
L1SPSNAP_CORE,bench=bfs_work_stealing,idx=3,level=1,core=0,bytes=16384
L1SPSNAP_HART,bench=bfs_work_stealing,idx=3,level=1,core=0,thread=0,hart=0,bytes=16384
L1SPSNAP_CORE,bench=bfs_work_stealing,idx=4,level=1,core=0,bytes=0
L1SPSNAP_CORE,bench=bfs_work_stealing,idx=5,level=1,core=0,bytes=0
L1SPSNAP_CORE,bench=bfs_work_stealing,idx=6,level=1,core=0,bytes=0
L1SPSNAP_CORE,bench=bfs_work_stealing,idx=7,level=1,core=0,bytes=0
L1SPSNAP_CORE,bench=bfs_work_stealing,idx=8,level=1,core=0,bytes=0
L1SPSNAP_CORE,bench=bfs_work_stealing,idx=9,level=1,core=0,bytes=0
L1SPSNAP_CORE,bench=bfs_work_stealing,idx=10,level=1,core=0,bytes=0
L1SPSNAP_CORE,bench=bfs_work_stealing,idx=11,level=1,core=0,bytes=16384
L1SPSNAP_HART,bench=bfs_work_stealing,idx=11,level=1,core=0,thread=1,hart=1,bytes=16384
L1SPSNAP_CORE,bench=bfs_work_stealing,idx=12,level=1,core=0,bytes=16384
L1SPSNAP_HART,bench=bfs_work_stealing,idx=12,level=1,core=0,thread=5,hart=5,bytes=16384
L1SPSNAP_CORE,bench=bfs_work_stealing,idx=13,level=1,core=0,bytes=0
L1SPSNAP_CORE,bench=bfs_work_stealing,idx=14,level=1,core=0,bytes=16384
L1SPSNAP_HART,bench=bfs_work_stealing,idx=14,level=1,core=0,thread=7,hart=7,bytes=16384
L1SPSNAP_CORE,bench=bfs_work_stealing,idx=15,level=1,core=0,bytes=16384
L1SPSNAP_HART,bench=bfs_work_stealing,idx=15,level=1,core=0,thread=4,hart=4,bytes=16384
L1SPSNAP_CORE,bench=bfs_work_stealing,idx=16,level=1,core=0,bytes=16384
L1SPSNAP_HART,bench=bfs_work_stealing,idx=16,level=1,core=0,thread=6,hart=6,bytes=16384
L1SPSNAP_CORE,bench=bfs_work_stealing,idx=17,level=1,core=0,bytes=16384
L1SPSNAP_HART,bench=bfs_work_stealing,idx=17,level=1,core=0,thread=2,hart=2,bytes=16384
L1SPSNAP_CORE,bench=bfs_work_stealing,idx=18,level=1,core=0,bytes=0
L1SPSNAP_CORE,bench=bfs_work_stealing,idx=19,level=1,core=0,bytes=0
L1SPSNAP_CORE,bench=bfs_work_stealing,idx=20,level=1,core=0,bytes=16384
L1SPSNAP_HART,bench=bfs_work_stealing,idx=20,level=1,core=0,thread=3,hart=3,bytes=16384
L1SPSNAP_CORE,bench=bfs_work_stealing,idx=21,level=1,core=0,bytes=0
L1SPSNAP_CORE,bench=bfs_work_stealing,idx=22,level=1,core=0,bytes=0
L1SPSNAP_CORE,bench=bfs_work_stealing,idx=23,level=1,core=0,bytes=0
L1SPSNAP_CORE,bench=bfs_work_stealing,idx=24,level=1,core=0,bytes=0
L1SPSNAP_CORE,bench=bfs_work_stealing,idx=25,level=1,core=0,bytes=0
L1SPSNAP_CORE,bench=bfs_work_stealing,idx=26,level=1,core=0,bytes=16384
L1SPSNAP_HART,bench=bfs_work_stealing,idx=26,level=1,core=0,thread=7,hart=7,bytes=16384
L1SPSNAP_CORE,bench=bfs_work_stealing,idx=27,level=1,core=0,bytes=16384
L1SPSNAP_HART,bench=bfs_work_stealing,idx=27,level=1,core=0,thread=0,hart=0,bytes=16384
L1SPSNAP_CORE,bench=bfs_work_stealing,idx=28,level=1,core=0,bytes=0
L1SPSNAP_CORE,bench=bfs_work_stealing,idx=29,level=1,core=0,bytes=16384
L1SPSNAP_HART,bench=bfs_work_stealing,idx=29,level=1,core=0,thread=5,hart=5,bytes=16384
L1SPSNAP_CORE,bench=bfs_work_stealing,idx=30,level=1,core=0,bytes=16384
L1SPSNAP_HART,bench=bfs_work_stealing,idx=30,level=1,core=0,thread=4,hart=4,bytes=16384
L1SPSNAP_CORE,bench=bfs_work_stealing,idx=31,level=1,core=0,bytes=16384
L1SPSNAP_HART,bench=bfs_work_stealing,idx=31,level=1,core=0,thread=1,hart=1,bytes=16384
L1SPSNAP_CORE,bench=bfs_work_stealing,idx=32,level=2,core=0,bytes=0
L1SPSNAP_CORE,bench=bfs_work_stealing,idx=33,level=2,core=0,bytes=16384
L1SPSNAP_HART,bench=bfs_work_stealing,idx=33,level=2,core=0,thread=5,hart=5,bytes=16384
L1SPSNAP_CORE,bench=bfs_work_stealing,idx=34,level=2,core=0,bytes=0
L1SPSNAP_CORE,bench=bfs_work_stealing,idx=35,level=2,core=0,bytes=16384
L1SPSNAP_HART,bench=bfs_work_stealing,idx=35,level=2,core=0,thread=7,hart=7,bytes=16384
L1SPSNAP_CORE,bench=bfs_work_stealing,idx=36,level=2,core=0,bytes=16384
L1SPSNAP_HART,bench=bfs_work_stealing,idx=36,level=2,core=0,thread=2,hart=2,bytes=16384
L1SPSNAP_CORE,bench=bfs_work_stealing,idx=37,level=2,core=0,bytes=0
L1SPSNAP_CORE,bench=bfs_work_stealing,idx=38,level=2,core=0,bytes=0
L1SPSNAP_CORE,bench=bfs_work_stealing,idx=39,level=2,core=0,bytes=0
L1SPSNAP_CORE,bench=bfs_work_stealing,idx=40,level=2,core=0,bytes=0
L1SPSNAP_CORE,bench=bfs_work_stealing,idx=41,level=2,core=0,bytes=16384
L1SPSNAP_HART,bench=bfs_work_stealing,idx=41,level=2,core=0,thread=3,hart=3,bytes=16384
L1SPSNAP_CORE,bench=bfs_work_stealing,idx=42,level=2,core=0,bytes=16384
L1SPSNAP_HART,bench=bfs_work_stealing,idx=42,level=2,core=0,thread=0,hart=0,bytes=16384
L1SPSNAP_CORE,bench=bfs_work_stealing,idx=43,level=2,core=0,bytes=16384
L1SPSNAP_HART,bench=bfs_work_stealing,idx=43,level=2,core=0,thread=6,hart=6,bytes=16384
L1SPSNAP_CORE,bench=bfs_work_stealing,idx=44,level=2,core=0,bytes=0
L1SPSNAP_CORE,bench=bfs_work_stealing,idx=45,level=2,core=0,bytes=16384
L1SPSNAP_HART,bench=bfs_work_stealing,idx=45,level=2,core=0,thread=4,hart=4,bytes=16384
L1SPSNAP_CORE,bench=bfs_work_stealing,idx=46,level=2,core=0,bytes=16384
L1SPSNAP_HART,bench=bfs_work_stealing,idx=46,level=2,core=0,thread=1,hart=1,bytes=16384
L1SPSNAP_CORE,bench=bfs_work_stealing,idx=47,level=2,core=0,bytes=0
L1SPSNAP_CORE,bench=bfs_work_stealing,idx=48,level=2,core=0,bytes=0
L1SPSNAP_CORE,bench=bfs_work_stealing,idx=49,level=2,core=0,bytes=0
L1SPSNAP_CORE,bench=bfs_work_stealing,idx=50,level=2,core=0,bytes=16384
L1SPSNAP_HART,bench=bfs_work_stealing,idx=50,level=2,core=0,thread=0,hart=0,bytes=16384
L1SPSNAP_CORE,bench=bfs_work_stealing,idx=51,level=2,core=0,bytes=16384
L1SPSNAP_HART,bench=bfs_work_stealing,idx=51,level=2,core=0,thread=5,hart=5,bytes=16384
L1SPSNAP_CORE,bench=bfs_work_stealing,idx=52,level=2,core=0,bytes=16384
L1SPSNAP_HART,bench=bfs_work_stealing,idx=52,level=2,core=0,thread=2,hart=2,bytes=16384
L1SPSNAP_CORE,bench=bfs_work_stealing,idx=53,level=2,core=0,bytes=0
L1SPSNAP_CORE,bench=bfs_work_stealing,idx=54,level=2,core=0,bytes=16384
L1SPSNAP_HART,bench=bfs_work_stealing,idx=54,level=2,core=0,thread=7,hart=7,bytes=16384
L1SPSNAP_CORE,bench=bfs_work_stealing,idx=55,level=2,core=0,bytes=0
L1SPSNAP_CORE,bench=bfs_work_stealing,idx=56,level=2,core=0,bytes=16384
L1SPSNAP_HART,bench=bfs_work_stealing,idx=56,level=2,core=0,thread=6,hart=6,bytes=16384
L1SPSNAP_CORE,bench=bfs_work_stealing,idx=57,level=2,core=0,bytes=16384
L1SPSNAP_HART,bench=bfs_work_stealing,idx=57,level=2,core=0,thread=3,hart=3,bytes=16384
L1SPSNAP_CORE,bench=bfs_work_stealing,idx=58,level=2,core=0,bytes=16384
L1SPSNAP_HART,bench=bfs_work_stealing,idx=58,level=2,core=0,thread=4,hart=4,bytes=16384
L1SPSNAP_CORE,bench=bfs_work_stealing,idx=59,level=2,core=0,bytes=0
L1SPSNAP_CORE,bench=bfs_work_stealing,idx=60,level=2,core=0,bytes=0
L1SPSNAP_CORE,bench=bfs_work_stealing,idx=61,level=2,core=0,bytes=0
L1SPSNAP_CORE,bench=bfs_work_stealing,idx=62,level=2,core=0,bytes=16384
L1SPSNAP_HART,bench=bfs_work_stealing,idx=62,level=2,core=0,thread=1,hart=1,bytes=16384
L1SPSNAP_CORE,bench=bfs_work_stealing,idx=63,level=2,core=0,bytes=0
L1SPSNAP_CORE,bench=bfs_work_stealing,idx=64,level=2,core=0,bytes=0
L1SPSNAP_CORE,bench=bfs_work_stealing,idx=65,level=2,core=0,bytes=16384
L1SPSNAP_HART,bench=bfs_work_stealing,idx=65,level=2,core=0,thread=0,hart=0,bytes=16384
L1SPSNAP_CORE,bench=bfs_work_stealing,idx=66,level=2,core=0,bytes=0
L1SPSNAP_CORE,bench=bfs_work_stealing,idx=67,level=2,core=0,bytes=0
L1SPSNAP_CORE,bench=bfs_work_stealing,idx=68,level=2,core=0,bytes=0
L1SPSNAP_CORE,bench=bfs_work_stealing,idx=69,level=2,core=0,bytes=16384
L1SPSNAP_HART,bench=bfs_work_stealing,idx=69,level=2,core=0,thread=7,hart=7,bytes=16384
L1SPSNAP_CORE,bench=bfs_work_stealing,idx=70,level=2,core=0,bytes=16384
L1SPSNAP_HART,bench=bfs_work_stealing,idx=70,level=2,core=0,thread=6,hart=6,bytes=16384
L1SPSNAP_CORE,bench=bfs_work_stealing,idx=71,level=2,core=0,bytes=16384
L1SPSNAP_HART,bench=bfs_work_stealing,idx=71,level=2,core=0,thread=2,hart=2,bytes=16384
L1SPSNAP_CORE,bench=bfs_work_stealing,idx=72,level=2,core=0,bytes=16384
L1SPSNAP_HART,bench=bfs_work_stealing,idx=72,level=2,core=0,thread=3,hart=3,bytes=16384
L1SPSNAP_CORE,bench=bfs_work_stealing,idx=73,level=2,core=0,bytes=0
L1SPSNAP_CORE,bench=bfs_work_stealing,idx=74,level=2,core=0,bytes=0
L1SPSNAP_CORE,bench=bfs_work_stealing,idx=75,level=2,core=0,bytes=16384
L1SPSNAP_HART,bench=bfs_work_stealing,idx=75,level=2,core=0,thread=1,hart=1,bytes=16384
L1SPSNAP_CORE,bench=bfs_work_stealing,idx=76,level=2,core=0,bytes=16384
L1SPSNAP_HART,bench=bfs_work_stealing,idx=76,level=2,core=0,thread=4,hart=4,bytes=16384
L1SPSNAP_CORE,bench=bfs_work_stealing,idx=77,level=2,core=0,bytes=16384
L1SPSNAP_HART,bench=bfs_work_stealing,idx=77,level=2,core=0,thread=5,hart=5,bytes=16384
L1SPSNAP_CORE,bench=bfs_work_stealing,idx=78,level=2,core=0,bytes=0
L1SPSNAP_CORE,bench=bfs_work_stealing,idx=79,level=2,core=0,bytes=0
L1SPSNAP_CORE,bench=bfs_work_stealing,idx=80,level=2,core=0,bytes=0
L1SPSNAP_CORE,bench=bfs_work_stealing,idx=81,level=2,core=0,bytes=16384
L1SPSNAP_HART,bench=bfs_work_stealing,idx=81,level=2,core=0,thread=0,hart=0,bytes=16384
L1SPSNAP_CORE,bench=bfs_work_stealing,idx=82,level=2,core=0,bytes=16384
L1SPSNAP_HART,bench=bfs_work_stealing,idx=82,level=2,core=0,thread=6,hart=6,bytes=16384
L1SPSNAP_CORE,bench=bfs_work_stealing,idx=83,level=2,core=0,bytes=0
L1SPSNAP_CORE,bench=bfs_work_stealing,idx=84,level=2,core=0,bytes=0
L1SPSNAP_CORE,bench=bfs_work_stealing,idx=85,level=2,core=0,bytes=16384
L1SPSNAP_HART,bench=bfs_work_stealing,idx=85,level=2,core=0,thread=7,hart=7,bytes=16384
L1SPSNAP_CORE,bench=bfs_work_stealing,idx=86,level=2,core=0,bytes=16384
L1SPSNAP_HART,bench=bfs_work_stealing,idx=86,level=2,core=0,thread=3,hart=3,bytes=16384
L1SPSNAP_CORE,bench=bfs_work_stealing,idx=87,level=2,core=0,bytes=0
L1SPSNAP_CORE,bench=bfs_work_stealing,idx=88,level=2,core=0,bytes=16384
L1SPSNAP_HART,bench=bfs_work_stealing,idx=88,level=2,core=0,thread=2,hart=2,bytes=16384
L1SPSNAP_CORE,bench=bfs_work_stealing,idx=89,level=2,core=0,bytes=0
L1SPSNAP_CORE,bench=bfs_work_stealing,idx=90,level=2,core=0,bytes=16384
L1SPSNAP_HART,bench=bfs_work_stealing,idx=90,level=2,core=0,thread=5,hart=5,bytes=16384
L1SPSNAP_CORE,bench=bfs_work_stealing,idx=91,level=2,core=0,bytes=16384
L1SPSNAP_HART,bench=bfs_work_stealing,idx=91,level=2,core=0,thread=4,hart=4,bytes=16384
L1SPSNAP_CORE,bench=bfs_work_stealing,idx=92,level=2,core=0,bytes=16384
L1SPSNAP_HART,bench=bfs_work_stealing,idx=92,level=2,core=0,thread=1,hart=1,bytes=16384
L1SPSNAP_CORE,bench=bfs_work_stealing,idx=93,level=2,core=0,bytes=0
L1SPSNAP_CORE,bench=bfs_work_stealing,idx=94,level=2,core=0,bytes=0
L1SPSNAP_CORE,bench=bfs_work_stealing,idx=95,level=2,core=0,bytes=0
L1SPSNAP_CORE,bench=bfs_work_stealing,idx=96,level=2,core=0,bytes=0
L1SPSNAP_CORE,bench=bfs_work_stealing,idx=97,level=2,core=0,bytes=16384
L1SPSNAP_HART,bench=bfs_work_stealing,idx=97,level=2,core=0,thread=0,hart=0,bytes=16384
L1SPSNAP_CORE,bench=bfs_work_stealing,idx=98,level=2,core=0,bytes=0
L1SPSNAP_CORE,bench=bfs_work_stealing,idx=99,level=2,core=0,bytes=16384
L1SPSNAP_HART,bench=bfs_work_stealing,idx=99,level=2,core=0,thread=6,hart=6,bytes=16384
L1SPSNAP_CORE,bench=bfs_work_stealing,idx=100,level=2,core=0,bytes=0
L1SPSNAP_CORE,bench=bfs_work_stealing,idx=101,level=2,core=0,bytes=16384
L1SPSNAP_HART,bench=bfs_work_stealing,idx=101,level=2,core=0,thread=7,hart=7,bytes=16384
L1SPSNAP_CORE,bench=bfs_work_stealing,idx=102,level=2,core=0,bytes=0
L1SPSNAP_CORE,bench=bfs_work_stealing,idx=103,level=2,core=0,bytes=16384
L1SPSNAP_HART,bench=bfs_work_stealing,idx=103,level=2,core=0,thread=3,hart=3,bytes=16384
L1SPSNAP_CORE,bench=bfs_work_stealing,idx=104,level=2,core=0,bytes=16384
L1SPSNAP_HART,bench=bfs_work_stealing,idx=104,level=2,core=0,thread=5,hart=5,bytes=16384
L1SPSNAP_CORE,bench=bfs_work_stealing,idx=105,level=2,core=0,bytes=16384
L1SPSNAP_HART,bench=bfs_work_stealing,idx=105,level=2,core=0,thread=2,hart=2,bytes=16384
L1SPSNAP_CORE,bench=bfs_work_stealing,idx=106,level=2,core=0,bytes=16384
L1SPSNAP_HART,bench=bfs_work_stealing,idx=106,level=2,core=0,thread=1,hart=1,bytes=16384
L1SPSNAP_CORE,bench=bfs_work_stealing,idx=107,level=2,core=0,bytes=0
L1SPSNAP_CORE,bench=bfs_work_stealing,idx=108,level=2,core=0,bytes=0
L1SPSNAP_CORE,bench=bfs_work_stealing,idx=109,level=2,core=0,bytes=16384
L1SPSNAP_HART,bench=bfs_work_stealing,idx=109,level=2,core=0,thread=4,hart=4,bytes=16384
L1SPSNAP_CORE,bench=bfs_work_stealing,idx=110,level=2,core=0,bytes=0
L1SPSNAP_CORE,bench=bfs_work_stealing,idx=111,level=2,core=0,bytes=0
L1SPSNAP_CORE,bench=bfs_work_stealing,idx=112,level=2,core=0,bytes=16384
L1SPSNAP_HART,bench=bfs_work_stealing,idx=112,level=2,core=0,thread=0,hart=0,bytes=16384
L1SPSNAP_CORE,bench=bfs_work_stealing,idx=113,level=2,core=0,bytes=0
L1SPSNAP_CORE,bench=bfs_work_stealing,idx=114,level=2,core=0,bytes=0
L1SPSNAP_CORE,bench=bfs_work_stealing,idx=115,level=2,core=0,bytes=0
L1SPSNAP_CORE,bench=bfs_work_stealing,idx=116,level=2,core=0,bytes=16384
L1SPSNAP_HART,bench=bfs_work_stealing,idx=116,level=2,core=0,thread=7,hart=7,bytes=16384
L1SPSNAP_CORE,bench=bfs_work_stealing,idx=117,level=2,core=0,bytes=16384
L1SPSNAP_HART,bench=bfs_work_stealing,idx=117,level=2,core=0,thread=2,hart=2,bytes=16384
L1SPSNAP_CORE,bench=bfs_work_stealing,idx=118,level=2,core=0,bytes=16384
L1SPSNAP_HART,bench=bfs_work_stealing,idx=118,level=2,core=0,thread=1,hart=1,bytes=16384
L1SPSNAP_CORE,bench=bfs_work_stealing,idx=119,level=2,core=0,bytes=16384
L1SPSNAP_HART,bench=bfs_work_stealing,idx=119,level=2,core=0,thread=5,hart=5,bytes=16384
L1SPSNAP_CORE,bench=bfs_work_stealing,idx=120,level=2,core=0,bytes=16384
L1SPSNAP_HART,bench=bfs_work_stealing,idx=120,level=2,core=0,thread=3,hart=3,bytes=16384
L1SPSNAP_CORE,bench=bfs_work_stealing,idx=121,level=2,core=0,bytes=0
L1SPSNAP_CORE,bench=bfs_work_stealing,idx=122,level=2,core=0,bytes=16384
L1SPSNAP_HART,bench=bfs_work_stealing,idx=122,level=2,core=0,thread=6,hart=6,bytes=16384
L1SPSNAP_CORE,bench=bfs_work_stealing,idx=123,level=2,core=0,bytes=0
L1SPSNAP_CORE,bench=bfs_work_stealing,idx=124,level=2,core=0,bytes=0
L1SPSNAP_CORE,bench=bfs_work_stealing,idx=125,level=2,core=0,bytes=16384
L1SPSNAP_HART,bench=bfs_work_stealing,idx=125,level=2,core=0,thread=4,hart=4,bytes=16384
L1SPSNAP_CORE,bench=bfs_work_stealing,idx=126,level=2,core=0,bytes=0
L1SPSNAP_CORE,bench=bfs_work_stealing,idx=127,level=2,core=0,bytes=0
L1SPSNAP_CORE,bench=bfs_work_stealing,idx=128,level=2,core=0,bytes=16384
L1SPSNAP_HART,bench=bfs_work_stealing,idx=128,level=2,core=0,thread=0,hart=0,bytes=16384
L1SPSNAP_CORE,bench=bfs_work_stealing,idx=129,level=2,core=0,bytes=0
L1SPSNAP_CORE,bench=bfs_work_stealing,idx=130,level=2,core=0,bytes=0
L1SPSNAP_CORE,bench=bfs_work_stealing,idx=131,level=2,core=0,bytes=16384
L1SPSNAP_HART,bench=bfs_work_stealing,idx=131,level=2,core=0,thread=2,hart=2,bytes=16384
L1SPSNAP_CORE,bench=bfs_work_stealing,idx=132,level=2,core=0,bytes=16384
L1SPSNAP_HART,bench=bfs_work_stealing,idx=132,level=2,core=0,thread=1,hart=1,bytes=16384
L1SPSNAP_CORE,bench=bfs_work_stealing,idx=133,level=2,core=0,bytes=16384
L1SPSNAP_HART,bench=bfs_work_stealing,idx=133,level=2,core=0,thread=7,hart=7,bytes=16384
L1SPSNAP_CORE,bench=bfs_work_stealing,idx=134,level=2,core=0,bytes=0
L1SPSNAP_CORE,bench=bfs_work_stealing,idx=135,level=2,core=0,bytes=0
L1SPSNAP_CORE,bench=bfs_work_stealing,idx=136,level=2,core=0,bytes=0
L1SPSNAP_CORE,bench=bfs_work_stealing,idx=137,level=2,core=0,bytes=16384
L1SPSNAP_HART,bench=bfs_work_stealing,idx=137,level=2,core=0,thread=6,hart=6,bytes=16384
L1SPSNAP_CORE,bench=bfs_work_stealing,idx=138,level=2,core=0,bytes=16384
L1SPSNAP_HART,bench=bfs_work_stealing,idx=138,level=2,core=0,thread=5,hart=5,bytes=16384
L1SPSNAP_CORE,bench=bfs_work_stealing,idx=139,level=2,core=0,bytes=16384
L1SPSNAP_HART,bench=bfs_work_stealing,idx=139,level=2,core=0,thread=3,hart=3,bytes=16384
L1SPSNAP_CORE,bench=bfs_work_stealing,idx=140,level=2,core=0,bytes=0
L1SPSNAP_CORE,bench=bfs_work_stealing,idx=141,level=2,core=0,bytes=16384
L1SPSNAP_HART,bench=bfs_work_stealing,idx=141,level=2,core=0,thread=4,hart=4,bytes=16384
L1SPSNAP_CORE,bench=bfs_work_stealing,idx=142,level=2,core=0,bytes=0
L1SPSNAP_CORE,bench=bfs_work_stealing,idx=143,level=2,core=0,bytes=0
L1SPSNAP_CORE,bench=bfs_work_stealing,idx=144,level=2,core=0,bytes=0
L1SPSNAP_CORE,bench=bfs_work_stealing,idx=145,level=2,core=0,bytes=16384
L1SPSNAP_HART,bench=bfs_work_stealing,idx=145,level=2,core=0,thread=0,hart=0,bytes=16384
L1SPSNAP_CORE,bench=bfs_work_stealing,idx=146,level=2,core=0,bytes=0
L1SPSNAP_CORE,bench=bfs_work_stealing,idx=147,level=2,core=0,bytes=16384
L1SPSNAP_HART,bench=bfs_work_stealing,idx=147,level=2,core=0,thread=1,hart=1,bytes=16384
L1SPSNAP_CORE,bench=bfs_work_stealing,idx=148,level=2,core=0,bytes=16384
L1SPSNAP_HART,bench=bfs_work_stealing,idx=148,level=2,core=0,thread=2,hart=2,bytes=16384
L1SPSNAP_CORE,bench=bfs_work_stealing,idx=149,level=2,core=0,bytes=16384
L1SPSNAP_HART,bench=bfs_work_stealing,idx=149,level=2,core=0,thread=7,hart=7,bytes=16384
L1SPSNAP_CORE,bench=bfs_work_stealing,idx=150,level=2,core=0,bytes=0
L1SPSNAP_CORE,bench=bfs_work_stealing,idx=151,level=2,core=0,bytes=0
L1SPSNAP_CORE,bench=bfs_work_stealing,idx=152,level=2,core=0,bytes=0
L1SPSNAP_CORE,bench=bfs_work_stealing,idx=153,level=2,core=0,bytes=16384
L1SPSNAP_HART,bench=bfs_work_stealing,idx=153,level=2,core=0,thread=5,hart=5,bytes=16384
L1SPSNAP_CORE,bench=bfs_work_stealing,idx=154,level=2,core=0,bytes=16384
L1SPSNAP_HART,bench=bfs_work_stealing,idx=154,level=2,core=0,thread=3,hart=3,bytes=16384
L1SPSNAP_CORE,bench=bfs_work_stealing,idx=155,level=2,core=0,bytes=0
L1SPSNAP_CORE,bench=bfs_work_stealing,idx=156,level=2,core=0,bytes=16384
L1SPSNAP_HART,bench=bfs_work_stealing,idx=156,level=2,core=0,thread=6,hart=6,bytes=16384
L1SPSNAP_CORE,bench=bfs_work_stealing,idx=157,level=2,core=0,bytes=16384
L1SPSNAP_HART,bench=bfs_work_stealing,idx=157,level=2,core=0,thread=4,hart=4,bytes=16384
L1SPSNAP_CORE,bench=bfs_work_stealing,idx=158,level=2,core=0,bytes=0
L1SPSNAP_CORE,bench=bfs_work_stealing,idx=159,level=2,core=0,bytes=0
L1SPSNAP_DUMP_END,bench=bfs_work_stealing
