WQTRACE_DUMP_BEGIN,bench=bfs_work_stealing,cores=16,samples=20,dropped=0
WQTRACE,bench=bfs_work_stealing,cores=16,sample=0,phase=init,level=0,iter=-1,queue=core,depths=1|0|0|0|0|0|0|0|0|0|0|0|0|0|0|0
WQTRACE,bench=bfs_work_stealing,cores=16,sample=1,phase=level_begin,level=0,iter=-1,queue=core,depths=1|0|0|0|0|0|0|0|0|0|0|0|0|0|0|0
WQTRACE,bench=bfs_work_stealing,cores=16,sample=2,phase=post_process,level=0,iter=-1,queue=core,depths=0|0|0|0|0|0|0|0|0|0|0|0|0|0|0|0
WQTRACE,bench=bfs_work_stealing,cores=16,sample=3,phase=post_redistribute,level=0,iter=-1,queue=core,depths=1|2|1|2|1|2|1|2|0|1|0|1|0|1|0|1
WQTRACE,bench=bfs_work_stealing,cores=16,sample=4,phase=level_begin,level=1,iter=-1,queue=core,depths=1|2|1|2|1|2|1|2|0|1|0|1|0|1|0|1
WQTRACE,bench=bfs_work_stealing,cores=16,sample=5,phase=post_process,level=1,iter=-1,queue=core,depths=0|0|0|0|0|0|0|0|0|0|0|0|0|0|0|0
WQTRACE,bench=bfs_work_stealing,cores=16,sample=6,phase=post_redistribute,level=1,iter=-1,queue=core,depths=11|22|11|22|11|22|11|21|10|21|10|21|10|21|10|21
WQTRACE,bench=bfs_work_stealing,cores=16,sample=7,phase=level_begin,level=2,iter=-1,queue=core,depths=11|22|11|22|11|22|11|21|10|21|10|21|10|21|10|21
WQTRACE,bench=bfs_work_stealing,cores=16,sample=8,phase=post_process,level=2,iter=-1,queue=core,depths=0|0|0|0|0|0|0|0|0|0|0|0|0|0|0|0
WQTRACE,bench=bfs_work_stealing,cores=16,sample=9,phase=post_redistribute,level=2,iter=-1,queue=core,depths=137|274|137|274|137|274|137|274|137|274|137|274|137|274|136|273
WQTRACE,bench=bfs_work_stealing,cores=16,sample=10,phase=level_begin,level=3,iter=-1,queue=core,depths=137|274|137|274|137|274|137|274|137|274|137|274|137|274|136|273
WQTRACE,bench=bfs_work_stealing,cores=16,sample=11,phase=post_process,level=3,iter=-1,queue=core,depths=0|0|0|0|0|0|0|0|0|0|0|0|0|0|0|0
WQTRACE,bench=bfs_work_stealing,cores=16,sample=12,phase=post_redistribute,level=3,iter=-1,queue=core,depths=268|512|268|512|267|512|267|512|267|512|267|512|267|512|267|512
WQTRACE,bench=bfs_work_stealing,cores=16,sample=13,phase=level_begin,level=4,iter=-1,queue=core,depths=268|512|268|512|267|512|267|512|267|512|267|512|267|512|267|512
WQTRACE,bench=bfs_work_stealing,cores=16,sample=14,phase=post_process,level=4,iter=-1,queue=core,depths=0|0|0|0|0|0|0|0|0|0|0|0|0|0|0|0
WQTRACE,bench=bfs_work_stealing,cores=16,sample=15,phase=post_redistribute,level=4,iter=-1,queue=core,depths=2|3|2|3|2|3|1|2|1|2|1|2|1|2|1|2
WQTRACE,bench=bfs_work_stealing,cores=16,sample=16,phase=level_begin,level=5,iter=-1,queue=core,depths=2|3|2|3|2|3|1|2|1|2|1|2|1|2|1|2
WQTRACE,bench=bfs_work_stealing,cores=16,sample=17,phase=post_process,level=5,iter=-1,queue=core,depths=0|0|0|0|0|0|0|0|0|0|0|0|0|0|0|0
WQTRACE,bench=bfs_work_stealing,cores=16,sample=18,phase=post_redistribute,level=5,iter=-1,queue=core,depths=0|0|0|0|0|0|0|0|0|0|0|0|0|0|0|0
WQTRACE,bench=bfs_work_stealing,cores=16,sample=19,phase=final,level=6,iter=-1,queue=core,depths=0|0|0|0|0|0|0|0|0|0|0|0|0|0|0|0
WQTRACE_DUMP_END,bench=bfs_work_stealing
L1SPTRACE_DUMP_BEGIN,bench=bfs_work_stealing,cores=16,harts=256,samples=20
L1SPTRACE_CONFIG,bench=bfs_work_stealing,core_bytes=262144,global_bytes=4194304
L1SPTRACE_GLOBAL,bench=bfs_work_stealing,sample=0,phase=init,level=0,iter=-1,bytes=2097152
L1SPTRACE_CORE_HART,bench=bfs_work_stealing,sample=0,core=0,thread=0,hart=0,bytes=16384
L1SPTRACE_CORE_HART,bench=bfs_work_stealing,sample=0,core=0,thread=1,hart=1,bytes=16384
L1SPTRACE_CORE_HART,bench=bfs_work_stealing,sample=0,core=0,thread=2,hart=2,bytes=16384
L1SPTRACE_CORE_HART,bench=bfs_work_stealing,sample=0,core=0,thread=3,hart=3,bytes=16384
L1SPTRACE_CORE_HART,bench=bfs_work_stealing,sample=0,core=0,thread=4,hart=4,bytes=16384
L1SPTRACE_CORE_HART,bench=bfs_work_stealing,sample=0,core=0,thread=5,hart=5,bytes=16384
L1SPTRACE_CORE_HART,bench=bfs_work_stealing,sample=0,core=0,thread=6,hart=6,bytes=16384
L1SPTRACE_CORE_HART,bench=bfs_work_stealing,sample=0,core=0,thread=7,hart=7,bytes=16384
L1SPTRACE_CORE_HART,bench=bfs_work_stealing,sample=0,core=0,thread=8,hart=8,bytes=0
L1SPTRACE_CORE_HART,bench=bfs_work_stealing,sample=0,core=0,thread=9,hart=9,bytes=0
L1SPTRACE_CORE_HART,bench=bfs_work_stealing,sample=0,core=0,thread=10,hart=10,bytes=0
L1SPTRACE_CORE_HART,bench=bfs_work_stealing,sample=0,core=0,thread=11,hart=11,bytes=0
L1SPTRACE_CORE_HART,bench=bfs_work_stealing,sample=0,core=0,thread=12,hart=12,bytes=0
L1SPTRACE_CORE_HART,bench=bfs_work_stealing,sample=0,core=0,thread=13,hart=13,bytes=0
L1SPTRACE_CORE_HART,bench=bfs_work_stealing,sample=0,core=0,thread=14,hart=14,bytes=0
L1SPTRACE_CORE_HART,bench=bfs_work_stealing,sample=0,core=0,thread=15,hart=15,bytes=0
L1SPTRACE_GLOBAL,bench=bfs_work_stealing,sample=1,phase=level_begin,level=0,iter=-1,bytes=2097152
L1SPTRACE_CORE_HART,bench=bfs_work_stealing,sample=1,core=0,thread=0,hart=0,bytes=16384
L1SPTRACE_CORE_HART,bench=bfs_work_stealing,sample=1,core=0,thread=1,hart=1,bytes=16384
L1SPTRACE_CORE_HART,bench=bfs_work_stealing,sample=1,core=0,thread=2,hart=2,bytes=16384
L1SPTRACE_CORE_HART,bench=bfs_work_stealing,sample=1,core=0,thread=3,hart=3,bytes=16384
L1SPTRACE_CORE_HART,bench=bfs_work_stealing,sample=1,core=0,thread=4,hart=4,bytes=16384
L1SPTRACE_CORE_HART,bench=bfs_work_stealing,sample=1,core=0,thread=5,hart=5,bytes=16384
L1SPTRACE_CORE_HART,bench=bfs_work_stealing,sample=1,core=0,thread=6,hart=6,bytes=16384
L1SPTRACE_CORE_HART,bench=bfs_work_stealing,sample=1,core=0,thread=7,hart=7,bytes=16384
L1SPTRACE_CORE_HART,bench=bfs_work_stealing,sample=1,core=0,thread=8,hart=8,bytes=0
L1SPTRACE_CORE_HART,bench=bfs_work_stealing,sample=1,core=0,thread=9,hart=9,bytes=0
L1SPTRACE_CORE_HART,bench=bfs_work_stealing,sample=1,core=0,thread=10,hart=10,bytes=0
L1SPTRACE_CORE_HART,bench=bfs_work_stealing,sample=1,core=0,thread=11,hart=11,bytes=0
L1SPTRACE_CORE_HART,bench=bfs_work_stealing,sample=1,core=0,thread=12,hart=12,bytes=0
L1SPTRACE_CORE_HART,bench=bfs_work_stealing,sample=1,core=0,thread=13,hart=13,bytes=0
L1SPTRACE_CORE_HART,bench=bfs_work_stealing,sample=1,core=0,thread=14,hart=14,bytes=0
L1SPTRACE_CORE_HART,bench=bfs_work_stealing,sample=1,core=0,thread=15,hart=15,bytes=0
L1SPTRACE_GLOBAL,bench=bfs_work_stealing,sample=2,phase=post_process,level=0,iter=-1,bytes=2097152
L1SPTRACE_CORE_HART,bench=bfs_work_stealing,sample=2,core=0,thread=0,hart=0,bytes=16384
L1SPTRACE_CORE_HART,bench=bfs_work_stealing,sample=2,core=0,thread=1,hart=1,bytes=16384
L1SPTRACE_CORE_HART,bench=bfs_work_stealing,sample=2,core=0,thread=2,hart=2,bytes=16384
L1SPTRACE_CORE_HART,bench=bfs_work_stealing,sample=2,core=0,thread=3,hart=3,bytes=16384
L1SPTRACE_CORE_HART,bench=bfs_work_stealing,sample=2,core=0,thread=4,hart=4,bytes=16384
L1SPTRACE_CORE_HART,bench=bfs_work_stealing,sample=2,core=0,thread=5,hart=5,bytes=16384
L1SPTRACE_CORE_HART,bench=bfs_work_stealing,sample=2,core=0,thread=6,hart=6,bytes=16384
L1SPTRACE_CORE_HART,bench=bfs_work_stealing,sample=2,core=0,thread=7,hart=7,bytes=16384
L1SPTRACE_CORE_HART,bench=bfs_work_stealing,sample=2,core=0,thread=8,hart=8,bytes=0
L1SPTRACE_CORE_HART,bench=bfs_work_stealing,sample=2,core=0,thread=9,hart=9,bytes=0
L1SPTRACE_CORE_HART,bench=bfs_work_stealing,sample=2,core=0,thread=10,hart=10,bytes=0
L1SPTRACE_CORE_HART,bench=bfs_work_stealing,sample=2,core=0,thread=11,hart=11,bytes=0
L1SPTRACE_CORE_HART,bench=bfs_work_stealing,sample=2,core=0,thread=12,hart=12,bytes=0
L1SPTRACE_CORE_HART,bench=bfs_work_stealing,sample=2,core=0,thread=13,hart=13,bytes=0
L1SPTRACE_CORE_HART,bench=bfs_work_stealing,sample=2,core=0,thread=14,hart=14,bytes=0
L1SPTRACE_CORE_HART,bench=bfs_work_stealing,sample=2,core=0,thread=15,hart=15,bytes=0
L1SPTRACE_GLOBAL,bench=bfs_work_stealing,sample=3,phase=post_redistribute,level=0,iter=-1,bytes=2097152
L1SPTRACE_CORE_HART,bench=bfs_work_stealing,sample=3,core=0,thread=0,hart=0,bytes=16384
L1SPTRACE_CORE_HART,bench=bfs_work_stealing,sample=3,core=0,thread=1,hart=1,bytes=16384
L1SPTRACE_CORE_HART,bench=bfs_work_stealing,sample=3,core=0,thread=2,hart=2,bytes=16384
L1SPTRACE_CORE_HART,bench=bfs_work_stealing,sample=3,core=0,thread=3,hart=3,bytes=16384
L1SPTRACE_CORE_HART,bench=bfs_work_stealing,sample=3,core=0,thread=4,hart=4,bytes=16384
L1SPTRACE_CORE_HART,bench=bfs_work_stealing,sample=3,core=0,thread=5,hart=5,bytes=16384
L1SPTRACE_CORE_HART,bench=bfs_work_stealing,sample=3,core=0,thread=6,hart=6,bytes=16384
L1SPTRACE_CORE_HART,bench=bfs_work_stealing,sample=3,core=0,thread=7,hart=7,bytes=16384
L1SPTRACE_CORE_HART,bench=bfs_work_stealing,sample=3,core=0,thread=8,hart=8,bytes=0
L1SPTRACE_CORE_HART,bench=bfs_work_stealing,sample=3,core=0,thread=9,hart=9,bytes=0
L1SPTRACE_CORE_HART,bench=bfs_work_stealing,sample=3,core=0,thread=10,hart=10,bytes=0
L1SPTRACE_CORE_HART,bench=bfs_work_stealing,sample=3,core=0,thread=11,hart=11,bytes=0
L1SPTRACE_CORE_HART,bench=bfs_work_stealing,sample=3,core=0,thread=12,hart=12,bytes=0
L1SPTRACE_CORE_HART,bench=bfs_work_stealing,sample=3,core=0,thread=13,hart=13,bytes=0
L1SPTRACE_CORE_HART,bench=bfs_work_stealing,sample=3,core=0,thread=14,hart=14,bytes=0
L1SPTRACE_CORE_HART,bench=bfs_work_stealing,sample=3,core=0,thread=15,hart=15,bytes=0
L1SPTRACE_GLOBAL,bench=bfs_work_stealing,sample=4,phase=level_begin,level=1,iter=-1,bytes=2097152
L1SPTRACE_CORE_HART,bench=bfs_work_stealing,sample=4,core=0,thread=0,hart=0,bytes=16384
L1SPTRACE_CORE_HART,bench=bfs_work_stealing,sample=4,core=0,thread=1,hart=1,bytes=16384
L1SPTRACE_CORE_HART,bench=bfs_work_stealing,sample=4,core=0,thread=2,hart=2,bytes=16384
L1SPTRACE_CORE_HART,bench=bfs_work_stealing,sample=4,core=0,thread=3,hart=3,bytes=16384
L1SPTRACE_CORE_HART,bench=bfs_work_stealing,sample=4,core=0,thread=4,hart=4,bytes=16384
L1SPTRACE_CORE_HART,bench=bfs_work_stealing,sample=4,core=0,thread=5,hart=5,bytes=16384
L1SPTRACE_CORE_HART,bench=bfs_work_stealing,sample=4,core=0,thread=6,hart=6,bytes=16384
L1SPTRACE_CORE_HART,bench=bfs_work_stealing,sample=4,core=0,thread=7,hart=7,bytes=16384
L1SPTRACE_CORE_HART,bench=bfs_work_stealing,sample=4,core=0,thread=8,hart=8,bytes=0
L1SPTRACE_CORE_HART,bench=bfs_work_stealing,sample=4,core=0,thread=9,hart=9,bytes=0
L1SPTRACE_CORE_HART,bench=bfs_work_stealing,sample=4,core=0,thread=10,hart=10,bytes=0
L1SPTRACE_CORE_HART,bench=bfs_work_stealing,sample=4,core=0,thread=11,hart=11,bytes=0
L1SPTRACE_CORE_HART,bench=bfs_work_stealing,sample=4,core=0,thread=12,hart=12,bytes=0
L1SPTRACE_CORE_HART,bench=bfs_work_stealing,sample=4,core=0,thread=13,hart=13,bytes=0
L1SPTRACE_CORE_HART,bench=bfs_work_stealing,sample=4,core=0,thread=14,hart=14,bytes=0
L1SPTRACE_CORE_HART,bench=bfs_work_stealing,sample=4,core=0,thread=15,hart=15,bytes=0
L1SPTRACE_GLOBAL,bench=bfs_work_stealing,sample=5,phase=post_process,level=1,iter=-1,bytes=2097152
L1SPTRACE_CORE_HART,bench=bfs_work_stealing,sample=5,core=0,thread=0,hart=0,bytes=16384
L1SPTRACE_CORE_HART,bench=bfs_work_stealing,sample=5,core=0,thread=1,hart=1,bytes=16384
L1SPTRACE_CORE_HART,bench=bfs_work_stealing,sample=5,core=0,thread=2,hart=2,bytes=16384
L1SPTRACE_CORE_HART,bench=bfs_work_stealing,sample=5,core=0,thread=3,hart=3,bytes=16384
L1SPTRACE_CORE_HART,bench=bfs_work_stealing,sample=5,core=0,thread=4,hart=4,bytes=16384
L1SPTRACE_CORE_HART,bench=bfs_work_stealing,sample=5,core=0,thread=5,hart=5,bytes=16384
L1SPTRACE_CORE_HART,bench=bfs_work_stealing,sample=5,core=0,thread=6,hart=6,bytes=16384
L1SPTRACE_CORE_HART,bench=bfs_work_stealing,sample=5,core=0,thread=7,hart=7,bytes=16384
L1SPTRACE_CORE_HART,bench=bfs_work_stealing,sample=5,core=0,thread=8,hart=8,bytes=0
L1SPTRACE_CORE_HART,bench=bfs_work_stealing,sample=5,core=0,thread=9,hart=9,bytes=0
L1SPTRACE_CORE_HART,bench=bfs_work_stealing,sample=5,core=0,thread=10,hart=10,bytes=0
L1SPTRACE_CORE_HART,bench=bfs_work_stealing,sample=5,core=0,thread=11,hart=11,bytes=0
L1SPTRACE_CORE_HART,bench=bfs_work_stealing,sample=5,core=0,thread=12,hart=12,bytes=0
L1SPTRACE_CORE_HART,bench=bfs_work_stealing,sample=5,core=0,thread=13,hart=13,bytes=0
L1SPTRACE_CORE_HART,bench=bfs_work_stealing,sample=5,core=0,thread=14,hart=14,bytes=0
L1SPTRACE_CORE_HART,bench=bfs_work_stealing,sample=5,core=0,thread=15,hart=15,bytes=0
L1SPTRACE_GLOBAL,bench=bfs_work_stealing,sample=6,phase=post_redistribute,level=1,iter=-1,bytes=2097152
L1SPTRACE_CORE_HART,bench=bfs_work_stealing,sample=6,core=0,thread=0,hart=0,bytes=16384
L1SPTRACE_CORE_HART,bench=bfs_work_stealing,sample=6,core=0,thread=1,hart=1,bytes=16384
L1SPTRACE_CORE_HART,bench=bfs_work_stealing,sample=6,core=0,thread=2,hart=2,bytes=16384
L1SPTRACE_CORE_HART,bench=bfs_work_stealing,sample=6,core=0,thread=3,hart=3,bytes=16384
L1SPTRACE_CORE_HART,bench=bfs_work_stealing,sample=6,core=0,thread=4,hart=4,bytes=16384
L1SPTRACE_CORE_HART,bench=bfs_work_stealing,sample=6,core=0,thread=5,hart=5,bytes=16384
L1SPTRACE_CORE_HART,bench=bfs_work_stealing,sample=6,core=0,thread=6,hart=6,bytes=16384
L1SPTRACE_CORE_HART,bench=bfs_work_stealing,sample=6,core=0,thread=7,hart=7,bytes=16384
L1SPTRACE_CORE_HART,bench=bfs_work_stealing,sample=6,core=0,thread=8,hart=8,bytes=0
L1SPTRACE_CORE_HART,bench=bfs_work_stealing,sample=6,core=0,thread=9,hart=9,bytes=0
L1SPTRACE_CORE_HART,bench=bfs_work_stealing,sample=6,core=0,thread=10,hart=10,bytes=0
L1SPTRACE_CORE_HART,bench=bfs_work_stealing,sample=6,core=0,thread=11,hart=11,bytes=0
L1SPTRACE_CORE_HART,bench=bfs_work_stealing,sample=6,core=0,thread=12,hart=12,bytes=0
L1SPTRACE_CORE_HART,bench=bfs_work_stealing,sample=6,core=0,thread=13,hart=13,bytes=0
L1SPTRACE_CORE_HART,bench=bfs_work_stealing,sample=6,core=0,thread=14,hart=14,bytes=0
L1SPTRACE_CORE_HART,bench=bfs_work_stealing,sample=6,core=0,thread=15,hart=15,bytes=0
L1SPTRACE_GLOBAL,bench=bfs_work_stealing,sample=7,phase=level_begin,level=2,iter=-1,bytes=2097152
L1SPTRACE_CORE_HART,bench=bfs_work_stealing,sample=7,core=0,thread=0,hart=0,bytes=16384
L1SPTRACE_CORE_HART,bench=bfs_work_stealing,sample=7,core=0,thread=1,hart=1,bytes=16384
L1SPTRACE_CORE_HART,bench=bfs_work_stealing,sample=7,core=0,thread=2,hart=2,bytes=16384
L1SPTRACE_CORE_HART,bench=bfs_work_stealing,sample=7,core=0,thread=3,hart=3,bytes=16384
L1SPTRACE_CORE_HART,bench=bfs_work_stealing,sample=7,core=0,thread=4,hart=4,bytes=16384
L1SPTRACE_CORE_HART,bench=bfs_work_stealing,sample=7,core=0,thread=5,hart=5,bytes=16384
L1SPTRACE_CORE_HART,bench=bfs_work_stealing,sample=7,core=0,thread=6,hart=6,bytes=16384
L1SPTRACE_CORE_HART,bench=bfs_work_stealing,sample=7,core=0,thread=7,hart=7,bytes=16384
L1SPTRACE_CORE_HART,bench=bfs_work_stealing,sample=7,core=0,thread=8,hart=8,bytes=0
L1SPTRACE_CORE_HART,bench=bfs_work_stealing,sample=7,core=0,thread=9,hart=9,bytes=0
L1SPTRACE_CORE_HART,bench=bfs_work_stealing,sample=7,core=0,thread=10,hart=10,bytes=0
L1SPTRACE_CORE_HART,bench=bfs_work_stealing,sample=7,core=0,thread=11,hart=11,bytes=0
L1SPTRACE_CORE_HART,bench=bfs_work_stealing,sample=7,core=0,thread=12,hart=12,bytes=0
L1SPTRACE_CORE_HART,bench=bfs_work_stealing,sample=7,core=0,thread=13,hart=13,bytes=0
L1SPTRACE_CORE_HART,bench=bfs_work_stealing,sample=7,core=0,thread=14,hart=14,bytes=0
L1SPTRACE_CORE_HART,bench=bfs_work_stealing,sample=7,core=0,thread=15,hart=15,bytes=0
L1SPTRACE_GLOBAL,bench=bfs_work_stealing,sample=8,phase=post_process,level=2,iter=-1,bytes=2097152
L1SPTRACE_CORE_HART,bench=bfs_work_stealing,sample=8,core=0,thread=0,hart=0,bytes=16384
L1SPTRACE_CORE_HART,bench=bfs_work_stealing,sample=8,core=0,thread=1,hart=1,bytes=16384
L1SPTRACE_CORE_HART,bench=bfs_work_stealing,sample=8,core=0,thread=2,hart=2,bytes=16384
L1SPTRACE_CORE_HART,bench=bfs_work_stealing,sample=8,core=0,thread=3,hart=3,bytes=16384
L1SPTRACE_CORE_HART,bench=bfs_work_stealing,sample=8,core=0,thread=4,hart=4,bytes=16384
L1SPTRACE_CORE_HART,bench=bfs_work_stealing,sample=8,core=0,thread=5,hart=5,bytes=16384
L1SPTRACE_CORE_HART,bench=bfs_work_stealing,sample=8,core=0,thread=6,hart=6,bytes=16384
L1SPTRACE_CORE_HART,bench=bfs_work_stealing,sample=8,core=0,thread=7,hart=7,bytes=16384
L1SPTRACE_CORE_HART,bench=bfs_work_stealing,sample=8,core=0,thread=8,hart=8,bytes=0
L1SPTRACE_CORE_HART,bench=bfs_work_stealing,sample=8,core=0,thread=9,hart=9,bytes=0
L1SPTRACE_CORE_HART,bench=bfs_work_stealing,sample=8,core=0,thread=10,hart=10,bytes=0
L1SPTRACE_CORE_HART,bench=bfs_work_stealing,sample=8,core=0,thread=11,hart=11,bytes=0
L1SPTRACE_CORE_HART,bench=bfs_work_stealing,sample=8,core=0,thread=12,hart=12,bytes=0
L1SPTRACE_CORE_HART,bench=bfs_work_stealing,sample=8,core=0,thread=13,hart=13,bytes=0
L1SPTRACE_CORE_HART,bench=bfs_work_stealing,sample=8,core=0,thread=14,hart=14,bytes=0
L1SPTRACE_CORE_HART,bench=bfs_work_stealing,sample=8,core=0,thread=15,hart=15,bytes=0
L1SPTRACE_GLOBAL,bench=bfs_work_stealing,sample=9,phase=post_redistribute,level=2,iter=-1,bytes=2097152
L1SPTRACE_CORE_HART,bench=bfs_work_stealing,sample=9,core=0,thread=0,hart=0,bytes=16384
L1SPTRACE_CORE_HART,bench=bfs_work_stealing,sample=9,core=0,thread=1,hart=1,bytes=16384
L1SPTRACE_CORE_HART,bench=bfs_work_stealing,sample=9,core=0,thread=2,hart=2,bytes=16384
L1SPTRACE_CORE_HART,bench=bfs_work_stealing,sample=9,core=0,thread=3,hart=3,bytes=16384
L1SPTRACE_CORE_HART,bench=bfs_work_stealing,sample=9,core=0,thread=4,hart=4,bytes=16384
L1SPTRACE_CORE_HART,bench=bfs_work_stealing,sample=9,core=0,thread=5,hart=5,bytes=16384
L1SPTRACE_CORE_HART,bench=bfs_work_stealing,sample=9,core=0,thread=6,hart=6,bytes=16384
L1SPTRACE_CORE_HART,bench=bfs_work_stealing,sample=9,core=0,thread=7,hart=7,bytes=16384
L1SPTRACE_CORE_HART,bench=bfs_work_stealing,sample=9,core=0,thread=8,hart=8,bytes=0
L1SPTRACE_CORE_HART,bench=bfs_work_stealing,sample=9,core=0,thread=9,hart=9,bytes=0
L1SPTRACE_CORE_HART,bench=bfs_work_stealing,sample=9,core=0,thread=10,hart=10,bytes=0
L1SPTRACE_CORE_HART,bench=bfs_work_stealing,sample=9,core=0,thread=11,hart=11,bytes=0
L1SPTRACE_CORE_HART,bench=bfs_work_stealing,sample=9,core=0,thread=12,hart=12,bytes=0
L1SPTRACE_CORE_HART,bench=bfs_work_stealing,sample=9,core=0,thread=13,hart=13,bytes=0
L1SPTRACE_CORE_HART,bench=bfs_work_stealing,sample=9,core=0,thread=14,hart=14,bytes=0
L1SPTRACE_CORE_HART,bench=bfs_work_stealing,sample=9,core=0,thread=15,hart=15,bytes=0
L1SPTRACE_GLOBAL,bench=bfs_work_stealing,sample=10,phase=level_begin,level=3,iter=-1,bytes=2097152
L1SPTRACE_CORE_HART,bench=bfs_work_stealing,sample=10,core=0,thread=0,hart=0,bytes=16384
L1SPTRACE_CORE_HART,bench=bfs_work_stealing,sample=10,core=0,thread=1,hart=1,bytes=16384
L1SPTRACE_CORE_HART,bench=bfs_work_stealing,sample=10,core=0,thread=2,hart=2,bytes=16384
L1SPTRACE_CORE_HART,bench=bfs_work_stealing,sample=10,core=0,thread=3,hart=3,bytes=16384
L1SPTRACE_CORE_HART,bench=bfs_work_stealing,sample=10,core=0,thread=4,hart=4,bytes=16384
L1SPTRACE_CORE_HART,bench=bfs_work_stealing,sample=10,core=0,thread=5,hart=5,bytes=16384
L1SPTRACE_CORE_HART,bench=bfs_work_stealing,sample=10,core=0,thread=6,hart=6,bytes=16384
L1SPTRACE_CORE_HART,bench=bfs_work_stealing,sample=10,core=0,thread=7,hart=7,bytes=16384
L1SPTRACE_CORE_HART,bench=bfs_work_stealing,sample=10,core=0,thread=8,hart=8,bytes=0
L1SPTRACE_CORE_HART,bench=bfs_work_stealing,sample=10,core=0,thread=9,hart=9,bytes=0
L1SPTRACE_CORE_HART,bench=bfs_work_stealing,sample=10,core=0,thread=10,hart=10,bytes=0
L1SPTRACE_CORE_HART,bench=bfs_work_stealing,sample=10,core=0,thread=11,hart=11,bytes=0
L1SPTRACE_CORE_HART,bench=bfs_work_stealing,sample=10,core=0,thread=12,hart=12,bytes=0
L1SPTRACE_CORE_HART,bench=bfs_work_stealing,sample=10,core=0,thread=13,hart=13,bytes=0
L1SPTRACE_CORE_HART,bench=bfs_work_stealing,sample=10,core=0,thread=14,hart=14,bytes=0
L1SPTRACE_CORE_HART,bench=bfs_work_stealing,sample=10,core=0,thread=15,hart=15,bytes=0
L1SPTRACE_GLOBAL,bench=bfs_work_stealing,sample=11,phase=post_process,level=3,iter=-1,bytes=2097152
L1SPTRACE_CORE_HART,bench=bfs_work_stealing,sample=11,core=0,thread=0,hart=0,bytes=16384
L1SPTRACE_CORE_HART,bench=bfs_work_stealing,sample=11,core=0,thread=1,hart=1,bytes=16384
L1SPTRACE_CORE_HART,bench=bfs_work_stealing,sample=11,core=0,thread=2,hart=2,bytes=16384
L1SPTRACE_CORE_HART,bench=bfs_work_stealing,sample=11,core=0,thread=3,hart=3,bytes=16384
L1SPTRACE_CORE_HART,bench=bfs_work_stealing,sample=11,core=0,thread=4,hart=4,bytes=16384
L1SPTRACE_CORE_HART,bench=bfs_work_stealing,sample=11,core=0,thread=5,hart=5,bytes=16384
L1SPTRACE_CORE_HART,bench=bfs_work_stealing,sample=11,core=0,thread=6,hart=6,bytes=16384
L1SPTRACE_CORE_HART,bench=bfs_work_stealing,sample=11,core=0,thread=7,hart=7,bytes=16384
L1SPTRACE_CORE_HART,bench=bfs_work_stealing,sample=11,core=0,thread=8,hart=8,bytes=0
L1SPTRACE_CORE_HART,bench=bfs_work_stealing,sample=11,core=0,thread=9,hart=9,bytes=0
L1SPTRACE_CORE_HART,bench=bfs_work_stealing,sample=11,core=0,thread=10,hart=10,bytes=0
L1SPTRACE_CORE_HART,bench=bfs_work_stealing,sample=11,core=0,thread=11,hart=11,bytes=0
L1SPTRACE_CORE_HART,bench=bfs_work_stealing,sample=11,core=0,thread=12,hart=12,bytes=0
L1SPTRACE_CORE_HART,bench=bfs_work_stealing,sample=11,core=0,thread=13,hart=13,bytes=0
L1SPTRACE_CORE_HART,bench=bfs_work_stealing,sample=11,core=0,thread=14,hart=14,bytes=0
L1SPTRACE_CORE_HART,bench=bfs_work_stealing,sample=11,core=0,thread=15,hart=15,bytes=0
L1SPTRACE_GLOBAL,bench=bfs_work_stealing,sample=12,phase=post_redistribute,level=3,iter=-1,bytes=2097152
L1SPTRACE_CORE_HART,bench=bfs_work_stealing,sample=12,core=0,thread=0,hart=0,bytes=16384
L1SPTRACE_CORE_HART,bench=bfs_work_stealing,sample=12,core=0,thread=1,hart=1,bytes=16384
L1SPTRACE_CORE_HART,bench=bfs_work_stealing,sample=12,core=0,thread=2,hart=2,bytes=16384
L1SPTRACE_CORE_HART,bench=bfs_work_stealing,sample=12,core=0,thread=3,hart=3,bytes=16384
L1SPTRACE_CORE_HART,bench=bfs_work_stealing,sample=12,core=0,thread=4,hart=4,bytes=16384
L1SPTRACE_CORE_HART,bench=bfs_work_stealing,sample=12,core=0,thread=5,hart=5,bytes=16384
L1SPTRACE_CORE_HART,bench=bfs_work_stealing,sample=12,core=0,thread=6,hart=6,bytes=16384
L1SPTRACE_CORE_HART,bench=bfs_work_stealing,sample=12,core=0,thread=7,hart=7,bytes=16384
L1SPTRACE_CORE_HART,bench=bfs_work_stealing,sample=12,core=0,thread=8,hart=8,bytes=0
L1SPTRACE_CORE_HART,bench=bfs_work_stealing,sample=12,core=0,thread=9,hart=9,bytes=0
L1SPTRACE_CORE_HART,bench=bfs_work_stealing,sample=12,core=0,thread=10,hart=10,bytes=0
L1SPTRACE_CORE_HART,bench=bfs_work_stealing,sample=12,core=0,thread=11,hart=11,bytes=0
L1SPTRACE_CORE_HART,bench=bfs_work_stealing,sample=12,core=0,thread=12,hart=12,bytes=0
L1SPTRACE_CORE_HART,bench=bfs_work_stealing,sample=12,core=0,thread=13,hart=13,bytes=0
L1SPTRACE_CORE_HART,bench=bfs_work_stealing,sample=12,core=0,thread=14,hart=14,bytes=0
L1SPTRACE_CORE_HART,bench=bfs_work_stealing,sample=12,core=0,thread=15,hart=15,bytes=0
L1SPTRACE_GLOBAL,bench=bfs_work_stealing,sample=13,phase=level_begin,level=4,iter=-1,bytes=2097152
L1SPTRACE_CORE_HART,bench=bfs_work_stealing,sample=13,core=0,thread=0,hart=0,bytes=16384
L1SPTRACE_CORE_HART,bench=bfs_work_stealing,sample=13,core=0,thread=1,hart=1,bytes=16384
L1SPTRACE_CORE_HART,bench=bfs_work_stealing,sample=13,core=0,thread=2,hart=2,bytes=16384
L1SPTRACE_CORE_HART,bench=bfs_work_stealing,sample=13,core=0,thread=3,hart=3,bytes=16384
L1SPTRACE_CORE_HART,bench=bfs_work_stealing,sample=13,core=0,thread=4,hart=4,bytes=16384
L1SPTRACE_CORE_HART,bench=bfs_work_stealing,sample=13,core=0,thread=5,hart=5,bytes=16384
L1SPTRACE_CORE_HART,bench=bfs_work_stealing,sample=13,core=0,thread=6,hart=6,bytes=16384
L1SPTRACE_CORE_HART,bench=bfs_work_stealing,sample=13,core=0,thread=7,hart=7,bytes=16384
L1SPTRACE_CORE_HART,bench=bfs_work_stealing,sample=13,core=0,thread=8,hart=8,bytes=0
L1SPTRACE_CORE_HART,bench=bfs_work_stealing,sample=13,core=0,thread=9,hart=9,bytes=0
L1SPTRACE_CORE_HART,bench=bfs_work_stealing,sample=13,core=0,thread=10,hart=10,bytes=0
L1SPTRACE_CORE_HART,bench=bfs_work_stealing,sample=13,core=0,thread=11,hart=11,bytes=0
L1SPTRACE_CORE_HART,bench=bfs_work_stealing,sample=13,core=0,thread=12,hart=12,bytes=0
L1SPTRACE_CORE_HART,bench=bfs_work_stealing,sample=13,core=0,thread=13,hart=13,bytes=0
L1SPTRACE_CORE_HART,bench=bfs_work_stealing,sample=13,core=0,thread=14,hart=14,bytes=0
L1SPTRACE_CORE_HART,bench=bfs_work_stealing,sample=13,core=0,thread=15,hart=15,bytes=0
L1SPTRACE_GLOBAL,bench=bfs_work_stealing,sample=14,phase=post_process,level=4,iter=-1,bytes=2097152
L1SPTRACE_CORE_HART,bench=bfs_work_stealing,sample=14,core=0,thread=0,hart=0,bytes=16384
L1SPTRACE_CORE_HART,bench=bfs_work_stealing,sample=14,core=0,thread=1,hart=1,bytes=16384
L1SPTRACE_CORE_HART,bench=bfs_work_stealing,sample=14,core=0,thread=2,hart=2,bytes=16384
L1SPTRACE_CORE_HART,bench=bfs_work_stealing,sample=14,core=0,thread=3,hart=3,bytes=16384
L1SPTRACE_CORE_HART,bench=bfs_work_stealing,sample=14,core=0,thread=4,hart=4,bytes=16384
L1SPTRACE_CORE_HART,bench=bfs_work_stealing,sample=14,core=0,thread=5,hart=5,bytes=16384
L1SPTRACE_CORE_HART,bench=bfs_work_stealing,sample=14,core=0,thread=6,hart=6,bytes=16384
L1SPTRACE_CORE_HART,bench=bfs_work_stealing,sample=14,core=0,thread=7,hart=7,bytes=16384
L1SPTRACE_CORE_HART,bench=bfs_work_stealing,sample=14,core=0,thread=8,hart=8,bytes=0
L1SPTRACE_CORE_HART,bench=bfs_work_stealing,sample=14,core=0,thread=9,hart=9,bytes=0
L1SPTRACE_CORE_HART,bench=bfs_work_stealing,sample=14,core=0,thread=10,hart=10,bytes=0
L1SPTRACE_CORE_HART,bench=bfs_work_stealing,sample=14,core=0,thread=11,hart=11,bytes=0
L1SPTRACE_CORE_HART,bench=bfs_work_stealing,sample=14,core=0,thread=12,hart=12,bytes=0
L1SPTRACE_CORE_HART,bench=bfs_work_stealing,sample=14,core=0,thread=13,hart=13,bytes=0
L1SPTRACE_CORE_HART,bench=bfs_work_stealing,sample=14,core=0,thread=14,hart=14,bytes=0
L1SPTRACE_CORE_HART,bench=bfs_work_stealing,sample=14,core=0,thread=15,hart=15,bytes=0
L1SPTRACE_GLOBAL,bench=bfs_work_stealing,sample=15,phase=post_redistribute,level=4,iter=-1,bytes=2097152
L1SPTRACE_CORE_HART,bench=bfs_work_stealing,sample=15,core=0,thread=0,hart=0,bytes=16384
L1SPTRACE_CORE_HART,bench=bfs_work_stealing,sample=15,core=0,thread=1,hart=1,bytes=16384
L1SPTRACE_CORE_HART,bench=bfs_work_stealing,sample=15,core=0,thread=2,hart=2,bytes=16384
L1SPTRACE_CORE_HART,bench=bfs_work_stealing,sample=15,core=0,thread=3,hart=3,bytes=16384
L1SPTRACE_CORE_HART,bench=bfs_work_stealing,sample=15,core=0,thread=4,hart=4,bytes=16384
L1SPTRACE_CORE_HART,bench=bfs_work_stealing,sample=15,core=0,thread=5,hart=5,bytes=16384
L1SPTRACE_CORE_HART,bench=bfs_work_stealing,sample=15,core=0,thread=6,hart=6,bytes=16384
L1SPTRACE_CORE_HART,bench=bfs_work_stealing,sample=15,core=0,thread=7,hart=7,bytes=16384
L1SPTRACE_CORE_HART,bench=bfs_work_stealing,sample=15,core=0,thread=8,hart=8,bytes=0
L1SPTRACE_CORE_HART,bench=bfs_work_stealing,sample=15,core=0,thread=9,hart=9,bytes=0
L1SPTRACE_CORE_HART,bench=bfs_work_stealing,sample=15,core=0,thread=10,hart=10,bytes=0
L1SPTRACE_CORE_HART,bench=bfs_work_stealing,sample=15,core=0,thread=11,hart=11,bytes=0
L1SPTRACE_CORE_HART,bench=bfs_work_stealing,sample=15,core=0,thread=12,hart=12,bytes=0
L1SPTRACE_CORE_HART,bench=bfs_work_stealing,sample=15,core=0,thread=13,hart=13,bytes=0
L1SPTRACE_CORE_HART,bench=bfs_work_stealing,sample=15,core=0,thread=14,hart=14,bytes=0
L1SPTRACE_CORE_HART,bench=bfs_work_stealing,sample=15,core=0,thread=15,hart=15,bytes=0
L1SPTRACE_GLOBAL,bench=bfs_work_stealing,sample=16,phase=level_begin,level=5,iter=-1,bytes=2097152
L1SPTRACE_CORE_HART,bench=bfs_work_stealing,sample=16,core=0,thread=0,hart=0,bytes=16384
L1SPTRACE_CORE_HART,bench=bfs_work_stealing,sample=16,core=0,thread=1,hart=1,bytes=16384
L1SPTRACE_CORE_HART,bench=bfs_work_stealing,sample=16,core=0,thread=2,hart=2,bytes=16384
L1SPTRACE_CORE_HART,bench=bfs_work_stealing,sample=16,core=0,thread=3,hart=3,bytes=16384
L1SPTRACE_CORE_HART,bench=bfs_work_stealing,sample=16,core=0,thread=4,hart=4,bytes=16384
L1SPTRACE_CORE_HART,bench=bfs_work_stealing,sample=16,core=0,thread=5,hart=5,bytes=16384
L1SPTRACE_CORE_HART,bench=bfs_work_stealing,sample=16,core=0,thread=6,hart=6,bytes=16384
L1SPTRACE_CORE_HART,bench=bfs_work_stealing,sample=16,core=0,thread=7,hart=7,bytes=16384
L1SPTRACE_CORE_HART,bench=bfs_work_stealing,sample=16,core=0,thread=8,hart=8,bytes=0
L1SPTRACE_CORE_HART,bench=bfs_work_stealing,sample=16,core=0,thread=9,hart=9,bytes=0
L1SPTRACE_CORE_HART,bench=bfs_work_stealing,sample=16,core=0,thread=10,hart=10,bytes=0
L1SPTRACE_CORE_HART,bench=bfs_work_stealing,sample=16,core=0,thread=11,hart=11,bytes=0
L1SPTRACE_CORE_HART,bench=bfs_work_stealing,sample=16,core=0,thread=12,hart=12,bytes=0
L1SPTRACE_CORE_HART,bench=bfs_work_stealing,sample=16,core=0,thread=13,hart=13,bytes=0
L1SPTRACE_CORE_HART,bench=bfs_work_stealing,sample=16,core=0,thread=14,hart=14,bytes=0
L1SPTRACE_CORE_HART,bench=bfs_work_stealing,sample=16,core=0,thread=15,hart=15,bytes=0
L1SPTRACE_GLOBAL,bench=bfs_work_stealing,sample=17,phase=post_process,level=5,iter=-1,bytes=2097152
L1SPTRACE_CORE_HART,bench=bfs_work_stealing,sample=17,core=0,thread=0,hart=0,bytes=16384
L1SPTRACE_CORE_HART,bench=bfs_work_stealing,sample=17,core=0,thread=1,hart=1,bytes=16384
L1SPTRACE_CORE_HART,bench=bfs_work_stealing,sample=17,core=0,thread=2,hart=2,bytes=16384
L1SPTRACE_CORE_HART,bench=bfs_work_stealing,sample=17,core=0,thread=3,hart=3,bytes=16384
L1SPTRACE_CORE_HART,bench=bfs_work_stealing,sample=17,core=0,thread=4,hart=4,bytes=16384
L1SPTRACE_CORE_HART,bench=bfs_work_stealing,sample=17,core=0,thread=5,hart=5,bytes=16384
L1SPTRACE_CORE_HART,bench=bfs_work_stealing,sample=17,core=0,thread=6,hart=6,bytes=16384
L1SPTRACE_CORE_HART,bench=bfs_work_stealing,sample=17,core=0,thread=7,hart=7,bytes=16384
L1SPTRACE_CORE_HART,bench=bfs_work_stealing,sample=17,core=0,thread=8,hart=8,bytes=0
L1SPTRACE_CORE_HART,bench=bfs_work_stealing,sample=17,core=0,thread=9,hart=9,bytes=0
L1SPTRACE_CORE_HART,bench=bfs_work_stealing,sample=17,core=0,thread=10,hart=10,bytes=0
L1SPTRACE_CORE_HART,bench=bfs_work_stealing,sample=17,core=0,thread=11,hart=11,bytes=0
L1SPTRACE_CORE_HART,bench=bfs_work_stealing,sample=17,core=0,thread=12,hart=12,bytes=0
L1SPTRACE_CORE_HART,bench=bfs_work_stealing,sample=17,core=0,thread=13,hart=13,bytes=0
L1SPTRACE_CORE_HART,bench=bfs_work_stealing,sample=17,core=0,thread=14,hart=14,bytes=0
L1SPTRACE_CORE_HART,bench=bfs_work_stealing,sample=17,core=0,thread=15,hart=15,bytes=0
L1SPTRACE_GLOBAL,bench=bfs_work_stealing,sample=18,phase=post_redistribute,level=5,iter=-1,bytes=2097152
L1SPTRACE_CORE_HART,bench=bfs_work_stealing,sample=18,core=0,thread=0,hart=0,bytes=16384
L1SPTRACE_CORE_HART,bench=bfs_work_stealing,sample=18,core=0,thread=1,hart=1,bytes=16384
L1SPTRACE_CORE_HART,bench=bfs_work_stealing,sample=18,core=0,thread=2,hart=2,bytes=16384
L1SPTRACE_CORE_HART,bench=bfs_work_stealing,sample=18,core=0,thread=3,hart=3,bytes=16384
L1SPTRACE_CORE_HART,bench=bfs_work_stealing,sample=18,core=0,thread=4,hart=4,bytes=16384
L1SPTRACE_CORE_HART,bench=bfs_work_stealing,sample=18,core=0,thread=5,hart=5,bytes=16384
L1SPTRACE_CORE_HART,bench=bfs_work_stealing,sample=18,core=0,thread=6,hart=6,bytes=16384
L1SPTRACE_CORE_HART,bench=bfs_work_stealing,sample=18,core=0,thread=7,hart=7,bytes=16384
L1SPTRACE_CORE_HART,bench=bfs_work_stealing,sample=18,core=0,thread=8,hart=8,bytes=0
L1SPTRACE_CORE_HART,bench=bfs_work_stealing,sample=18,core=0,thread=9,hart=9,bytes=0
L1SPTRACE_CORE_HART,bench=bfs_work_stealing,sample=18,core=0,thread=10,hart=10,bytes=0
L1SPTRACE_CORE_HART,bench=bfs_work_stealing,sample=18,core=0,thread=11,hart=11,bytes=0
L1SPTRACE_CORE_HART,bench=bfs_work_stealing,sample=18,core=0,thread=12,hart=12,bytes=0
L1SPTRACE_CORE_HART,bench=bfs_work_stealing,sample=18,core=0,thread=13,hart=13,bytes=0
L1SPTRACE_CORE_HART,bench=bfs_work_stealing,sample=18,core=0,thread=14,hart=14,bytes=0
L1SPTRACE_CORE_HART,bench=bfs_work_stealing,sample=18,core=0,thread=15,hart=15,bytes=0
L1SPTRACE_GLOBAL,bench=bfs_work_stealing,sample=19,phase=final,level=6,iter=-1,bytes=2097152
L1SPTRACE_CORE_HART,bench=bfs_work_stealing,sample=19,core=0,thread=0,hart=0,bytes=16384
L1SPTRACE_CORE_HART,bench=bfs_work_stealing,sample=19,core=0,thread=1,hart=1,bytes=16384
L1SPTRACE_CORE_HART,bench=bfs_work_stealing,sample=19,core=0,thread=2,hart=2,bytes=16384
L1SPTRACE_CORE_HART,bench=bfs_work_stealing,sample=19,core=0,thread=3,hart=3,bytes=16384
L1SPTRACE_CORE_HART,bench=bfs_work_stealing,sample=19,core=0,thread=4,hart=4,bytes=16384
L1SPTRACE_CORE_HART,bench=bfs_work_stealing,sample=19,core=0,thread=5,hart=5,bytes=16384
L1SPTRACE_CORE_HART,bench=bfs_work_stealing,sample=19,core=0,thread=6,hart=6,bytes=16384
L1SPTRACE_CORE_HART,bench=bfs_work_stealing,sample=19,core=0,thread=7,hart=7,bytes=16384
L1SPTRACE_CORE_HART,bench=bfs_work_stealing,sample=19,core=0,thread=8,hart=8,bytes=0
L1SPTRACE_CORE_HART,bench=bfs_work_stealing,sample=19,core=0,thread=9,hart=9,bytes=0
L1SPTRACE_CORE_HART,bench=bfs_work_stealing,sample=19,core=0,thread=10,hart=10,bytes=0
L1SPTRACE_CORE_HART,bench=bfs_work_stealing,sample=19,core=0,thread=11,hart=11,bytes=0
L1SPTRACE_CORE_HART,bench=bfs_work_stealing,sample=19,core=0,thread=12,hart=12,bytes=0
L1SPTRACE_CORE_HART,bench=bfs_work_stealing,sample=19,core=0,thread=13,hart=13,bytes=0
L1SPTRACE_CORE_HART,bench=bfs_work_stealing,sample=19,core=0,thread=14,hart=14,bytes=0
L1SPTRACE_CORE_HART,bench=bfs_work_stealing,sample=19,core=0,thread=15,hart=15,bytes=0
L1SPTRACE_HART,bench=bfs_work_stealing,hart=0,core=0,thread=0,bytes=16384
L1SPTRACE_HART,bench=bfs_work_stealing,hart=1,core=0,thread=1,bytes=16384
L1SPTRACE_HART,bench=bfs_work_stealing,hart=2,core=0,thread=2,bytes=16384
L1SPTRACE_HART,bench=bfs_work_stealing,hart=3,core=0,thread=3,bytes=16384
L1SPTRACE_HART,bench=bfs_work_stealing,hart=4,core=0,thread=4,bytes=16384
L1SPTRACE_HART,bench=bfs_work_stealing,hart=5,core=0,thread=5,bytes=16384
L1SPTRACE_HART,bench=bfs_work_stealing,hart=6,core=0,thread=6,bytes=16384
L1SPTRACE_HART,bench=bfs_work_stealing,hart=7,core=0,thread=7,bytes=16384
L1SPTRACE_HART,bench=bfs_work_stealing,hart=8,core=0,thread=8,bytes=0
L1SPTRACE_HART,bench=bfs_work_stealing,hart=9,core=0,thread=9,bytes=0
L1SPTRACE_HART,bench=bfs_work_stealing,hart=10,core=0,thread=10,bytes=0
L1SPTRACE_HART,bench=bfs_work_stealing,hart=11,core=0,thread=11,bytes=0
L1SPTRACE_HART,bench=bfs_work_stealing,hart=12,core=0,thread=12,bytes=0
L1SPTRACE_HART,bench=bfs_work_stealing,hart=13,core=0,thread=13,bytes=0
L1SPTRACE_HART,bench=bfs_work_stealing,hart=14,core=0,thread=14,bytes=0
L1SPTRACE_HART,bench=bfs_work_stealing,hart=15,core=0,thread=15,bytes=0
L1SPTRACE_HART,bench=bfs_work_stealing,hart=16,core=1,thread=0,bytes=16384
L1SPTRACE_HART,bench=bfs_work_stealing,hart=17,core=1,thread=1,bytes=16384
L1SPTRACE_HART,bench=bfs_work_stealing,hart=18,core=1,thread=2,bytes=16384
L1SPTRACE_HART,bench=bfs_work_stealing,hart=19,core=1,thread=3,bytes=16384
L1SPTRACE_HART,bench=bfs_work_stealing,hart=20,core=1,thread=4,bytes=16384
L1SPTRACE_HART,bench=bfs_work_stealing,hart=21,core=1,thread=5,bytes=16384
L1SPTRACE_HART,bench=bfs_work_stealing,hart=22,core=1,thread=6,bytes=16384
L1SPTRACE_HART,bench=bfs_work_stealing,hart=23,core=1,thread=7,bytes=16384
L1SPTRACE_HART,bench=bfs_work_stealing,hart=24,core=1,thread=8,bytes=0
L1SPTRACE_HART,bench=bfs_work_stealing,hart=25,core=1,thread=9,bytes=0
L1SPTRACE_HART,bench=bfs_work_stealing,hart=26,core=1,thread=10,bytes=0
L1SPTRACE_HART,bench=bfs_work_stealing,hart=27,core=1,thread=11,bytes=0
L1SPTRACE_HART,bench=bfs_work_stealing,hart=28,core=1,thread=12,bytes=0
L1SPTRACE_HART,bench=bfs_work_stealing,hart=29,core=1,thread=13,bytes=0
L1SPTRACE_HART,bench=bfs_work_stealing,hart=30,core=1,thread=14,bytes=0
L1SPTRACE_HART,bench=bfs_work_stealing,hart=31,core=1,thread=15,bytes=0
L1SPTRACE_HART,bench=bfs_work_stealing,hart=32,core=2,thread=0,bytes=16384
L1SPTRACE_HART,bench=bfs_work_stealing,hart=33,core=2,thread=1,bytes=16384
L1SPTRACE_HART,bench=bfs_work_stealing,hart=34,core=2,thread=2,bytes=16384
L1SPTRACE_HART,bench=bfs_work_stealing,hart=35,core=2,thread=3,bytes=16384
L1SPTRACE_HART,bench=bfs_work_stealing,hart=36,core=2,thread=4,bytes=16384
L1SPTRACE_HART,bench=bfs_work_stealing,hart=37,core=2,thread=5,bytes=16384
L1SPTRACE_HART,bench=bfs_work_stealing,hart=38,core=2,thread=6,bytes=16384
L1SPTRACE_HART,bench=bfs_work_stealing,hart=39,core=2,thread=7,bytes=16384
L1SPTRACE_HART,bench=bfs_work_stealing,hart=40,core=2,thread=8,bytes=0
L1SPTRACE_HART,bench=bfs_work_stealing,hart=41,core=2,thread=9,bytes=0
L1SPTRACE_HART,bench=bfs_work_stealing,hart=42,core=2,thread=10,bytes=0
L1SPTRACE_HART,bench=bfs_work_stealing,hart=43,core=2,thread=11,bytes=0
L1SPTRACE_HART,bench=bfs_work_stealing,hart=44,core=2,thread=12,bytes=0
L1SPTRACE_HART,bench=bfs_work_stealing,hart=45,core=2,thread=13,bytes=0
L1SPTRACE_HART,bench=bfs_work_stealing,hart=46,core=2,thread=14,bytes=0
L1SPTRACE_HART,bench=bfs_work_stealing,hart=47,core=2,thread=15,bytes=0
L1SPTRACE_HART,bench=bfs_work_stealing,hart=48,core=3,thread=0,bytes=16384
L1SPTRACE_HART,bench=bfs_work_stealing,hart=49,core=3,thread=1,bytes=16384
L1SPTRACE_HART,bench=bfs_work_stealing,hart=50,core=3,thread=2,bytes=16384
L1SPTRACE_HART,bench=bfs_work_stealing,hart=51,core=3,thread=3,bytes=16384
L1SPTRACE_HART,bench=bfs_work_stealing,hart=52,core=3,thread=4,bytes=16384
L1SPTRACE_HART,bench=bfs_work_stealing,hart=53,core=3,thread=5,bytes=16384
L1SPTRACE_HART,bench=bfs_work_stealing,hart=54,core=3,thread=6,bytes=16384
L1SPTRACE_HART,bench=bfs_work_stealing,hart=55,core=3,thread=7,bytes=16384
L1SPTRACE_HART,bench=bfs_work_stealing,hart=56,core=3,thread=8,bytes=0
L1SPTRACE_HART,bench=bfs_work_stealing,hart=57,core=3,thread=9,bytes=0
L1SPTRACE_HART,bench=bfs_work_stealing,hart=58,core=3,thread=10,bytes=0
L1SPTRACE_HART,bench=bfs_work_stealing,hart=59,core=3,thread=11,bytes=0
L1SPTRACE_HART,bench=bfs_work_stealing,hart=60,core=3,thread=12,bytes=0
L1SPTRACE_HART,bench=bfs_work_stealing,hart=61,core=3,thread=13,bytes=0
L1SPTRACE_HART,bench=bfs_work_stealing,hart=62,core=3,thread=14,bytes=0
L1SPTRACE_HART,bench=bfs_work_stealing,hart=63,core=3,thread=15,bytes=0
L1SPTRACE_HART,bench=bfs_work_stealing,hart=64,core=4,thread=0,bytes=16384
L1SPTRACE_HART,bench=bfs_work_stealing,hart=65,core=4,thread=1,bytes=16384
L1SPTRACE_HART,bench=bfs_work_stealing,hart=66,core=4,thread=2,bytes=16384
L1SPTRACE_HART,bench=bfs_work_stealing,hart=67,core=4,thread=3,bytes=16384
L1SPTRACE_HART,bench=bfs_work_stealing,hart=68,core=4,thread=4,bytes=16384
L1SPTRACE_HART,bench=bfs_work_stealing,hart=69,core=4,thread=5,bytes=16384
L1SPTRACE_HART,bench=bfs_work_stealing,hart=70,core=4,thread=6,bytes=16384
L1SPTRACE_HART,bench=bfs_work_stealing,hart=71,core=4,thread=7,bytes=16384
L1SPTRACE_HART,bench=bfs_work_stealing,hart=72,core=4,thread=8,bytes=0
L1SPTRACE_HART,bench=bfs_work_stealing,hart=73,core=4,thread=9,bytes=0
L1SPTRACE_HART,bench=bfs_work_stealing,hart=74,core=4,thread=10,bytes=0
L1SPTRACE_HART,bench=bfs_work_stealing,hart=75,core=4,thread=11,bytes=0
L1SPTRACE_HART,bench=bfs_work_stealing,hart=76,core=4,thread=12,bytes=0
L1SPTRACE_HART,bench=bfs_work_stealing,hart=77,core=4,thread=13,bytes=0
L1SPTRACE_HART,bench=bfs_work_stealing,hart=78,core=4,thread=14,bytes=0
L1SPTRACE_HART,bench=bfs_work_stealing,hart=79,core=4,thread=15,bytes=0
L1SPTRACE_HART,bench=bfs_work_stealing,hart=80,core=5,thread=0,bytes=16384
L1SPTRACE_HART,bench=bfs_work_stealing,hart=81,core=5,thread=1,bytes=16384
L1SPTRACE_HART,bench=bfs_work_stealing,hart=82,core=5,thread=2,bytes=16384
L1SPTRACE_HART,bench=bfs_work_stealing,hart=83,core=5,thread=3,bytes=16384
L1SPTRACE_HART,bench=bfs_work_stealing,hart=84,core=5,thread=4,bytes=16384
L1SPTRACE_HART,bench=bfs_work_stealing,hart=85,core=5,thread=5,bytes=16384
L1SPTRACE_HART,bench=bfs_work_stealing,hart=86,core=5,thread=6,bytes=16384
L1SPTRACE_HART,bench=bfs_work_stealing,hart=87,core=5,thread=7,bytes=16384
L1SPTRACE_HART,bench=bfs_work_stealing,hart=88,core=5,thread=8,bytes=0
L1SPTRACE_HART,bench=bfs_work_stealing,hart=89,core=5,thread=9,bytes=0
L1SPTRACE_HART,bench=bfs_work_stealing,hart=90,core=5,thread=10,bytes=0
L1SPTRACE_HART,bench=bfs_work_stealing,hart=91,core=5,thread=11,bytes=0
L1SPTRACE_HART,bench=bfs_work_stealing,hart=92,core=5,thread=12,bytes=0
L1SPTRACE_HART,bench=bfs_work_stealing,hart=93,core=5,thread=13,bytes=0
L1SPTRACE_HART,bench=bfs_work_stealing,hart=94,core=5,thread=14,bytes=0
L1SPTRACE_HART,bench=bfs_work_stealing,hart=95,core=5,thread=15,bytes=0
L1SPTRACE_HART,bench=bfs_work_stealing,hart=96,core=6,thread=0,bytes=16384
L1SPTRACE_HART,bench=bfs_work_stealing,hart=97,core=6,thread=1,bytes=16384
L1SPTRACE_HART,bench=bfs_work_stealing,hart=98,core=6,thread=2,bytes=16384
L1SPTRACE_HART,bench=bfs_work_stealing,hart=99,core=6,thread=3,bytes=16384
L1SPTRACE_HART,bench=bfs_work_stealing,hart=100,core=6,thread=4,bytes=16384
L1SPTRACE_HART,bench=bfs_work_stealing,hart=101,core=6,thread=5,bytes=16384
L1SPTRACE_HART,bench=bfs_work_stealing,hart=102,core=6,thread=6,bytes=16384
L1SPTRACE_HART,bench=bfs_work_stealing,hart=103,core=6,thread=7,bytes=16384
L1SPTRACE_HART,bench=bfs_work_stealing,hart=104,core=6,thread=8,bytes=0
L1SPTRACE_HART,bench=bfs_work_stealing,hart=105,core=6,thread=9,bytes=0
L1SPTRACE_HART,bench=bfs_work_stealing,hart=106,core=6,thread=10,bytes=0
L1SPTRACE_HART,bench=bfs_work_stealing,hart=107,core=6,thread=11,bytes=0
L1SPTRACE_HART,bench=bfs_work_stealing,hart=108,core=6,thread=12,bytes=0
L1SPTRACE_HART,bench=bfs_work_stealing,hart=109,core=6,thread=13,bytes=0
L1SPTRACE_HART,bench=bfs_work_stealing,hart=110,core=6,thread=14,bytes=0
L1SPTRACE_HART,bench=bfs_work_stealing,hart=111,core=6,thread=15,bytes=0
L1SPTRACE_HART,bench=bfs_work_stealing,hart=112,core=7,thread=0,bytes=16384
L1SPTRACE_HART,bench=bfs_work_stealing,hart=113,core=7,thread=1,bytes=16384
L1SPTRACE_HART,bench=bfs_work_stealing,hart=114,core=7,thread=2,bytes=16384
L1SPTRACE_HART,bench=bfs_work_stealing,hart=115,core=7,thread=3,bytes=16384
L1SPTRACE_HART,bench=bfs_work_stealing,hart=116,core=7,thread=4,bytes=16384
L1SPTRACE_HART,bench=bfs_work_stealing,hart=117,core=7,thread=5,bytes=16384
L1SPTRACE_HART,bench=bfs_work_stealing,hart=118,core=7,thread=6,bytes=16384
L1SPTRACE_HART,bench=bfs_work_stealing,hart=119,core=7,thread=7,bytes=16384
L1SPTRACE_HART,bench=bfs_work_stealing,hart=120,core=7,thread=8,bytes=0
L1SPTRACE_HART,bench=bfs_work_stealing,hart=121,core=7,thread=9,bytes=0
L1SPTRACE_HART,bench=bfs_work_stealing,hart=122,core=7,thread=10,bytes=0
L1SPTRACE_HART,bench=bfs_work_stealing,hart=123,core=7,thread=11,bytes=0
L1SPTRACE_HART,bench=bfs_work_stealing,hart=124,core=7,thread=12,bytes=0
L1SPTRACE_HART,bench=bfs_work_stealing,hart=125,core=7,thread=13,bytes=0
L1SPTRACE_HART,bench=bfs_work_stealing,hart=126,core=7,thread=14,bytes=0
L1SPTRACE_HART,bench=bfs_work_stealing,hart=127,core=7,thread=15,bytes=0
L1SPTRACE_HART,bench=bfs_work_stealing,hart=128,core=8,thread=0,bytes=16384
L1SPTRACE_HART,bench=bfs_work_stealing,hart=129,core=8,thread=1,bytes=16384
L1SPTRACE_HART,bench=bfs_work_stealing,hart=130,core=8,thread=2,bytes=16384
L1SPTRACE_HART,bench=bfs_work_stealing,hart=131,core=8,thread=3,bytes=16384
L1SPTRACE_HART,bench=bfs_work_stealing,hart=132,core=8,thread=4,bytes=16384
L1SPTRACE_HART,bench=bfs_work_stealing,hart=133,core=8,thread=5,bytes=16384
L1SPTRACE_HART,bench=bfs_work_stealing,hart=134,core=8,thread=6,bytes=16384
L1SPTRACE_HART,bench=bfs_work_stealing,hart=135,core=8,thread=7,bytes=16384
L1SPTRACE_HART,bench=bfs_work_stealing,hart=136,core=8,thread=8,bytes=0
L1SPTRACE_HART,bench=bfs_work_stealing,hart=137,core=8,thread=9,bytes=0
L1SPTRACE_HART,bench=bfs_work_stealing,hart=138,core=8,thread=10,bytes=0
L1SPTRACE_HART,bench=bfs_work_stealing,hart=139,core=8,thread=11,bytes=0
L1SPTRACE_HART,bench=bfs_work_stealing,hart=140,core=8,thread=12,bytes=0
L1SPTRACE_HART,bench=bfs_work_stealing,hart=141,core=8,thread=13,bytes=0
L1SPTRACE_HART,bench=bfs_work_stealing,hart=142,core=8,thread=14,bytes=0
L1SPTRACE_HART,bench=bfs_work_stealing,hart=143,core=8,thread=15,bytes=0
L1SPTRACE_HART,bench=bfs_work_stealing,hart=144,core=9,thread=0,bytes=16384
L1SPTRACE_HART,bench=bfs_work_stealing,hart=145,core=9,thread=1,bytes=16384
L1SPTRACE_HART,bench=bfs_work_stealing,hart=146,core=9,thread=2,bytes=16384
L1SPTRACE_HART,bench=bfs_work_stealing,hart=147,core=9,thread=3,bytes=16384
L1SPTRACE_HART,bench=bfs_work_stealing,hart=148,core=9,thread=4,bytes=16384
L1SPTRACE_HART,bench=bfs_work_stealing,hart=149,core=9,thread=5,bytes=16384
L1SPTRACE_HART,bench=bfs_work_stealing,hart=150,core=9,thread=6,bytes=16384
L1SPTRACE_HART,bench=bfs_work_stealing,hart=151,core=9,thread=7,bytes=16384
L1SPTRACE_HART,bench=bfs_work_stealing,hart=152,core=9,thread=8,bytes=0
L1SPTRACE_HART,bench=bfs_work_stealing,hart=153,core=9,thread=9,bytes=0
L1SPTRACE_HART,bench=bfs_work_stealing,hart=154,core=9,thread=10,bytes=0
L1SPTRACE_HART,bench=bfs_work_stealing,hart=155,core=9,thread=11,bytes=0
L1SPTRACE_HART,bench=bfs_work_stealing,hart=156,core=9,thread=12,bytes=0
L1SPTRACE_HART,bench=bfs_work_stealing,hart=157,core=9,thread=13,bytes=0
L1SPTRACE_HART,bench=bfs_work_stealing,hart=158,core=9,thread=14,bytes=0
L1SPTRACE_HART,bench=bfs_work_stealing,hart=159,core=9,thread=15,bytes=0
L1SPTRACE_HART,bench=bfs_work_stealing,hart=160,core=10,thread=0,bytes=16384
L1SPTRACE_HART,bench=bfs_work_stealing,hart=161,core=10,thread=1,bytes=16384
L1SPTRACE_HART,bench=bfs_work_stealing,hart=162,core=10,thread=2,bytes=16384
L1SPTRACE_HART,bench=bfs_work_stealing,hart=163,core=10,thread=3,bytes=16384
L1SPTRACE_HART,bench=bfs_work_stealing,hart=164,core=10,thread=4,bytes=16384
L1SPTRACE_HART,bench=bfs_work_stealing,hart=165,core=10,thread=5,bytes=16384
L1SPTRACE_HART,bench=bfs_work_stealing,hart=166,core=10,thread=6,bytes=16384
L1SPTRACE_HART,bench=bfs_work_stealing,hart=167,core=10,thread=7,bytes=16384
L1SPTRACE_HART,bench=bfs_work_stealing,hart=168,core=10,thread=8,bytes=0
L1SPTRACE_HART,bench=bfs_work_stealing,hart=169,core=10,thread=9,bytes=0
L1SPTRACE_HART,bench=bfs_work_stealing,hart=170,core=10,thread=10,bytes=0
L1SPTRACE_HART,bench=bfs_work_stealing,hart=171,core=10,thread=11,bytes=0
L1SPTRACE_HART,bench=bfs_work_stealing,hart=172,core=10,thread=12,bytes=0
L1SPTRACE_HART,bench=bfs_work_stealing,hart=173,core=10,thread=13,bytes=0
L1SPTRACE_HART,bench=bfs_work_stealing,hart=174,core=10,thread=14,bytes=0
L1SPTRACE_HART,bench=bfs_work_stealing,hart=175,core=10,thread=15,bytes=0
L1SPTRACE_HART,bench=bfs_work_stealing,hart=176,core=11,thread=0,bytes=16384
L1SPTRACE_HART,bench=bfs_work_stealing,hart=177,core=11,thread=1,bytes=16384
L1SPTRACE_HART,bench=bfs_work_stealing,hart=178,core=11,thread=2,bytes=16384
L1SPTRACE_HART,bench=bfs_work_stealing,hart=179,core=11,thread=3,bytes=16384
L1SPTRACE_HART,bench=bfs_work_stealing,hart=180,core=11,thread=4,bytes=16384
L1SPTRACE_HART,bench=bfs_work_stealing,hart=181,core=11,thread=5,bytes=16384
L1SPTRACE_HART,bench=bfs_work_stealing,hart=182,core=11,thread=6,bytes=16384
L1SPTRACE_HART,bench=bfs_work_stealing,hart=183,core=11,thread=7,bytes=16384
L1SPTRACE_HART,bench=bfs_work_stealing,hart=184,core=11,thread=8,bytes=0
L1SPTRACE_HART,bench=bfs_work_stealing,hart=185,core=11,thread=9,bytes=0
L1SPTRACE_HART,bench=bfs_work_stealing,hart=186,core=11,thread=10,bytes=0
L1SPTRACE_HART,bench=bfs_work_stealing,hart=187,core=11,thread=11,bytes=0
L1SPTRACE_HART,bench=bfs_work_stealing,hart=188,core=11,thread=12,bytes=0
L1SPTRACE_HART,bench=bfs_work_stealing,hart=189,core=11,thread=13,bytes=0
L1SPTRACE_HART,bench=bfs_work_stealing,hart=190,core=11,thread=14,bytes=0
L1SPTRACE_HART,bench=bfs_work_stealing,hart=191,core=11,thread=15,bytes=0
L1SPTRACE_HART,bench=bfs_work_stealing,hart=192,core=12,thread=0,bytes=16384
L1SPTRACE_HART,bench=bfs_work_stealing,hart=193,core=12,thread=1,bytes=16384
L1SPTRACE_HART,bench=bfs_work_stealing,hart=194,core=12,thread=2,bytes=16384
L1SPTRACE_HART,bench=bfs_work_stealing,hart=195,core=12,thread=3,bytes=16384
L1SPTRACE_HART,bench=bfs_work_stealing,hart=196,core=12,thread=4,bytes=16384
L1SPTRACE_HART,bench=bfs_work_stealing,hart=197,core=12,thread=5,bytes=16384
L1SPTRACE_HART,bench=bfs_work_stealing,hart=198,core=12,thread=6,bytes=16384
L1SPTRACE_HART,bench=bfs_work_stealing,hart=199,core=12,thread=7,bytes=16384
L1SPTRACE_HART,bench=bfs_work_stealing,hart=200,core=12,thread=8,bytes=0
L1SPTRACE_HART,bench=bfs_work_stealing,hart=201,core=12,thread=9,bytes=0
L1SPTRACE_HART,bench=bfs_work_stealing,hart=202,core=12,thread=10,bytes=0
L1SPTRACE_HART,bench=bfs_work_stealing,hart=203,core=12,thread=11,bytes=0
L1SPTRACE_HART,bench=bfs_work_stealing,hart=204,core=12,thread=12,bytes=0
L1SPTRACE_HART,bench=bfs_work_stealing,hart=205,core=12,thread=13,bytes=0
L1SPTRACE_HART,bench=bfs_work_stealing,hart=206,core=12,thread=14,bytes=0
L1SPTRACE_HART,bench=bfs_work_stealing,hart=207,core=12,thread=15,bytes=0
L1SPTRACE_HART,bench=bfs_work_stealing,hart=208,core=13,thread=0,bytes=16384
L1SPTRACE_HART,bench=bfs_work_stealing,hart=209,core=13,thread=1,bytes=16384
L1SPTRACE_HART,bench=bfs_work_stealing,hart=210,core=13,thread=2,bytes=16384
L1SPTRACE_HART,bench=bfs_work_stealing,hart=211,core=13,thread=3,bytes=16384
L1SPTRACE_HART,bench=bfs_work_stealing,hart=212,core=13,thread=4,bytes=16384
L1SPTRACE_HART,bench=bfs_work_stealing,hart=213,core=13,thread=5,bytes=16384
L1SPTRACE_HART,bench=bfs_work_stealing,hart=214,core=13,thread=6,bytes=16384
L1SPTRACE_HART,bench=bfs_work_stealing,hart=215,core=13,thread=7,bytes=16384
L1SPTRACE_HART,bench=bfs_work_stealing,hart=216,core=13,thread=8,bytes=0
L1SPTRACE_HART,bench=bfs_work_stealing,hart=217,core=13,thread=9,bytes=0
L1SPTRACE_HART,bench=bfs_work_stealing,hart=218,core=13,thread=10,bytes=0
L1SPTRACE_HART,bench=bfs_work_stealing,hart=219,core=13,thread=11,bytes=0
L1SPTRACE_HART,bench=bfs_work_stealing,hart=220,core=13,thread=12,bytes=0
L1SPTRACE_HART,bench=bfs_work_stealing,hart=221,core=13,thread=13,bytes=0
L1SPTRACE_HART,bench=bfs_work_stealing,hart=222,core=13,thread=14,bytes=0
L1SPTRACE_HART,bench=bfs_work_stealing,hart=223,core=13,thread=15,bytes=0
L1SPTRACE_HART,bench=bfs_work_stealing,hart=224,core=14,thread=0,bytes=16384
L1SPTRACE_HART,bench=bfs_work_stealing,hart=225,core=14,thread=1,bytes=16384
L1SPTRACE_HART,bench=bfs_work_stealing,hart=226,core=14,thread=2,bytes=16384
L1SPTRACE_HART,bench=bfs_work_stealing,hart=227,core=14,thread=3,bytes=16384
L1SPTRACE_HART,bench=bfs_work_stealing,hart=228,core=14,thread=4,bytes=16384
L1SPTRACE_HART,bench=bfs_work_stealing,hart=229,core=14,thread=5,bytes=16384
L1SPTRACE_HART,bench=bfs_work_stealing,hart=230,core=14,thread=6,bytes=16384
L1SPTRACE_HART,bench=bfs_work_stealing,hart=231,core=14,thread=7,bytes=16384
L1SPTRACE_HART,bench=bfs_work_stealing,hart=232,core=14,thread=8,bytes=0
L1SPTRACE_HART,bench=bfs_work_stealing,hart=233,core=14,thread=9,bytes=0
L1SPTRACE_HART,bench=bfs_work_stealing,hart=234,core=14,thread=10,bytes=0
L1SPTRACE_HART,bench=bfs_work_stealing,hart=235,core=14,thread=11,bytes=0
L1SPTRACE_HART,bench=bfs_work_stealing,hart=236,core=14,thread=12,bytes=0
L1SPTRACE_HART,bench=bfs_work_stealing,hart=237,core=14,thread=13,bytes=0
L1SPTRACE_HART,bench=bfs_work_stealing,hart=238,core=14,thread=14,bytes=0
L1SPTRACE_HART,bench=bfs_work_stealing,hart=239,core=14,thread=15,bytes=0
L1SPTRACE_HART,bench=bfs_work_stealing,hart=240,core=15,thread=0,bytes=16384
L1SPTRACE_HART,bench=bfs_work_stealing,hart=241,core=15,thread=1,bytes=16384
L1SPTRACE_HART,bench=bfs_work_stealing,hart=242,core=15,thread=2,bytes=16384
L1SPTRACE_HART,bench=bfs_work_stealing,hart=243,core=15,thread=3,bytes=16384
L1SPTRACE_HART,bench=bfs_work_stealing,hart=244,core=15,thread=4,bytes=16384
L1SPTRACE_HART,bench=bfs_work_stealing,hart=245,core=15,thread=5,bytes=16384
L1SPTRACE_HART,bench=bfs_work_stealing,hart=246,core=15,thread=6,bytes=16384
L1SPTRACE_HART,bench=bfs_work_stealing,hart=247,core=15,thread=7,bytes=16384
L1SPTRACE_HART,bench=bfs_work_stealing,hart=248,core=15,thread=8,bytes=0
L1SPTRACE_HART,bench=bfs_work_stealing,hart=249,core=15,thread=9,bytes=0
L1SPTRACE_HART,bench=bfs_work_stealing,hart=250,core=15,thread=10,bytes=0
L1SPTRACE_HART,bench=bfs_work_stealing,hart=251,core=15,thread=11,bytes=0
L1SPTRACE_HART,bench=bfs_work_stealing,hart=252,core=15,thread=12,bytes=0
L1SPTRACE_HART,bench=bfs_work_stealing,hart=253,core=15,thread=13,bytes=0
L1SPTRACE_HART,bench=bfs_work_stealing,hart=254,core=15,thread=14,bytes=0
L1SPTRACE_HART,bench=bfs_work_stealing,hart=255,core=15,thread=15,bytes=0
L1SPTRACE_DUMP_END,bench=bfs_work_stealing
