WQTRACE_DUMP_BEGIN,bench=bfs_work_stealing,cores=2,samples=11,dropped=0
WQTRACE,bench=bfs_work_stealing,cores=2,sample=0,phase=init,level=0,iter=-1,queue=core,depths=1|0
WQTRACE,bench=bfs_work_stealing,cores=2,sample=1,phase=level_begin,level=0,iter=-1,queue=core,depths=1|0
WQTRACE,bench=bfs_work_stealing,cores=2,sample=2,phase=post_process,level=0,iter=-1,queue=core,depths=0|0
WQTRACE,bench=bfs_work_stealing,cores=2,sample=3,phase=post_redistribute,level=0,iter=-1,queue=core,depths=23|2
WQTRACE,bench=bfs_work_stealing,cores=2,sample=4,phase=level_begin,level=1,iter=-1,queue=core,depths=23|2
WQTRACE,bench=bfs_work_stealing,cores=2,sample=5,phase=post_process,level=1,iter=-1,queue=core,depths=0|0
WQTRACE,bench=bfs_work_stealing,cores=2,sample=6,phase=post_redistribute,level=1,iter=-1,queue=core,depths=2|2
WQTRACE,bench=bfs_work_stealing,cores=2,sample=7,phase=level_begin,level=2,iter=-1,queue=core,depths=2|2
WQTRACE,bench=bfs_work_stealing,cores=2,sample=8,phase=post_process,level=2,iter=-1,queue=core,depths=0|0
WQTRACE,bench=bfs_work_stealing,cores=2,sample=9,phase=post_redistribute,level=2,iter=-1,queue=core,depths=0|0
WQTRACE,bench=bfs_work_stealing,cores=2,sample=10,phase=final,level=3,iter=-1,queue=core,depths=0|0
WQTRACE_DUMP_END,bench=bfs_work_stealing
L1SPTRACE_DUMP_BEGIN,bench=bfs_work_stealing,cores=2,harts=32,samples=11
L1SPTRACE_CONFIG,bench=bfs_work_stealing,core_bytes=262144,global_bytes=524288
L1SPTRACE_GLOBAL,bench=bfs_work_stealing,sample=0,phase=init,level=0,iter=-1,bytes=262144
L1SPTRACE_CORE_HART,bench=bfs_work_stealing,sample=0,core=0,thread=0,hart=0,bytes=16384
L1SPTRACE_CORE_HART,bench=bfs_work_stealing,sample=0,core=0,thread=1,hart=1,bytes=16384
L1SPTRACE_CORE_HART,bench=bfs_work_stealing,sample=0,core=0,thread=2,hart=2,bytes=16384
L1SPTRACE_CORE_HART,bench=bfs_work_stealing,sample=0,core=0,thread=3,hart=3,bytes=16384
L1SPTRACE_CORE_HART,bench=bfs_work_stealing,sample=0,core=0,thread=4,hart=4,bytes=16384
L1SPTRACE_CORE_HART,bench=bfs_work_stealing,sample=0,core=0,thread=5,hart=5,bytes=16384
L1SPTRACE_CORE_HART,bench=bfs_work_stealing,sample=0,core=0,thread=6,hart=6,bytes=16384
L1SPTRACE_CORE_HART,bench=bfs_work_stealing,sample=0,core=0,thread=7,hart=7,bytes=16384
L1SPTRACE_CORE_HART,bench=bfs_work_stealing,sample=0,core=0,thread=8,hart=8,bytes=0
L1SPTRACE_CORE_HART,bench=bfs_work_stealing,sample=0,core=0,thread=9,hart=9,bytes=0
L1SPTRACE_CORE_HART,bench=bfs_work_stealing,sample=0,core=0,thread=10,hart=10,bytes=0
L1SPTRACE_CORE_HART,bench=bfs_work_stealing,sample=0,core=0,thread=11,hart=11,bytes=0
L1SPTRACE_CORE_HART,bench=bfs_work_stealing,sample=0,core=0,thread=12,hart=12,bytes=0
L1SPTRACE_CORE_HART,bench=bfs_work_stealing,sample=0,core=0,thread=13,hart=13,bytes=0
L1SPTRACE_CORE_HART,bench=bfs_work_stealing,sample=0,core=0,thread=14,hart=14,bytes=0
L1SPTRACE_CORE_HART,bench=bfs_work_stealing,sample=0,core=0,thread=15,hart=15,bytes=0
L1SPTRACE_GLOBAL,bench=bfs_work_stealing,sample=1,phase=level_begin,level=0,iter=-1,bytes=262144
L1SPTRACE_CORE_HART,bench=bfs_work_stealing,sample=1,core=0,thread=0,hart=0,bytes=16384
L1SPTRACE_CORE_HART,bench=bfs_work_stealing,sample=1,core=0,thread=1,hart=1,bytes=16384
L1SPTRACE_CORE_HART,bench=bfs_work_stealing,sample=1,core=0,thread=2,hart=2,bytes=16384
L1SPTRACE_CORE_HART,bench=bfs_work_stealing,sample=1,core=0,thread=3,hart=3,bytes=16384
L1SPTRACE_CORE_HART,bench=bfs_work_stealing,sample=1,core=0,thread=4,hart=4,bytes=16384
L1SPTRACE_CORE_HART,bench=bfs_work_stealing,sample=1,core=0,thread=5,hart=5,bytes=16384
L1SPTRACE_CORE_HART,bench=bfs_work_stealing,sample=1,core=0,thread=6,hart=6,bytes=16384
L1SPTRACE_CORE_HART,bench=bfs_work_stealing,sample=1,core=0,thread=7,hart=7,bytes=16384
L1SPTRACE_CORE_HART,bench=bfs_work_stealing,sample=1,core=0,thread=8,hart=8,bytes=0
L1SPTRACE_CORE_HART,bench=bfs_work_stealing,sample=1,core=0,thread=9,hart=9,bytes=0
L1SPTRACE_CORE_HART,bench=bfs_work_stealing,sample=1,core=0,thread=10,hart=10,bytes=0
L1SPTRACE_CORE_HART,bench=bfs_work_stealing,sample=1,core=0,thread=11,hart=11,bytes=0
L1SPTRACE_CORE_HART,bench=bfs_work_stealing,sample=1,core=0,thread=12,hart=12,bytes=0
L1SPTRACE_CORE_HART,bench=bfs_work_stealing,sample=1,core=0,thread=13,hart=13,bytes=0
L1SPTRACE_CORE_HART,bench=bfs_work_stealing,sample=1,core=0,thread=14,hart=14,bytes=0
L1SPTRACE_CORE_HART,bench=bfs_work_stealing,sample=1,core=0,thread=15,hart=15,bytes=0
L1SPTRACE_GLOBAL,bench=bfs_work_stealing,sample=2,phase=post_process,level=0,iter=-1,bytes=262144
L1SPTRACE_CORE_HART,bench=bfs_work_stealing,sample=2,core=0,thread=0,hart=0,bytes=16384
L1SPTRACE_CORE_HART,bench=bfs_work_stealing,sample=2,core=0,thread=1,hart=1,bytes=16384
L1SPTRACE_CORE_HART,bench=bfs_work_stealing,sample=2,core=0,thread=2,hart=2,bytes=16384
L1SPTRACE_CORE_HART,bench=bfs_work_stealing,sample=2,core=0,thread=3,hart=3,bytes=16384
L1SPTRACE_CORE_HART,bench=bfs_work_stealing,sample=2,core=0,thread=4,hart=4,bytes=16384
L1SPTRACE_CORE_HART,bench=bfs_work_stealing,sample=2,core=0,thread=5,hart=5,bytes=16384
L1SPTRACE_CORE_HART,bench=bfs_work_stealing,sample=2,core=0,thread=6,hart=6,bytes=16384
L1SPTRACE_CORE_HART,bench=bfs_work_stealing,sample=2,core=0,thread=7,hart=7,bytes=16384
L1SPTRACE_CORE_HART,bench=bfs_work_stealing,sample=2,core=0,thread=8,hart=8,bytes=0
L1SPTRACE_CORE_HART,bench=bfs_work_stealing,sample=2,core=0,thread=9,hart=9,bytes=0
L1SPTRACE_CORE_HART,bench=bfs_work_stealing,sample=2,core=0,thread=10,hart=10,bytes=0
L1SPTRACE_CORE_HART,bench=bfs_work_stealing,sample=2,core=0,thread=11,hart=11,bytes=0
L1SPTRACE_CORE_HART,bench=bfs_work_stealing,sample=2,core=0,thread=12,hart=12,bytes=0
L1SPTRACE_CORE_HART,bench=bfs_work_stealing,sample=2,core=0,thread=13,hart=13,bytes=0
L1SPTRACE_CORE_HART,bench=bfs_work_stealing,sample=2,core=0,thread=14,hart=14,bytes=0
L1SPTRACE_CORE_HART,bench=bfs_work_stealing,sample=2,core=0,thread=15,hart=15,bytes=0
L1SPTRACE_GLOBAL,bench=bfs_work_stealing,sample=3,phase=post_redistribute,level=0,iter=-1,bytes=262144
L1SPTRACE_CORE_HART,bench=bfs_work_stealing,sample=3,core=0,thread=0,hart=0,bytes=16384
L1SPTRACE_CORE_HART,bench=bfs_work_stealing,sample=3,core=0,thread=1,hart=1,bytes=16384
L1SPTRACE_CORE_HART,bench=bfs_work_stealing,sample=3,core=0,thread=2,hart=2,bytes=16384
L1SPTRACE_CORE_HART,bench=bfs_work_stealing,sample=3,core=0,thread=3,hart=3,bytes=16384
L1SPTRACE_CORE_HART,bench=bfs_work_stealing,sample=3,core=0,thread=4,hart=4,bytes=16384
L1SPTRACE_CORE_HART,bench=bfs_work_stealing,sample=3,core=0,thread=5,hart=5,bytes=16384
L1SPTRACE_CORE_HART,bench=bfs_work_stealing,sample=3,core=0,thread=6,hart=6,bytes=16384
L1SPTRACE_CORE_HART,bench=bfs_work_stealing,sample=3,core=0,thread=7,hart=7,bytes=16384
L1SPTRACE_CORE_HART,bench=bfs_work_stealing,sample=3,core=0,thread=8,hart=8,bytes=0
L1SPTRACE_CORE_HART,bench=bfs_work_stealing,sample=3,core=0,thread=9,hart=9,bytes=0
L1SPTRACE_CORE_HART,bench=bfs_work_stealing,sample=3,core=0,thread=10,hart=10,bytes=0
L1SPTRACE_CORE_HART,bench=bfs_work_stealing,sample=3,core=0,thread=11,hart=11,bytes=0
L1SPTRACE_CORE_HART,bench=bfs_work_stealing,sample=3,core=0,thread=12,hart=12,bytes=0
L1SPTRACE_CORE_HART,bench=bfs_work_stealing,sample=3,core=0,thread=13,hart=13,bytes=0
L1SPTRACE_CORE_HART,bench=bfs_work_stealing,sample=3,core=0,thread=14,hart=14,bytes=0
L1SPTRACE_CORE_HART,bench=bfs_work_stealing,sample=3,core=0,thread=15,hart=15,bytes=0
L1SPTRACE_GLOBAL,bench=bfs_work_stealing,sample=4,phase=level_begin,level=1,iter=-1,bytes=262144
L1SPTRACE_CORE_HART,bench=bfs_work_stealing,sample=4,core=0,thread=0,hart=0,bytes=16384
L1SPTRACE_CORE_HART,bench=bfs_work_stealing,sample=4,core=0,thread=1,hart=1,bytes=16384
L1SPTRACE_CORE_HART,bench=bfs_work_stealing,sample=4,core=0,thread=2,hart=2,bytes=16384
L1SPTRACE_CORE_HART,bench=bfs_work_stealing,sample=4,core=0,thread=3,hart=3,bytes=16384
L1SPTRACE_CORE_HART,bench=bfs_work_stealing,sample=4,core=0,thread=4,hart=4,bytes=16384
L1SPTRACE_CORE_HART,bench=bfs_work_stealing,sample=4,core=0,thread=5,hart=5,bytes=16384
L1SPTRACE_CORE_HART,bench=bfs_work_stealing,sample=4,core=0,thread=6,hart=6,bytes=16384
L1SPTRACE_CORE_HART,bench=bfs_work_stealing,sample=4,core=0,thread=7,hart=7,bytes=16384
L1SPTRACE_CORE_HART,bench=bfs_work_stealing,sample=4,core=0,thread=8,hart=8,bytes=0
L1SPTRACE_CORE_HART,bench=bfs_work_stealing,sample=4,core=0,thread=9,hart=9,bytes=0
L1SPTRACE_CORE_HART,bench=bfs_work_stealing,sample=4,core=0,thread=10,hart=10,bytes=0
L1SPTRACE_CORE_HART,bench=bfs_work_stealing,sample=4,core=0,thread=11,hart=11,bytes=0
L1SPTRACE_CORE_HART,bench=bfs_work_stealing,sample=4,core=0,thread=12,hart=12,bytes=0
L1SPTRACE_CORE_HART,bench=bfs_work_stealing,sample=4,core=0,thread=13,hart=13,bytes=0
L1SPTRACE_CORE_HART,bench=bfs_work_stealing,sample=4,core=0,thread=14,hart=14,bytes=0
L1SPTRACE_CORE_HART,bench=bfs_work_stealing,sample=4,core=0,thread=15,hart=15,bytes=0
L1SPTRACE_GLOBAL,bench=bfs_work_stealing,sample=5,phase=post_process,level=1,iter=-1,bytes=262144
L1SPTRACE_CORE_HART,bench=bfs_work_stealing,sample=5,core=0,thread=0,hart=0,bytes=16384
L1SPTRACE_CORE_HART,bench=bfs_work_stealing,sample=5,core=0,thread=1,hart=1,bytes=16384
L1SPTRACE_CORE_HART,bench=bfs_work_stealing,sample=5,core=0,thread=2,hart=2,bytes=16384
L1SPTRACE_CORE_HART,bench=bfs_work_stealing,sample=5,core=0,thread=3,hart=3,bytes=16384
L1SPTRACE_CORE_HART,bench=bfs_work_stealing,sample=5,core=0,thread=4,hart=4,bytes=16384
L1SPTRACE_CORE_HART,bench=bfs_work_stealing,sample=5,core=0,thread=5,hart=5,bytes=16384
L1SPTRACE_CORE_HART,bench=bfs_work_stealing,sample=5,core=0,thread=6,hart=6,bytes=16384
L1SPTRACE_CORE_HART,bench=bfs_work_stealing,sample=5,core=0,thread=7,hart=7,bytes=16384
L1SPTRACE_CORE_HART,bench=bfs_work_stealing,sample=5,core=0,thread=8,hart=8,bytes=0
L1SPTRACE_CORE_HART,bench=bfs_work_stealing,sample=5,core=0,thread=9,hart=9,bytes=0
L1SPTRACE_CORE_HART,bench=bfs_work_stealing,sample=5,core=0,thread=10,hart=10,bytes=0
L1SPTRACE_CORE_HART,bench=bfs_work_stealing,sample=5,core=0,thread=11,hart=11,bytes=0
L1SPTRACE_CORE_HART,bench=bfs_work_stealing,sample=5,core=0,thread=12,hart=12,bytes=0
L1SPTRACE_CORE_HART,bench=bfs_work_stealing,sample=5,core=0,thread=13,hart=13,bytes=0
L1SPTRACE_CORE_HART,bench=bfs_work_stealing,sample=5,core=0,thread=14,hart=14,bytes=0
L1SPTRACE_CORE_HART,bench=bfs_work_stealing,sample=5,core=0,thread=15,hart=15,bytes=0
L1SPTRACE_GLOBAL,bench=bfs_work_stealing,sample=6,phase=post_redistribute,level=1,iter=-1,bytes=262144
L1SPTRACE_CORE_HART,bench=bfs_work_stealing,sample=6,core=0,thread=0,hart=0,bytes=16384
L1SPTRACE_CORE_HART,bench=bfs_work_stealing,sample=6,core=0,thread=1,hart=1,bytes=16384
L1SPTRACE_CORE_HART,bench=bfs_work_stealing,sample=6,core=0,thread=2,hart=2,bytes=16384
L1SPTRACE_CORE_HART,bench=bfs_work_stealing,sample=6,core=0,thread=3,hart=3,bytes=16384
L1SPTRACE_CORE_HART,bench=bfs_work_stealing,sample=6,core=0,thread=4,hart=4,bytes=16384
L1SPTRACE_CORE_HART,bench=bfs_work_stealing,sample=6,core=0,thread=5,hart=5,bytes=16384
L1SPTRACE_CORE_HART,bench=bfs_work_stealing,sample=6,core=0,thread=6,hart=6,bytes=16384
L1SPTRACE_CORE_HART,bench=bfs_work_stealing,sample=6,core=0,thread=7,hart=7,bytes=16384
L1SPTRACE_CORE_HART,bench=bfs_work_stealing,sample=6,core=0,thread=8,hart=8,bytes=0
L1SPTRACE_CORE_HART,bench=bfs_work_stealing,sample=6,core=0,thread=9,hart=9,bytes=0
L1SPTRACE_CORE_HART,bench=bfs_work_stealing,sample=6,core=0,thread=10,hart=10,bytes=0
L1SPTRACE_CORE_HART,bench=bfs_work_stealing,sample=6,core=0,thread=11,hart=11,bytes=0
L1SPTRACE_CORE_HART,bench=bfs_work_stealing,sample=6,core=0,thread=12,hart=12,bytes=0
L1SPTRACE_CORE_HART,bench=bfs_work_stealing,sample=6,core=0,thread=13,hart=13,bytes=0
L1SPTRACE_CORE_HART,bench=bfs_work_stealing,sample=6,core=0,thread=14,hart=14,bytes=0
L1SPTRACE_CORE_HART,bench=bfs_work_stealing,sample=6,core=0,thread=15,hart=15,bytes=0
L1SPTRACE_GLOBAL,bench=bfs_work_stealing,sample=7,phase=level_begin,level=2,iter=-1,bytes=262144
L1SPTRACE_CORE_HART,bench=bfs_work_stealing,sample=7,core=0,thread=0,hart=0,bytes=16384
L1SPTRACE_CORE_HART,bench=bfs_work_stealing,sample=7,core=0,thread=1,hart=1,bytes=16384
L1SPTRACE_CORE_HART,bench=bfs_work_stealing,sample=7,core=0,thread=2,hart=2,bytes=16384
L1SPTRACE_CORE_HART,bench=bfs_work_stealing,sample=7,core=0,thread=3,hart=3,bytes=16384
L1SPTRACE_CORE_HART,bench=bfs_work_stealing,sample=7,core=0,thread=4,hart=4,bytes=16384
L1SPTRACE_CORE_HART,bench=bfs_work_stealing,sample=7,core=0,thread=5,hart=5,bytes=16384
L1SPTRACE_CORE_HART,bench=bfs_work_stealing,sample=7,core=0,thread=6,hart=6,bytes=16384
L1SPTRACE_CORE_HART,bench=bfs_work_stealing,sample=7,core=0,thread=7,hart=7,bytes=16384
L1SPTRACE_CORE_HART,bench=bfs_work_stealing,sample=7,core=0,thread=8,hart=8,bytes=0
L1SPTRACE_CORE_HART,bench=bfs_work_stealing,sample=7,core=0,thread=9,hart=9,bytes=0
L1SPTRACE_CORE_HART,bench=bfs_work_stealing,sample=7,core=0,thread=10,hart=10,bytes=0
L1SPTRACE_CORE_HART,bench=bfs_work_stealing,sample=7,core=0,thread=11,hart=11,bytes=0
L1SPTRACE_CORE_HART,bench=bfs_work_stealing,sample=7,core=0,thread=12,hart=12,bytes=0
L1SPTRACE_CORE_HART,bench=bfs_work_stealing,sample=7,core=0,thread=13,hart=13,bytes=0
L1SPTRACE_CORE_HART,bench=bfs_work_stealing,sample=7,core=0,thread=14,hart=14,bytes=0
L1SPTRACE_CORE_HART,bench=bfs_work_stealing,sample=7,core=0,thread=15,hart=15,bytes=0
L1SPTRACE_GLOBAL,bench=bfs_work_stealing,sample=8,phase=post_process,level=2,iter=-1,bytes=262144
L1SPTRACE_CORE_HART,bench=bfs_work_stealing,sample=8,core=0,thread=0,hart=0,bytes=16384
L1SPTRACE_CORE_HART,bench=bfs_work_stealing,sample=8,core=0,thread=1,hart=1,bytes=16384
L1SPTRACE_CORE_HART,bench=bfs_work_stealing,sample=8,core=0,thread=2,hart=2,bytes=16384
L1SPTRACE_CORE_HART,bench=bfs_work_stealing,sample=8,core=0,thread=3,hart=3,bytes=16384
L1SPTRACE_CORE_HART,bench=bfs_work_stealing,sample=8,core=0,thread=4,hart=4,bytes=16384
L1SPTRACE_CORE_HART,bench=bfs_work_stealing,sample=8,core=0,thread=5,hart=5,bytes=16384
L1SPTRACE_CORE_HART,bench=bfs_work_stealing,sample=8,core=0,thread=6,hart=6,bytes=16384
L1SPTRACE_CORE_HART,bench=bfs_work_stealing,sample=8,core=0,thread=7,hart=7,bytes=16384
L1SPTRACE_CORE_HART,bench=bfs_work_stealing,sample=8,core=0,thread=8,hart=8,bytes=0
L1SPTRACE_CORE_HART,bench=bfs_work_stealing,sample=8,core=0,thread=9,hart=9,bytes=0
L1SPTRACE_CORE_HART,bench=bfs_work_stealing,sample=8,core=0,thread=10,hart=10,bytes=0
L1SPTRACE_CORE_HART,bench=bfs_work_stealing,sample=8,core=0,thread=11,hart=11,bytes=0
L1SPTRACE_CORE_HART,bench=bfs_work_stealing,sample=8,core=0,thread=12,hart=12,bytes=0
L1SPTRACE_CORE_HART,bench=bfs_work_stealing,sample=8,core=0,thread=13,hart=13,bytes=0
L1SPTRACE_CORE_HART,bench=bfs_work_stealing,sample=8,core=0,thread=14,hart=14,bytes=0
L1SPTRACE_CORE_HART,bench=bfs_work_stealing,sample=8,core=0,thread=15,hart=15,bytes=0
L1SPTRACE_GLOBAL,bench=bfs_work_stealing,sample=9,phase=post_redistribute,level=2,iter=-1,bytes=262144
L1SPTRACE_CORE_HART,bench=bfs_work_stealing,sample=9,core=0,thread=0,hart=0,bytes=16384
L1SPTRACE_CORE_HART,bench=bfs_work_stealing,sample=9,core=0,thread=1,hart=1,bytes=16384
L1SPTRACE_CORE_HART,bench=bfs_work_stealing,sample=9,core=0,thread=2,hart=2,bytes=16384
L1SPTRACE_CORE_HART,bench=bfs_work_stealing,sample=9,core=0,thread=3,hart=3,bytes=16384
L1SPTRACE_CORE_HART,bench=bfs_work_stealing,sample=9,core=0,thread=4,hart=4,bytes=16384
L1SPTRACE_CORE_HART,bench=bfs_work_stealing,sample=9,core=0,thread=5,hart=5,bytes=16384
L1SPTRACE_CORE_HART,bench=bfs_work_stealing,sample=9,core=0,thread=6,hart=6,bytes=16384
L1SPTRACE_CORE_HART,bench=bfs_work_stealing,sample=9,core=0,thread=7,hart=7,bytes=16384
L1SPTRACE_CORE_HART,bench=bfs_work_stealing,sample=9,core=0,thread=8,hart=8,bytes=0
L1SPTRACE_CORE_HART,bench=bfs_work_stealing,sample=9,core=0,thread=9,hart=9,bytes=0
L1SPTRACE_CORE_HART,bench=bfs_work_stealing,sample=9,core=0,thread=10,hart=10,bytes=0
L1SPTRACE_CORE_HART,bench=bfs_work_stealing,sample=9,core=0,thread=11,hart=11,bytes=0
L1SPTRACE_CORE_HART,bench=bfs_work_stealing,sample=9,core=0,thread=12,hart=12,bytes=0
L1SPTRACE_CORE_HART,bench=bfs_work_stealing,sample=9,core=0,thread=13,hart=13,bytes=0
L1SPTRACE_CORE_HART,bench=bfs_work_stealing,sample=9,core=0,thread=14,hart=14,bytes=0
L1SPTRACE_CORE_HART,bench=bfs_work_stealing,sample=9,core=0,thread=15,hart=15,bytes=0
L1SPTRACE_GLOBAL,bench=bfs_work_stealing,sample=10,phase=final,level=3,iter=-1,bytes=262144
L1SPTRACE_CORE_HART,bench=bfs_work_stealing,sample=10,core=0,thread=0,hart=0,bytes=16384
L1SPTRACE_CORE_HART,bench=bfs_work_stealing,sample=10,core=0,thread=1,hart=1,bytes=16384
L1SPTRACE_CORE_HART,bench=bfs_work_stealing,sample=10,core=0,thread=2,hart=2,bytes=16384
L1SPTRACE_CORE_HART,bench=bfs_work_stealing,sample=10,core=0,thread=3,hart=3,bytes=16384
L1SPTRACE_CORE_HART,bench=bfs_work_stealing,sample=10,core=0,thread=4,hart=4,bytes=16384
L1SPTRACE_CORE_HART,bench=bfs_work_stealing,sample=10,core=0,thread=5,hart=5,bytes=16384
L1SPTRACE_CORE_HART,bench=bfs_work_stealing,sample=10,core=0,thread=6,hart=6,bytes=16384
L1SPTRACE_CORE_HART,bench=bfs_work_stealing,sample=10,core=0,thread=7,hart=7,bytes=16384
L1SPTRACE_CORE_HART,bench=bfs_work_stealing,sample=10,core=0,thread=8,hart=8,bytes=0
L1SPTRACE_CORE_HART,bench=bfs_work_stealing,sample=10,core=0,thread=9,hart=9,bytes=0
L1SPTRACE_CORE_HART,bench=bfs_work_stealing,sample=10,core=0,thread=10,hart=10,bytes=0
L1SPTRACE_CORE_HART,bench=bfs_work_stealing,sample=10,core=0,thread=11,hart=11,bytes=0
L1SPTRACE_CORE_HART,bench=bfs_work_stealing,sample=10,core=0,thread=12,hart=12,bytes=0
L1SPTRACE_CORE_HART,bench=bfs_work_stealing,sample=10,core=0,thread=13,hart=13,bytes=0
L1SPTRACE_CORE_HART,bench=bfs_work_stealing,sample=10,core=0,thread=14,hart=14,bytes=0
L1SPTRACE_CORE_HART,bench=bfs_work_stealing,sample=10,core=0,thread=15,hart=15,bytes=0
L1SPTRACE_HART,bench=bfs_work_stealing,hart=0,core=0,thread=0,bytes=16384
L1SPTRACE_HART,bench=bfs_work_stealing,hart=1,core=0,thread=1,bytes=16384
L1SPTRACE_HART,bench=bfs_work_stealing,hart=2,core=0,thread=2,bytes=16384
L1SPTRACE_HART,bench=bfs_work_stealing,hart=3,core=0,thread=3,bytes=16384
L1SPTRACE_HART,bench=bfs_work_stealing,hart=4,core=0,thread=4,bytes=16384
L1SPTRACE_HART,bench=bfs_work_stealing,hart=5,core=0,thread=5,bytes=16384
L1SPTRACE_HART,bench=bfs_work_stealing,hart=6,core=0,thread=6,bytes=16384
L1SPTRACE_HART,bench=bfs_work_stealing,hart=7,core=0,thread=7,bytes=16384
L1SPTRACE_HART,bench=bfs_work_stealing,hart=8,core=0,thread=8,bytes=0
L1SPTRACE_HART,bench=bfs_work_stealing,hart=9,core=0,thread=9,bytes=0
L1SPTRACE_HART,bench=bfs_work_stealing,hart=10,core=0,thread=10,bytes=0
L1SPTRACE_HART,bench=bfs_work_stealing,hart=11,core=0,thread=11,bytes=0
L1SPTRACE_HART,bench=bfs_work_stealing,hart=12,core=0,thread=12,bytes=0
L1SPTRACE_HART,bench=bfs_work_stealing,hart=13,core=0,thread=13,bytes=0
L1SPTRACE_HART,bench=bfs_work_stealing,hart=14,core=0,thread=14,bytes=0
L1SPTRACE_HART,bench=bfs_work_stealing,hart=15,core=0,thread=15,bytes=0
L1SPTRACE_HART,bench=bfs_work_stealing,hart=16,core=1,thread=0,bytes=16384
L1SPTRACE_HART,bench=bfs_work_stealing,hart=17,core=1,thread=1,bytes=16384
L1SPTRACE_HART,bench=bfs_work_stealing,hart=18,core=1,thread=2,bytes=16384
L1SPTRACE_HART,bench=bfs_work_stealing,hart=19,core=1,thread=3,bytes=16384
L1SPTRACE_HART,bench=bfs_work_stealing,hart=20,core=1,thread=4,bytes=16384
L1SPTRACE_HART,bench=bfs_work_stealing,hart=21,core=1,thread=5,bytes=16384
L1SPTRACE_HART,bench=bfs_work_stealing,hart=22,core=1,thread=6,bytes=16384
L1SPTRACE_HART,bench=bfs_work_stealing,hart=23,core=1,thread=7,bytes=16384
L1SPTRACE_HART,bench=bfs_work_stealing,hart=24,core=1,thread=8,bytes=0
L1SPTRACE_HART,bench=bfs_work_stealing,hart=25,core=1,thread=9,bytes=0
L1SPTRACE_HART,bench=bfs_work_stealing,hart=26,core=1,thread=10,bytes=0
L1SPTRACE_HART,bench=bfs_work_stealing,hart=27,core=1,thread=11,bytes=0
L1SPTRACE_HART,bench=bfs_work_stealing,hart=28,core=1,thread=12,bytes=0
L1SPTRACE_HART,bench=bfs_work_stealing,hart=29,core=1,thread=13,bytes=0
L1SPTRACE_HART,bench=bfs_work_stealing,hart=30,core=1,thread=14,bytes=0
L1SPTRACE_HART,bench=bfs_work_stealing,hart=31,core=1,thread=15,bytes=0
L1SPTRACE_DUMP_END,bench=bfs_work_stealing
WQSNAP_DUMP_BEGIN,bench=bfs_work_stealing,cores=2,snaps=0,capacity=4096
WQSNAP_DUMP_END,bench=bfs_work_stealing
L1SPSNAP_DUMP_BEGIN,bench=bfs_work_stealing,cores=2,harts_per_core=16,harts=32,snaps=0
L1SPSNAP_DUMP_END,bench=bfs_work_stealing
